[0.017s] Invoking command in '/workspace/build/vyra_module_interfaces': CMAKE_PREFIX_PATH=${CMAKE_PREFIX_PATH}:/workspace/install/vyra_module_template:/opt/ros/humble /usr/bin/cmake /workspace/src/vyra_module_interfaces -DCMAKE_INSTALL_PREFIX=/workspace/install/vyra_module_interfaces
[0.088s] -- The C compiler identification is GNU 11.4.0
[0.159s] -- The CXX compiler identification is GNU 11.4.0
[0.168s] -- Detecting C compiler ABI info
[0.268s] -- Detecting C compiler ABI info - done
[0.289s] -- Check for working C compiler: /usr/bin/cc - skipped
[0.290s] -- Detecting C compile features
[0.291s] -- Detecting C compile features - done
[0.301s] -- Detecting CXX compiler ABI info
[0.430s] -- Detecting CXX compiler ABI info - done
[0.453s] -- Check for working CXX compiler: /usr/bin/c++ - skipped
[0.454s] -- Detecting CXX compile features
[0.456s] -- Detecting CXX compile features - done
[0.464s] -- Found ament_cmake: 1.3.11 (/opt/ros/humble/share/ament_cmake/cmake)
[0.926s] -- Found Python3: /usr/bin/python3 (found version "3.10.12") found components: Interpreter 
[1.072s] -- Found rosidl_default_generators: 1.2.0 (/opt/ros/humble/share/rosidl_default_generators/cmake)
[1.076s] -- Using all available rosidl_typesupport_c: rosidl_typesupport_fastrtps_c;rosidl_typesupport_introspection_c
[1.084s] -- Found rosidl_adapter: 3.1.6 (/opt/ros/humble/share/rosidl_adapter/cmake)
[1.128s] -- Using all available rosidl_typesupport_cpp: rosidl_typesupport_fastrtps_cpp;rosidl_typesupport_introspection_cpp
[1.171s] -- Found std_msgs: 4.8.0 (/opt/ros/humble/share/std_msgs/cmake)
[1.669s] -- Found ament_cmake_ros: 0.10.0 (/opt/ros/humble/share/ament_cmake_ros/cmake)
[2.019s] -- Using all available rosidl_typesupport_c: rosidl_typesupport_fastrtps_c;rosidl_typesupport_introspection_c
[2.454s] -- Using all available rosidl_typesupport_cpp: rosidl_typesupport_fastrtps_cpp;rosidl_typesupport_introspection_cpp
[2.492s] -- Found PythonInterp: /usr/bin/python3 (found suitable version "3.10.12", minimum required is "3.6") 
[2.496s] -- Found python_cmake_module: 0.10.0 (/opt/ros/humble/share/python_cmake_module/cmake)
[2.539s] -- Found PythonLibs: /usr/lib/x86_64-linux-gnu/libpython3.10.so (found suitable version "3.10.12", minimum required is "3.5") 
[2.539s] -- Using PYTHON_EXECUTABLE: /usr/bin/python3
[2.539s] -- Using PYTHON_INCLUDE_DIRS: /usr/include/python3.10
[2.539s] -- Using PYTHON_LIBRARIES: /usr/lib/x86_64-linux-gnu/libpython3.10.so
[2.570s] -- Found PythonExtra: .so  
[2.667s] -- Configuring done
[2.733s] -- Generating done
[2.749s] -- Build files have been written to: /workspace/build/vyra_module_interfaces
[2.757s] Invoked command in '/workspace/build/vyra_module_interfaces' returned '0': CMAKE_PREFIX_PATH=${CMAKE_PREFIX_PATH}:/workspace/install/vyra_module_template:/opt/ros/humble /usr/bin/cmake /workspace/src/vyra_module_interfaces -DCMAKE_INSTALL_PREFIX=/workspace/install/vyra_module_interfaces
[2.759s] Invoking command in '/workspace/build/vyra_module_interfaces': CMAKE_PREFIX_PATH=${CMAKE_PREFIX_PATH}:/workspace/install/vyra_module_template:/opt/ros/humble /usr/bin/cmake --build /workspace/build/vyra_module_interfaces -- -j12 -l12
[2.812s] [  1%] [34m[1mGenerating C code for ROS interfaces[0m
[2.825s] [  2%] [34m[1mGenerating C++ code for ROS interfaces[0m
[2.845s] [  2%] Built target ament_cmake_python_copy_vyra_module_interfaces
[3.073s] running egg_info
[3.087s] creating vyra_module_interfaces.egg-info
[3.088s] writing vyra_module_interfaces.egg-info/PKG-INFO
[3.088s] writing dependency_links to vyra_module_interfaces.egg-info/dependency_links.txt
[3.088s] writing top-level names to vyra_module_interfaces.egg-info/top_level.txt
[3.088s] writing manifest file 'vyra_module_interfaces.egg-info/SOURCES.txt'
[3.130s] reading manifest file 'vyra_module_interfaces.egg-info/SOURCES.txt'
[3.131s] writing manifest file 'vyra_module_interfaces.egg-info/SOURCES.txt'
[3.165s] [  2%] Built target ament_cmake_python_build_vyra_module_interfaces_egg
[4.181s] [  2%] Built target vyra_module_interfaces__cpp
[4.198s] [  4%] [34m[1mGenerating C++ type support dispatch for ROS interfaces[0m
[4.198s] [  4%] [34m[1mGenerating C++ type support for eProsima Fast-RTPS[0m
[4.202s] [  5%] [34m[1mGenerating C++ introspection for ROS interfaces[0m
[4.253s] [  8%] [32mBuilding C object CMakeFiles/vyra_module_interfaces__rosidl_generator_c.dir/rosidl_generator_c/vyra_module_interfaces/msg/detail/state_feed__functions.c.o[0m
[4.253s] [  9%] [32mBuilding C object CMakeFiles/vyra_module_interfaces__rosidl_generator_c.dir/rosidl_generator_c/vyra_module_interfaces/srv/detail/get_capabilities__functions.c.o[0m
[4.254s] [  9%] [32mBuilding C object CMakeFiles/vyra_module_interfaces__rosidl_generator_c.dir/rosidl_generator_c/vyra_module_interfaces/srv/detail/health_check__functions.c.o[0m
[4.255s] [ 10%] [32mBuilding C object CMakeFiles/vyra_module_interfaces__rosidl_generator_c.dir/rosidl_generator_c/vyra_module_interfaces/srv/detail/trigger_transition__functions.c.o[0m
[4.255s] [ 11%] [32mBuilding C object CMakeFiles/vyra_module_interfaces__rosidl_generator_c.dir/rosidl_generator_c/vyra_module_interfaces/msg/detail/error_feed__functions.c.o[0m
[4.256s] [ 12%] [32mBuilding C object CMakeFiles/vyra_module_interfaces__rosidl_generator_c.dir/rosidl_generator_c/vyra_module_interfaces/srv/detail/get_logs__functions.c.o[0m
[4.256s] [ 12%] [32mBuilding C object CMakeFiles/vyra_module_interfaces__rosidl_generator_c.dir/rosidl_generator_c/vyra_module_interfaces/msg/detail/logger_stream__functions.c.o[0m
[4.256s] [ 13%] [32mBuilding C object CMakeFiles/vyra_module_interfaces__rosidl_generator_c.dir/rosidl_generator_c/vyra_module_interfaces/msg/detail/news_feed__functions.c.o[0m
[4.259s] [ 14%] [32mBuilding C object CMakeFiles/vyra_module_interfaces__rosidl_generator_c.dir/rosidl_generator_c/vyra_module_interfaces/action/detail/initiate_update__functions.c.o[0m
[4.467s] [ 15%] [32m[1mLinking C shared library libvyra_module_interfaces__rosidl_generator_c.so[0m
[4.515s] [ 15%] Built target vyra_module_interfaces__rosidl_generator_c
[4.528s] [ 16%] [34m[1mGenerating C type support for eProsima Fast-RTPS[0m
[4.528s] [ 17%] [34m[1mGenerating C type support dispatch for ROS interfaces[0m
[4.534s] [ 18%] [34m[1mGenerating C introspection for ROS interfaces[0m
[5.134s] [ 20%] [32mBuilding CXX object CMakeFiles/vyra_module_interfaces__rosidl_typesupport_cpp.dir/rosidl_typesupport_cpp/vyra_module_interfaces/msg/news_feed__type_support.cpp.o[0m
[5.134s] [ 21%] [32mBuilding CXX object CMakeFiles/vyra_module_interfaces__rosidl_typesupport_cpp.dir/rosidl_typesupport_cpp/vyra_module_interfaces/srv/health_check__type_support.cpp.o[0m
[5.134s] [ 22%] [32mBuilding CXX object CMakeFiles/vyra_module_interfaces__rosidl_typesupport_cpp.dir/rosidl_typesupport_cpp/vyra_module_interfaces/msg/logger_stream__type_support.cpp.o[0m
[5.134s] [ 23%] [32mBuilding CXX object CMakeFiles/vyra_module_interfaces__rosidl_typesupport_cpp.dir/rosidl_typesupport_cpp/vyra_module_interfaces/msg/state_feed__type_support.cpp.o[0m
[5.134s] [ 24%] [32mBuilding CXX object CMakeFiles/vyra_module_interfaces__rosidl_typesupport_cpp.dir/rosidl_typesupport_cpp/vyra_module_interfaces/msg/error_feed__type_support.cpp.o[0m
[5.136s] [ 25%] [32mBuilding CXX object CMakeFiles/vyra_module_interfaces__rosidl_typesupport_cpp.dir/rosidl_typesupport_cpp/vyra_module_interfaces/srv/get_capabilities__type_support.cpp.o[0m
[5.136s] [ 26%] [32mBuilding CXX object CMakeFiles/vyra_module_interfaces__rosidl_typesupport_cpp.dir/rosidl_typesupport_cpp/vyra_module_interfaces/srv/trigger_transition__type_support.cpp.o[0m
[5.581s] [ 27%] [32mBuilding CXX object CMakeFiles/vyra_module_interfaces__rosidl_typesupport_introspection_cpp.dir/rosidl_typesupport_introspection_cpp/vyra_module_interfaces/msg/detail/news_feed__type_support.cpp.o[0m
[5.586s] [ 28%] [32mBuilding CXX object CMakeFiles/vyra_module_interfaces__rosidl_typesupport_cpp.dir/rosidl_typesupport_cpp/vyra_module_interfaces/srv/get_logs__type_support.cpp.o[0m
[5.595s] [ 29%] [32mBuilding CXX object CMakeFiles/vyra_module_interfaces__rosidl_typesupport_introspection_cpp.dir/rosidl_typesupport_introspection_cpp/vyra_module_interfaces/msg/detail/error_feed__type_support.cpp.o[0m
[5.606s] [ 30%] [32mBuilding CXX object CMakeFiles/vyra_module_interfaces__rosidl_typesupport_introspection_cpp.dir/rosidl_typesupport_introspection_cpp/vyra_module_interfaces/msg/detail/logger_stream__type_support.cpp.o[0m
[5.613s] [ 31%] [32mBuilding CXX object CMakeFiles/vyra_module_interfaces__rosidl_typesupport_introspection_cpp.dir/rosidl_typesupport_introspection_cpp/vyra_module_interfaces/msg/detail/state_feed__type_support.cpp.o[0m
[5.615s] [ 32%] [32mBuilding CXX object CMakeFiles/vyra_module_interfaces__rosidl_typesupport_introspection_cpp.dir/rosidl_typesupport_introspection_cpp/vyra_module_interfaces/srv/detail/health_check__type_support.cpp.o[0m
[5.633s] [ 33%] [32mBuilding CXX object CMakeFiles/vyra_module_interfaces__rosidl_typesupport_introspection_cpp.dir/rosidl_typesupport_introspection_cpp/vyra_module_interfaces/srv/detail/get_capabilities__type_support.cpp.o[0m
[5.635s] [ 34%] [32mBuilding CXX object CMakeFiles/vyra_module_interfaces__rosidl_typesupport_introspection_cpp.dir/rosidl_typesupport_introspection_cpp/vyra_module_interfaces/srv/detail/trigger_transition__type_support.cpp.o[0m
[5.636s] [ 35%] [32mBuilding CXX object CMakeFiles/vyra_module_interfaces__rosidl_typesupport_c.dir/rosidl_typesupport_c/vyra_module_interfaces/msg/news_feed__type_support.cpp.o[0m
[5.690s] [ 36%] [32mBuilding CXX object CMakeFiles/vyra_module_interfaces__rosidl_typesupport_c.dir/rosidl_typesupport_c/vyra_module_interfaces/msg/error_feed__type_support.cpp.o[0m
[5.742s] [ 37%] [32mBuilding CXX object CMakeFiles/vyra_module_interfaces__rosidl_typesupport_c.dir/rosidl_typesupport_c/vyra_module_interfaces/msg/logger_stream__type_support.cpp.o[0m
[5.798s] [ 38%] [32mBuilding CXX object CMakeFiles/vyra_module_interfaces__rosidl_typesupport_c.dir/rosidl_typesupport_c/vyra_module_interfaces/msg/state_feed__type_support.cpp.o[0m
[5.856s] [ 40%] [32mBuilding CXX object CMakeFiles/vyra_module_interfaces__rosidl_typesupport_fastrtps_cpp.dir/rosidl_typesupport_fastrtps_cpp/vyra_module_interfaces/msg/detail/dds_fastrtps/news_feed__type_support.cpp.o[0m
[5.860s] [ 41%] [32mBuilding CXX object CMakeFiles/vyra_module_interfaces__rosidl_typesupport_c.dir/rosidl_typesupport_c/vyra_module_interfaces/srv/health_check__type_support.cpp.o[0m
[5.930s] [ 42%] [32mBuilding CXX object CMakeFiles/vyra_module_interfaces__rosidl_typesupport_c.dir/rosidl_typesupport_c/vyra_module_interfaces/srv/get_capabilities__type_support.cpp.o[0m
[5.985s] [ 43%] [32mBuilding CXX object CMakeFiles/vyra_module_interfaces__rosidl_typesupport_c.dir/rosidl_typesupport_c/vyra_module_interfaces/srv/trigger_transition__type_support.cpp.o[0m
[6.042s] [ 44%] [32mBuilding CXX object CMakeFiles/vyra_module_interfaces__rosidl_typesupport_c.dir/rosidl_typesupport_c/vyra_module_interfaces/srv/get_logs__type_support.cpp.o[0m
[6.081s] [ 45%] [32mBuilding CXX object CMakeFiles/vyra_module_interfaces__rosidl_typesupport_cpp.dir/rosidl_typesupport_cpp/vyra_module_interfaces/action/initiate_update__type_support.cpp.o[0m
[6.100s] [ 46%] [32mBuilding CXX object CMakeFiles/vyra_module_interfaces__rosidl_typesupport_c.dir/rosidl_typesupport_c/vyra_module_interfaces/action/initiate_update__type_support.cpp.o[0m
[6.177s] [ 47%] [32mBuilding C object CMakeFiles/vyra_module_interfaces__rosidl_typesupport_introspection_c.dir/rosidl_typesupport_introspection_c/vyra_module_interfaces/msg/detail/news_feed__type_support.c.o[0m
[6.190s] [ 48%] [32m[1mLinking CXX shared library libvyra_module_interfaces__rosidl_typesupport_c.so[0m
[6.241s] [ 49%] [32mBuilding C object CMakeFiles/vyra_module_interfaces__rosidl_typesupport_introspection_c.dir/rosidl_typesupport_introspection_c/vyra_module_interfaces/msg/detail/error_feed__type_support.c.o[0m
[6.269s] [ 50%] [32mBuilding C object CMakeFiles/vyra_module_interfaces__rosidl_typesupport_introspection_c.dir/rosidl_typesupport_introspection_c/vyra_module_interfaces/msg/detail/logger_stream__type_support.c.o[0m
[6.271s] [ 51%] [32mBuilding CXX object CMakeFiles/vyra_module_interfaces__rosidl_typesupport_fastrtps_cpp.dir/rosidl_typesupport_fastrtps_cpp/vyra_module_interfaces/msg/detail/dds_fastrtps/error_feed__type_support.cpp.o[0m
[6.281s] [ 52%] [32mBuilding CXX object CMakeFiles/vyra_module_interfaces__rosidl_typesupport_fastrtps_cpp.dir/rosidl_typesupport_fastrtps_cpp/vyra_module_interfaces/msg/detail/dds_fastrtps/logger_stream__type_support.cpp.o[0m
[6.281s] [ 52%] Built target vyra_module_interfaces__rosidl_typesupport_c
[6.299s] [ 54%] [32mBuilding CXX object CMakeFiles/vyra_module_interfaces__rosidl_typesupport_introspection_cpp.dir/rosidl_typesupport_introspection_cpp/vyra_module_interfaces/srv/detail/get_logs__type_support.cpp.o[0m
[6.299s] [ 54%] [32mBuilding C object CMakeFiles/vyra_module_interfaces__rosidl_typesupport_introspection_c.dir/rosidl_typesupport_introspection_c/vyra_module_interfaces/msg/detail/state_feed__type_support.c.o[0m
[6.302s] [ 55%] [32mBuilding CXX object CMakeFiles/vyra_module_interfaces__rosidl_typesupport_fastrtps_cpp.dir/rosidl_typesupport_fastrtps_cpp/vyra_module_interfaces/msg/detail/dds_fastrtps/state_feed__type_support.cpp.o[0m
[6.317s] [ 56%] [32mBuilding CXX object CMakeFiles/vyra_module_interfaces__rosidl_typesupport_fastrtps_cpp.dir/rosidl_typesupport_fastrtps_cpp/vyra_module_interfaces/srv/detail/dds_fastrtps/health_check__type_support.cpp.o[0m
[6.330s] [ 58%] [32mBuilding CXX object CMakeFiles/vyra_module_interfaces__rosidl_typesupport_fastrtps_c.dir/rosidl_typesupport_fastrtps_c/vyra_module_interfaces/msg/detail/news_feed__type_support_c.cpp.o[0m
[6.333s] [ 58%] [32mBuilding CXX object CMakeFiles/vyra_module_interfaces__rosidl_typesupport_fastrtps_cpp.dir/rosidl_typesupport_fastrtps_cpp/vyra_module_interfaces/srv/detail/dds_fastrtps/get_capabilities__type_support.cpp.o[0m
[6.337s] [ 60%] [32mBuilding CXX object CMakeFiles/vyra_module_interfaces__rosidl_typesupport_fastrtps_cpp.dir/rosidl_typesupport_fastrtps_cpp/vyra_module_interfaces/srv/detail/dds_fastrtps/trigger_transition__type_support.cpp.o[0m
[6.349s] [ 61%] [32mBuilding C object CMakeFiles/vyra_module_interfaces__rosidl_typesupport_introspection_c.dir/rosidl_typesupport_introspection_c/vyra_module_interfaces/srv/detail/health_check__type_support.c.o[0m
[6.363s] [ 62%] [32mBuilding CXX object CMakeFiles/vyra_module_interfaces__rosidl_typesupport_fastrtps_cpp.dir/rosidl_typesupport_fastrtps_cpp/vyra_module_interfaces/srv/detail/dds_fastrtps/get_logs__type_support.cpp.o[0m
[6.419s] [ 63%] [32mBuilding C object CMakeFiles/vyra_module_interfaces__rosidl_typesupport_introspection_c.dir/rosidl_typesupport_introspection_c/vyra_module_interfaces/srv/detail/get_capabilities__type_support.c.o[0m
[6.487s] [ 64%] [32mBuilding C object CMakeFiles/vyra_module_interfaces__rosidl_typesupport_introspection_c.dir/rosidl_typesupport_introspection_c/vyra_module_interfaces/srv/detail/trigger_transition__type_support.c.o[0m
[6.558s] [ 65%] [32mBuilding C object CMakeFiles/vyra_module_interfaces__rosidl_typesupport_introspection_c.dir/rosidl_typesupport_introspection_c/vyra_module_interfaces/srv/detail/get_logs__type_support.c.o[0m
[6.578s] [ 66%] [32mBuilding C object CMakeFiles/vyra_module_interfaces__rosidl_typesupport_introspection_c.dir/rosidl_typesupport_introspection_c/vyra_module_interfaces/action/detail/initiate_update__type_support.c.o[0m
[6.639s] [ 67%] [32mBuilding CXX object CMakeFiles/vyra_module_interfaces__rosidl_typesupport_fastrtps_c.dir/rosidl_typesupport_fastrtps_c/vyra_module_interfaces/msg/detail/error_feed__type_support_c.cpp.o[0m
[6.681s] [ 68%] [32m[1mLinking C shared library libvyra_module_interfaces__rosidl_typesupport_introspection_c.so[0m
[6.755s] [ 68%] Built target vyra_module_interfaces__rosidl_typesupport_introspection_c
[6.773s] [ 69%] [32mBuilding CXX object CMakeFiles/vyra_module_interfaces__rosidl_typesupport_introspection_cpp.dir/rosidl_typesupport_introspection_cpp/vyra_module_interfaces/action/detail/initiate_update__type_support.cpp.o[0m
[6.892s] [ 70%] [32m[1mLinking CXX shared library libvyra_module_interfaces__rosidl_typesupport_cpp.so[0m
[6.953s] [ 71%] [32mBuilding CXX object CMakeFiles/vyra_module_interfaces__rosidl_typesupport_fastrtps_cpp.dir/rosidl_typesupport_fastrtps_cpp/vyra_module_interfaces/action/detail/dds_fastrtps/initiate_update__type_support.cpp.o[0m
[6.985s] [ 71%] Built target vyra_module_interfaces__rosidl_typesupport_cpp
[6.994s] [ 72%] [32mBuilding CXX object CMakeFiles/vyra_module_interfaces__rosidl_typesupport_fastrtps_c.dir/rosidl_typesupport_fastrtps_c/vyra_module_interfaces/msg/detail/logger_stream__type_support_c.cpp.o[0m
[7.003s] [ 73%] [32mBuilding CXX object CMakeFiles/vyra_module_interfaces__rosidl_typesupport_fastrtps_c.dir/rosidl_typesupport_fastrtps_c/vyra_module_interfaces/msg/detail/state_feed__type_support_c.cpp.o[0m
[7.010s] [ 74%] [32mBuilding CXX object CMakeFiles/vyra_module_interfaces__rosidl_typesupport_fastrtps_c.dir/rosidl_typesupport_fastrtps_c/vyra_module_interfaces/srv/detail/health_check__type_support_c.cpp.o[0m
[7.019s] [ 75%] [32mBuilding CXX object CMakeFiles/vyra_module_interfaces__rosidl_typesupport_fastrtps_c.dir/rosidl_typesupport_fastrtps_c/vyra_module_interfaces/srv/detail/get_capabilities__type_support_c.cpp.o[0m
[7.053s] [ 76%] [32mBuilding CXX object CMakeFiles/vyra_module_interfaces__rosidl_typesupport_fastrtps_c.dir/rosidl_typesupport_fastrtps_c/vyra_module_interfaces/srv/detail/trigger_transition__type_support_c.cpp.o[0m
[7.085s] [ 77%] [32mBuilding CXX object CMakeFiles/vyra_module_interfaces__rosidl_typesupport_fastrtps_c.dir/rosidl_typesupport_fastrtps_c/vyra_module_interfaces/srv/detail/get_logs__type_support_c.cpp.o[0m
[7.107s] [ 78%] [32mBuilding CXX object CMakeFiles/vyra_module_interfaces__rosidl_typesupport_fastrtps_c.dir/rosidl_typesupport_fastrtps_c/vyra_module_interfaces/action/detail/initiate_update__type_support_c.cpp.o[0m
[7.687s] [ 80%] [32m[1mLinking CXX shared library libvyra_module_interfaces__rosidl_typesupport_introspection_cpp.so[0m
[7.707s] [ 81%] [32m[1mLinking CXX shared library libvyra_module_interfaces__rosidl_typesupport_fastrtps_cpp.so[0m
[7.714s] [ 82%] [32m[1mLinking CXX shared library libvyra_module_interfaces__rosidl_typesupport_fastrtps_c.so[0m
[7.812s] [ 82%] Built target vyra_module_interfaces__rosidl_typesupport_introspection_cpp
[7.822s] [ 82%] Built target vyra_module_interfaces__rosidl_typesupport_fastrtps_cpp
[7.837s] [ 82%] Built target vyra_module_interfaces__rosidl_typesupport_fastrtps_c
[7.873s] [ 82%] Built target vyra_module_interfaces
[7.908s] [ 83%] [34m[1mGenerating Python code for ROS interfaces[0m
[10.370s] [ 83%] Built target vyra_module_interfaces__py
[10.397s] [ 85%] [32mBuilding C object CMakeFiles/vyra_module_interfaces__rosidl_generator_py.dir/rosidl_generator_py/vyra_module_interfaces/srv/_health_check_s.c.o[0m
[10.397s] [ 85%] [32mBuilding C object CMakeFiles/vyra_module_interfaces__rosidl_generator_py.dir/rosidl_generator_py/vyra_module_interfaces/msg/_state_feed_s.c.o[0m
[10.398s] [ 86%] [32mBuilding C object CMakeFiles/vyra_module_interfaces__rosidl_generator_py.dir/rosidl_generator_py/vyra_module_interfaces/msg/_news_feed_s.c.o[0m
[10.398s] [ 87%] [32mBuilding C object CMakeFiles/vyra_module_interfaces__rosidl_generator_py.dir/rosidl_generator_py/vyra_module_interfaces/msg/_logger_stream_s.c.o[0m
[10.399s] [ 88%] [32mBuilding C object CMakeFiles/vyra_module_interfaces__rosidl_generator_py.dir/rosidl_generator_py/vyra_module_interfaces/srv/_get_capabilities_s.c.o[0m
[10.400s] [ 89%] [32mBuilding C object CMakeFiles/vyra_module_interfaces__rosidl_generator_py.dir/rosidl_generator_py/vyra_module_interfaces/srv/_trigger_transition_s.c.o[0m
[10.401s] [ 90%] [32mBuilding C object CMakeFiles/vyra_module_interfaces__rosidl_generator_py.dir/rosidl_generator_py/vyra_module_interfaces/action/_initiate_update_s.c.o[0m
[10.401s] [ 91%] [32mBuilding C object CMakeFiles/vyra_module_interfaces__rosidl_generator_py.dir/rosidl_generator_py/vyra_module_interfaces/srv/_get_logs_s.c.o[0m
[10.404s] [ 92%] [32mBuilding C object CMakeFiles/vyra_module_interfaces__rosidl_generator_py.dir/rosidl_generator_py/vyra_module_interfaces/msg/_error_feed_s.c.o[0m
[10.632s] [ 93%] [32m[1mLinking C shared library rosidl_generator_py/vyra_module_interfaces/libvyra_module_interfaces__rosidl_generator_py.so[0m
[10.705s] [ 93%] Built target vyra_module_interfaces__rosidl_generator_py
[10.732s] [ 95%] [32mBuilding C object CMakeFiles/vyra_module_interfaces__rosidl_typesupport_fastrtps_c__pyext.dir/rosidl_generator_py/vyra_module_interfaces/_vyra_module_interfaces_s.ep.rosidl_typesupport_fastrtps_c.c.o[0m
[10.732s] [ 95%] [32mBuilding C object CMakeFiles/vyra_module_interfaces__rosidl_typesupport_introspection_c__pyext.dir/rosidl_generator_py/vyra_module_interfaces/_vyra_module_interfaces_s.ep.rosidl_typesupport_introspection_c.c.o[0m
[10.740s] [ 96%] [32mBuilding C object CMakeFiles/vyra_module_interfaces__rosidl_typesupport_c__pyext.dir/rosidl_generator_py/vyra_module_interfaces/_vyra_module_interfaces_s.ep.rosidl_typesupport_c.c.o[0m
[10.963s] [ 97%] [32m[1mLinking C shared library rosidl_generator_py/vyra_module_interfaces/vyra_module_interfaces_s__rosidl_typesupport_c.cpython-310-x86_64-linux-gnu.so[0m
[10.971s] [ 98%] [32m[1mLinking C shared library rosidl_generator_py/vyra_module_interfaces/vyra_module_interfaces_s__rosidl_typesupport_introspection_c.cpython-310-x86_64-linux-gnu.so[0m
[10.972s] [100%] [32m[1mLinking C shared library rosidl_generator_py/vyra_module_interfaces/vyra_module_interfaces_s__rosidl_typesupport_fastrtps_c.cpython-310-x86_64-linux-gnu.so[0m
[11.019s] [100%] Built target vyra_module_interfaces__rosidl_typesupport_c__pyext
[11.026s] [100%] Built target vyra_module_interfaces__rosidl_typesupport_introspection_c__pyext
[11.038s] [100%] Built target vyra_module_interfaces__rosidl_typesupport_fastrtps_c__pyext
[11.058s] Invoked command in '/workspace/build/vyra_module_interfaces' returned '0': CMAKE_PREFIX_PATH=${CMAKE_PREFIX_PATH}:/workspace/install/vyra_module_template:/opt/ros/humble /usr/bin/cmake --build /workspace/build/vyra_module_interfaces -- -j12 -l12
[11.081s] Invoking command in '/workspace/build/vyra_module_interfaces': CMAKE_PREFIX_PATH=${CMAKE_PREFIX_PATH}:/workspace/install/vyra_module_template:/opt/ros/humble /usr/bin/cmake --install /workspace/build/vyra_module_interfaces
[11.099s] -- Install configuration: ""
[11.099s] -- Installing: /workspace/install/vyra_module_interfaces/share/ament_index/resource_index/rosidl_interfaces/vyra_module_interfaces
[11.099s] -- Installing: /workspace/install/vyra_module_interfaces/include/vyra_module_interfaces/vyra_module_interfaces
[11.100s] -- Installing: /workspace/install/vyra_module_interfaces/include/vyra_module_interfaces/vyra_module_interfaces/srv
[11.100s] -- Installing: /workspace/install/vyra_module_interfaces/include/vyra_module_interfaces/vyra_module_interfaces/srv/get_logs.h
[11.100s] -- Installing: /workspace/install/vyra_module_interfaces/include/vyra_module_interfaces/vyra_module_interfaces/srv/health_check.h
[11.100s] -- Installing: /workspace/install/vyra_module_interfaces/include/vyra_module_interfaces/vyra_module_interfaces/srv/detail
[11.101s] -- Installing: /workspace/install/vyra_module_interfaces/include/vyra_module_interfaces/vyra_module_interfaces/srv/detail/get_capabilities__functions.c
[11.101s] -- Installing: /workspace/install/vyra_module_interfaces/include/vyra_module_interfaces/vyra_module_interfaces/srv/detail/get_logs__struct.h
[11.101s] -- Installing: /workspace/install/vyra_module_interfaces/include/vyra_module_interfaces/vyra_module_interfaces/srv/detail/get_logs__functions.c
[11.101s] -- Installing: /workspace/install/vyra_module_interfaces/include/vyra_module_interfaces/vyra_module_interfaces/srv/detail/health_check__functions.h
[11.101s] -- Installing: /workspace/install/vyra_module_interfaces/include/vyra_module_interfaces/vyra_module_interfaces/srv/detail/health_check__functions.c
[11.102s] -- Installing: /workspace/install/vyra_module_interfaces/include/vyra_module_interfaces/vyra_module_interfaces/srv/detail/health_check__struct.h
[11.102s] -- Installing: /workspace/install/vyra_module_interfaces/include/vyra_module_interfaces/vyra_module_interfaces/srv/detail/get_logs__type_support.h
[11.102s] -- Installing: /workspace/install/vyra_module_interfaces/include/vyra_module_interfaces/vyra_module_interfaces/srv/detail/get_capabilities__struct.h
[11.102s] -- Installing: /workspace/install/vyra_module_interfaces/include/vyra_module_interfaces/vyra_module_interfaces/srv/detail/trigger_transition__functions.c
[11.103s] -- Installing: /workspace/install/vyra_module_interfaces/include/vyra_module_interfaces/vyra_module_interfaces/srv/detail/trigger_transition__functions.h
[11.103s] -- Installing: /workspace/install/vyra_module_interfaces/include/vyra_module_interfaces/vyra_module_interfaces/srv/detail/get_capabilities__type_support.h
[11.103s] -- Installing: /workspace/install/vyra_module_interfaces/include/vyra_module_interfaces/vyra_module_interfaces/srv/detail/get_capabilities__functions.h
[11.103s] -- Installing: /workspace/install/vyra_module_interfaces/include/vyra_module_interfaces/vyra_module_interfaces/srv/detail/health_check__type_support.h
[11.103s] -- Installing: /workspace/install/vyra_module_interfaces/include/vyra_module_interfaces/vyra_module_interfaces/srv/detail/trigger_transition__type_support.h
[11.104s] -- Installing: /workspace/install/vyra_module_interfaces/include/vyra_module_interfaces/vyra_module_interfaces/srv/detail/get_logs__functions.h
[11.104s] -- Installing: /workspace/install/vyra_module_interfaces/include/vyra_module_interfaces/vyra_module_interfaces/srv/detail/trigger_transition__struct.h
[11.104s] -- Installing: /workspace/install/vyra_module_interfaces/include/vyra_module_interfaces/vyra_module_interfaces/srv/trigger_transition.h
[11.104s] -- Installing: /workspace/install/vyra_module_interfaces/include/vyra_module_interfaces/vyra_module_interfaces/srv/get_capabilities.h
[11.105s] -- Installing: /workspace/install/vyra_module_interfaces/include/vyra_module_interfaces/vyra_module_interfaces/msg
[11.105s] -- Installing: /workspace/install/vyra_module_interfaces/include/vyra_module_interfaces/vyra_module_interfaces/msg/news_feed.h
[11.105s] -- Installing: /workspace/install/vyra_module_interfaces/include/vyra_module_interfaces/vyra_module_interfaces/msg/rosidl_generator_c__visibility_control.h
[11.105s] -- Installing: /workspace/install/vyra_module_interfaces/include/vyra_module_interfaces/vyra_module_interfaces/msg/error_feed.h
[11.106s] -- Installing: /workspace/install/vyra_module_interfaces/include/vyra_module_interfaces/vyra_module_interfaces/msg/state_feed.h
[11.106s] -- Installing: /workspace/install/vyra_module_interfaces/include/vyra_module_interfaces/vyra_module_interfaces/msg/logger_stream.h
[11.106s] -- Installing: /workspace/install/vyra_module_interfaces/include/vyra_module_interfaces/vyra_module_interfaces/msg/detail
[11.106s] -- Installing: /workspace/install/vyra_module_interfaces/include/vyra_module_interfaces/vyra_module_interfaces/msg/detail/error_feed__functions.h
[11.106s] -- Installing: /workspace/install/vyra_module_interfaces/include/vyra_module_interfaces/vyra_module_interfaces/msg/detail/logger_stream__functions.c
[11.107s] -- Installing: /workspace/install/vyra_module_interfaces/include/vyra_module_interfaces/vyra_module_interfaces/msg/detail/error_feed__struct.h
[11.107s] -- Installing: /workspace/install/vyra_module_interfaces/include/vyra_module_interfaces/vyra_module_interfaces/msg/detail/news_feed__struct.h
[11.107s] -- Installing: /workspace/install/vyra_module_interfaces/include/vyra_module_interfaces/vyra_module_interfaces/msg/detail/logger_stream__functions.h
[11.107s] -- Installing: /workspace/install/vyra_module_interfaces/include/vyra_module_interfaces/vyra_module_interfaces/msg/detail/state_feed__functions.h
[11.107s] -- Installing: /workspace/install/vyra_module_interfaces/include/vyra_module_interfaces/vyra_module_interfaces/msg/detail/news_feed__functions.c
[11.108s] -- Installing: /workspace/install/vyra_module_interfaces/include/vyra_module_interfaces/vyra_module_interfaces/msg/detail/state_feed__struct.h
[11.108s] -- Installing: /workspace/install/vyra_module_interfaces/include/vyra_module_interfaces/vyra_module_interfaces/msg/detail/news_feed__type_support.h
[11.108s] -- Installing: /workspace/install/vyra_module_interfaces/include/vyra_module_interfaces/vyra_module_interfaces/msg/detail/logger_stream__type_support.h
[11.108s] -- Installing: /workspace/install/vyra_module_interfaces/include/vyra_module_interfaces/vyra_module_interfaces/msg/detail/error_feed__functions.c
[11.108s] -- Installing: /workspace/install/vyra_module_interfaces/include/vyra_module_interfaces/vyra_module_interfaces/msg/detail/logger_stream__struct.h
[11.109s] -- Installing: /workspace/install/vyra_module_interfaces/include/vyra_module_interfaces/vyra_module_interfaces/msg/detail/error_feed__type_support.h
[11.109s] -- Installing: /workspace/install/vyra_module_interfaces/include/vyra_module_interfaces/vyra_module_interfaces/msg/detail/state_feed__type_support.h
[11.109s] -- Installing: /workspace/install/vyra_module_interfaces/include/vyra_module_interfaces/vyra_module_interfaces/msg/detail/news_feed__functions.h
[11.109s] -- Installing: /workspace/install/vyra_module_interfaces/include/vyra_module_interfaces/vyra_module_interfaces/msg/detail/state_feed__functions.c
[11.109s] -- Installing: /workspace/install/vyra_module_interfaces/include/vyra_module_interfaces/vyra_module_interfaces/action
[11.110s] -- Installing: /workspace/install/vyra_module_interfaces/include/vyra_module_interfaces/vyra_module_interfaces/action/initiate_update.h
[11.110s] -- Installing: /workspace/install/vyra_module_interfaces/include/vyra_module_interfaces/vyra_module_interfaces/action/detail
[11.110s] -- Installing: /workspace/install/vyra_module_interfaces/include/vyra_module_interfaces/vyra_module_interfaces/action/detail/initiate_update__functions.c
[11.110s] -- Installing: /workspace/install/vyra_module_interfaces/include/vyra_module_interfaces/vyra_module_interfaces/action/detail/initiate_update__struct.h
[11.110s] -- Installing: /workspace/install/vyra_module_interfaces/include/vyra_module_interfaces/vyra_module_interfaces/action/detail/initiate_update__type_support.h
[11.111s] -- Installing: /workspace/install/vyra_module_interfaces/include/vyra_module_interfaces/vyra_module_interfaces/action/detail/initiate_update__functions.h
[11.111s] -- Installing: /workspace/install/vyra_module_interfaces/share/vyra_module_interfaces/environment/library_path.sh
[11.111s] -- Installing: /workspace/install/vyra_module_interfaces/share/vyra_module_interfaces/environment/library_path.dsv
[11.111s] -- Installing: /workspace/install/vyra_module_interfaces/lib/libvyra_module_interfaces__rosidl_generator_c.so
[11.112s] -- Set runtime path of "/workspace/install/vyra_module_interfaces/lib/libvyra_module_interfaces__rosidl_generator_c.so" to ""
[11.112s] -- Up-to-date: /workspace/install/vyra_module_interfaces/include/vyra_module_interfaces/vyra_module_interfaces
[11.112s] -- Up-to-date: /workspace/install/vyra_module_interfaces/include/vyra_module_interfaces/vyra_module_interfaces/srv
[11.112s] -- Up-to-date: /workspace/install/vyra_module_interfaces/include/vyra_module_interfaces/vyra_module_interfaces/srv/detail
[11.113s] -- Installing: /workspace/install/vyra_module_interfaces/include/vyra_module_interfaces/vyra_module_interfaces/srv/detail/health_check__rosidl_typesupport_fastrtps_c.h
[11.113s] -- Installing: /workspace/install/vyra_module_interfaces/include/vyra_module_interfaces/vyra_module_interfaces/srv/detail/get_capabilities__rosidl_typesupport_fastrtps_c.h
[11.113s] -- Installing: /workspace/install/vyra_module_interfaces/include/vyra_module_interfaces/vyra_module_interfaces/srv/detail/get_logs__rosidl_typesupport_fastrtps_c.h
[11.113s] -- Installing: /workspace/install/vyra_module_interfaces/include/vyra_module_interfaces/vyra_module_interfaces/srv/detail/trigger_transition__rosidl_typesupport_fastrtps_c.h
[11.114s] -- Up-to-date: /workspace/install/vyra_module_interfaces/include/vyra_module_interfaces/vyra_module_interfaces/msg
[11.114s] -- Installing: /workspace/install/vyra_module_interfaces/include/vyra_module_interfaces/vyra_module_interfaces/msg/rosidl_typesupport_fastrtps_c__visibility_control.h
[11.114s] -- Up-to-date: /workspace/install/vyra_module_interfaces/include/vyra_module_interfaces/vyra_module_interfaces/msg/detail
[11.114s] -- Installing: /workspace/install/vyra_module_interfaces/include/vyra_module_interfaces/vyra_module_interfaces/msg/detail/logger_stream__rosidl_typesupport_fastrtps_c.h
[11.114s] -- Installing: /workspace/install/vyra_module_interfaces/include/vyra_module_interfaces/vyra_module_interfaces/msg/detail/news_feed__rosidl_typesupport_fastrtps_c.h
[11.115s] -- Installing: /workspace/install/vyra_module_interfaces/include/vyra_module_interfaces/vyra_module_interfaces/msg/detail/error_feed__rosidl_typesupport_fastrtps_c.h
[11.115s] -- Installing: /workspace/install/vyra_module_interfaces/include/vyra_module_interfaces/vyra_module_interfaces/msg/detail/state_feed__rosidl_typesupport_fastrtps_c.h
[11.115s] -- Up-to-date: /workspace/install/vyra_module_interfaces/include/vyra_module_interfaces/vyra_module_interfaces/action
[11.115s] -- Up-to-date: /workspace/install/vyra_module_interfaces/include/vyra_module_interfaces/vyra_module_interfaces/action/detail
[11.115s] -- Installing: /workspace/install/vyra_module_interfaces/include/vyra_module_interfaces/vyra_module_interfaces/action/detail/initiate_update__rosidl_typesupport_fastrtps_c.h
[11.115s] -- Installing: /workspace/install/vyra_module_interfaces/lib/libvyra_module_interfaces__rosidl_typesupport_fastrtps_c.so
[11.116s] -- Set runtime path of "/workspace/install/vyra_module_interfaces/lib/libvyra_module_interfaces__rosidl_typesupport_fastrtps_c.so" to ""
[11.116s] -- Up-to-date: /workspace/install/vyra_module_interfaces/include/vyra_module_interfaces/vyra_module_interfaces
[11.116s] -- Up-to-date: /workspace/install/vyra_module_interfaces/include/vyra_module_interfaces/vyra_module_interfaces/srv
[11.116s] -- Up-to-date: /workspace/install/vyra_module_interfaces/include/vyra_module_interfaces/vyra_module_interfaces/srv/detail
[11.117s] -- Installing: /workspace/install/vyra_module_interfaces/include/vyra_module_interfaces/vyra_module_interfaces/srv/detail/trigger_transition__rosidl_typesupport_introspection_c.h
[11.117s] -- Installing: /workspace/install/vyra_module_interfaces/include/vyra_module_interfaces/vyra_module_interfaces/srv/detail/get_logs__type_support.c
[11.117s] -- Installing: /workspace/install/vyra_module_interfaces/include/vyra_module_interfaces/vyra_module_interfaces/srv/detail/trigger_transition__type_support.c
[11.117s] -- Installing: /workspace/install/vyra_module_interfaces/include/vyra_module_interfaces/vyra_module_interfaces/srv/detail/get_capabilities__type_support.c
[11.117s] -- Installing: /workspace/install/vyra_module_interfaces/include/vyra_module_interfaces/vyra_module_interfaces/srv/detail/health_check__rosidl_typesupport_introspection_c.h
[11.118s] -- Installing: /workspace/install/vyra_module_interfaces/include/vyra_module_interfaces/vyra_module_interfaces/srv/detail/get_logs__rosidl_typesupport_introspection_c.h
[11.118s] -- Installing: /workspace/install/vyra_module_interfaces/include/vyra_module_interfaces/vyra_module_interfaces/srv/detail/get_capabilities__rosidl_typesupport_introspection_c.h
[11.118s] -- Installing: /workspace/install/vyra_module_interfaces/include/vyra_module_interfaces/vyra_module_interfaces/srv/detail/health_check__type_support.c
[11.118s] -- Up-to-date: /workspace/install/vyra_module_interfaces/include/vyra_module_interfaces/vyra_module_interfaces/msg
[11.119s] -- Installing: /workspace/install/vyra_module_interfaces/include/vyra_module_interfaces/vyra_module_interfaces/msg/rosidl_typesupport_introspection_c__visibility_control.h
[11.119s] -- Up-to-date: /workspace/install/vyra_module_interfaces/include/vyra_module_interfaces/vyra_module_interfaces/msg/detail
[11.119s] -- Installing: /workspace/install/vyra_module_interfaces/include/vyra_module_interfaces/vyra_module_interfaces/msg/detail/error_feed__type_support.c
[11.119s] -- Installing: /workspace/install/vyra_module_interfaces/include/vyra_module_interfaces/vyra_module_interfaces/msg/detail/logger_stream__type_support.c
[11.119s] -- Installing: /workspace/install/vyra_module_interfaces/include/vyra_module_interfaces/vyra_module_interfaces/msg/detail/error_feed__rosidl_typesupport_introspection_c.h
[11.120s] -- Installing: /workspace/install/vyra_module_interfaces/include/vyra_module_interfaces/vyra_module_interfaces/msg/detail/news_feed__type_support.c
[11.120s] -- Installing: /workspace/install/vyra_module_interfaces/include/vyra_module_interfaces/vyra_module_interfaces/msg/detail/news_feed__rosidl_typesupport_introspection_c.h
[11.120s] -- Installing: /workspace/install/vyra_module_interfaces/include/vyra_module_interfaces/vyra_module_interfaces/msg/detail/state_feed__type_support.c
[11.120s] -- Installing: /workspace/install/vyra_module_interfaces/include/vyra_module_interfaces/vyra_module_interfaces/msg/detail/logger_stream__rosidl_typesupport_introspection_c.h
[11.120s] -- Installing: /workspace/install/vyra_module_interfaces/include/vyra_module_interfaces/vyra_module_interfaces/msg/detail/state_feed__rosidl_typesupport_introspection_c.h
[11.121s] -- Up-to-date: /workspace/install/vyra_module_interfaces/include/vyra_module_interfaces/vyra_module_interfaces/action
[11.121s] -- Up-to-date: /workspace/install/vyra_module_interfaces/include/vyra_module_interfaces/vyra_module_interfaces/action/detail
[11.121s] -- Installing: /workspace/install/vyra_module_interfaces/include/vyra_module_interfaces/vyra_module_interfaces/action/detail/initiate_update__rosidl_typesupport_introspection_c.h
[11.121s] -- Installing: /workspace/install/vyra_module_interfaces/include/vyra_module_interfaces/vyra_module_interfaces/action/detail/initiate_update__type_support.c
[11.121s] -- Installing: /workspace/install/vyra_module_interfaces/lib/libvyra_module_interfaces__rosidl_typesupport_introspection_c.so
[11.122s] -- Set runtime path of "/workspace/install/vyra_module_interfaces/lib/libvyra_module_interfaces__rosidl_typesupport_introspection_c.so" to ""
[11.122s] -- Installing: /workspace/install/vyra_module_interfaces/lib/libvyra_module_interfaces__rosidl_typesupport_c.so
[11.122s] -- Set runtime path of "/workspace/install/vyra_module_interfaces/lib/libvyra_module_interfaces__rosidl_typesupport_c.so" to ""
[11.122s] -- Up-to-date: /workspace/install/vyra_module_interfaces/include/vyra_module_interfaces/vyra_module_interfaces
[11.123s] -- Up-to-date: /workspace/install/vyra_module_interfaces/include/vyra_module_interfaces/vyra_module_interfaces/srv
[11.123s] -- Installing: /workspace/install/vyra_module_interfaces/include/vyra_module_interfaces/vyra_module_interfaces/srv/get_capabilities.hpp
[11.123s] -- Installing: /workspace/install/vyra_module_interfaces/include/vyra_module_interfaces/vyra_module_interfaces/srv/get_logs.hpp
[11.123s] -- Installing: /workspace/install/vyra_module_interfaces/include/vyra_module_interfaces/vyra_module_interfaces/srv/trigger_transition.hpp
[11.123s] -- Installing: /workspace/install/vyra_module_interfaces/include/vyra_module_interfaces/vyra_module_interfaces/srv/health_check.hpp
[11.124s] -- Up-to-date: /workspace/install/vyra_module_interfaces/include/vyra_module_interfaces/vyra_module_interfaces/srv/detail
[11.124s] -- Installing: /workspace/install/vyra_module_interfaces/include/vyra_module_interfaces/vyra_module_interfaces/srv/detail/get_logs__builder.hpp
[11.124s] -- Installing: /workspace/install/vyra_module_interfaces/include/vyra_module_interfaces/vyra_module_interfaces/srv/detail/trigger_transition__traits.hpp
[11.124s] -- Installing: /workspace/install/vyra_module_interfaces/include/vyra_module_interfaces/vyra_module_interfaces/srv/detail/health_check__traits.hpp
[11.125s] -- Installing: /workspace/install/vyra_module_interfaces/include/vyra_module_interfaces/vyra_module_interfaces/srv/detail/trigger_transition__builder.hpp
[11.125s] -- Installing: /workspace/install/vyra_module_interfaces/include/vyra_module_interfaces/vyra_module_interfaces/srv/detail/get_capabilities__struct.hpp
[11.125s] -- Installing: /workspace/install/vyra_module_interfaces/include/vyra_module_interfaces/vyra_module_interfaces/srv/detail/get_logs__struct.hpp
[11.125s] -- Installing: /workspace/install/vyra_module_interfaces/include/vyra_module_interfaces/vyra_module_interfaces/srv/detail/health_check__type_support.hpp
[11.125s] -- Installing: /workspace/install/vyra_module_interfaces/include/vyra_module_interfaces/vyra_module_interfaces/srv/detail/get_logs__traits.hpp
[11.126s] -- Installing: /workspace/install/vyra_module_interfaces/include/vyra_module_interfaces/vyra_module_interfaces/srv/detail/get_capabilities__traits.hpp
[11.126s] -- Installing: /workspace/install/vyra_module_interfaces/include/vyra_module_interfaces/vyra_module_interfaces/srv/detail/trigger_transition__type_support.hpp
[11.126s] -- Installing: /workspace/install/vyra_module_interfaces/include/vyra_module_interfaces/vyra_module_interfaces/srv/detail/get_logs__type_support.hpp
[11.126s] -- Installing: /workspace/install/vyra_module_interfaces/include/vyra_module_interfaces/vyra_module_interfaces/srv/detail/get_capabilities__builder.hpp
[11.126s] -- Installing: /workspace/install/vyra_module_interfaces/include/vyra_module_interfaces/vyra_module_interfaces/srv/detail/trigger_transition__struct.hpp
[11.127s] -- Installing: /workspace/install/vyra_module_interfaces/include/vyra_module_interfaces/vyra_module_interfaces/srv/detail/get_capabilities__type_support.hpp
[11.127s] -- Installing: /workspace/install/vyra_module_interfaces/include/vyra_module_interfaces/vyra_module_interfaces/srv/detail/health_check__builder.hpp
[11.127s] -- Installing: /workspace/install/vyra_module_interfaces/include/vyra_module_interfaces/vyra_module_interfaces/srv/detail/health_check__struct.hpp
[11.127s] -- Up-to-date: /workspace/install/vyra_module_interfaces/include/vyra_module_interfaces/vyra_module_interfaces/msg
[11.128s] -- Installing: /workspace/install/vyra_module_interfaces/include/vyra_module_interfaces/vyra_module_interfaces/msg/rosidl_generator_cpp__visibility_control.hpp
[11.128s] -- Installing: /workspace/install/vyra_module_interfaces/include/vyra_module_interfaces/vyra_module_interfaces/msg/logger_stream.hpp
[11.128s] -- Installing: /workspace/install/vyra_module_interfaces/include/vyra_module_interfaces/vyra_module_interfaces/msg/state_feed.hpp
[11.128s] -- Installing: /workspace/install/vyra_module_interfaces/include/vyra_module_interfaces/vyra_module_interfaces/msg/news_feed.hpp
[11.128s] -- Up-to-date: /workspace/install/vyra_module_interfaces/include/vyra_module_interfaces/vyra_module_interfaces/msg/detail
[11.129s] -- Installing: /workspace/install/vyra_module_interfaces/include/vyra_module_interfaces/vyra_module_interfaces/msg/detail/news_feed__struct.hpp
[11.129s] -- Installing: /workspace/install/vyra_module_interfaces/include/vyra_module_interfaces/vyra_module_interfaces/msg/detail/error_feed__traits.hpp
[11.129s] -- Installing: /workspace/install/vyra_module_interfaces/include/vyra_module_interfaces/vyra_module_interfaces/msg/detail/state_feed__builder.hpp
[11.129s] -- Installing: /workspace/install/vyra_module_interfaces/include/vyra_module_interfaces/vyra_module_interfaces/msg/detail/logger_stream__traits.hpp
[11.129s] -- Installing: /workspace/install/vyra_module_interfaces/include/vyra_module_interfaces/vyra_module_interfaces/msg/detail/news_feed__builder.hpp
[11.130s] -- Installing: /workspace/install/vyra_module_interfaces/include/vyra_module_interfaces/vyra_module_interfaces/msg/detail/news_feed__type_support.hpp
[11.130s] -- Installing: /workspace/install/vyra_module_interfaces/include/vyra_module_interfaces/vyra_module_interfaces/msg/detail/logger_stream__type_support.hpp
[11.130s] -- Installing: /workspace/install/vyra_module_interfaces/include/vyra_module_interfaces/vyra_module_interfaces/msg/detail/error_feed__type_support.hpp
[11.130s] -- Installing: /workspace/install/vyra_module_interfaces/include/vyra_module_interfaces/vyra_module_interfaces/msg/detail/error_feed__builder.hpp
[11.131s] -- Installing: /workspace/install/vyra_module_interfaces/include/vyra_module_interfaces/vyra_module_interfaces/msg/detail/state_feed__struct.hpp
[11.131s] -- Installing: /workspace/install/vyra_module_interfaces/include/vyra_module_interfaces/vyra_module_interfaces/msg/detail/error_feed__struct.hpp
[11.131s] -- Installing: /workspace/install/vyra_module_interfaces/include/vyra_module_interfaces/vyra_module_interfaces/msg/detail/logger_stream__struct.hpp
[11.131s] -- Installing: /workspace/install/vyra_module_interfaces/include/vyra_module_interfaces/vyra_module_interfaces/msg/detail/news_feed__traits.hpp
[11.131s] -- Installing: /workspace/install/vyra_module_interfaces/include/vyra_module_interfaces/vyra_module_interfaces/msg/detail/state_feed__type_support.hpp
[11.132s] -- Installing: /workspace/install/vyra_module_interfaces/include/vyra_module_interfaces/vyra_module_interfaces/msg/detail/logger_stream__builder.hpp
[11.132s] -- Installing: /workspace/install/vyra_module_interfaces/include/vyra_module_interfaces/vyra_module_interfaces/msg/detail/state_feed__traits.hpp
[11.132s] -- Installing: /workspace/install/vyra_module_interfaces/include/vyra_module_interfaces/vyra_module_interfaces/msg/error_feed.hpp
[11.132s] -- Up-to-date: /workspace/install/vyra_module_interfaces/include/vyra_module_interfaces/vyra_module_interfaces/action
[11.132s] -- Installing: /workspace/install/vyra_module_interfaces/include/vyra_module_interfaces/vyra_module_interfaces/action/initiate_update.hpp
[11.133s] -- Up-to-date: /workspace/install/vyra_module_interfaces/include/vyra_module_interfaces/vyra_module_interfaces/action/detail
[11.133s] -- Installing: /workspace/install/vyra_module_interfaces/include/vyra_module_interfaces/vyra_module_interfaces/action/detail/initiate_update__builder.hpp
[11.133s] -- Installing: /workspace/install/vyra_module_interfaces/include/vyra_module_interfaces/vyra_module_interfaces/action/detail/initiate_update__struct.hpp
[11.133s] -- Installing: /workspace/install/vyra_module_interfaces/include/vyra_module_interfaces/vyra_module_interfaces/action/detail/initiate_update__traits.hpp
[11.133s] -- Installing: /workspace/install/vyra_module_interfaces/include/vyra_module_interfaces/vyra_module_interfaces/action/detail/initiate_update__type_support.hpp
[11.134s] -- Up-to-date: /workspace/install/vyra_module_interfaces/include/vyra_module_interfaces/vyra_module_interfaces
[11.134s] -- Up-to-date: /workspace/install/vyra_module_interfaces/include/vyra_module_interfaces/vyra_module_interfaces/srv
[11.134s] -- Up-to-date: /workspace/install/vyra_module_interfaces/include/vyra_module_interfaces/vyra_module_interfaces/srv/detail
[11.134s] -- Installing: /workspace/install/vyra_module_interfaces/include/vyra_module_interfaces/vyra_module_interfaces/srv/detail/get_logs__rosidl_typesupport_fastrtps_cpp.hpp
[11.134s] -- Installing: /workspace/install/vyra_module_interfaces/include/vyra_module_interfaces/vyra_module_interfaces/srv/detail/trigger_transition__rosidl_typesupport_fastrtps_cpp.hpp
[11.135s] -- Installing: /workspace/install/vyra_module_interfaces/include/vyra_module_interfaces/vyra_module_interfaces/srv/detail/health_check__rosidl_typesupport_fastrtps_cpp.hpp
[11.135s] -- Installing: /workspace/install/vyra_module_interfaces/include/vyra_module_interfaces/vyra_module_interfaces/srv/detail/get_capabilities__rosidl_typesupport_fastrtps_cpp.hpp
[11.135s] -- Installing: /workspace/install/vyra_module_interfaces/include/vyra_module_interfaces/vyra_module_interfaces/srv/detail/dds_fastrtps
[11.135s] -- Up-to-date: /workspace/install/vyra_module_interfaces/include/vyra_module_interfaces/vyra_module_interfaces/msg
[11.136s] -- Installing: /workspace/install/vyra_module_interfaces/include/vyra_module_interfaces/vyra_module_interfaces/msg/rosidl_typesupport_fastrtps_cpp__visibility_control.h
[11.136s] -- Up-to-date: /workspace/install/vyra_module_interfaces/include/vyra_module_interfaces/vyra_module_interfaces/msg/detail
[11.136s] -- Installing: /workspace/install/vyra_module_interfaces/include/vyra_module_interfaces/vyra_module_interfaces/msg/detail/news_feed__rosidl_typesupport_fastrtps_cpp.hpp
[11.136s] -- Installing: /workspace/install/vyra_module_interfaces/include/vyra_module_interfaces/vyra_module_interfaces/msg/detail/error_feed__rosidl_typesupport_fastrtps_cpp.hpp
[11.136s] -- Installing: /workspace/install/vyra_module_interfaces/include/vyra_module_interfaces/vyra_module_interfaces/msg/detail/state_feed__rosidl_typesupport_fastrtps_cpp.hpp
[11.137s] -- Installing: /workspace/install/vyra_module_interfaces/include/vyra_module_interfaces/vyra_module_interfaces/msg/detail/logger_stream__rosidl_typesupport_fastrtps_cpp.hpp
[11.137s] -- Installing: /workspace/install/vyra_module_interfaces/include/vyra_module_interfaces/vyra_module_interfaces/msg/detail/dds_fastrtps
[11.137s] -- Up-to-date: /workspace/install/vyra_module_interfaces/include/vyra_module_interfaces/vyra_module_interfaces/action
[11.137s] -- Up-to-date: /workspace/install/vyra_module_interfaces/include/vyra_module_interfaces/vyra_module_interfaces/action/detail
[11.137s] -- Installing: /workspace/install/vyra_module_interfaces/include/vyra_module_interfaces/vyra_module_interfaces/action/detail/initiate_update__rosidl_typesupport_fastrtps_cpp.hpp
[11.138s] -- Installing: /workspace/install/vyra_module_interfaces/include/vyra_module_interfaces/vyra_module_interfaces/action/detail/dds_fastrtps
[11.138s] -- Installing: /workspace/install/vyra_module_interfaces/lib/libvyra_module_interfaces__rosidl_typesupport_fastrtps_cpp.so
[11.138s] -- Set runtime path of "/workspace/install/vyra_module_interfaces/lib/libvyra_module_interfaces__rosidl_typesupport_fastrtps_cpp.so" to ""
[11.138s] -- Up-to-date: /workspace/install/vyra_module_interfaces/include/vyra_module_interfaces/vyra_module_interfaces
[11.138s] -- Up-to-date: /workspace/install/vyra_module_interfaces/include/vyra_module_interfaces/vyra_module_interfaces/srv
[11.139s] -- Up-to-date: /workspace/install/vyra_module_interfaces/include/vyra_module_interfaces/vyra_module_interfaces/srv/detail
[11.139s] -- Installing: /workspace/install/vyra_module_interfaces/include/vyra_module_interfaces/vyra_module_interfaces/srv/detail/health_check__type_support.cpp
[11.139s] -- Installing: /workspace/install/vyra_module_interfaces/include/vyra_module_interfaces/vyra_module_interfaces/srv/detail/trigger_transition__rosidl_typesupport_introspection_cpp.hpp
[11.139s] -- Installing: /workspace/install/vyra_module_interfaces/include/vyra_module_interfaces/vyra_module_interfaces/srv/detail/get_capabilities__type_support.cpp
[11.139s] -- Installing: /workspace/install/vyra_module_interfaces/include/vyra_module_interfaces/vyra_module_interfaces/srv/detail/get_logs__type_support.cpp
[11.140s] -- Installing: /workspace/install/vyra_module_interfaces/include/vyra_module_interfaces/vyra_module_interfaces/srv/detail/trigger_transition__type_support.cpp
[11.140s] -- Installing: /workspace/install/vyra_module_interfaces/include/vyra_module_interfaces/vyra_module_interfaces/srv/detail/health_check__rosidl_typesupport_introspection_cpp.hpp
[11.140s] -- Installing: /workspace/install/vyra_module_interfaces/include/vyra_module_interfaces/vyra_module_interfaces/srv/detail/get_capabilities__rosidl_typesupport_introspection_cpp.hpp
[11.140s] -- Installing: /workspace/install/vyra_module_interfaces/include/vyra_module_interfaces/vyra_module_interfaces/srv/detail/get_logs__rosidl_typesupport_introspection_cpp.hpp
[11.140s] -- Up-to-date: /workspace/install/vyra_module_interfaces/include/vyra_module_interfaces/vyra_module_interfaces/msg
[11.141s] -- Up-to-date: /workspace/install/vyra_module_interfaces/include/vyra_module_interfaces/vyra_module_interfaces/msg/detail
[11.141s] -- Installing: /workspace/install/vyra_module_interfaces/include/vyra_module_interfaces/vyra_module_interfaces/msg/detail/logger_stream__type_support.cpp
[11.141s] -- Installing: /workspace/install/vyra_module_interfaces/include/vyra_module_interfaces/vyra_module_interfaces/msg/detail/error_feed__type_support.cpp
[11.141s] -- Installing: /workspace/install/vyra_module_interfaces/include/vyra_module_interfaces/vyra_module_interfaces/msg/detail/state_feed__rosidl_typesupport_introspection_cpp.hpp
[11.141s] -- Installing: /workspace/install/vyra_module_interfaces/include/vyra_module_interfaces/vyra_module_interfaces/msg/detail/logger_stream__rosidl_typesupport_introspection_cpp.hpp
[11.142s] -- Installing: /workspace/install/vyra_module_interfaces/include/vyra_module_interfaces/vyra_module_interfaces/msg/detail/error_feed__rosidl_typesupport_introspection_cpp.hpp
[11.142s] -- Installing: /workspace/install/vyra_module_interfaces/include/vyra_module_interfaces/vyra_module_interfaces/msg/detail/news_feed__rosidl_typesupport_introspection_cpp.hpp
[11.142s] -- Installing: /workspace/install/vyra_module_interfaces/include/vyra_module_interfaces/vyra_module_interfaces/msg/detail/news_feed__type_support.cpp
[11.142s] -- Installing: /workspace/install/vyra_module_interfaces/include/vyra_module_interfaces/vyra_module_interfaces/msg/detail/state_feed__type_support.cpp
[11.142s] -- Up-to-date: /workspace/install/vyra_module_interfaces/include/vyra_module_interfaces/vyra_module_interfaces/action
[11.143s] -- Up-to-date: /workspace/install/vyra_module_interfaces/include/vyra_module_interfaces/vyra_module_interfaces/action/detail
[11.143s] -- Installing: /workspace/install/vyra_module_interfaces/include/vyra_module_interfaces/vyra_module_interfaces/action/detail/initiate_update__type_support.cpp
[11.143s] -- Installing: /workspace/install/vyra_module_interfaces/include/vyra_module_interfaces/vyra_module_interfaces/action/detail/initiate_update__rosidl_typesupport_introspection_cpp.hpp
[11.143s] -- Installing: /workspace/install/vyra_module_interfaces/lib/libvyra_module_interfaces__rosidl_typesupport_introspection_cpp.so
[11.143s] -- Set runtime path of "/workspace/install/vyra_module_interfaces/lib/libvyra_module_interfaces__rosidl_typesupport_introspection_cpp.so" to ""
[11.144s] -- Installing: /workspace/install/vyra_module_interfaces/lib/libvyra_module_interfaces__rosidl_typesupport_cpp.so
[11.144s] -- Set runtime path of "/workspace/install/vyra_module_interfaces/lib/libvyra_module_interfaces__rosidl_typesupport_cpp.so" to ""
[11.144s] -- Installing: /workspace/install/vyra_module_interfaces/share/vyra_module_interfaces/environment/pythonpath.sh
[11.144s] -- Installing: /workspace/install/vyra_module_interfaces/share/vyra_module_interfaces/environment/pythonpath.dsv
[11.145s] -- Installing: /workspace/install/vyra_module_interfaces/local/lib/python3.10/dist-packages/vyra_module_interfaces-0.1.0-py3.10.egg-info
[11.145s] -- Installing: /workspace/install/vyra_module_interfaces/local/lib/python3.10/dist-packages/vyra_module_interfaces-0.1.0-py3.10.egg-info/PKG-INFO
[11.145s] -- Installing: /workspace/install/vyra_module_interfaces/local/lib/python3.10/dist-packages/vyra_module_interfaces-0.1.0-py3.10.egg-info/top_level.txt
[11.145s] -- Installing: /workspace/install/vyra_module_interfaces/local/lib/python3.10/dist-packages/vyra_module_interfaces-0.1.0-py3.10.egg-info/SOURCES.txt
[11.146s] -- Installing: /workspace/install/vyra_module_interfaces/local/lib/python3.10/dist-packages/vyra_module_interfaces-0.1.0-py3.10.egg-info/dependency_links.txt
[11.146s] -- Installing: /workspace/install/vyra_module_interfaces/local/lib/python3.10/dist-packages/vyra_module_interfaces
[11.146s] -- Installing: /workspace/install/vyra_module_interfaces/local/lib/python3.10/dist-packages/vyra_module_interfaces/srv
[11.147s] -- Installing: /workspace/install/vyra_module_interfaces/local/lib/python3.10/dist-packages/vyra_module_interfaces/srv/_trigger_transition.py
[11.147s] -- Installing: /workspace/install/vyra_module_interfaces/local/lib/python3.10/dist-packages/vyra_module_interfaces/srv/_trigger_transition_s.c
[11.147s] -- Installing: /workspace/install/vyra_module_interfaces/local/lib/python3.10/dist-packages/vyra_module_interfaces/srv/_get_capabilities_s.c
[11.147s] -- Installing: /workspace/install/vyra_module_interfaces/local/lib/python3.10/dist-packages/vyra_module_interfaces/srv/_get_logs.py
[11.147s] -- Installing: /workspace/install/vyra_module_interfaces/local/lib/python3.10/dist-packages/vyra_module_interfaces/srv/_get_logs_s.c
[11.148s] -- Installing: /workspace/install/vyra_module_interfaces/local/lib/python3.10/dist-packages/vyra_module_interfaces/srv/_health_check.py
[11.148s] -- Installing: /workspace/install/vyra_module_interfaces/local/lib/python3.10/dist-packages/vyra_module_interfaces/srv/_health_check_s.c
[11.148s] -- Installing: /workspace/install/vyra_module_interfaces/local/lib/python3.10/dist-packages/vyra_module_interfaces/srv/__init__.py
[11.148s] -- Installing: /workspace/install/vyra_module_interfaces/local/lib/python3.10/dist-packages/vyra_module_interfaces/srv/_get_capabilities.py
[11.149s] -- Installing: /workspace/install/vyra_module_interfaces/local/lib/python3.10/dist-packages/vyra_module_interfaces/msg
[11.149s] -- Installing: /workspace/install/vyra_module_interfaces/local/lib/python3.10/dist-packages/vyra_module_interfaces/msg/_state_feed_s.c
[11.149s] -- Installing: /workspace/install/vyra_module_interfaces/local/lib/python3.10/dist-packages/vyra_module_interfaces/msg/_state_feed.py
[11.149s] -- Installing: /workspace/install/vyra_module_interfaces/local/lib/python3.10/dist-packages/vyra_module_interfaces/msg/_error_feed.py
[11.149s] -- Installing: /workspace/install/vyra_module_interfaces/local/lib/python3.10/dist-packages/vyra_module_interfaces/msg/_logger_stream.py
[11.150s] -- Installing: /workspace/install/vyra_module_interfaces/local/lib/python3.10/dist-packages/vyra_module_interfaces/msg/_news_feed.py
[11.150s] -- Installing: /workspace/install/vyra_module_interfaces/local/lib/python3.10/dist-packages/vyra_module_interfaces/msg/_news_feed_s.c
[11.150s] -- Installing: /workspace/install/vyra_module_interfaces/local/lib/python3.10/dist-packages/vyra_module_interfaces/msg/_logger_stream_s.c
[11.150s] -- Installing: /workspace/install/vyra_module_interfaces/local/lib/python3.10/dist-packages/vyra_module_interfaces/msg/__init__.py
[11.150s] -- Installing: /workspace/install/vyra_module_interfaces/local/lib/python3.10/dist-packages/vyra_module_interfaces/msg/_error_feed_s.c
[11.151s] -- Installing: /workspace/install/vyra_module_interfaces/local/lib/python3.10/dist-packages/vyra_module_interfaces/_vyra_module_interfaces_s.ep.rosidl_typesupport_introspection_c.c
[11.151s] -- Installing: /workspace/install/vyra_module_interfaces/local/lib/python3.10/dist-packages/vyra_module_interfaces/_vyra_module_interfaces_s.ep.rosidl_typesupport_c.c
[11.151s] -- Installing: /workspace/install/vyra_module_interfaces/local/lib/python3.10/dist-packages/vyra_module_interfaces/_vyra_module_interfaces_s.ep.rosidl_typesupport_fastrtps_c.c
[11.151s] -- Installing: /workspace/install/vyra_module_interfaces/local/lib/python3.10/dist-packages/vyra_module_interfaces/vyra_module_interfaces_s__rosidl_typesupport_fastrtps_c.cpython-310-x86_64-linux-gnu.so
[11.152s] -- Installing: /workspace/install/vyra_module_interfaces/local/lib/python3.10/dist-packages/vyra_module_interfaces/libvyra_module_interfaces__rosidl_generator_py.so
[11.152s] -- Installing: /workspace/install/vyra_module_interfaces/local/lib/python3.10/dist-packages/vyra_module_interfaces/__init__.py
[11.152s] -- Installing: /workspace/install/vyra_module_interfaces/local/lib/python3.10/dist-packages/vyra_module_interfaces/vyra_module_interfaces_s__rosidl_typesupport_c.cpython-310-x86_64-linux-gnu.so
[11.152s] -- Installing: /workspace/install/vyra_module_interfaces/local/lib/python3.10/dist-packages/vyra_module_interfaces/action
[11.153s] -- Installing: /workspace/install/vyra_module_interfaces/local/lib/python3.10/dist-packages/vyra_module_interfaces/action/_initiate_update.py
[11.153s] -- Installing: /workspace/install/vyra_module_interfaces/local/lib/python3.10/dist-packages/vyra_module_interfaces/action/_initiate_update_s.c
[11.153s] -- Installing: /workspace/install/vyra_module_interfaces/local/lib/python3.10/dist-packages/vyra_module_interfaces/action/__init__.py
[11.153s] -- Installing: /workspace/install/vyra_module_interfaces/local/lib/python3.10/dist-packages/vyra_module_interfaces/vyra_module_interfaces_s__rosidl_typesupport_introspection_c.cpython-310-x86_64-linux-gnu.so
[11.212s] Listing '/workspace/install/vyra_module_interfaces/local/lib/python3.10/dist-packages/vyra_module_interfaces'...
[11.212s] Compiling '/workspace/install/vyra_module_interfaces/local/lib/python3.10/dist-packages/vyra_module_interfaces/__init__.py'...
[11.213s] Listing '/workspace/install/vyra_module_interfaces/local/lib/python3.10/dist-packages/vyra_module_interfaces/action'...
[11.213s] Compiling '/workspace/install/vyra_module_interfaces/local/lib/python3.10/dist-packages/vyra_module_interfaces/action/__init__.py'...
[11.213s] Compiling '/workspace/install/vyra_module_interfaces/local/lib/python3.10/dist-packages/vyra_module_interfaces/action/_initiate_update.py'...
[11.213s] Listing '/workspace/install/vyra_module_interfaces/local/lib/python3.10/dist-packages/vyra_module_interfaces/msg'...
[11.213s] Compiling '/workspace/install/vyra_module_interfaces/local/lib/python3.10/dist-packages/vyra_module_interfaces/msg/__init__.py'...
[11.213s] Compiling '/workspace/install/vyra_module_interfaces/local/lib/python3.10/dist-packages/vyra_module_interfaces/msg/_error_feed.py'...
[11.214s] Compiling '/workspace/install/vyra_module_interfaces/local/lib/python3.10/dist-packages/vyra_module_interfaces/msg/_logger_stream.py'...
[11.214s] Compiling '/workspace/install/vyra_module_interfaces/local/lib/python3.10/dist-packages/vyra_module_interfaces/msg/_news_feed.py'...
[11.214s] Compiling '/workspace/install/vyra_module_interfaces/local/lib/python3.10/dist-packages/vyra_module_interfaces/msg/_state_feed.py'...
[11.214s] Listing '/workspace/install/vyra_module_interfaces/local/lib/python3.10/dist-packages/vyra_module_interfaces/srv'...
[11.214s] Compiling '/workspace/install/vyra_module_interfaces/local/lib/python3.10/dist-packages/vyra_module_interfaces/srv/__init__.py'...
[11.214s] Compiling '/workspace/install/vyra_module_interfaces/local/lib/python3.10/dist-packages/vyra_module_interfaces/srv/_get_capabilities.py'...
[11.215s] Compiling '/workspace/install/vyra_module_interfaces/local/lib/python3.10/dist-packages/vyra_module_interfaces/srv/_get_logs.py'...
[11.215s] Compiling '/workspace/install/vyra_module_interfaces/local/lib/python3.10/dist-packages/vyra_module_interfaces/srv/_health_check.py'...
[11.215s] Compiling '/workspace/install/vyra_module_interfaces/local/lib/python3.10/dist-packages/vyra_module_interfaces/srv/_trigger_transition.py'...
[11.217s] -- Installing: /workspace/install/vyra_module_interfaces/local/lib/python3.10/dist-packages/vyra_module_interfaces/vyra_module_interfaces_s__rosidl_typesupport_fastrtps_c.cpython-310-x86_64-linux-gnu.so
[11.218s] -- Set runtime path of "/workspace/install/vyra_module_interfaces/local/lib/python3.10/dist-packages/vyra_module_interfaces/vyra_module_interfaces_s__rosidl_typesupport_fastrtps_c.cpython-310-x86_64-linux-gnu.so" to ""
[11.218s] -- Installing: /workspace/install/vyra_module_interfaces/local/lib/python3.10/dist-packages/vyra_module_interfaces/vyra_module_interfaces_s__rosidl_typesupport_introspection_c.cpython-310-x86_64-linux-gnu.so
[11.219s] -- Set runtime path of "/workspace/install/vyra_module_interfaces/local/lib/python3.10/dist-packages/vyra_module_interfaces/vyra_module_interfaces_s__rosidl_typesupport_introspection_c.cpython-310-x86_64-linux-gnu.so" to ""
[11.219s] -- Installing: /workspace/install/vyra_module_interfaces/local/lib/python3.10/dist-packages/vyra_module_interfaces/vyra_module_interfaces_s__rosidl_typesupport_c.cpython-310-x86_64-linux-gnu.so
[11.220s] -- Set runtime path of "/workspace/install/vyra_module_interfaces/local/lib/python3.10/dist-packages/vyra_module_interfaces/vyra_module_interfaces_s__rosidl_typesupport_c.cpython-310-x86_64-linux-gnu.so" to ""
[11.220s] -- Installing: /workspace/install/vyra_module_interfaces/lib/libvyra_module_interfaces__rosidl_generator_py.so
[11.221s] -- Set runtime path of "/workspace/install/vyra_module_interfaces/lib/libvyra_module_interfaces__rosidl_generator_py.so" to ""
[11.221s] -- Installing: /workspace/install/vyra_module_interfaces/share/vyra_module_interfaces/msg/NewsFeed.idl
[11.221s] -- Installing: /workspace/install/vyra_module_interfaces/share/vyra_module_interfaces/msg/ErrorFeed.idl
[11.221s] -- Installing: /workspace/install/vyra_module_interfaces/share/vyra_module_interfaces/msg/LoggerStream.idl
[11.221s] -- Installing: /workspace/install/vyra_module_interfaces/share/vyra_module_interfaces/msg/StateFeed.idl
[11.222s] -- Installing: /workspace/install/vyra_module_interfaces/share/vyra_module_interfaces/srv/HealthCheck.idl
[11.222s] -- Installing: /workspace/install/vyra_module_interfaces/share/vyra_module_interfaces/srv/GetCapabilities.idl
[11.222s] -- Installing: /workspace/install/vyra_module_interfaces/share/vyra_module_interfaces/srv/TriggerTransition.idl
[11.222s] -- Installing: /workspace/install/vyra_module_interfaces/share/vyra_module_interfaces/srv/GetLogs.idl
[11.223s] -- Installing: /workspace/install/vyra_module_interfaces/share/vyra_module_interfaces/action/InitiateUpdate.idl
[11.223s] -- Installing: /workspace/install/vyra_module_interfaces/share/vyra_module_interfaces/msg/NewsFeed.msg
[11.223s] -- Installing: /workspace/install/vyra_module_interfaces/share/vyra_module_interfaces/msg/ErrorFeed.msg
[11.224s] -- Installing: /workspace/install/vyra_module_interfaces/share/vyra_module_interfaces/msg/LoggerStream.msg
[11.224s] -- Installing: /workspace/install/vyra_module_interfaces/share/vyra_module_interfaces/msg/StateFeed.msg
[11.224s] -- Installing: /workspace/install/vyra_module_interfaces/share/vyra_module_interfaces/srv/HealthCheck.srv
[11.224s] -- Installing: /workspace/install/vyra_module_interfaces/share/vyra_module_interfaces/srv/HealthCheck_Request.msg
[11.224s] -- Installing: /workspace/install/vyra_module_interfaces/share/vyra_module_interfaces/srv/HealthCheck_Response.msg
[11.225s] -- Installing: /workspace/install/vyra_module_interfaces/share/vyra_module_interfaces/srv/GetCapabilities.srv
[11.225s] -- Installing: /workspace/install/vyra_module_interfaces/share/vyra_module_interfaces/srv/GetCapabilities_Request.msg
[11.225s] -- Installing: /workspace/install/vyra_module_interfaces/share/vyra_module_interfaces/srv/GetCapabilities_Response.msg
[11.225s] -- Installing: /workspace/install/vyra_module_interfaces/share/vyra_module_interfaces/srv/TriggerTransition.srv
[11.226s] -- Installing: /workspace/install/vyra_module_interfaces/share/vyra_module_interfaces/srv/TriggerTransition_Request.msg
[11.226s] -- Installing: /workspace/install/vyra_module_interfaces/share/vyra_module_interfaces/srv/TriggerTransition_Response.msg
[11.226s] -- Installing: /workspace/install/vyra_module_interfaces/share/vyra_module_interfaces/srv/GetLogs.srv
[11.226s] -- Installing: /workspace/install/vyra_module_interfaces/share/vyra_module_interfaces/srv/GetLogs_Request.msg
[11.227s] -- Installing: /workspace/install/vyra_module_interfaces/share/vyra_module_interfaces/srv/GetLogs_Response.msg
[11.227s] -- Installing: /workspace/install/vyra_module_interfaces/share/vyra_module_interfaces/action/InitiateUpdate.action
[11.227s] -- Installing: /workspace/install/vyra_module_interfaces/share/vyra_module_interfaces/config
[11.227s] -- Installing: /workspace/install/vyra_module_interfaces/share/vyra_module_interfaces/config/base_metadata.config
[11.228s] -- Installing: /workspace/install/vyra_module_interfaces/share/ament_index/resource_index/package_run_dependencies/vyra_module_interfaces
[11.228s] -- Installing: /workspace/install/vyra_module_interfaces/share/ament_index/resource_index/parent_prefix_path/vyra_module_interfaces
[11.228s] -- Installing: /workspace/install/vyra_module_interfaces/share/vyra_module_interfaces/environment/ament_prefix_path.sh
[11.228s] -- Installing: /workspace/install/vyra_module_interfaces/share/vyra_module_interfaces/environment/ament_prefix_path.dsv
[11.229s] -- Installing: /workspace/install/vyra_module_interfaces/share/vyra_module_interfaces/environment/path.sh
[11.229s] -- Installing: /workspace/install/vyra_module_interfaces/share/vyra_module_interfaces/environment/path.dsv
[11.229s] -- Installing: /workspace/install/vyra_module_interfaces/share/vyra_module_interfaces/local_setup.bash
[11.229s] -- Installing: /workspace/install/vyra_module_interfaces/share/vyra_module_interfaces/local_setup.sh
[11.230s] -- Installing: /workspace/install/vyra_module_interfaces/share/vyra_module_interfaces/local_setup.zsh
[11.230s] -- Installing: /workspace/install/vyra_module_interfaces/share/vyra_module_interfaces/local_setup.dsv
[11.230s] -- Installing: /workspace/install/vyra_module_interfaces/share/vyra_module_interfaces/package.dsv
[11.230s] -- Installing: /workspace/install/vyra_module_interfaces/share/ament_index/resource_index/packages/vyra_module_interfaces
[11.231s] -- Installing: /workspace/install/vyra_module_interfaces/share/vyra_module_interfaces/cmake/export_vyra_module_interfaces__rosidl_generator_cExport.cmake
[11.231s] -- Installing: /workspace/install/vyra_module_interfaces/share/vyra_module_interfaces/cmake/export_vyra_module_interfaces__rosidl_generator_cExport-noconfig.cmake
[11.231s] -- Installing: /workspace/install/vyra_module_interfaces/share/vyra_module_interfaces/cmake/export_vyra_module_interfaces__rosidl_typesupport_fastrtps_cExport.cmake
[11.232s] -- Installing: /workspace/install/vyra_module_interfaces/share/vyra_module_interfaces/cmake/export_vyra_module_interfaces__rosidl_typesupport_fastrtps_cExport-noconfig.cmake
[11.232s] -- Installing: /workspace/install/vyra_module_interfaces/share/vyra_module_interfaces/cmake/vyra_module_interfaces__rosidl_typesupport_introspection_cExport.cmake
[11.232s] -- Installing: /workspace/install/vyra_module_interfaces/share/vyra_module_interfaces/cmake/vyra_module_interfaces__rosidl_typesupport_introspection_cExport-noconfig.cmake
[11.232s] -- Installing: /workspace/install/vyra_module_interfaces/share/vyra_module_interfaces/cmake/vyra_module_interfaces__rosidl_typesupport_cExport.cmake
[11.233s] -- Installing: /workspace/install/vyra_module_interfaces/share/vyra_module_interfaces/cmake/vyra_module_interfaces__rosidl_typesupport_cExport-noconfig.cmake
[11.233s] -- Installing: /workspace/install/vyra_module_interfaces/share/vyra_module_interfaces/cmake/export_vyra_module_interfaces__rosidl_generator_cppExport.cmake
[11.233s] -- Installing: /workspace/install/vyra_module_interfaces/share/vyra_module_interfaces/cmake/export_vyra_module_interfaces__rosidl_typesupport_fastrtps_cppExport.cmake
[11.233s] -- Installing: /workspace/install/vyra_module_interfaces/share/vyra_module_interfaces/cmake/export_vyra_module_interfaces__rosidl_typesupport_fastrtps_cppExport-noconfig.cmake
[11.234s] -- Installing: /workspace/install/vyra_module_interfaces/share/vyra_module_interfaces/cmake/vyra_module_interfaces__rosidl_typesupport_introspection_cppExport.cmake
[11.234s] -- Installing: /workspace/install/vyra_module_interfaces/share/vyra_module_interfaces/cmake/vyra_module_interfaces__rosidl_typesupport_introspection_cppExport-noconfig.cmake
[11.234s] -- Installing: /workspace/install/vyra_module_interfaces/share/vyra_module_interfaces/cmake/vyra_module_interfaces__rosidl_typesupport_cppExport.cmake
[11.235s] -- Installing: /workspace/install/vyra_module_interfaces/share/vyra_module_interfaces/cmake/vyra_module_interfaces__rosidl_typesupport_cppExport-noconfig.cmake
[11.235s] -- Installing: /workspace/install/vyra_module_interfaces/share/vyra_module_interfaces/cmake/export_vyra_module_interfaces__rosidl_generator_pyExport.cmake
[11.235s] -- Installing: /workspace/install/vyra_module_interfaces/share/vyra_module_interfaces/cmake/export_vyra_module_interfaces__rosidl_generator_pyExport-noconfig.cmake
[11.235s] -- Installing: /workspace/install/vyra_module_interfaces/share/vyra_module_interfaces/cmake/rosidl_cmake-extras.cmake
[11.236s] -- Installing: /workspace/install/vyra_module_interfaces/share/vyra_module_interfaces/cmake/ament_cmake_export_dependencies-extras.cmake
[11.236s] -- Installing: /workspace/install/vyra_module_interfaces/share/vyra_module_interfaces/cmake/ament_cmake_export_include_directories-extras.cmake
[11.236s] -- Installing: /workspace/install/vyra_module_interfaces/share/vyra_module_interfaces/cmake/ament_cmake_export_libraries-extras.cmake
[11.236s] -- Installing: /workspace/install/vyra_module_interfaces/share/vyra_module_interfaces/cmake/ament_cmake_export_targets-extras.cmake
[11.237s] -- Installing: /workspace/install/vyra_module_interfaces/share/vyra_module_interfaces/cmake/rosidl_cmake_export_typesupport_targets-extras.cmake
[11.237s] -- Installing: /workspace/install/vyra_module_interfaces/share/vyra_module_interfaces/cmake/rosidl_cmake_export_typesupport_libraries-extras.cmake
[11.237s] -- Installing: /workspace/install/vyra_module_interfaces/share/vyra_module_interfaces/cmake/vyra_module_interfacesConfig.cmake
[11.237s] -- Installing: /workspace/install/vyra_module_interfaces/share/vyra_module_interfaces/cmake/vyra_module_interfacesConfig-version.cmake
[11.238s] -- Installing: /workspace/install/vyra_module_interfaces/share/vyra_module_interfaces/package.xml
[11.241s] Invoked command in '/workspace/build/vyra_module_interfaces' returned '0': CMAKE_PREFIX_PATH=${CMAKE_PREFIX_PATH}:/workspace/install/vyra_module_template:/opt/ros/humble /usr/bin/cmake --install /workspace/build/vyra_module_interfaces
