[0.630s] Invoking command in '/workspace/src/vyra_module_template': PYTHONPATH=/workspace/build/vyra_module_template/prefix_override:/usr/lib/python3/dist-packages/colcon_core/task/python/colcon_distutils_commands:/workspace/install/vyra_module_template/lib/python3.10/site-packages:${PYTHONPATH} /usr/bin/python3 -W ignore:setup.py install is deprecated -W ignore:easy_install command is deprecated setup.py egg_info --egg-base ../../build/vyra_module_template build --build-base /workspace/build/vyra_module_template/build install --record /workspace/build/vyra_module_template/install.log --single-version-externally-managed install_data
[0.879s] running egg_info
[0.892s] writing ../../build/vyra_module_template/vyra_module_template.egg-info/PKG-INFO
[0.893s] writing dependency_links to ../../build/vyra_module_template/vyra_module_template.egg-info/dependency_links.txt
[0.893s] writing entry points to ../../build/vyra_module_template/vyra_module_template.egg-info/entry_points.txt
[0.893s] writing requirements to ../../build/vyra_module_template/vyra_module_template.egg-info/requires.txt
[0.894s] writing top-level names to ../../build/vyra_module_template/vyra_module_template.egg-info/top_level.txt
[0.923s] reading manifest file '../../build/vyra_module_template/vyra_module_template.egg-info/SOURCES.txt'
[0.925s] writing manifest file '../../build/vyra_module_template/vyra_module_template.egg-info/SOURCES.txt'
[0.925s] running build
[0.925s] running build_py
[0.926s] copying vyra_module_template/Core.py -> /workspace/build/vyra_module_template/build/lib/vyra_module_template
[0.926s] copying vyra_module_template/PublisherNode.py -> /workspace/build/vyra_module_template/build/lib/vyra_module_template
[0.926s] copying vyra_module_template/__init__.py -> /workspace/build/vyra_module_template/build/lib/vyra_module_template
[0.926s] copying vyra_module_template/SubscriberNode.py -> /workspace/build/vyra_module_template/build/lib/vyra_module_template
[0.927s] copying vyra_module_template/Template.py -> /workspace/build/vyra_module_template/build/lib/vyra_module_template
[0.927s] running install
[0.931s] running install_lib
[0.946s] running install_data
[0.946s] copying resource/vyra_module_template -> /workspace/install/vyra_module_template/share/ament_index/resource_index/packages
[0.946s] copying package.xml -> /workspace/install/vyra_module_template/share/vyra_module_template
[0.947s] running install_egg_info
[0.961s] removing '/workspace/install/vyra_module_template/lib/python3.10/site-packages/vyra_module_template-0.1.0-py3.10.egg-info' (and everything under it)
[0.962s] Copying ../../build/vyra_module_template/vyra_module_template.egg-info to /workspace/install/vyra_module_template/lib/python3.10/site-packages/vyra_module_template-0.1.0-py3.10.egg-info
[0.963s] running install_scripts
[0.992s] Installing core script to /workspace/install/vyra_module_template/lib/vyra_module_template
[0.993s] Installing listener script to /workspace/install/vyra_module_template/lib/vyra_module_template
[0.993s] Installing talker script to /workspace/install/vyra_module_template/lib/vyra_module_template
[0.993s] writing list of installed files to '/workspace/build/vyra_module_template/install.log'
[1.019s] Invoked command in '/workspace/src/vyra_module_template' returned '0': PYTHONPATH=/workspace/build/vyra_module_template/prefix_override:/usr/lib/python3/dist-packages/colcon_core/task/python/colcon_distutils_commands:/workspace/install/vyra_module_template/lib/python3.10/site-packages:${PYTHONPATH} /usr/bin/python3 -W ignore:setup.py install is deprecated -W ignore:easy_install command is deprecated setup.py egg_info --egg-base ../../build/vyra_module_template build --build-base /workspace/build/vyra_module_template/build install --record /workspace/build/vyra_module_template/install.log --single-version-externally-managed install_data
