[0.123s] DEBUG:colcon:Command line arguments: ['/usr/bin/colcon', 'build']
[0.123s] DEBUG:colcon:Parsed command line arguments: Namespace(log_base=None, log_level=None, verb_name='build', build_base='build', install_base='install', merge_install=False, symlink_install=False, test_result_base=None, continue_on_error=False, executor='parallel', parallel_workers=12, event_handlers=None, ignore_user_meta=False, metas=['./colcon.meta'], base_paths=['.'], packages_ignore=None, packages_ignore_regex=None, paths=None, packages_up_to=None, packages_up_to_regex=None, packages_above=None, packages_above_and_dependencies=None, packages_above_depth=None, packages_select_by_dep=None, packages_skip_by_dep=None, packages_skip_up_to=None, packages_select_build_failed=False, packages_skip_build_finished=False, packages_select_test_failures=False, packages_skip_test_passed=False, packages_select=None, packages_skip=None, packages_select_regex=None, packages_skip_regex=None, packages_start=None, packages_end=None, allow_overriding=[], cmake_args=None, cmake_target=None, cmake_target_skip_unavailable=False, cmake_clean_cache=False, cmake_clean_first=False, cmake_force_configure=False, ament_cmake_args=None, catkin_cmake_args=None, catkin_skip_building_tests=False, verb_parser=<colcon_defaults.argument_parser.defaults.DefaultArgumentsDecorator object at 0x773dd79c5d80>, verb_extension=<colcon_core.verb.build.BuildVerb object at 0x773dd79c57e0>, main=<bound method BuildVerb.main of <colcon_core.verb.build.BuildVerb object at 0x773dd79c57e0>>)
[0.172s] Level 1:colcon.colcon_core.package_discovery:discover_packages(colcon_meta) check parameters
[0.172s] Level 1:colcon.colcon_core.package_discovery:discover_packages(recursive) check parameters
[0.172s] Level 1:colcon.colcon_core.package_discovery:discover_packages(ignore) check parameters
[0.172s] Level 1:colcon.colcon_core.package_discovery:discover_packages(path) check parameters
[0.172s] Level 1:colcon.colcon_core.package_discovery:discover_packages(colcon_meta) discover
[0.173s] Level 1:colcon.colcon_core.package_discovery:discover_packages(recursive) discover
[0.173s] INFO:colcon.colcon_core.package_discovery:Crawling recursively for packages in '/workspace'
[0.173s] Level 1:colcon.colcon_core.package_identification:_identify(.) by extensions ['ignore', 'ignore_ament_install']
[0.173s] Level 1:colcon.colcon_core.package_identification:_identify(.) by extension 'ignore'
[0.173s] Level 1:colcon.colcon_core.package_identification:_identify(.) by extension 'ignore_ament_install'
[0.173s] Level 1:colcon.colcon_core.package_identification:_identify(.) by extensions ['colcon_pkg']
[0.173s] Level 1:colcon.colcon_core.package_identification:_identify(.) by extension 'colcon_pkg'
[0.173s] Level 1:colcon.colcon_core.package_identification:_identify(.) by extensions ['colcon_meta']
[0.173s] Level 1:colcon.colcon_core.package_identification:_identify(.) by extension 'colcon_meta'
[0.173s] Level 1:colcon.colcon_core.package_identification:_identify(.) by extensions ['ros']
[0.173s] Level 1:colcon.colcon_core.package_identification:_identify(.) by extension 'ros'
[0.191s] Level 1:colcon.colcon_core.package_identification:_identify(.) by extensions ['cmake', 'python']
[0.191s] Level 1:colcon.colcon_core.package_identification:_identify(.) by extension 'cmake'
[0.191s] Level 1:colcon.colcon_core.package_identification:_identify(.) by extension 'python'
[0.191s] Level 1:colcon.colcon_core.package_identification:_identify(.) by extensions ['python_setup_py']
[0.191s] Level 1:colcon.colcon_core.package_identification:_identify(.) by extension 'python_setup_py'
[0.191s] Level 1:colcon.colcon_core.package_identification:_identify(build) by extensions ['ignore', 'ignore_ament_install']
[0.191s] Level 1:colcon.colcon_core.package_identification:_identify(build) by extension 'ignore'
[0.191s] Level 1:colcon.colcon_core.package_identification:_identify(build) ignored
[0.191s] Level 1:colcon.colcon_core.package_identification:_identify(install) by extensions ['ignore', 'ignore_ament_install']
[0.192s] Level 1:colcon.colcon_core.package_identification:_identify(install) by extension 'ignore'
[0.192s] Level 1:colcon.colcon_core.package_identification:_identify(install) ignored
[0.192s] Level 1:colcon.colcon_core.package_identification:_identify(log) by extensions ['ignore', 'ignore_ament_install']
[0.192s] Level 1:colcon.colcon_core.package_identification:_identify(log) by extension 'ignore'
[0.192s] Level 1:colcon.colcon_core.package_identification:_identify(log) ignored
[0.192s] Level 1:colcon.colcon_core.package_identification:_identify(src) by extensions ['ignore', 'ignore_ament_install']
[0.192s] Level 1:colcon.colcon_core.package_identification:_identify(src) by extension 'ignore'
[0.192s] Level 1:colcon.colcon_core.package_identification:_identify(src) by extension 'ignore_ament_install'
[0.192s] Level 1:colcon.colcon_core.package_identification:_identify(src) by extensions ['colcon_pkg']
[0.192s] Level 1:colcon.colcon_core.package_identification:_identify(src) by extension 'colcon_pkg'
[0.192s] Level 1:colcon.colcon_core.package_identification:_identify(src) by extensions ['colcon_meta']
[0.192s] Level 1:colcon.colcon_core.package_identification:_identify(src) by extension 'colcon_meta'
[0.192s] Level 1:colcon.colcon_core.package_identification:_identify(src) by extensions ['ros']
[0.192s] Level 1:colcon.colcon_core.package_identification:_identify(src) by extension 'ros'
[0.193s] Level 1:colcon.colcon_core.package_identification:_identify(src) by extensions ['cmake', 'python']
[0.193s] Level 1:colcon.colcon_core.package_identification:_identify(src) by extension 'cmake'
[0.193s] Level 1:colcon.colcon_core.package_identification:_identify(src) by extension 'python'
[0.193s] Level 1:colcon.colcon_core.package_identification:_identify(src) by extensions ['python_setup_py']
[0.193s] Level 1:colcon.colcon_core.package_identification:_identify(src) by extension 'python_setup_py'
[0.193s] Level 1:colcon.colcon_core.package_identification:_identify(src/vos_module_interfaces) by extensions ['ignore', 'ignore_ament_install']
[0.193s] Level 1:colcon.colcon_core.package_identification:_identify(src/vos_module_interfaces) by extension 'ignore'
[0.193s] Level 1:colcon.colcon_core.package_identification:_identify(src/vos_module_interfaces) by extension 'ignore_ament_install'
[0.193s] Level 1:colcon.colcon_core.package_identification:_identify(src/vos_module_interfaces) by extensions ['colcon_pkg']
[0.193s] Level 1:colcon.colcon_core.package_identification:_identify(src/vos_module_interfaces) by extension 'colcon_pkg'
[0.193s] Level 1:colcon.colcon_core.package_identification:_identify(src/vos_module_interfaces) by extensions ['colcon_meta']
[0.193s] Level 1:colcon.colcon_core.package_identification:_identify(src/vos_module_interfaces) by extension 'colcon_meta'
[0.193s] Level 1:colcon.colcon_core.package_identification:_identify(src/vos_module_interfaces) by extensions ['ros']
[0.193s] Level 1:colcon.colcon_core.package_identification:_identify(src/vos_module_interfaces) by extension 'ros'
[0.196s] DEBUG:colcon.colcon_core.package_identification:Package 'src/vos_module_interfaces' with type 'ros.ament_cmake' and name 'vos_module_interfaces'
[0.196s] Level 1:colcon.colcon_core.package_identification:_identify(src/vos_module_template) by extensions ['ignore', 'ignore_ament_install']
[0.196s] Level 1:colcon.colcon_core.package_identification:_identify(src/vos_module_template) by extension 'ignore'
[0.197s] Level 1:colcon.colcon_core.package_identification:_identify(src/vos_module_template) by extension 'ignore_ament_install'
[0.197s] Level 1:colcon.colcon_core.package_identification:_identify(src/vos_module_template) by extensions ['colcon_pkg']
[0.197s] Level 1:colcon.colcon_core.package_identification:_identify(src/vos_module_template) by extension 'colcon_pkg'
[0.197s] Level 1:colcon.colcon_core.package_identification:_identify(src/vos_module_template) by extensions ['colcon_meta']
[0.197s] Level 1:colcon.colcon_core.package_identification:_identify(src/vos_module_template) by extension 'colcon_meta'
[0.197s] Level 1:colcon.colcon_core.package_identification:_identify(src/vos_module_template) by extensions ['ros']
[0.197s] Level 1:colcon.colcon_core.package_identification:_identify(src/vos_module_template) by extension 'ros'
[0.199s] DEBUG:colcon.colcon_core.package_identification:Package 'src/vos_module_template' with type 'ros.ament_python' and name 'vos_module_template'
[0.199s] Level 1:colcon.colcon_core.package_identification:_identify(tools) by extensions ['ignore', 'ignore_ament_install']
[0.199s] Level 1:colcon.colcon_core.package_identification:_identify(tools) by extension 'ignore'
[0.199s] Level 1:colcon.colcon_core.package_identification:_identify(tools) by extension 'ignore_ament_install'
[0.199s] Level 1:colcon.colcon_core.package_identification:_identify(tools) by extensions ['colcon_pkg']
[0.199s] Level 1:colcon.colcon_core.package_identification:_identify(tools) by extension 'colcon_pkg'
[0.199s] Level 1:colcon.colcon_core.package_identification:_identify(tools) by extensions ['colcon_meta']
[0.199s] Level 1:colcon.colcon_core.package_identification:_identify(tools) by extension 'colcon_meta'
[0.199s] Level 1:colcon.colcon_core.package_identification:_identify(tools) by extensions ['ros']
[0.199s] Level 1:colcon.colcon_core.package_identification:_identify(tools) by extension 'ros'
[0.199s] Level 1:colcon.colcon_core.package_identification:_identify(tools) by extensions ['cmake', 'python']
[0.199s] Level 1:colcon.colcon_core.package_identification:_identify(tools) by extension 'cmake'
[0.199s] Level 1:colcon.colcon_core.package_identification:_identify(tools) by extension 'python'
[0.199s] Level 1:colcon.colcon_core.package_identification:_identify(tools) by extensions ['python_setup_py']
[0.199s] Level 1:colcon.colcon_core.package_identification:_identify(tools) by extension 'python_setup_py'
[0.200s] Level 1:colcon.colcon_core.package_identification:_identify(wheels) by extensions ['ignore', 'ignore_ament_install']
[0.200s] Level 1:colcon.colcon_core.package_identification:_identify(wheels) by extension 'ignore'
[0.200s] Level 1:colcon.colcon_core.package_identification:_identify(wheels) by extension 'ignore_ament_install'
[0.200s] Level 1:colcon.colcon_core.package_identification:_identify(wheels) by extensions ['colcon_pkg']
[0.200s] Level 1:colcon.colcon_core.package_identification:_identify(wheels) by extension 'colcon_pkg'
[0.200s] Level 1:colcon.colcon_core.package_identification:_identify(wheels) by extensions ['colcon_meta']
[0.200s] Level 1:colcon.colcon_core.package_identification:_identify(wheels) by extension 'colcon_meta'
[0.200s] Level 1:colcon.colcon_core.package_identification:_identify(wheels) by extensions ['ros']
[0.200s] Level 1:colcon.colcon_core.package_identification:_identify(wheels) by extension 'ros'
[0.200s] Level 1:colcon.colcon_core.package_identification:_identify(wheels) by extensions ['cmake', 'python']
[0.200s] Level 1:colcon.colcon_core.package_identification:_identify(wheels) by extension 'cmake'
[0.200s] Level 1:colcon.colcon_core.package_identification:_identify(wheels) by extension 'python'
[0.200s] Level 1:colcon.colcon_core.package_identification:_identify(wheels) by extensions ['python_setup_py']
[0.200s] Level 1:colcon.colcon_core.package_identification:_identify(wheels) by extension 'python_setup_py'
[0.200s] Level 1:colcon.colcon_core.package_discovery:discover_packages(recursive) using defaults
[0.200s] Level 1:colcon.colcon_core.package_discovery:discover_packages(ignore) discover
[0.200s] Level 1:colcon.colcon_core.package_discovery:discover_packages(ignore) using defaults
[0.201s] Level 1:colcon.colcon_core.package_discovery:discover_packages(path) discover
[0.201s] Level 1:colcon.colcon_core.package_discovery:discover_packages(path) using defaults
[0.224s] Level 1:colcon.colcon_core.package_discovery:discover_packages(prefix_path) check parameters
[0.224s] Level 1:colcon.colcon_core.package_discovery:discover_packages(prefix_path) discover
[0.226s] DEBUG:colcon.colcon_installed_package_information.package_discovery:Found 2 installed packages in /workspace/install
[0.228s] DEBUG:colcon.colcon_installed_package_information.package_discovery:Found 181 installed packages in /opt/ros/humble
[0.229s] Level 1:colcon.colcon_core.package_discovery:discover_packages(prefix_path) using defaults
[0.260s] Level 5:colcon.colcon_core.verb:set package 'vos_module_interfaces' build argument 'cmake_args' from command line to 'None'
[0.260s] Level 5:colcon.colcon_core.verb:set package 'vos_module_interfaces' build argument 'cmake_target' from command line to 'None'
[0.260s] Level 5:colcon.colcon_core.verb:set package 'vos_module_interfaces' build argument 'cmake_target_skip_unavailable' from command line to 'False'
[0.260s] Level 5:colcon.colcon_core.verb:set package 'vos_module_interfaces' build argument 'cmake_clean_cache' from command line to 'False'
[0.260s] Level 5:colcon.colcon_core.verb:set package 'vos_module_interfaces' build argument 'cmake_clean_first' from command line to 'False'
[0.260s] Level 5:colcon.colcon_core.verb:set package 'vos_module_interfaces' build argument 'cmake_force_configure' from command line to 'False'
[0.260s] Level 5:colcon.colcon_core.verb:set package 'vos_module_interfaces' build argument 'ament_cmake_args' from command line to 'None'
[0.260s] Level 5:colcon.colcon_core.verb:set package 'vos_module_interfaces' build argument 'catkin_cmake_args' from command line to 'None'
[0.260s] Level 5:colcon.colcon_core.verb:set package 'vos_module_interfaces' build argument 'catkin_skip_building_tests' from command line to 'False'
[0.260s] DEBUG:colcon.colcon_core.verb:Building package 'vos_module_interfaces' with the following arguments: {'ament_cmake_args': None, 'build_base': '/workspace/build/vos_module_interfaces', 'catkin_cmake_args': None, 'catkin_skip_building_tests': False, 'cmake_args': None, 'cmake_clean_cache': False, 'cmake_clean_first': False, 'cmake_force_configure': False, 'cmake_target': None, 'cmake_target_skip_unavailable': False, 'install_base': '/workspace/install/vos_module_interfaces', 'merge_install': False, 'path': '/workspace/src/vos_module_interfaces', 'symlink_install': False, 'test_result_base': None}
[0.260s] Level 5:colcon.colcon_core.verb:set package 'vos_module_template' build argument 'cmake_args' from command line to 'None'
[0.260s] Level 5:colcon.colcon_core.verb:set package 'vos_module_template' build argument 'cmake_target' from command line to 'None'
[0.261s] Level 5:colcon.colcon_core.verb:set package 'vos_module_template' build argument 'cmake_target_skip_unavailable' from command line to 'False'
[0.261s] Level 5:colcon.colcon_core.verb:set package 'vos_module_template' build argument 'cmake_clean_cache' from command line to 'False'
[0.261s] Level 5:colcon.colcon_core.verb:set package 'vos_module_template' build argument 'cmake_clean_first' from command line to 'False'
[0.261s] Level 5:colcon.colcon_core.verb:set package 'vos_module_template' build argument 'cmake_force_configure' from command line to 'False'
[0.261s] Level 5:colcon.colcon_core.verb:set package 'vos_module_template' build argument 'ament_cmake_args' from command line to 'None'
[0.261s] Level 5:colcon.colcon_core.verb:set package 'vos_module_template' build argument 'catkin_cmake_args' from command line to 'None'
[0.261s] Level 5:colcon.colcon_core.verb:set package 'vos_module_template' build argument 'catkin_skip_building_tests' from command line to 'False'
[0.261s] DEBUG:colcon.colcon_core.verb:Building package 'vos_module_template' with the following arguments: {'ament_cmake_args': None, 'build_base': '/workspace/build/vos_module_template', 'catkin_cmake_args': None, 'catkin_skip_building_tests': False, 'cmake_args': None, 'cmake_clean_cache': False, 'cmake_clean_first': False, 'cmake_force_configure': False, 'cmake_target': None, 'cmake_target_skip_unavailable': False, 'install_base': '/workspace/install/vos_module_template', 'merge_install': False, 'path': '/workspace/src/vos_module_template', 'symlink_install': False, 'test_result_base': None}
[0.261s] INFO:colcon.colcon_core.executor:Executing jobs using 'parallel' executor
[0.262s] DEBUG:colcon.colcon_parallel_executor.executor.parallel:run_until_complete
[0.262s] INFO:colcon.colcon_ros.task.ament_cmake.build:Building ROS package in '/workspace/src/vos_module_interfaces' with build type 'ament_cmake'
[0.262s] INFO:colcon.colcon_cmake.task.cmake.build:Building CMake package in '/workspace/src/vos_module_interfaces'
[0.266s] INFO:colcon.colcon_core.plugin_system:Skipping extension 'colcon_core.shell.bat': Not used on non-Windows systems
[0.266s] INFO:colcon.colcon_core.shell:Skip shell extension 'powershell' for command environment: Not usable outside of PowerShell
[0.266s] DEBUG:colcon.colcon_core.shell:Skip shell extension 'dsv' for command environment
[0.276s] DEBUG:colcon.colcon_core.event_handler.log_command:Invoking command in '/workspace/build/vos_module_interfaces': CMAKE_PREFIX_PATH=${CMAKE_PREFIX_PATH}:/workspace/install/vos_module_template:/opt/ros/humble /usr/bin/cmake --build /workspace/build/vos_module_interfaces -- -j12 -l12
[2.476s] DEBUG:colcon.colcon_core.event_handler.log_command:Invoked command in '/workspace/build/vos_module_interfaces' returned '0': CMAKE_PREFIX_PATH=${CMAKE_PREFIX_PATH}:/workspace/install/vos_module_template:/opt/ros/humble /usr/bin/cmake --build /workspace/build/vos_module_interfaces -- -j12 -l12
[2.499s] DEBUG:colcon.colcon_core.event_handler.log_command:Invoking command in '/workspace/build/vos_module_interfaces': CMAKE_PREFIX_PATH=${CMAKE_PREFIX_PATH}:/workspace/install/vos_module_template:/opt/ros/humble /usr/bin/cmake --install /workspace/build/vos_module_interfaces
[2.604s] Level 1:colcon.colcon_core.environment:create_environment_scripts_only(vos_module_interfaces)
[2.605s] DEBUG:colcon.colcon_core.event_handler.log_command:Invoked command in '/workspace/build/vos_module_interfaces' returned '0': CMAKE_PREFIX_PATH=${CMAKE_PREFIX_PATH}:/workspace/install/vos_module_template:/opt/ros/humble /usr/bin/cmake --install /workspace/build/vos_module_interfaces
[2.608s] Level 1:colcon.colcon_core.environment:checking '/workspace/install/vos_module_interfaces' for CMake module files
[2.609s] Level 1:colcon.colcon_core.environment:checking '/workspace/install/vos_module_interfaces' for CMake config files
[2.609s] Level 1:colcon.colcon_core.shell:create_environment_hook('vos_module_interfaces', 'cmake_prefix_path')
[2.609s] INFO:colcon.colcon_core.shell:Creating environment hook '/workspace/install/vos_module_interfaces/share/vos_module_interfaces/hook/cmake_prefix_path.ps1'
[2.610s] INFO:colcon.colcon_core.shell:Creating environment descriptor '/workspace/install/vos_module_interfaces/share/vos_module_interfaces/hook/cmake_prefix_path.dsv'
[2.611s] INFO:colcon.colcon_core.shell:Creating environment hook '/workspace/install/vos_module_interfaces/share/vos_module_interfaces/hook/cmake_prefix_path.sh'
[2.612s] Level 1:colcon.colcon_core.environment:checking '/workspace/install/vos_module_interfaces/lib'
[2.612s] Level 1:colcon.colcon_core.shell:create_environment_hook('vos_module_interfaces', 'ld_library_path_lib')
[2.612s] INFO:colcon.colcon_core.shell:Creating environment hook '/workspace/install/vos_module_interfaces/share/vos_module_interfaces/hook/ld_library_path_lib.ps1'
[2.612s] INFO:colcon.colcon_core.shell:Creating environment descriptor '/workspace/install/vos_module_interfaces/share/vos_module_interfaces/hook/ld_library_path_lib.dsv'
[2.613s] INFO:colcon.colcon_core.shell:Creating environment hook '/workspace/install/vos_module_interfaces/share/vos_module_interfaces/hook/ld_library_path_lib.sh'
[2.613s] Level 1:colcon.colcon_core.environment:checking '/workspace/install/vos_module_interfaces/bin'
[2.613s] Level 1:colcon.colcon_core.environment:checking '/workspace/install/vos_module_interfaces/lib/pkgconfig/vos_module_interfaces.pc'
[2.614s] Level 1:colcon.colcon_core.environment:checking '/workspace/install/vos_module_interfaces/lib/python3.10/site-packages'
[2.614s] Level 1:colcon.colcon_core.environment:checking '/workspace/install/vos_module_interfaces/bin'
[2.614s] INFO:colcon.colcon_core.shell:Creating package script '/workspace/install/vos_module_interfaces/share/vos_module_interfaces/package.ps1'
[2.615s] INFO:colcon.colcon_core.shell:Creating package descriptor '/workspace/install/vos_module_interfaces/share/vos_module_interfaces/package.dsv'
[2.616s] INFO:colcon.colcon_core.shell:Creating package script '/workspace/install/vos_module_interfaces/share/vos_module_interfaces/package.sh'
[2.616s] INFO:colcon.colcon_core.shell:Creating package script '/workspace/install/vos_module_interfaces/share/vos_module_interfaces/package.bash'
[2.617s] INFO:colcon.colcon_core.shell:Creating package script '/workspace/install/vos_module_interfaces/share/vos_module_interfaces/package.zsh'
[2.618s] Level 1:colcon.colcon_core.environment:create_file_with_runtime_dependencies(/workspace/install/vos_module_interfaces/share/colcon-core/packages/vos_module_interfaces)
[2.619s] Level 1:colcon.colcon_core.environment:create_environment_scripts_only(vos_module_interfaces)
[2.619s] Level 1:colcon.colcon_core.environment:checking '/workspace/install/vos_module_interfaces' for CMake module files
[2.620s] Level 1:colcon.colcon_core.environment:checking '/workspace/install/vos_module_interfaces' for CMake config files
[2.620s] Level 1:colcon.colcon_core.shell:create_environment_hook('vos_module_interfaces', 'cmake_prefix_path')
[2.620s] INFO:colcon.colcon_core.shell:Creating environment hook '/workspace/install/vos_module_interfaces/share/vos_module_interfaces/hook/cmake_prefix_path.ps1'
[2.621s] INFO:colcon.colcon_core.shell:Creating environment descriptor '/workspace/install/vos_module_interfaces/share/vos_module_interfaces/hook/cmake_prefix_path.dsv'
[2.621s] INFO:colcon.colcon_core.shell:Creating environment hook '/workspace/install/vos_module_interfaces/share/vos_module_interfaces/hook/cmake_prefix_path.sh'
[2.622s] Level 1:colcon.colcon_core.environment:checking '/workspace/install/vos_module_interfaces/lib'
[2.622s] Level 1:colcon.colcon_core.shell:create_environment_hook('vos_module_interfaces', 'ld_library_path_lib')
[2.622s] INFO:colcon.colcon_core.shell:Creating environment hook '/workspace/install/vos_module_interfaces/share/vos_module_interfaces/hook/ld_library_path_lib.ps1'
[2.623s] INFO:colcon.colcon_core.shell:Creating environment descriptor '/workspace/install/vos_module_interfaces/share/vos_module_interfaces/hook/ld_library_path_lib.dsv'
[2.623s] INFO:colcon.colcon_core.shell:Creating environment hook '/workspace/install/vos_module_interfaces/share/vos_module_interfaces/hook/ld_library_path_lib.sh'
[2.623s] Level 1:colcon.colcon_core.environment:checking '/workspace/install/vos_module_interfaces/bin'
[2.623s] Level 1:colcon.colcon_core.environment:checking '/workspace/install/vos_module_interfaces/lib/pkgconfig/vos_module_interfaces.pc'
[2.624s] Level 1:colcon.colcon_core.environment:checking '/workspace/install/vos_module_interfaces/lib/python3.10/site-packages'
[2.624s] Level 1:colcon.colcon_core.environment:checking '/workspace/install/vos_module_interfaces/bin'
[2.624s] INFO:colcon.colcon_core.shell:Creating package script '/workspace/install/vos_module_interfaces/share/vos_module_interfaces/package.ps1'
[2.625s] INFO:colcon.colcon_core.shell:Creating package descriptor '/workspace/install/vos_module_interfaces/share/vos_module_interfaces/package.dsv'
[2.625s] INFO:colcon.colcon_core.shell:Creating package script '/workspace/install/vos_module_interfaces/share/vos_module_interfaces/package.sh'
[2.626s] INFO:colcon.colcon_core.shell:Creating package script '/workspace/install/vos_module_interfaces/share/vos_module_interfaces/package.bash'
[2.626s] INFO:colcon.colcon_core.shell:Creating package script '/workspace/install/vos_module_interfaces/share/vos_module_interfaces/package.zsh'
[2.627s] Level 1:colcon.colcon_core.environment:create_file_with_runtime_dependencies(/workspace/install/vos_module_interfaces/share/colcon-core/packages/vos_module_interfaces)
[2.627s] INFO:colcon.colcon_ros.task.ament_python.build:Building ROS package in '/workspace/src/vos_module_template' with build type 'ament_python'
[2.627s] Level 1:colcon.colcon_core.shell:create_environment_hook('vos_module_template', 'ament_prefix_path')
[2.628s] INFO:colcon.colcon_core.shell:Creating environment hook '/workspace/install/vos_module_template/share/vos_module_template/hook/ament_prefix_path.ps1'
[2.629s] INFO:colcon.colcon_core.shell:Creating environment descriptor '/workspace/install/vos_module_template/share/vos_module_template/hook/ament_prefix_path.dsv'
[2.629s] INFO:colcon.colcon_core.shell:Creating environment hook '/workspace/install/vos_module_template/share/vos_module_template/hook/ament_prefix_path.sh'
[2.631s] INFO:colcon.colcon_core.shell:Skip shell extension 'powershell' for command environment: Not usable outside of PowerShell
[2.631s] DEBUG:colcon.colcon_core.shell:Skip shell extension 'dsv' for command environment
[2.856s] INFO:colcon.colcon_core.task.python.build:Building Python package in '/workspace/src/vos_module_template'
[2.857s] INFO:colcon.colcon_core.shell:Skip shell extension 'powershell' for command environment: Not usable outside of PowerShell
[2.857s] DEBUG:colcon.colcon_core.shell:Skip shell extension 'dsv' for command environment
[3.253s] DEBUG:colcon.colcon_core.event_handler.log_command:Invoking command in '/workspace/src/vos_module_template': PYTHONPATH=/workspace/build/vos_module_template/prefix_override:/usr/lib/python3/dist-packages/colcon_core/task/python/colcon_distutils_commands:/workspace/install/vos_module_template/lib/python3.10/site-packages:${PYTHONPATH} /usr/bin/python3 -W ignore:setup.py install is deprecated -W ignore:easy_install command is deprecated setup.py egg_info --egg-base ../../build/vos_module_template build --build-base /workspace/build/vos_module_template/build install --record /workspace/build/vos_module_template/install.log --single-version-externally-managed install_data
[3.645s] Level 1:colcon.colcon_core.environment:checking '/workspace/install/vos_module_template' for CMake module files
[3.646s] DEBUG:colcon.colcon_core.event_handler.log_command:Invoked command in '/workspace/src/vos_module_template' returned '0': PYTHONPATH=/workspace/build/vos_module_template/prefix_override:/usr/lib/python3/dist-packages/colcon_core/task/python/colcon_distutils_commands:/workspace/install/vos_module_template/lib/python3.10/site-packages:${PYTHONPATH} /usr/bin/python3 -W ignore:setup.py install is deprecated -W ignore:easy_install command is deprecated setup.py egg_info --egg-base ../../build/vos_module_template build --build-base /workspace/build/vos_module_template/build install --record /workspace/build/vos_module_template/install.log --single-version-externally-managed install_data
[3.647s] Level 1:colcon.colcon_core.environment:checking '/workspace/install/vos_module_template' for CMake config files
[3.648s] Level 1:colcon.colcon_core.environment:checking '/workspace/install/vos_module_template/lib'
[3.648s] Level 1:colcon.colcon_core.environment:checking '/workspace/install/vos_module_template/bin'
[3.649s] Level 1:colcon.colcon_core.environment:checking '/workspace/install/vos_module_template/lib/pkgconfig/vos_module_template.pc'
[3.649s] Level 1:colcon.colcon_core.environment:checking '/workspace/install/vos_module_template/lib/python3.10/site-packages'
[3.649s] Level 1:colcon.colcon_core.shell:create_environment_hook('vos_module_template', 'pythonpath')
[3.650s] INFO:colcon.colcon_core.shell:Creating environment hook '/workspace/install/vos_module_template/share/vos_module_template/hook/pythonpath.ps1'
[3.651s] INFO:colcon.colcon_core.shell:Creating environment descriptor '/workspace/install/vos_module_template/share/vos_module_template/hook/pythonpath.dsv'
[3.652s] INFO:colcon.colcon_core.shell:Creating environment hook '/workspace/install/vos_module_template/share/vos_module_template/hook/pythonpath.sh'
[3.653s] Level 1:colcon.colcon_core.environment:checking '/workspace/install/vos_module_template/bin'
[3.653s] Level 1:colcon.colcon_core.environment:create_environment_scripts_only(vos_module_template)
[3.654s] INFO:colcon.colcon_core.shell:Creating package script '/workspace/install/vos_module_template/share/vos_module_template/package.ps1'
[3.655s] INFO:colcon.colcon_core.shell:Creating package descriptor '/workspace/install/vos_module_template/share/vos_module_template/package.dsv'
[3.657s] INFO:colcon.colcon_core.shell:Creating package script '/workspace/install/vos_module_template/share/vos_module_template/package.sh'
[3.658s] INFO:colcon.colcon_core.shell:Creating package script '/workspace/install/vos_module_template/share/vos_module_template/package.bash'
[3.659s] INFO:colcon.colcon_core.shell:Creating package script '/workspace/install/vos_module_template/share/vos_module_template/package.zsh'
[3.660s] Level 1:colcon.colcon_core.environment:create_file_with_runtime_dependencies(/workspace/install/vos_module_template/share/colcon-core/packages/vos_module_template)
[3.660s] DEBUG:colcon.colcon_parallel_executor.executor.parallel:closing loop
[3.661s] DEBUG:colcon.colcon_parallel_executor.executor.parallel:loop closed
[3.661s] DEBUG:colcon.colcon_parallel_executor.executor.parallel:run_until_complete finished with '0'
[3.661s] DEBUG:colcon.colcon_core.event_reactor:joining thread
[3.669s] INFO:colcon.colcon_core.plugin_system:Skipping extension 'colcon_notification.desktop_notification.notify_send': Could not find 'notify-send'
[3.670s] INFO:colcon.colcon_core.plugin_system:Skipping extension 'colcon_notification.desktop_notification.terminal_notifier': Not used on non-Darwin systems
[3.670s] INFO:colcon.colcon_core.plugin_system:Skipping extension 'colcon_notification.desktop_notification.win32': Not used on non-Windows systems
[3.670s] INFO:colcon.colcon_notification.desktop_notification:Sending desktop notification using 'notify2'
[3.670s] DEBUG:colcon.colcon_notification.desktop_notification.notify2:Failed to initialize notify2: org.freedesktop.DBus.Error.NotSupported: Unable to autolaunch a dbus-daemon without a $DISPLAY for X11
[3.670s] DEBUG:colcon.colcon_core.event_reactor:joined thread
[3.671s] INFO:colcon.colcon_core.shell:Creating prefix script '/workspace/install/local_setup.ps1'
[3.673s] INFO:colcon.colcon_core.shell:Creating prefix util module '/workspace/install/_local_setup_util_ps1.py'
[3.677s] INFO:colcon.colcon_core.shell:Creating prefix chain script '/workspace/install/setup.ps1'
[3.679s] INFO:colcon.colcon_core.shell:Creating prefix script '/workspace/install/local_setup.sh'
[3.681s] INFO:colcon.colcon_core.shell:Creating prefix util module '/workspace/install/_local_setup_util_sh.py'
[3.682s] INFO:colcon.colcon_core.shell:Creating prefix chain script '/workspace/install/setup.sh'
[3.685s] INFO:colcon.colcon_core.shell:Creating prefix script '/workspace/install/local_setup.bash'
[3.686s] INFO:colcon.colcon_core.shell:Creating prefix chain script '/workspace/install/setup.bash'
[3.689s] INFO:colcon.colcon_core.shell:Creating prefix script '/workspace/install/local_setup.zsh'
[3.690s] INFO:colcon.colcon_core.shell:Creating prefix chain script '/workspace/install/setup.zsh'
