[0.013s] Invoking command in '/home/holgder-dach/VYRA/vyra_module_template/build/vyra_module_interfaces': CMAKE_PREFIX_PATH=${CMAKE_PREFIX_PATH}:/opt/ros/kilted /usr/bin/cmake --build /home/holgder-dach/VYRA/vyra_module_template/build/vyra_module_interfaces -- -j12 -l12
[0.098s] [  1%] Built target ament_cmake_python_copy_vyra_module_interfaces
[0.098s] [  1%] Built target vyra_module_interfaces__rosidl_generator_type_description
[0.126s] [  1%] Built target vyra_module_interfaces__cpp
[0.146s] [ 27%] Built target vyra_module_interfaces__rosidl_generator_c
[0.184s] [ 37%] Built target vyra_module_interfaces__rosidl_typesupport_introspection_c
[0.190s] [ 57%] Built target vyra_module_interfaces__rosidl_typesupport_cpp
[0.191s] [ 57%] Built target vyra_module_interfaces__rosidl_typesupport_c
[0.194s] [ 66%] Built target vyra_module_interfaces__rosidl_typesupport_introspection_cpp
[0.197s] [ 75%] Built target vyra_module_interfaces__rosidl_typesupport_fastrtps_c
[0.203s] [ 85%] Built target vyra_module_interfaces__rosidl_typesupport_fastrtps_cpp
[0.229s] [ 85%] Built target vyra_module_interfaces
[0.256s] [ 86%] Built target vyra_module_interfaces__py
[0.301s] [ 94%] Built target vyra_module_interfaces__rosidl_generator_py
[0.333s] [ 98%] Built target vyra_module_interfaces_s__rosidl_typesupport_fastrtps_c
[0.333s] [ 98%] Built target vyra_module_interfaces_s__rosidl_typesupport_c
[0.337s] [100%] Built target vyra_module_interfaces_s__rosidl_typesupport_introspection_c
[0.395s] running egg_info
[0.424s] writing vyra_module_interfaces.egg-info/PKG-INFO
[0.425s] writing dependency_links to vyra_module_interfaces.egg-info/dependency_links.txt
[0.425s] writing top-level names to vyra_module_interfaces.egg-info/top_level.txt
[0.510s] reading manifest file 'vyra_module_interfaces.egg-info/SOURCES.txt'
[0.510s] writing manifest file 'vyra_module_interfaces.egg-info/SOURCES.txt'
[0.552s] [100%] Built target ament_cmake_python_build_vyra_module_interfaces_egg
[0.582s] Invoked command in '/home/holgder-dach/VYRA/vyra_module_template/build/vyra_module_interfaces' returned '0': CMAKE_PREFIX_PATH=${CMAKE_PREFIX_PATH}:/opt/ros/kilted /usr/bin/cmake --build /home/holgder-dach/VYRA/vyra_module_template/build/vyra_module_interfaces -- -j12 -l12
[0.594s] Invoking command in '/home/holgder-dach/VYRA/vyra_module_template/build/vyra_module_interfaces': CMAKE_PREFIX_PATH=${CMAKE_PREFIX_PATH}:/opt/ros/kilted /usr/bin/cmake --install /home/holgder-dach/VYRA/vyra_module_template/build/vyra_module_interfaces
[0.605s] -- Install configuration: ""
[0.605s] -- Up-to-date: /home/holgder-dach/VYRA/vyra_module_template/install/vyra_module_interfaces/share/ament_index/resource_index/rosidl_interfaces/vyra_module_interfaces
[0.605s] -- Up-to-date: /home/holgder-dach/VYRA/vyra_module_template/install/vyra_module_interfaces/share/vyra_module_interfaces/msg/NewsFeed.json
[0.606s] -- Up-to-date: /home/holgder-dach/VYRA/vyra_module_template/install/vyra_module_interfaces/share/vyra_module_interfaces/msg/ErrorFeed.json
[0.606s] -- Up-to-date: /home/holgder-dach/VYRA/vyra_module_template/install/vyra_module_interfaces/share/vyra_module_interfaces/msg/LoggerStream.json
[0.606s] -- Up-to-date: /home/holgder-dach/VYRA/vyra_module_template/install/vyra_module_interfaces/share/vyra_module_interfaces/msg/StateFeed.json
[0.607s] -- Up-to-date: /home/holgder-dach/VYRA/vyra_module_template/install/vyra_module_interfaces/share/vyra_module_interfaces/srv/HealthCheck.json
[0.607s] -- Up-to-date: /home/holgder-dach/VYRA/vyra_module_template/install/vyra_module_interfaces/share/vyra_module_interfaces/srv/GetCapabilities.json
[0.607s] -- Up-to-date: /home/holgder-dach/VYRA/vyra_module_template/install/vyra_module_interfaces/share/vyra_module_interfaces/srv/TriggerTransition.json
[0.607s] -- Up-to-date: /home/holgder-dach/VYRA/vyra_module_template/install/vyra_module_interfaces/share/vyra_module_interfaces/srv/GetLogs.json
[0.608s] -- Up-to-date: /home/holgder-dach/VYRA/vyra_module_template/install/vyra_module_interfaces/share/vyra_module_interfaces/action/InitiateUpdate.json
[0.608s] -- Up-to-date: /home/holgder-dach/VYRA/vyra_module_template/install/vyra_module_interfaces/include/vyra_module_interfaces/vyra_module_interfaces
[0.608s] -- Up-to-date: /home/holgder-dach/VYRA/vyra_module_template/install/vyra_module_interfaces/include/vyra_module_interfaces/vyra_module_interfaces/srv
[0.609s] -- Up-to-date: /home/holgder-dach/VYRA/vyra_module_template/install/vyra_module_interfaces/include/vyra_module_interfaces/vyra_module_interfaces/srv/get_logs.h
[0.609s] -- Up-to-date: /home/holgder-dach/VYRA/vyra_module_template/install/vyra_module_interfaces/include/vyra_module_interfaces/vyra_module_interfaces/srv/health_check.h
[0.609s] -- Up-to-date: /home/holgder-dach/VYRA/vyra_module_template/install/vyra_module_interfaces/include/vyra_module_interfaces/vyra_module_interfaces/srv/detail
[0.610s] -- Up-to-date: /home/holgder-dach/VYRA/vyra_module_template/install/vyra_module_interfaces/include/vyra_module_interfaces/vyra_module_interfaces/srv/detail/get_capabilities__functions.c
[0.610s] -- Up-to-date: /home/holgder-dach/VYRA/vyra_module_template/install/vyra_module_interfaces/include/vyra_module_interfaces/vyra_module_interfaces/srv/detail/get_logs__struct.h
[0.610s] -- Up-to-date: /home/holgder-dach/VYRA/vyra_module_template/install/vyra_module_interfaces/include/vyra_module_interfaces/vyra_module_interfaces/srv/detail/get_logs__functions.c
[0.611s] -- Up-to-date: /home/holgder-dach/VYRA/vyra_module_template/install/vyra_module_interfaces/include/vyra_module_interfaces/vyra_module_interfaces/srv/detail/trigger_transition__description.c
[0.611s] -- Installing: /home/holgder-dach/VYRA/vyra_module_template/install/vyra_module_interfaces/include/vyra_module_interfaces/vyra_module_interfaces/srv/detail/get_logs__type_support.c
[0.611s] -- Up-to-date: /home/holgder-dach/VYRA/vyra_module_template/install/vyra_module_interfaces/include/vyra_module_interfaces/vyra_module_interfaces/srv/detail/get_logs__description.c
[0.611s] -- Up-to-date: /home/holgder-dach/VYRA/vyra_module_template/install/vyra_module_interfaces/include/vyra_module_interfaces/vyra_module_interfaces/srv/detail/health_check__functions.h
[0.612s] -- Up-to-date: /home/holgder-dach/VYRA/vyra_module_template/install/vyra_module_interfaces/include/vyra_module_interfaces/vyra_module_interfaces/srv/detail/health_check__functions.c
[0.612s] -- Up-to-date: /home/holgder-dach/VYRA/vyra_module_template/install/vyra_module_interfaces/include/vyra_module_interfaces/vyra_module_interfaces/srv/detail/health_check__struct.h
[0.612s] -- Installing: /home/holgder-dach/VYRA/vyra_module_template/install/vyra_module_interfaces/include/vyra_module_interfaces/vyra_module_interfaces/srv/detail/trigger_transition__type_support.c
[0.613s] -- Up-to-date: /home/holgder-dach/VYRA/vyra_module_template/install/vyra_module_interfaces/include/vyra_module_interfaces/vyra_module_interfaces/srv/detail/get_logs__type_support.h
[0.613s] -- Installing: /home/holgder-dach/VYRA/vyra_module_template/install/vyra_module_interfaces/include/vyra_module_interfaces/vyra_module_interfaces/srv/detail/get_capabilities__type_support.c
[0.613s] -- Up-to-date: /home/holgder-dach/VYRA/vyra_module_template/install/vyra_module_interfaces/include/vyra_module_interfaces/vyra_module_interfaces/srv/detail/get_capabilities__struct.h
[0.613s] -- Up-to-date: /home/holgder-dach/VYRA/vyra_module_template/install/vyra_module_interfaces/include/vyra_module_interfaces/vyra_module_interfaces/srv/detail/trigger_transition__functions.c
[0.614s] -- Up-to-date: /home/holgder-dach/VYRA/vyra_module_template/install/vyra_module_interfaces/include/vyra_module_interfaces/vyra_module_interfaces/srv/detail/trigger_transition__functions.h
[0.614s] -- Up-to-date: /home/holgder-dach/VYRA/vyra_module_template/install/vyra_module_interfaces/include/vyra_module_interfaces/vyra_module_interfaces/srv/detail/get_capabilities__type_support.h
[0.614s] -- Up-to-date: /home/holgder-dach/VYRA/vyra_module_template/install/vyra_module_interfaces/include/vyra_module_interfaces/vyra_module_interfaces/srv/detail/get_capabilities__functions.h
[0.615s] -- Up-to-date: /home/holgder-dach/VYRA/vyra_module_template/install/vyra_module_interfaces/include/vyra_module_interfaces/vyra_module_interfaces/srv/detail/get_capabilities__description.c
[0.615s] -- Up-to-date: /home/holgder-dach/VYRA/vyra_module_template/install/vyra_module_interfaces/include/vyra_module_interfaces/vyra_module_interfaces/srv/detail/health_check__type_support.h
[0.615s] -- Up-to-date: /home/holgder-dach/VYRA/vyra_module_template/install/vyra_module_interfaces/include/vyra_module_interfaces/vyra_module_interfaces/srv/detail/trigger_transition__type_support.h
[0.615s] -- Up-to-date: /home/holgder-dach/VYRA/vyra_module_template/install/vyra_module_interfaces/include/vyra_module_interfaces/vyra_module_interfaces/srv/detail/get_logs__functions.h
[0.616s] -- Up-to-date: /home/holgder-dach/VYRA/vyra_module_template/install/vyra_module_interfaces/include/vyra_module_interfaces/vyra_module_interfaces/srv/detail/trigger_transition__struct.h
[0.616s] -- Up-to-date: /home/holgder-dach/VYRA/vyra_module_template/install/vyra_module_interfaces/include/vyra_module_interfaces/vyra_module_interfaces/srv/detail/health_check__description.c
[0.617s] -- Installing: /home/holgder-dach/VYRA/vyra_module_template/install/vyra_module_interfaces/include/vyra_module_interfaces/vyra_module_interfaces/srv/detail/health_check__type_support.c
[0.617s] -- Up-to-date: /home/holgder-dach/VYRA/vyra_module_template/install/vyra_module_interfaces/include/vyra_module_interfaces/vyra_module_interfaces/srv/trigger_transition.h
[0.617s] -- Up-to-date: /home/holgder-dach/VYRA/vyra_module_template/install/vyra_module_interfaces/include/vyra_module_interfaces/vyra_module_interfaces/srv/get_capabilities.h
[0.618s] -- Up-to-date: /home/holgder-dach/VYRA/vyra_module_template/install/vyra_module_interfaces/include/vyra_module_interfaces/vyra_module_interfaces/msg
[0.618s] -- Up-to-date: /home/holgder-dach/VYRA/vyra_module_template/install/vyra_module_interfaces/include/vyra_module_interfaces/vyra_module_interfaces/msg/news_feed.h
[0.618s] -- Up-to-date: /home/holgder-dach/VYRA/vyra_module_template/install/vyra_module_interfaces/include/vyra_module_interfaces/vyra_module_interfaces/msg/rosidl_generator_c__visibility_control.h
[0.618s] -- Up-to-date: /home/holgder-dach/VYRA/vyra_module_template/install/vyra_module_interfaces/include/vyra_module_interfaces/vyra_module_interfaces/msg/error_feed.h
[0.619s] -- Up-to-date: /home/holgder-dach/VYRA/vyra_module_template/install/vyra_module_interfaces/include/vyra_module_interfaces/vyra_module_interfaces/msg/state_feed.h
[0.619s] -- Up-to-date: /home/holgder-dach/VYRA/vyra_module_template/install/vyra_module_interfaces/include/vyra_module_interfaces/vyra_module_interfaces/msg/logger_stream.h
[0.619s] -- Up-to-date: /home/holgder-dach/VYRA/vyra_module_template/install/vyra_module_interfaces/include/vyra_module_interfaces/vyra_module_interfaces/msg/detail
[0.620s] -- Installing: /home/holgder-dach/VYRA/vyra_module_template/install/vyra_module_interfaces/include/vyra_module_interfaces/vyra_module_interfaces/msg/detail/error_feed__type_support.c
[0.620s] -- Up-to-date: /home/holgder-dach/VYRA/vyra_module_template/install/vyra_module_interfaces/include/vyra_module_interfaces/vyra_module_interfaces/msg/detail/error_feed__functions.h
[0.620s] -- Up-to-date: /home/holgder-dach/VYRA/vyra_module_template/install/vyra_module_interfaces/include/vyra_module_interfaces/vyra_module_interfaces/msg/detail/logger_stream__functions.c
[0.620s] -- Up-to-date: /home/holgder-dach/VYRA/vyra_module_template/install/vyra_module_interfaces/include/vyra_module_interfaces/vyra_module_interfaces/msg/detail/news_feed__description.c
[0.621s] -- Up-to-date: /home/holgder-dach/VYRA/vyra_module_template/install/vyra_module_interfaces/include/vyra_module_interfaces/vyra_module_interfaces/msg/detail/error_feed__struct.h
[0.621s] -- Up-to-date: /home/holgder-dach/VYRA/vyra_module_template/install/vyra_module_interfaces/include/vyra_module_interfaces/vyra_module_interfaces/msg/detail/news_feed__struct.h
[0.621s] -- Up-to-date: /home/holgder-dach/VYRA/vyra_module_template/install/vyra_module_interfaces/include/vyra_module_interfaces/vyra_module_interfaces/msg/detail/logger_stream__functions.h
[0.622s] -- Up-to-date: /home/holgder-dach/VYRA/vyra_module_template/install/vyra_module_interfaces/include/vyra_module_interfaces/vyra_module_interfaces/msg/detail/state_feed__functions.h
[0.622s] -- Installing: /home/holgder-dach/VYRA/vyra_module_template/install/vyra_module_interfaces/include/vyra_module_interfaces/vyra_module_interfaces/msg/detail/logger_stream__type_support.c
[0.622s] -- Up-to-date: /home/holgder-dach/VYRA/vyra_module_template/install/vyra_module_interfaces/include/vyra_module_interfaces/vyra_module_interfaces/msg/detail/state_feed__description.c
[0.623s] -- Up-to-date: /home/holgder-dach/VYRA/vyra_module_template/install/vyra_module_interfaces/include/vyra_module_interfaces/vyra_module_interfaces/msg/detail/news_feed__functions.c
[0.623s] -- Up-to-date: /home/holgder-dach/VYRA/vyra_module_template/install/vyra_module_interfaces/include/vyra_module_interfaces/vyra_module_interfaces/msg/detail/state_feed__struct.h
[0.623s] -- Up-to-date: /home/holgder-dach/VYRA/vyra_module_template/install/vyra_module_interfaces/include/vyra_module_interfaces/vyra_module_interfaces/msg/detail/news_feed__type_support.h
[0.623s] -- Up-to-date: /home/holgder-dach/VYRA/vyra_module_template/install/vyra_module_interfaces/include/vyra_module_interfaces/vyra_module_interfaces/msg/detail/logger_stream__type_support.h
[0.624s] -- Up-to-date: /home/holgder-dach/VYRA/vyra_module_template/install/vyra_module_interfaces/include/vyra_module_interfaces/vyra_module_interfaces/msg/detail/error_feed__functions.c
[0.624s] -- Up-to-date: /home/holgder-dach/VYRA/vyra_module_template/install/vyra_module_interfaces/include/vyra_module_interfaces/vyra_module_interfaces/msg/detail/error_feed__description.c
[0.624s] -- Up-to-date: /home/holgder-dach/VYRA/vyra_module_template/install/vyra_module_interfaces/include/vyra_module_interfaces/vyra_module_interfaces/msg/detail/logger_stream__struct.h
[0.624s] -- Installing: /home/holgder-dach/VYRA/vyra_module_template/install/vyra_module_interfaces/include/vyra_module_interfaces/vyra_module_interfaces/msg/detail/news_feed__type_support.c
[0.625s] -- Up-to-date: /home/holgder-dach/VYRA/vyra_module_template/install/vyra_module_interfaces/include/vyra_module_interfaces/vyra_module_interfaces/msg/detail/error_feed__type_support.h
[0.625s] -- Installing: /home/holgder-dach/VYRA/vyra_module_template/install/vyra_module_interfaces/include/vyra_module_interfaces/vyra_module_interfaces/msg/detail/state_feed__type_support.c
[0.625s] -- Up-to-date: /home/holgder-dach/VYRA/vyra_module_template/install/vyra_module_interfaces/include/vyra_module_interfaces/vyra_module_interfaces/msg/detail/state_feed__type_support.h
[0.625s] -- Up-to-date: /home/holgder-dach/VYRA/vyra_module_template/install/vyra_module_interfaces/include/vyra_module_interfaces/vyra_module_interfaces/msg/detail/logger_stream__description.c
[0.625s] -- Up-to-date: /home/holgder-dach/VYRA/vyra_module_template/install/vyra_module_interfaces/include/vyra_module_interfaces/vyra_module_interfaces/msg/detail/news_feed__functions.h
[0.626s] -- Up-to-date: /home/holgder-dach/VYRA/vyra_module_template/install/vyra_module_interfaces/include/vyra_module_interfaces/vyra_module_interfaces/msg/detail/state_feed__functions.c
[0.626s] -- Up-to-date: /home/holgder-dach/VYRA/vyra_module_template/install/vyra_module_interfaces/include/vyra_module_interfaces/vyra_module_interfaces/action
[0.626s] -- Up-to-date: /home/holgder-dach/VYRA/vyra_module_template/install/vyra_module_interfaces/include/vyra_module_interfaces/vyra_module_interfaces/action/initiate_update.h
[0.626s] -- Up-to-date: /home/holgder-dach/VYRA/vyra_module_template/install/vyra_module_interfaces/include/vyra_module_interfaces/vyra_module_interfaces/action/detail
[0.627s] -- Up-to-date: /home/holgder-dach/VYRA/vyra_module_template/install/vyra_module_interfaces/include/vyra_module_interfaces/vyra_module_interfaces/action/detail/initiate_update__functions.c
[0.627s] -- Up-to-date: /home/holgder-dach/VYRA/vyra_module_template/install/vyra_module_interfaces/include/vyra_module_interfaces/vyra_module_interfaces/action/detail/initiate_update__struct.h
[0.627s] -- Up-to-date: /home/holgder-dach/VYRA/vyra_module_template/install/vyra_module_interfaces/include/vyra_module_interfaces/vyra_module_interfaces/action/detail/initiate_update__description.c
[0.627s] -- Installing: /home/holgder-dach/VYRA/vyra_module_template/install/vyra_module_interfaces/include/vyra_module_interfaces/vyra_module_interfaces/action/detail/initiate_update__type_support.c
[0.628s] -- Up-to-date: /home/holgder-dach/VYRA/vyra_module_template/install/vyra_module_interfaces/include/vyra_module_interfaces/vyra_module_interfaces/action/detail/initiate_update__type_support.h
[0.628s] -- Up-to-date: /home/holgder-dach/VYRA/vyra_module_template/install/vyra_module_interfaces/include/vyra_module_interfaces/vyra_module_interfaces/action/detail/initiate_update__functions.h
[0.628s] -- Up-to-date: /home/holgder-dach/VYRA/vyra_module_template/install/vyra_module_interfaces/share/vyra_module_interfaces/environment/library_path.sh
[0.628s] -- Up-to-date: /home/holgder-dach/VYRA/vyra_module_template/install/vyra_module_interfaces/share/vyra_module_interfaces/environment/library_path.dsv
[0.628s] -- Up-to-date: /home/holgder-dach/VYRA/vyra_module_template/install/vyra_module_interfaces/lib/libvyra_module_interfaces__rosidl_generator_c.so
[0.629s] -- Up-to-date: /home/holgder-dach/VYRA/vyra_module_template/install/vyra_module_interfaces/include/vyra_module_interfaces/vyra_module_interfaces
[0.629s] -- Up-to-date: /home/holgder-dach/VYRA/vyra_module_template/install/vyra_module_interfaces/include/vyra_module_interfaces/vyra_module_interfaces/srv
[0.629s] -- Up-to-date: /home/holgder-dach/VYRA/vyra_module_template/install/vyra_module_interfaces/include/vyra_module_interfaces/vyra_module_interfaces/srv/detail
[0.629s] -- Up-to-date: /home/holgder-dach/VYRA/vyra_module_template/install/vyra_module_interfaces/include/vyra_module_interfaces/vyra_module_interfaces/srv/detail/health_check__rosidl_typesupport_fastrtps_c.h
[0.630s] -- Up-to-date: /home/holgder-dach/VYRA/vyra_module_template/install/vyra_module_interfaces/include/vyra_module_interfaces/vyra_module_interfaces/srv/detail/get_capabilities__rosidl_typesupport_fastrtps_c.h
[0.630s] -- Up-to-date: /home/holgder-dach/VYRA/vyra_module_template/install/vyra_module_interfaces/include/vyra_module_interfaces/vyra_module_interfaces/srv/detail/get_logs__rosidl_typesupport_fastrtps_c.h
[0.630s] -- Up-to-date: /home/holgder-dach/VYRA/vyra_module_template/install/vyra_module_interfaces/include/vyra_module_interfaces/vyra_module_interfaces/srv/detail/trigger_transition__rosidl_typesupport_fastrtps_c.h
[0.630s] -- Up-to-date: /home/holgder-dach/VYRA/vyra_module_template/install/vyra_module_interfaces/include/vyra_module_interfaces/vyra_module_interfaces/msg
[0.631s] -- Up-to-date: /home/holgder-dach/VYRA/vyra_module_template/install/vyra_module_interfaces/include/vyra_module_interfaces/vyra_module_interfaces/msg/rosidl_typesupport_fastrtps_c__visibility_control.h
[0.631s] -- Up-to-date: /home/holgder-dach/VYRA/vyra_module_template/install/vyra_module_interfaces/include/vyra_module_interfaces/vyra_module_interfaces/msg/detail
[0.631s] -- Up-to-date: /home/holgder-dach/VYRA/vyra_module_template/install/vyra_module_interfaces/include/vyra_module_interfaces/vyra_module_interfaces/msg/detail/logger_stream__rosidl_typesupport_fastrtps_c.h
[0.631s] -- Up-to-date: /home/holgder-dach/VYRA/vyra_module_template/install/vyra_module_interfaces/include/vyra_module_interfaces/vyra_module_interfaces/msg/detail/news_feed__rosidl_typesupport_fastrtps_c.h
[0.631s] -- Up-to-date: /home/holgder-dach/VYRA/vyra_module_template/install/vyra_module_interfaces/include/vyra_module_interfaces/vyra_module_interfaces/msg/detail/error_feed__rosidl_typesupport_fastrtps_c.h
[0.632s] -- Up-to-date: /home/holgder-dach/VYRA/vyra_module_template/install/vyra_module_interfaces/include/vyra_module_interfaces/vyra_module_interfaces/msg/detail/state_feed__rosidl_typesupport_fastrtps_c.h
[0.632s] -- Up-to-date: /home/holgder-dach/VYRA/vyra_module_template/install/vyra_module_interfaces/include/vyra_module_interfaces/vyra_module_interfaces/action
[0.632s] -- Up-to-date: /home/holgder-dach/VYRA/vyra_module_template/install/vyra_module_interfaces/include/vyra_module_interfaces/vyra_module_interfaces/action/detail
[0.632s] -- Up-to-date: /home/holgder-dach/VYRA/vyra_module_template/install/vyra_module_interfaces/include/vyra_module_interfaces/vyra_module_interfaces/action/detail/initiate_update__rosidl_typesupport_fastrtps_c.h
[0.633s] -- Up-to-date: /home/holgder-dach/VYRA/vyra_module_template/install/vyra_module_interfaces/lib/libvyra_module_interfaces__rosidl_typesupport_fastrtps_c.so
[0.633s] -- Up-to-date: /home/holgder-dach/VYRA/vyra_module_template/install/vyra_module_interfaces/include/vyra_module_interfaces/vyra_module_interfaces
[0.633s] -- Up-to-date: /home/holgder-dach/VYRA/vyra_module_template/install/vyra_module_interfaces/include/vyra_module_interfaces/vyra_module_interfaces/srv
[0.633s] -- Up-to-date: /home/holgder-dach/VYRA/vyra_module_template/install/vyra_module_interfaces/include/vyra_module_interfaces/vyra_module_interfaces/srv/detail
[0.634s] -- Up-to-date: /home/holgder-dach/VYRA/vyra_module_template/install/vyra_module_interfaces/include/vyra_module_interfaces/vyra_module_interfaces/srv/detail/trigger_transition__rosidl_typesupport_introspection_c.h
[0.634s] -- Installing: /home/holgder-dach/VYRA/vyra_module_template/install/vyra_module_interfaces/include/vyra_module_interfaces/vyra_module_interfaces/srv/detail/get_logs__type_support.c
[0.634s] -- Installing: /home/holgder-dach/VYRA/vyra_module_template/install/vyra_module_interfaces/include/vyra_module_interfaces/vyra_module_interfaces/srv/detail/trigger_transition__type_support.c
[0.634s] -- Installing: /home/holgder-dach/VYRA/vyra_module_template/install/vyra_module_interfaces/include/vyra_module_interfaces/vyra_module_interfaces/srv/detail/get_capabilities__type_support.c
[0.634s] -- Up-to-date: /home/holgder-dach/VYRA/vyra_module_template/install/vyra_module_interfaces/include/vyra_module_interfaces/vyra_module_interfaces/srv/detail/health_check__rosidl_typesupport_introspection_c.h
[0.635s] -- Up-to-date: /home/holgder-dach/VYRA/vyra_module_template/install/vyra_module_interfaces/include/vyra_module_interfaces/vyra_module_interfaces/srv/detail/get_logs__rosidl_typesupport_introspection_c.h
[0.635s] -- Up-to-date: /home/holgder-dach/VYRA/vyra_module_template/install/vyra_module_interfaces/include/vyra_module_interfaces/vyra_module_interfaces/srv/detail/get_capabilities__rosidl_typesupport_introspection_c.h
[0.635s] -- Installing: /home/holgder-dach/VYRA/vyra_module_template/install/vyra_module_interfaces/include/vyra_module_interfaces/vyra_module_interfaces/srv/detail/health_check__type_support.c
[0.635s] -- Up-to-date: /home/holgder-dach/VYRA/vyra_module_template/install/vyra_module_interfaces/include/vyra_module_interfaces/vyra_module_interfaces/msg
[0.636s] -- Up-to-date: /home/holgder-dach/VYRA/vyra_module_template/install/vyra_module_interfaces/include/vyra_module_interfaces/vyra_module_interfaces/msg/rosidl_typesupport_introspection_c__visibility_control.h
[0.636s] -- Up-to-date: /home/holgder-dach/VYRA/vyra_module_template/install/vyra_module_interfaces/include/vyra_module_interfaces/vyra_module_interfaces/msg/detail
[0.636s] -- Installing: /home/holgder-dach/VYRA/vyra_module_template/install/vyra_module_interfaces/include/vyra_module_interfaces/vyra_module_interfaces/msg/detail/error_feed__type_support.c
[0.636s] -- Installing: /home/holgder-dach/VYRA/vyra_module_template/install/vyra_module_interfaces/include/vyra_module_interfaces/vyra_module_interfaces/msg/detail/logger_stream__type_support.c
[0.637s] -- Up-to-date: /home/holgder-dach/VYRA/vyra_module_template/install/vyra_module_interfaces/include/vyra_module_interfaces/vyra_module_interfaces/msg/detail/error_feed__rosidl_typesupport_introspection_c.h
[0.637s] -- Installing: /home/holgder-dach/VYRA/vyra_module_template/install/vyra_module_interfaces/include/vyra_module_interfaces/vyra_module_interfaces/msg/detail/news_feed__type_support.c
[0.637s] -- Up-to-date: /home/holgder-dach/VYRA/vyra_module_template/install/vyra_module_interfaces/include/vyra_module_interfaces/vyra_module_interfaces/msg/detail/news_feed__rosidl_typesupport_introspection_c.h
[0.637s] -- Installing: /home/holgder-dach/VYRA/vyra_module_template/install/vyra_module_interfaces/include/vyra_module_interfaces/vyra_module_interfaces/msg/detail/state_feed__type_support.c
[0.637s] -- Up-to-date: /home/holgder-dach/VYRA/vyra_module_template/install/vyra_module_interfaces/include/vyra_module_interfaces/vyra_module_interfaces/msg/detail/logger_stream__rosidl_typesupport_introspection_c.h
[0.638s] -- Up-to-date: /home/holgder-dach/VYRA/vyra_module_template/install/vyra_module_interfaces/include/vyra_module_interfaces/vyra_module_interfaces/msg/detail/state_feed__rosidl_typesupport_introspection_c.h
[0.638s] -- Up-to-date: /home/holgder-dach/VYRA/vyra_module_template/install/vyra_module_interfaces/include/vyra_module_interfaces/vyra_module_interfaces/action
[0.638s] -- Up-to-date: /home/holgder-dach/VYRA/vyra_module_template/install/vyra_module_interfaces/include/vyra_module_interfaces/vyra_module_interfaces/action/detail
[0.638s] -- Up-to-date: /home/holgder-dach/VYRA/vyra_module_template/install/vyra_module_interfaces/include/vyra_module_interfaces/vyra_module_interfaces/action/detail/initiate_update__rosidl_typesupport_introspection_c.h
[0.639s] -- Installing: /home/holgder-dach/VYRA/vyra_module_template/install/vyra_module_interfaces/include/vyra_module_interfaces/vyra_module_interfaces/action/detail/initiate_update__type_support.c
[0.639s] -- Up-to-date: /home/holgder-dach/VYRA/vyra_module_template/install/vyra_module_interfaces/lib/libvyra_module_interfaces__rosidl_typesupport_introspection_c.so
[0.639s] -- Up-to-date: /home/holgder-dach/VYRA/vyra_module_template/install/vyra_module_interfaces/lib/libvyra_module_interfaces__rosidl_typesupport_c.so
[0.639s] -- Up-to-date: /home/holgder-dach/VYRA/vyra_module_template/install/vyra_module_interfaces/include/vyra_module_interfaces/vyra_module_interfaces
[0.640s] -- Up-to-date: /home/holgder-dach/VYRA/vyra_module_template/install/vyra_module_interfaces/include/vyra_module_interfaces/vyra_module_interfaces/srv
[0.640s] -- Up-to-date: /home/holgder-dach/VYRA/vyra_module_template/install/vyra_module_interfaces/include/vyra_module_interfaces/vyra_module_interfaces/srv/get_capabilities.hpp
[0.640s] -- Up-to-date: /home/holgder-dach/VYRA/vyra_module_template/install/vyra_module_interfaces/include/vyra_module_interfaces/vyra_module_interfaces/srv/get_logs.hpp
[0.640s] -- Up-to-date: /home/holgder-dach/VYRA/vyra_module_template/install/vyra_module_interfaces/include/vyra_module_interfaces/vyra_module_interfaces/srv/trigger_transition.hpp
[0.640s] -- Up-to-date: /home/holgder-dach/VYRA/vyra_module_template/install/vyra_module_interfaces/include/vyra_module_interfaces/vyra_module_interfaces/srv/health_check.hpp
[0.641s] -- Up-to-date: /home/holgder-dach/VYRA/vyra_module_template/install/vyra_module_interfaces/include/vyra_module_interfaces/vyra_module_interfaces/srv/detail
[0.641s] -- Up-to-date: /home/holgder-dach/VYRA/vyra_module_template/install/vyra_module_interfaces/include/vyra_module_interfaces/vyra_module_interfaces/srv/detail/get_logs__builder.hpp
[0.641s] -- Up-to-date: /home/holgder-dach/VYRA/vyra_module_template/install/vyra_module_interfaces/include/vyra_module_interfaces/vyra_module_interfaces/srv/detail/trigger_transition__traits.hpp
[0.641s] -- Up-to-date: /home/holgder-dach/VYRA/vyra_module_template/install/vyra_module_interfaces/include/vyra_module_interfaces/vyra_module_interfaces/srv/detail/health_check__traits.hpp
[0.642s] -- Up-to-date: /home/holgder-dach/VYRA/vyra_module_template/install/vyra_module_interfaces/include/vyra_module_interfaces/vyra_module_interfaces/srv/detail/trigger_transition__builder.hpp
[0.642s] -- Up-to-date: /home/holgder-dach/VYRA/vyra_module_template/install/vyra_module_interfaces/include/vyra_module_interfaces/vyra_module_interfaces/srv/detail/get_capabilities__struct.hpp
[0.642s] -- Up-to-date: /home/holgder-dach/VYRA/vyra_module_template/install/vyra_module_interfaces/include/vyra_module_interfaces/vyra_module_interfaces/srv/detail/get_logs__struct.hpp
[0.642s] -- Up-to-date: /home/holgder-dach/VYRA/vyra_module_template/install/vyra_module_interfaces/include/vyra_module_interfaces/vyra_module_interfaces/srv/detail/health_check__type_support.hpp
[0.643s] -- Up-to-date: /home/holgder-dach/VYRA/vyra_module_template/install/vyra_module_interfaces/include/vyra_module_interfaces/vyra_module_interfaces/srv/detail/get_logs__traits.hpp
[0.643s] -- Up-to-date: /home/holgder-dach/VYRA/vyra_module_template/install/vyra_module_interfaces/include/vyra_module_interfaces/vyra_module_interfaces/srv/detail/get_capabilities__traits.hpp
[0.643s] -- Up-to-date: /home/holgder-dach/VYRA/vyra_module_template/install/vyra_module_interfaces/include/vyra_module_interfaces/vyra_module_interfaces/srv/detail/trigger_transition__type_support.hpp
[0.643s] -- Up-to-date: /home/holgder-dach/VYRA/vyra_module_template/install/vyra_module_interfaces/include/vyra_module_interfaces/vyra_module_interfaces/srv/detail/get_logs__type_support.hpp
[0.643s] -- Up-to-date: /home/holgder-dach/VYRA/vyra_module_template/install/vyra_module_interfaces/include/vyra_module_interfaces/vyra_module_interfaces/srv/detail/get_capabilities__builder.hpp
[0.644s] -- Up-to-date: /home/holgder-dach/VYRA/vyra_module_template/install/vyra_module_interfaces/include/vyra_module_interfaces/vyra_module_interfaces/srv/detail/trigger_transition__struct.hpp
[0.644s] -- Up-to-date: /home/holgder-dach/VYRA/vyra_module_template/install/vyra_module_interfaces/include/vyra_module_interfaces/vyra_module_interfaces/srv/detail/get_capabilities__type_support.hpp
[0.644s] -- Up-to-date: /home/holgder-dach/VYRA/vyra_module_template/install/vyra_module_interfaces/include/vyra_module_interfaces/vyra_module_interfaces/srv/detail/health_check__builder.hpp
[0.644s] -- Up-to-date: /home/holgder-dach/VYRA/vyra_module_template/install/vyra_module_interfaces/include/vyra_module_interfaces/vyra_module_interfaces/srv/detail/health_check__struct.hpp
[0.645s] -- Up-to-date: /home/holgder-dach/VYRA/vyra_module_template/install/vyra_module_interfaces/include/vyra_module_interfaces/vyra_module_interfaces/msg
[0.645s] -- Up-to-date: /home/holgder-dach/VYRA/vyra_module_template/install/vyra_module_interfaces/include/vyra_module_interfaces/vyra_module_interfaces/msg/rosidl_generator_cpp__visibility_control.hpp
[0.645s] -- Up-to-date: /home/holgder-dach/VYRA/vyra_module_template/install/vyra_module_interfaces/include/vyra_module_interfaces/vyra_module_interfaces/msg/logger_stream.hpp
[0.645s] -- Up-to-date: /home/holgder-dach/VYRA/vyra_module_template/install/vyra_module_interfaces/include/vyra_module_interfaces/vyra_module_interfaces/msg/state_feed.hpp
[0.646s] -- Up-to-date: /home/holgder-dach/VYRA/vyra_module_template/install/vyra_module_interfaces/include/vyra_module_interfaces/vyra_module_interfaces/msg/news_feed.hpp
[0.646s] -- Up-to-date: /home/holgder-dach/VYRA/vyra_module_template/install/vyra_module_interfaces/include/vyra_module_interfaces/vyra_module_interfaces/msg/detail
[0.646s] -- Up-to-date: /home/holgder-dach/VYRA/vyra_module_template/install/vyra_module_interfaces/include/vyra_module_interfaces/vyra_module_interfaces/msg/detail/news_feed__struct.hpp
[0.646s] -- Up-to-date: /home/holgder-dach/VYRA/vyra_module_template/install/vyra_module_interfaces/include/vyra_module_interfaces/vyra_module_interfaces/msg/detail/error_feed__traits.hpp
[0.646s] -- Up-to-date: /home/holgder-dach/VYRA/vyra_module_template/install/vyra_module_interfaces/include/vyra_module_interfaces/vyra_module_interfaces/msg/detail/state_feed__builder.hpp
[0.647s] -- Up-to-date: /home/holgder-dach/VYRA/vyra_module_template/install/vyra_module_interfaces/include/vyra_module_interfaces/vyra_module_interfaces/msg/detail/logger_stream__traits.hpp
[0.647s] -- Up-to-date: /home/holgder-dach/VYRA/vyra_module_template/install/vyra_module_interfaces/include/vyra_module_interfaces/vyra_module_interfaces/msg/detail/news_feed__builder.hpp
[0.647s] -- Up-to-date: /home/holgder-dach/VYRA/vyra_module_template/install/vyra_module_interfaces/include/vyra_module_interfaces/vyra_module_interfaces/msg/detail/news_feed__type_support.hpp
[0.647s] -- Up-to-date: /home/holgder-dach/VYRA/vyra_module_template/install/vyra_module_interfaces/include/vyra_module_interfaces/vyra_module_interfaces/msg/detail/logger_stream__type_support.hpp
[0.648s] -- Up-to-date: /home/holgder-dach/VYRA/vyra_module_template/install/vyra_module_interfaces/include/vyra_module_interfaces/vyra_module_interfaces/msg/detail/error_feed__type_support.hpp
[0.648s] -- Up-to-date: /home/holgder-dach/VYRA/vyra_module_template/install/vyra_module_interfaces/include/vyra_module_interfaces/vyra_module_interfaces/msg/detail/error_feed__builder.hpp
[0.648s] -- Up-to-date: /home/holgder-dach/VYRA/vyra_module_template/install/vyra_module_interfaces/include/vyra_module_interfaces/vyra_module_interfaces/msg/detail/state_feed__struct.hpp
[0.648s] -- Up-to-date: /home/holgder-dach/VYRA/vyra_module_template/install/vyra_module_interfaces/include/vyra_module_interfaces/vyra_module_interfaces/msg/detail/error_feed__struct.hpp
[0.649s] -- Up-to-date: /home/holgder-dach/VYRA/vyra_module_template/install/vyra_module_interfaces/include/vyra_module_interfaces/vyra_module_interfaces/msg/detail/logger_stream__struct.hpp
[0.649s] -- Up-to-date: /home/holgder-dach/VYRA/vyra_module_template/install/vyra_module_interfaces/include/vyra_module_interfaces/vyra_module_interfaces/msg/detail/news_feed__traits.hpp
[0.649s] -- Up-to-date: /home/holgder-dach/VYRA/vyra_module_template/install/vyra_module_interfaces/include/vyra_module_interfaces/vyra_module_interfaces/msg/detail/state_feed__type_support.hpp
[0.649s] -- Up-to-date: /home/holgder-dach/VYRA/vyra_module_template/install/vyra_module_interfaces/include/vyra_module_interfaces/vyra_module_interfaces/msg/detail/logger_stream__builder.hpp
[0.650s] -- Up-to-date: /home/holgder-dach/VYRA/vyra_module_template/install/vyra_module_interfaces/include/vyra_module_interfaces/vyra_module_interfaces/msg/detail/state_feed__traits.hpp
[0.650s] -- Up-to-date: /home/holgder-dach/VYRA/vyra_module_template/install/vyra_module_interfaces/include/vyra_module_interfaces/vyra_module_interfaces/msg/error_feed.hpp
[0.650s] -- Up-to-date: /home/holgder-dach/VYRA/vyra_module_template/install/vyra_module_interfaces/include/vyra_module_interfaces/vyra_module_interfaces/action
[0.650s] -- Up-to-date: /home/holgder-dach/VYRA/vyra_module_template/install/vyra_module_interfaces/include/vyra_module_interfaces/vyra_module_interfaces/action/initiate_update.hpp
[0.650s] -- Up-to-date: /home/holgder-dach/VYRA/vyra_module_template/install/vyra_module_interfaces/include/vyra_module_interfaces/vyra_module_interfaces/action/detail
[0.651s] -- Up-to-date: /home/holgder-dach/VYRA/vyra_module_template/install/vyra_module_interfaces/include/vyra_module_interfaces/vyra_module_interfaces/action/detail/initiate_update__builder.hpp
[0.651s] -- Up-to-date: /home/holgder-dach/VYRA/vyra_module_template/install/vyra_module_interfaces/include/vyra_module_interfaces/vyra_module_interfaces/action/detail/initiate_update__struct.hpp
[0.651s] -- Up-to-date: /home/holgder-dach/VYRA/vyra_module_template/install/vyra_module_interfaces/include/vyra_module_interfaces/vyra_module_interfaces/action/detail/initiate_update__traits.hpp
[0.651s] -- Up-to-date: /home/holgder-dach/VYRA/vyra_module_template/install/vyra_module_interfaces/include/vyra_module_interfaces/vyra_module_interfaces/action/detail/initiate_update__type_support.hpp
[0.652s] -- Up-to-date: /home/holgder-dach/VYRA/vyra_module_template/install/vyra_module_interfaces/include/vyra_module_interfaces/vyra_module_interfaces
[0.652s] -- Up-to-date: /home/holgder-dach/VYRA/vyra_module_template/install/vyra_module_interfaces/include/vyra_module_interfaces/vyra_module_interfaces/srv
[0.652s] -- Up-to-date: /home/holgder-dach/VYRA/vyra_module_template/install/vyra_module_interfaces/include/vyra_module_interfaces/vyra_module_interfaces/srv/detail
[0.652s] -- Up-to-date: /home/holgder-dach/VYRA/vyra_module_template/install/vyra_module_interfaces/include/vyra_module_interfaces/vyra_module_interfaces/srv/detail/get_logs__rosidl_typesupport_fastrtps_cpp.hpp
[0.653s] -- Up-to-date: /home/holgder-dach/VYRA/vyra_module_template/install/vyra_module_interfaces/include/vyra_module_interfaces/vyra_module_interfaces/srv/detail/trigger_transition__rosidl_typesupport_fastrtps_cpp.hpp
[0.653s] -- Up-to-date: /home/holgder-dach/VYRA/vyra_module_template/install/vyra_module_interfaces/include/vyra_module_interfaces/vyra_module_interfaces/srv/detail/health_check__rosidl_typesupport_fastrtps_cpp.hpp
[0.653s] -- Up-to-date: /home/holgder-dach/VYRA/vyra_module_template/install/vyra_module_interfaces/include/vyra_module_interfaces/vyra_module_interfaces/srv/detail/get_capabilities__rosidl_typesupport_fastrtps_cpp.hpp
[0.653s] -- Up-to-date: /home/holgder-dach/VYRA/vyra_module_template/install/vyra_module_interfaces/include/vyra_module_interfaces/vyra_module_interfaces/srv/detail/dds_fastrtps
[0.653s] -- Up-to-date: /home/holgder-dach/VYRA/vyra_module_template/install/vyra_module_interfaces/include/vyra_module_interfaces/vyra_module_interfaces/msg
[0.654s] -- Up-to-date: /home/holgder-dach/VYRA/vyra_module_template/install/vyra_module_interfaces/include/vyra_module_interfaces/vyra_module_interfaces/msg/rosidl_typesupport_fastrtps_cpp__visibility_control.h
[0.654s] -- Up-to-date: /home/holgder-dach/VYRA/vyra_module_template/install/vyra_module_interfaces/include/vyra_module_interfaces/vyra_module_interfaces/msg/detail
[0.654s] -- Up-to-date: /home/holgder-dach/VYRA/vyra_module_template/install/vyra_module_interfaces/include/vyra_module_interfaces/vyra_module_interfaces/msg/detail/news_feed__rosidl_typesupport_fastrtps_cpp.hpp
[0.654s] -- Up-to-date: /home/holgder-dach/VYRA/vyra_module_template/install/vyra_module_interfaces/include/vyra_module_interfaces/vyra_module_interfaces/msg/detail/error_feed__rosidl_typesupport_fastrtps_cpp.hpp
[0.654s] -- Up-to-date: /home/holgder-dach/VYRA/vyra_module_template/install/vyra_module_interfaces/include/vyra_module_interfaces/vyra_module_interfaces/msg/detail/state_feed__rosidl_typesupport_fastrtps_cpp.hpp
[0.655s] -- Up-to-date: /home/holgder-dach/VYRA/vyra_module_template/install/vyra_module_interfaces/include/vyra_module_interfaces/vyra_module_interfaces/msg/detail/logger_stream__rosidl_typesupport_fastrtps_cpp.hpp
[0.655s] -- Up-to-date: /home/holgder-dach/VYRA/vyra_module_template/install/vyra_module_interfaces/include/vyra_module_interfaces/vyra_module_interfaces/msg/detail/dds_fastrtps
[0.655s] -- Up-to-date: /home/holgder-dach/VYRA/vyra_module_template/install/vyra_module_interfaces/include/vyra_module_interfaces/vyra_module_interfaces/action
[0.655s] -- Up-to-date: /home/holgder-dach/VYRA/vyra_module_template/install/vyra_module_interfaces/include/vyra_module_interfaces/vyra_module_interfaces/action/detail
[0.655s] -- Up-to-date: /home/holgder-dach/VYRA/vyra_module_template/install/vyra_module_interfaces/include/vyra_module_interfaces/vyra_module_interfaces/action/detail/initiate_update__rosidl_typesupport_fastrtps_cpp.hpp
[0.655s] -- Up-to-date: /home/holgder-dach/VYRA/vyra_module_template/install/vyra_module_interfaces/include/vyra_module_interfaces/vyra_module_interfaces/action/detail/dds_fastrtps
[0.655s] -- Up-to-date: /home/holgder-dach/VYRA/vyra_module_template/install/vyra_module_interfaces/lib/libvyra_module_interfaces__rosidl_typesupport_fastrtps_cpp.so
[0.655s] -- Up-to-date: /home/holgder-dach/VYRA/vyra_module_template/install/vyra_module_interfaces/include/vyra_module_interfaces/vyra_module_interfaces
[0.655s] -- Up-to-date: /home/holgder-dach/VYRA/vyra_module_template/install/vyra_module_interfaces/include/vyra_module_interfaces/vyra_module_interfaces/srv
[0.655s] -- Up-to-date: /home/holgder-dach/VYRA/vyra_module_template/install/vyra_module_interfaces/include/vyra_module_interfaces/vyra_module_interfaces/srv/detail
[0.656s] -- Up-to-date: /home/holgder-dach/VYRA/vyra_module_template/install/vyra_module_interfaces/include/vyra_module_interfaces/vyra_module_interfaces/srv/detail/health_check__type_support.cpp
[0.656s] -- Up-to-date: /home/holgder-dach/VYRA/vyra_module_template/install/vyra_module_interfaces/include/vyra_module_interfaces/vyra_module_interfaces/srv/detail/trigger_transition__rosidl_typesupport_introspection_cpp.hpp
[0.656s] -- Up-to-date: /home/holgder-dach/VYRA/vyra_module_template/install/vyra_module_interfaces/include/vyra_module_interfaces/vyra_module_interfaces/srv/detail/get_capabilities__type_support.cpp
[0.656s] -- Up-to-date: /home/holgder-dach/VYRA/vyra_module_template/install/vyra_module_interfaces/include/vyra_module_interfaces/vyra_module_interfaces/srv/detail/get_logs__type_support.cpp
[0.656s] -- Up-to-date: /home/holgder-dach/VYRA/vyra_module_template/install/vyra_module_interfaces/include/vyra_module_interfaces/vyra_module_interfaces/srv/detail/trigger_transition__type_support.cpp
[0.656s] -- Up-to-date: /home/holgder-dach/VYRA/vyra_module_template/install/vyra_module_interfaces/include/vyra_module_interfaces/vyra_module_interfaces/srv/detail/health_check__rosidl_typesupport_introspection_cpp.hpp
[0.656s] -- Up-to-date: /home/holgder-dach/VYRA/vyra_module_template/install/vyra_module_interfaces/include/vyra_module_interfaces/vyra_module_interfaces/srv/detail/get_capabilities__rosidl_typesupport_introspection_cpp.hpp
[0.656s] -- Up-to-date: /home/holgder-dach/VYRA/vyra_module_template/install/vyra_module_interfaces/include/vyra_module_interfaces/vyra_module_interfaces/srv/detail/get_logs__rosidl_typesupport_introspection_cpp.hpp
[0.656s] -- Up-to-date: /home/holgder-dach/VYRA/vyra_module_template/install/vyra_module_interfaces/include/vyra_module_interfaces/vyra_module_interfaces/msg
[0.656s] -- Up-to-date: /home/holgder-dach/VYRA/vyra_module_template/install/vyra_module_interfaces/include/vyra_module_interfaces/vyra_module_interfaces/msg/detail
[0.656s] -- Up-to-date: /home/holgder-dach/VYRA/vyra_module_template/install/vyra_module_interfaces/include/vyra_module_interfaces/vyra_module_interfaces/msg/detail/logger_stream__type_support.cpp
[0.657s] -- Up-to-date: /home/holgder-dach/VYRA/vyra_module_template/install/vyra_module_interfaces/include/vyra_module_interfaces/vyra_module_interfaces/msg/detail/error_feed__type_support.cpp
[0.657s] -- Up-to-date: /home/holgder-dach/VYRA/vyra_module_template/install/vyra_module_interfaces/include/vyra_module_interfaces/vyra_module_interfaces/msg/detail/state_feed__rosidl_typesupport_introspection_cpp.hpp
[0.657s] -- Up-to-date: /home/holgder-dach/VYRA/vyra_module_template/install/vyra_module_interfaces/include/vyra_module_interfaces/vyra_module_interfaces/msg/detail/logger_stream__rosidl_typesupport_introspection_cpp.hpp
[0.657s] -- Up-to-date: /home/holgder-dach/VYRA/vyra_module_template/install/vyra_module_interfaces/include/vyra_module_interfaces/vyra_module_interfaces/msg/detail/error_feed__rosidl_typesupport_introspection_cpp.hpp
[0.657s] -- Up-to-date: /home/holgder-dach/VYRA/vyra_module_template/install/vyra_module_interfaces/include/vyra_module_interfaces/vyra_module_interfaces/msg/detail/news_feed__rosidl_typesupport_introspection_cpp.hpp
[0.657s] -- Up-to-date: /home/holgder-dach/VYRA/vyra_module_template/install/vyra_module_interfaces/include/vyra_module_interfaces/vyra_module_interfaces/msg/detail/news_feed__type_support.cpp
[0.657s] -- Up-to-date: /home/holgder-dach/VYRA/vyra_module_template/install/vyra_module_interfaces/include/vyra_module_interfaces/vyra_module_interfaces/msg/detail/state_feed__type_support.cpp
[0.657s] -- Up-to-date: /home/holgder-dach/VYRA/vyra_module_template/install/vyra_module_interfaces/include/vyra_module_interfaces/vyra_module_interfaces/action
[0.657s] -- Up-to-date: /home/holgder-dach/VYRA/vyra_module_template/install/vyra_module_interfaces/include/vyra_module_interfaces/vyra_module_interfaces/action/detail
[0.657s] -- Up-to-date: /home/holgder-dach/VYRA/vyra_module_template/install/vyra_module_interfaces/include/vyra_module_interfaces/vyra_module_interfaces/action/detail/initiate_update__type_support.cpp
[0.657s] -- Up-to-date: /home/holgder-dach/VYRA/vyra_module_template/install/vyra_module_interfaces/include/vyra_module_interfaces/vyra_module_interfaces/action/detail/initiate_update__rosidl_typesupport_introspection_cpp.hpp
[0.658s] -- Up-to-date: /home/holgder-dach/VYRA/vyra_module_template/install/vyra_module_interfaces/lib/libvyra_module_interfaces__rosidl_typesupport_introspection_cpp.so
[0.658s] -- Up-to-date: /home/holgder-dach/VYRA/vyra_module_template/install/vyra_module_interfaces/lib/libvyra_module_interfaces__rosidl_typesupport_cpp.so
[0.658s] -- Up-to-date: /home/holgder-dach/VYRA/vyra_module_template/install/vyra_module_interfaces/share/vyra_module_interfaces/environment/pythonpath.sh
[0.658s] -- Up-to-date: /home/holgder-dach/VYRA/vyra_module_template/install/vyra_module_interfaces/share/vyra_module_interfaces/environment/pythonpath.dsv
[0.658s] -- Up-to-date: /home/holgder-dach/VYRA/vyra_module_template/install/vyra_module_interfaces/lib/python3.12/site-packages/vyra_module_interfaces-0.1.0-py3.12.egg-info
[0.658s] -- Installing: /home/holgder-dach/VYRA/vyra_module_template/install/vyra_module_interfaces/lib/python3.12/site-packages/vyra_module_interfaces-0.1.0-py3.12.egg-info/PKG-INFO
[0.658s] -- Installing: /home/holgder-dach/VYRA/vyra_module_template/install/vyra_module_interfaces/lib/python3.12/site-packages/vyra_module_interfaces-0.1.0-py3.12.egg-info/top_level.txt
[0.658s] -- Installing: /home/holgder-dach/VYRA/vyra_module_template/install/vyra_module_interfaces/lib/python3.12/site-packages/vyra_module_interfaces-0.1.0-py3.12.egg-info/SOURCES.txt
[0.658s] -- Installing: /home/holgder-dach/VYRA/vyra_module_template/install/vyra_module_interfaces/lib/python3.12/site-packages/vyra_module_interfaces-0.1.0-py3.12.egg-info/dependency_links.txt
[0.658s] -- Up-to-date: /home/holgder-dach/VYRA/vyra_module_template/install/vyra_module_interfaces/lib/python3.12/site-packages/vyra_module_interfaces
[0.658s] -- Up-to-date: /home/holgder-dach/VYRA/vyra_module_template/install/vyra_module_interfaces/lib/python3.12/site-packages/vyra_module_interfaces/vyra_module_interfaces_s__rosidl_typesupport_fastrtps_c.so
[0.659s] -- Up-to-date: /home/holgder-dach/VYRA/vyra_module_template/install/vyra_module_interfaces/lib/python3.12/site-packages/vyra_module_interfaces/srv
[0.659s] -- Up-to-date: /home/holgder-dach/VYRA/vyra_module_template/install/vyra_module_interfaces/lib/python3.12/site-packages/vyra_module_interfaces/srv/_trigger_transition.py
[0.659s] -- Up-to-date: /home/holgder-dach/VYRA/vyra_module_template/install/vyra_module_interfaces/lib/python3.12/site-packages/vyra_module_interfaces/srv/_trigger_transition_s.c
[0.659s] -- Up-to-date: /home/holgder-dach/VYRA/vyra_module_template/install/vyra_module_interfaces/lib/python3.12/site-packages/vyra_module_interfaces/srv/_get_capabilities_s.c
[0.659s] -- Up-to-date: /home/holgder-dach/VYRA/vyra_module_template/install/vyra_module_interfaces/lib/python3.12/site-packages/vyra_module_interfaces/srv/_get_logs.py
[0.659s] -- Up-to-date: /home/holgder-dach/VYRA/vyra_module_template/install/vyra_module_interfaces/lib/python3.12/site-packages/vyra_module_interfaces/srv/_get_logs_s.c
[0.659s] -- Up-to-date: /home/holgder-dach/VYRA/vyra_module_template/install/vyra_module_interfaces/lib/python3.12/site-packages/vyra_module_interfaces/srv/_health_check.py
[0.659s] -- Up-to-date: /home/holgder-dach/VYRA/vyra_module_template/install/vyra_module_interfaces/lib/python3.12/site-packages/vyra_module_interfaces/srv/_health_check_s.c
[0.659s] -- Up-to-date: /home/holgder-dach/VYRA/vyra_module_template/install/vyra_module_interfaces/lib/python3.12/site-packages/vyra_module_interfaces/srv/__init__.py
[0.659s] -- Up-to-date: /home/holgder-dach/VYRA/vyra_module_template/install/vyra_module_interfaces/lib/python3.12/site-packages/vyra_module_interfaces/srv/_get_capabilities.py
[0.659s] -- Up-to-date: /home/holgder-dach/VYRA/vyra_module_template/install/vyra_module_interfaces/lib/python3.12/site-packages/vyra_module_interfaces/msg
[0.660s] -- Up-to-date: /home/holgder-dach/VYRA/vyra_module_template/install/vyra_module_interfaces/lib/python3.12/site-packages/vyra_module_interfaces/msg/_state_feed_s.c
[0.660s] -- Up-to-date: /home/holgder-dach/VYRA/vyra_module_template/install/vyra_module_interfaces/lib/python3.12/site-packages/vyra_module_interfaces/msg/_state_feed.py
[0.660s] -- Up-to-date: /home/holgder-dach/VYRA/vyra_module_template/install/vyra_module_interfaces/lib/python3.12/site-packages/vyra_module_interfaces/msg/_error_feed.py
[0.660s] -- Up-to-date: /home/holgder-dach/VYRA/vyra_module_template/install/vyra_module_interfaces/lib/python3.12/site-packages/vyra_module_interfaces/msg/_logger_stream.py
[0.660s] -- Up-to-date: /home/holgder-dach/VYRA/vyra_module_template/install/vyra_module_interfaces/lib/python3.12/site-packages/vyra_module_interfaces/msg/_news_feed.py
[0.660s] -- Up-to-date: /home/holgder-dach/VYRA/vyra_module_template/install/vyra_module_interfaces/lib/python3.12/site-packages/vyra_module_interfaces/msg/_news_feed_s.c
[0.660s] -- Up-to-date: /home/holgder-dach/VYRA/vyra_module_template/install/vyra_module_interfaces/lib/python3.12/site-packages/vyra_module_interfaces/msg/_logger_stream_s.c
[0.660s] -- Up-to-date: /home/holgder-dach/VYRA/vyra_module_template/install/vyra_module_interfaces/lib/python3.12/site-packages/vyra_module_interfaces/msg/__init__.py
[0.660s] -- Up-to-date: /home/holgder-dach/VYRA/vyra_module_template/install/vyra_module_interfaces/lib/python3.12/site-packages/vyra_module_interfaces/msg/_error_feed_s.c
[0.660s] -- Up-to-date: /home/holgder-dach/VYRA/vyra_module_template/install/vyra_module_interfaces/lib/python3.12/site-packages/vyra_module_interfaces/_vyra_module_interfaces_s.ep.rosidl_typesupport_introspection_c.c
[0.660s] -- Up-to-date: /home/holgder-dach/VYRA/vyra_module_template/install/vyra_module_interfaces/lib/python3.12/site-packages/vyra_module_interfaces/_vyra_module_interfaces_s.ep.rosidl_typesupport_c.c
[0.661s] -- Up-to-date: /home/holgder-dach/VYRA/vyra_module_template/install/vyra_module_interfaces/lib/python3.12/site-packages/vyra_module_interfaces/_vyra_module_interfaces_s.ep.rosidl_typesupport_fastrtps_c.c
[0.661s] -- Up-to-date: /home/holgder-dach/VYRA/vyra_module_template/install/vyra_module_interfaces/lib/python3.12/site-packages/vyra_module_interfaces/vyra_module_interfaces_s__rosidl_typesupport_c.so
[0.661s] -- Up-to-date: /home/holgder-dach/VYRA/vyra_module_template/install/vyra_module_interfaces/lib/python3.12/site-packages/vyra_module_interfaces/__init__.py
[0.661s] -- Up-to-date: /home/holgder-dach/VYRA/vyra_module_template/install/vyra_module_interfaces/lib/python3.12/site-packages/vyra_module_interfaces/action
[0.661s] -- Up-to-date: /home/holgder-dach/VYRA/vyra_module_template/install/vyra_module_interfaces/lib/python3.12/site-packages/vyra_module_interfaces/action/_initiate_update.py
[0.661s] -- Up-to-date: /home/holgder-dach/VYRA/vyra_module_template/install/vyra_module_interfaces/lib/python3.12/site-packages/vyra_module_interfaces/action/_initiate_update_s.c
[0.661s] -- Up-to-date: /home/holgder-dach/VYRA/vyra_module_template/install/vyra_module_interfaces/lib/python3.12/site-packages/vyra_module_interfaces/action/__init__.py
[0.661s] -- Up-to-date: /home/holgder-dach/VYRA/vyra_module_template/install/vyra_module_interfaces/lib/python3.12/site-packages/vyra_module_interfaces/vyra_module_interfaces_s__rosidl_typesupport_introspection_c.so
[0.668s] Listing '/home/holgder-dach/VYRA/vyra_module_template/install/vyra_module_interfaces/lib/python3.12/site-packages/vyra_module_interfaces'...
[0.669s] Listing '/home/holgder-dach/VYRA/vyra_module_template/install/vyra_module_interfaces/lib/python3.12/site-packages/vyra_module_interfaces/action'...
[0.669s] Listing '/home/holgder-dach/VYRA/vyra_module_template/install/vyra_module_interfaces/lib/python3.12/site-packages/vyra_module_interfaces/msg'...
[0.669s] Listing '/home/holgder-dach/VYRA/vyra_module_template/install/vyra_module_interfaces/lib/python3.12/site-packages/vyra_module_interfaces/srv'...
[0.674s] -- Up-to-date: /home/holgder-dach/VYRA/vyra_module_template/install/vyra_module_interfaces/lib/python3.12/site-packages/vyra_module_interfaces/vyra_module_interfaces_s__rosidl_typesupport_fastrtps_c.so
[0.675s] -- Up-to-date: /home/holgder-dach/VYRA/vyra_module_template/install/vyra_module_interfaces/lib/python3.12/site-packages/vyra_module_interfaces/vyra_module_interfaces_s__rosidl_typesupport_introspection_c.so
[0.675s] -- Up-to-date: /home/holgder-dach/VYRA/vyra_module_template/install/vyra_module_interfaces/lib/python3.12/site-packages/vyra_module_interfaces/vyra_module_interfaces_s__rosidl_typesupport_c.so
[0.675s] -- Up-to-date: /home/holgder-dach/VYRA/vyra_module_template/install/vyra_module_interfaces/lib/libvyra_module_interfaces__rosidl_generator_py.so
[0.676s] -- Up-to-date: /home/holgder-dach/VYRA/vyra_module_template/install/vyra_module_interfaces/share/vyra_module_interfaces/msg/NewsFeed.idl
[0.676s] -- Up-to-date: /home/holgder-dach/VYRA/vyra_module_template/install/vyra_module_interfaces/share/vyra_module_interfaces/msg/ErrorFeed.idl
[0.676s] -- Up-to-date: /home/holgder-dach/VYRA/vyra_module_template/install/vyra_module_interfaces/share/vyra_module_interfaces/msg/LoggerStream.idl
[0.676s] -- Up-to-date: /home/holgder-dach/VYRA/vyra_module_template/install/vyra_module_interfaces/share/vyra_module_interfaces/msg/StateFeed.idl
[0.676s] -- Up-to-date: /home/holgder-dach/VYRA/vyra_module_template/install/vyra_module_interfaces/share/vyra_module_interfaces/srv/HealthCheck.idl
[0.676s] -- Up-to-date: /home/holgder-dach/VYRA/vyra_module_template/install/vyra_module_interfaces/share/vyra_module_interfaces/srv/GetCapabilities.idl
[0.677s] -- Up-to-date: /home/holgder-dach/VYRA/vyra_module_template/install/vyra_module_interfaces/share/vyra_module_interfaces/srv/TriggerTransition.idl
[0.677s] -- Up-to-date: /home/holgder-dach/VYRA/vyra_module_template/install/vyra_module_interfaces/share/vyra_module_interfaces/srv/GetLogs.idl
[0.677s] -- Up-to-date: /home/holgder-dach/VYRA/vyra_module_template/install/vyra_module_interfaces/share/vyra_module_interfaces/action/InitiateUpdate.idl
[0.677s] -- Up-to-date: /home/holgder-dach/VYRA/vyra_module_template/install/vyra_module_interfaces/share/vyra_module_interfaces/msg/NewsFeed.msg
[0.677s] -- Up-to-date: /home/holgder-dach/VYRA/vyra_module_template/install/vyra_module_interfaces/share/vyra_module_interfaces/msg/ErrorFeed.msg
[0.677s] -- Up-to-date: /home/holgder-dach/VYRA/vyra_module_template/install/vyra_module_interfaces/share/vyra_module_interfaces/msg/LoggerStream.msg
[0.677s] -- Up-to-date: /home/holgder-dach/VYRA/vyra_module_template/install/vyra_module_interfaces/share/vyra_module_interfaces/msg/StateFeed.msg
[0.677s] -- Up-to-date: /home/holgder-dach/VYRA/vyra_module_template/install/vyra_module_interfaces/share/vyra_module_interfaces/srv/HealthCheck.srv
[0.677s] -- Up-to-date: /home/holgder-dach/VYRA/vyra_module_template/install/vyra_module_interfaces/share/vyra_module_interfaces/srv/GetCapabilities.srv
[0.678s] -- Up-to-date: /home/holgder-dach/VYRA/vyra_module_template/install/vyra_module_interfaces/share/vyra_module_interfaces/srv/TriggerTransition.srv
[0.678s] -- Up-to-date: /home/holgder-dach/VYRA/vyra_module_template/install/vyra_module_interfaces/share/vyra_module_interfaces/srv/GetLogs.srv
[0.678s] -- Up-to-date: /home/holgder-dach/VYRA/vyra_module_template/install/vyra_module_interfaces/share/vyra_module_interfaces/action/InitiateUpdate.action
[0.678s] -- Up-to-date: /home/holgder-dach/VYRA/vyra_module_template/install/vyra_module_interfaces/share/vyra_module_interfaces/config
[0.678s] -- Up-to-date: /home/holgder-dach/VYRA/vyra_module_template/install/vyra_module_interfaces/share/vyra_module_interfaces/config/base_metadata.config
[0.678s] -- Up-to-date: /home/holgder-dach/VYRA/vyra_module_template/install/vyra_module_interfaces/share/ament_index/resource_index/package_run_dependencies/vyra_module_interfaces
[0.678s] -- Up-to-date: /home/holgder-dach/VYRA/vyra_module_template/install/vyra_module_interfaces/share/ament_index/resource_index/parent_prefix_path/vyra_module_interfaces
[0.678s] -- Up-to-date: /home/holgder-dach/VYRA/vyra_module_template/install/vyra_module_interfaces/share/vyra_module_interfaces/environment/ament_prefix_path.sh
[0.678s] -- Up-to-date: /home/holgder-dach/VYRA/vyra_module_template/install/vyra_module_interfaces/share/vyra_module_interfaces/environment/ament_prefix_path.dsv
[0.679s] -- Up-to-date: /home/holgder-dach/VYRA/vyra_module_template/install/vyra_module_interfaces/share/vyra_module_interfaces/environment/path.sh
[0.679s] -- Up-to-date: /home/holgder-dach/VYRA/vyra_module_template/install/vyra_module_interfaces/share/vyra_module_interfaces/environment/path.dsv
[0.679s] -- Up-to-date: /home/holgder-dach/VYRA/vyra_module_template/install/vyra_module_interfaces/share/vyra_module_interfaces/local_setup.bash
[0.679s] -- Up-to-date: /home/holgder-dach/VYRA/vyra_module_template/install/vyra_module_interfaces/share/vyra_module_interfaces/local_setup.sh
[0.679s] -- Up-to-date: /home/holgder-dach/VYRA/vyra_module_template/install/vyra_module_interfaces/share/vyra_module_interfaces/local_setup.zsh
[0.679s] -- Up-to-date: /home/holgder-dach/VYRA/vyra_module_template/install/vyra_module_interfaces/share/vyra_module_interfaces/local_setup.dsv
[0.679s] -- Installing: /home/holgder-dach/VYRA/vyra_module_template/install/vyra_module_interfaces/share/vyra_module_interfaces/package.dsv
[0.679s] -- Up-to-date: /home/holgder-dach/VYRA/vyra_module_template/install/vyra_module_interfaces/share/ament_index/resource_index/packages/vyra_module_interfaces
[0.679s] -- Up-to-date: /home/holgder-dach/VYRA/vyra_module_template/install/vyra_module_interfaces/share/vyra_module_interfaces/cmake/export_vyra_module_interfaces__rosidl_generator_cExport.cmake
[0.680s] -- Up-to-date: /home/holgder-dach/VYRA/vyra_module_template/install/vyra_module_interfaces/share/vyra_module_interfaces/cmake/export_vyra_module_interfaces__rosidl_generator_cExport-noconfig.cmake
[0.680s] -- Up-to-date: /home/holgder-dach/VYRA/vyra_module_template/install/vyra_module_interfaces/share/vyra_module_interfaces/cmake/export_vyra_module_interfaces__rosidl_typesupport_fastrtps_cExport.cmake
[0.680s] -- Up-to-date: /home/holgder-dach/VYRA/vyra_module_template/install/vyra_module_interfaces/share/vyra_module_interfaces/cmake/export_vyra_module_interfaces__rosidl_typesupport_fastrtps_cExport-noconfig.cmake
[0.680s] -- Up-to-date: /home/holgder-dach/VYRA/vyra_module_template/install/vyra_module_interfaces/share/vyra_module_interfaces/cmake/vyra_module_interfaces__rosidl_typesupport_introspection_cExport.cmake
[0.680s] -- Up-to-date: /home/holgder-dach/VYRA/vyra_module_template/install/vyra_module_interfaces/share/vyra_module_interfaces/cmake/vyra_module_interfaces__rosidl_typesupport_introspection_cExport-noconfig.cmake
[0.680s] -- Up-to-date: /home/holgder-dach/VYRA/vyra_module_template/install/vyra_module_interfaces/share/vyra_module_interfaces/cmake/vyra_module_interfaces__rosidl_typesupport_cExport.cmake
[0.680s] -- Up-to-date: /home/holgder-dach/VYRA/vyra_module_template/install/vyra_module_interfaces/share/vyra_module_interfaces/cmake/vyra_module_interfaces__rosidl_typesupport_cExport-noconfig.cmake
[0.680s] -- Up-to-date: /home/holgder-dach/VYRA/vyra_module_template/install/vyra_module_interfaces/share/vyra_module_interfaces/cmake/export_vyra_module_interfaces__rosidl_generator_cppExport.cmake
[0.680s] -- Up-to-date: /home/holgder-dach/VYRA/vyra_module_template/install/vyra_module_interfaces/share/vyra_module_interfaces/cmake/export_vyra_module_interfaces__rosidl_typesupport_fastrtps_cppExport.cmake
[0.681s] -- Up-to-date: /home/holgder-dach/VYRA/vyra_module_template/install/vyra_module_interfaces/share/vyra_module_interfaces/cmake/export_vyra_module_interfaces__rosidl_typesupport_fastrtps_cppExport-noconfig.cmake
[0.681s] -- Up-to-date: /home/holgder-dach/VYRA/vyra_module_template/install/vyra_module_interfaces/share/vyra_module_interfaces/cmake/vyra_module_interfaces__rosidl_typesupport_introspection_cppExport.cmake
[0.681s] -- Up-to-date: /home/holgder-dach/VYRA/vyra_module_template/install/vyra_module_interfaces/share/vyra_module_interfaces/cmake/vyra_module_interfaces__rosidl_typesupport_introspection_cppExport-noconfig.cmake
[0.681s] -- Up-to-date: /home/holgder-dach/VYRA/vyra_module_template/install/vyra_module_interfaces/share/vyra_module_interfaces/cmake/vyra_module_interfaces__rosidl_typesupport_cppExport.cmake
[0.681s] -- Up-to-date: /home/holgder-dach/VYRA/vyra_module_template/install/vyra_module_interfaces/share/vyra_module_interfaces/cmake/vyra_module_interfaces__rosidl_typesupport_cppExport-noconfig.cmake
[0.681s] -- Up-to-date: /home/holgder-dach/VYRA/vyra_module_template/install/vyra_module_interfaces/share/vyra_module_interfaces/cmake/export_vyra_module_interfaces__rosidl_generator_pyExport.cmake
[0.681s] -- Up-to-date: /home/holgder-dach/VYRA/vyra_module_template/install/vyra_module_interfaces/share/vyra_module_interfaces/cmake/export_vyra_module_interfaces__rosidl_generator_pyExport-noconfig.cmake
[0.681s] -- Up-to-date: /home/holgder-dach/VYRA/vyra_module_template/install/vyra_module_interfaces/share/vyra_module_interfaces/cmake/rosidl_cmake-extras.cmake
[0.681s] -- Up-to-date: /home/holgder-dach/VYRA/vyra_module_template/install/vyra_module_interfaces/share/vyra_module_interfaces/cmake/ament_cmake_export_dependencies-extras.cmake
[0.682s] -- Up-to-date: /home/holgder-dach/VYRA/vyra_module_template/install/vyra_module_interfaces/share/vyra_module_interfaces/cmake/ament_cmake_export_include_directories-extras.cmake
[0.682s] -- Up-to-date: /home/holgder-dach/VYRA/vyra_module_template/install/vyra_module_interfaces/share/vyra_module_interfaces/cmake/ament_cmake_export_libraries-extras.cmake
[0.682s] -- Up-to-date: /home/holgder-dach/VYRA/vyra_module_template/install/vyra_module_interfaces/share/vyra_module_interfaces/cmake/ament_cmake_export_targets-extras.cmake
[0.682s] -- Up-to-date: /home/holgder-dach/VYRA/vyra_module_template/install/vyra_module_interfaces/share/vyra_module_interfaces/cmake/rosidl_cmake_export_typesupport_targets-extras.cmake
[0.682s] -- Up-to-date: /home/holgder-dach/VYRA/vyra_module_template/install/vyra_module_interfaces/share/vyra_module_interfaces/cmake/rosidl_cmake_export_typesupport_libraries-extras.cmake
[0.682s] -- Up-to-date: /home/holgder-dach/VYRA/vyra_module_template/install/vyra_module_interfaces/share/vyra_module_interfaces/cmake/vyra_module_interfacesConfig.cmake
[0.682s] -- Up-to-date: /home/holgder-dach/VYRA/vyra_module_template/install/vyra_module_interfaces/share/vyra_module_interfaces/cmake/vyra_module_interfacesConfig-version.cmake
[0.682s] -- Up-to-date: /home/holgder-dach/VYRA/vyra_module_template/install/vyra_module_interfaces/share/vyra_module_interfaces/package.xml
[0.685s] Invoked command in '/home/holgder-dach/VYRA/vyra_module_template/build/vyra_module_interfaces' returned '0': CMAKE_PREFIX_PATH=${CMAKE_PREFIX_PATH}:/opt/ros/kilted /usr/bin/cmake --install /home/holgder-dach/VYRA/vyra_module_template/build/vyra_module_interfaces
