[0.635s] Invoking command in '/workspace/src/vos_module_template': AMENT_PREFIX_PATH=/workspace/install/vos_module_interfaces:${AMENT_PREFIX_PATH} CMAKE_PREFIX_PATH=/workspace/install/vos_module_interfaces LD_LIBRARY_PATH=/workspace/install/vos_module_interfaces/lib:${LD_LIBRARY_PATH} PYTHONPATH=/workspace/build/vos_module_template/prefix_override:/usr/lib/python3/dist-packages/colcon_core/task/python/colcon_distutils_commands:/workspace/install/vos_module_template/lib/python3.10/site-packages:/workspace/install/vos_module_interfaces/local/lib/python3.10/dist-packages:${PYTHONPATH} /usr/bin/python3 -W ignore:setup.py install is deprecated -W ignore:easy_install command is deprecated setup.py egg_info --egg-base ../../build/vos_module_template build --build-base /workspace/build/vos_module_template/build install --record /workspace/build/vos_module_template/install.log --single-version-externally-managed install_data
[0.888s] running egg_info
[0.901s] writing ../../build/vos_module_template/vos_module_template.egg-info/PKG-INFO
[0.902s] writing dependency_links to ../../build/vos_module_template/vos_module_template.egg-info/dependency_links.txt
[0.902s] writing entry points to ../../build/vos_module_template/vos_module_template.egg-info/entry_points.txt
[0.903s] writing requirements to ../../build/vos_module_template/vos_module_template.egg-info/requires.txt
[0.903s] writing top-level names to ../../build/vos_module_template/vos_module_template.egg-info/top_level.txt
[0.933s] reading manifest file '../../build/vos_module_template/vos_module_template.egg-info/SOURCES.txt'
[0.935s] writing manifest file '../../build/vos_module_template/vos_module_template.egg-info/SOURCES.txt'
[0.935s] running build
[0.936s] running build_py
[0.936s] copying vos_module_template/Core.py -> /workspace/build/vos_module_template/build/lib/vos_module_template
[0.936s] copying vos_module_template/PublisherNode.py -> /workspace/build/vos_module_template/build/lib/vos_module_template
[0.936s] copying vos_module_template/__init__.py -> /workspace/build/vos_module_template/build/lib/vos_module_template
[0.937s] copying vos_module_template/SubscriberNode.py -> /workspace/build/vos_module_template/build/lib/vos_module_template
[0.937s] copying vos_module_template/Template.py -> /workspace/build/vos_module_template/build/lib/vos_module_template
[0.937s] running install
[0.941s] running install_lib
[0.956s] running install_data
[0.957s] copying resource/vos_module_template -> /workspace/install/vos_module_template/share/ament_index/resource_index/packages
[0.957s] copying package.xml -> /workspace/install/vos_module_template/share/vos_module_template
[0.957s] running install_egg_info
[0.973s] removing '/workspace/install/vos_module_template/lib/python3.10/site-packages/vos_module_template-0.1.0-py3.10.egg-info' (and everything under it)
[0.973s] Copying ../../build/vos_module_template/vos_module_template.egg-info to /workspace/install/vos_module_template/lib/python3.10/site-packages/vos_module_template-0.1.0-py3.10.egg-info
[0.974s] running install_scripts
[1.004s] Installing core script to /workspace/install/vos_module_template/lib/vos_module_template
[1.004s] Installing listener script to /workspace/install/vos_module_template/lib/vos_module_template
[1.004s] Installing talker script to /workspace/install/vos_module_template/lib/vos_module_template
[1.005s] writing list of installed files to '/workspace/build/vos_module_template/install.log'
[1.030s] Invoked command in '/workspace/src/vos_module_template' returned '0': AMENT_PREFIX_PATH=/workspace/install/vos_module_interfaces:${AMENT_PREFIX_PATH} CMAKE_PREFIX_PATH=/workspace/install/vos_module_interfaces LD_LIBRARY_PATH=/workspace/install/vos_module_interfaces/lib:${LD_LIBRARY_PATH} PYTHONPATH=/workspace/build/vos_module_template/prefix_override:/usr/lib/python3/dist-packages/colcon_core/task/python/colcon_distutils_commands:/workspace/install/vos_module_template/lib/python3.10/site-packages:/workspace/install/vos_module_interfaces/local/lib/python3.10/dist-packages:${PYTHONPATH} /usr/bin/python3 -W ignore:setup.py install is deprecated -W ignore:easy_install command is deprecated setup.py egg_info --egg-base ../../build/vos_module_template build --build-base /workspace/build/vos_module_template/build install --record /workspace/build/vos_module_template/install.log --single-version-externally-managed install_data
