[0.012s] Invoking command in '/workspace/build/vos_module_interfaces': CMAKE_PREFIX_PATH=${CMAKE_PREFIX_PATH}:/workspace/install/vos_module_template:/opt/ros/humble /usr/bin/cmake --build /workspace/build/vos_module_interfaces -- -j12 -l12
[0.051s] -- Found ament_cmake: 1.3.11 (/opt/ros/humble/share/ament_cmake/cmake)
[0.227s] -- Found rosidl_default_generators: 1.2.0 (/opt/ros/humble/share/rosidl_default_generators/cmake)
[0.232s] -- Using all available rosidl_typesupport_c: rosidl_typesupport_fastrtps_c;rosidl_typesupport_introspection_c
[0.241s] -- Found rosidl_adapter: 3.1.6 (/opt/ros/humble/share/rosidl_adapter/cmake)
[0.280s] -- Using all available rosidl_typesupport_cpp: rosidl_typesupport_fastrtps_cpp;rosidl_typesupport_introspection_cpp
[0.313s] -- Found std_msgs: 4.8.0 (/opt/ros/humble/share/std_msgs/cmake)
[0.817s] -- Found ament_cmake_ros: 0.10.0 (/opt/ros/humble/share/ament_cmake_ros/cmake)
[1.152s] -- Using all available rosidl_typesupport_c: rosidl_typesupport_fastrtps_c;rosidl_typesupport_introspection_c
[1.594s] -- Using all available rosidl_typesupport_cpp: rosidl_typesupport_fastrtps_cpp;rosidl_typesupport_introspection_cpp
[1.620s] -- Found python_cmake_module: 0.10.0 (/opt/ros/humble/share/python_cmake_module/cmake)
[1.647s] -- Using PYTHON_EXECUTABLE: /usr/bin/python3
[1.647s] -- Using PYTHON_INCLUDE_DIRS: /usr/include/python3.10
[1.647s] -- Using PYTHON_LIBRARIES: /usr/lib/x86_64-linux-gnu/libpython3.10.so
[1.709s] -- Configuring done
[1.776s] -- Generating done
[1.794s] -- Build files have been written to: /workspace/build/vos_module_interfaces
[1.830s] [35m[1mConsolidate compiler generated dependencies of target vos_module_interfaces__rosidl_generator_c[0m
[1.842s] [  1%] Built target vos_module_interfaces__cpp
[1.850s] [ 12%] Built target vos_module_interfaces__rosidl_generator_c
[1.859s] [35m[1mConsolidate compiler generated dependencies of target vos_module_interfaces__rosidl_typesupport_cpp[0m
[1.860s] [ 12%] Built target ament_cmake_python_copy_vos_module_interfaces
[1.860s] [35m[1mConsolidate compiler generated dependencies of target vos_module_interfaces__rosidl_typesupport_introspection_cpp[0m
[1.860s] [35m[1mConsolidate compiler generated dependencies of target vos_module_interfaces__rosidl_typesupport_fastrtps_cpp[0m
[1.866s] [35m[1mConsolidate compiler generated dependencies of target vos_module_interfaces__rosidl_typesupport_fastrtps_c[0m
[1.868s] [35m[1mConsolidate compiler generated dependencies of target vos_module_interfaces__rosidl_typesupport_c[0m
[1.870s] [35m[1mConsolidate compiler generated dependencies of target vos_module_interfaces__rosidl_typesupport_introspection_c[0m
[1.889s] [ 25%] Built target vos_module_interfaces__rosidl_typesupport_c
[1.889s] [ 35%] Built target vos_module_interfaces__rosidl_typesupport_cpp
[1.891s] [ 47%] Built target vos_module_interfaces__rosidl_typesupport_introspection_cpp
[1.894s] [ 69%] Built target vos_module_interfaces__rosidl_typesupport_introspection_c
[1.894s] [ 70%] Built target vos_module_interfaces__rosidl_typesupport_fastrtps_cpp
[1.898s] [ 82%] Built target vos_module_interfaces__rosidl_typesupport_fastrtps_c
[1.931s] [ 82%] Built target vos_module_interfaces
[1.959s] [ 83%] Built target vos_module_interfaces__py
[1.974s] [35m[1mConsolidate compiler generated dependencies of target vos_module_interfaces__rosidl_generator_py[0m
[2.001s] [ 93%] Built target vos_module_interfaces__rosidl_generator_py
[2.014s] [35m[1mConsolidate compiler generated dependencies of target vos_module_interfaces__rosidl_typesupport_c__pyext[0m
[2.014s] [35m[1mConsolidate compiler generated dependencies of target vos_module_interfaces__rosidl_typesupport_fastrtps_c__pyext[0m
[2.018s] [35m[1mConsolidate compiler generated dependencies of target vos_module_interfaces__rosidl_typesupport_introspection_c__pyext[0m
[2.033s] [ 95%] Built target vos_module_interfaces__rosidl_typesupport_fastrtps_c__pyext
[2.033s] [ 97%] Built target vos_module_interfaces__rosidl_typesupport_c__pyext
[2.038s] [100%] Built target vos_module_interfaces__rosidl_typesupport_introspection_c__pyext
[2.093s] running egg_info
[2.108s] writing vos_module_interfaces.egg-info/PKG-INFO
[2.108s] writing dependency_links to vos_module_interfaces.egg-info/dependency_links.txt
[2.109s] writing top-level names to vos_module_interfaces.egg-info/top_level.txt
[2.152s] reading manifest file 'vos_module_interfaces.egg-info/SOURCES.txt'
[2.153s] writing manifest file 'vos_module_interfaces.egg-info/SOURCES.txt'
[2.195s] [100%] Built target ament_cmake_python_build_vos_module_interfaces_egg
[2.213s] Invoked command in '/workspace/build/vos_module_interfaces' returned '0': CMAKE_PREFIX_PATH=${CMAKE_PREFIX_PATH}:/workspace/install/vos_module_template:/opt/ros/humble /usr/bin/cmake --build /workspace/build/vos_module_interfaces -- -j12 -l12
[2.235s] Invoking command in '/workspace/build/vos_module_interfaces': CMAKE_PREFIX_PATH=${CMAKE_PREFIX_PATH}:/workspace/install/vos_module_template:/opt/ros/humble /usr/bin/cmake --install /workspace/build/vos_module_interfaces
[2.256s] -- Install configuration: ""
[2.256s] -- Up-to-date: /workspace/install/vos_module_interfaces/share/ament_index/resource_index/rosidl_interfaces/vos_module_interfaces
[2.256s] -- Up-to-date: /workspace/install/vos_module_interfaces/include/vos_module_interfaces/vos_module_interfaces
[2.256s] -- Up-to-date: /workspace/install/vos_module_interfaces/include/vos_module_interfaces/vos_module_interfaces/srv
[2.256s] -- Up-to-date: /workspace/install/vos_module_interfaces/include/vos_module_interfaces/vos_module_interfaces/srv/get_logs.h
[2.256s] -- Up-to-date: /workspace/install/vos_module_interfaces/include/vos_module_interfaces/vos_module_interfaces/srv/health_check.h
[2.257s] -- Up-to-date: /workspace/install/vos_module_interfaces/include/vos_module_interfaces/vos_module_interfaces/srv/detail
[2.257s] -- Up-to-date: /workspace/install/vos_module_interfaces/include/vos_module_interfaces/vos_module_interfaces/srv/detail/get_capabilities__functions.c
[2.257s] -- Up-to-date: /workspace/install/vos_module_interfaces/include/vos_module_interfaces/vos_module_interfaces/srv/detail/get_logs__struct.h
[2.257s] -- Up-to-date: /workspace/install/vos_module_interfaces/include/vos_module_interfaces/vos_module_interfaces/srv/detail/get_logs__functions.c
[2.257s] -- Up-to-date: /workspace/install/vos_module_interfaces/include/vos_module_interfaces/vos_module_interfaces/srv/detail/health_check__functions.h
[2.257s] -- Up-to-date: /workspace/install/vos_module_interfaces/include/vos_module_interfaces/vos_module_interfaces/srv/detail/health_check__functions.c
[2.257s] -- Up-to-date: /workspace/install/vos_module_interfaces/include/vos_module_interfaces/vos_module_interfaces/srv/detail/health_check__struct.h
[2.258s] -- Up-to-date: /workspace/install/vos_module_interfaces/include/vos_module_interfaces/vos_module_interfaces/srv/detail/get_logs__type_support.h
[2.258s] -- Up-to-date: /workspace/install/vos_module_interfaces/include/vos_module_interfaces/vos_module_interfaces/srv/detail/get_capabilities__struct.h
[2.258s] -- Up-to-date: /workspace/install/vos_module_interfaces/include/vos_module_interfaces/vos_module_interfaces/srv/detail/trigger_transition__functions.c
[2.258s] -- Up-to-date: /workspace/install/vos_module_interfaces/include/vos_module_interfaces/vos_module_interfaces/srv/detail/trigger_transition__functions.h
[2.258s] -- Up-to-date: /workspace/install/vos_module_interfaces/include/vos_module_interfaces/vos_module_interfaces/srv/detail/get_capabilities__type_support.h
[2.258s] -- Up-to-date: /workspace/install/vos_module_interfaces/include/vos_module_interfaces/vos_module_interfaces/srv/detail/get_capabilities__functions.h
[2.258s] -- Up-to-date: /workspace/install/vos_module_interfaces/include/vos_module_interfaces/vos_module_interfaces/srv/detail/health_check__type_support.h
[2.258s] -- Up-to-date: /workspace/install/vos_module_interfaces/include/vos_module_interfaces/vos_module_interfaces/srv/detail/trigger_transition__type_support.h
[2.259s] -- Up-to-date: /workspace/install/vos_module_interfaces/include/vos_module_interfaces/vos_module_interfaces/srv/detail/get_logs__functions.h
[2.259s] -- Up-to-date: /workspace/install/vos_module_interfaces/include/vos_module_interfaces/vos_module_interfaces/srv/detail/trigger_transition__struct.h
[2.259s] -- Up-to-date: /workspace/install/vos_module_interfaces/include/vos_module_interfaces/vos_module_interfaces/srv/trigger_transition.h
[2.259s] -- Up-to-date: /workspace/install/vos_module_interfaces/include/vos_module_interfaces/vos_module_interfaces/srv/get_capabilities.h
[2.259s] -- Up-to-date: /workspace/install/vos_module_interfaces/include/vos_module_interfaces/vos_module_interfaces/msg
[2.259s] -- Up-to-date: /workspace/install/vos_module_interfaces/include/vos_module_interfaces/vos_module_interfaces/msg/news_feed.h
[2.259s] -- Up-to-date: /workspace/install/vos_module_interfaces/include/vos_module_interfaces/vos_module_interfaces/msg/rosidl_generator_c__visibility_control.h
[2.259s] -- Up-to-date: /workspace/install/vos_module_interfaces/include/vos_module_interfaces/vos_module_interfaces/msg/error_feed.h
[2.259s] -- Up-to-date: /workspace/install/vos_module_interfaces/include/vos_module_interfaces/vos_module_interfaces/msg/state_feed.h
[2.259s] -- Up-to-date: /workspace/install/vos_module_interfaces/include/vos_module_interfaces/vos_module_interfaces/msg/logger_stream.h
[2.259s] -- Up-to-date: /workspace/install/vos_module_interfaces/include/vos_module_interfaces/vos_module_interfaces/msg/detail
[2.260s] -- Up-to-date: /workspace/install/vos_module_interfaces/include/vos_module_interfaces/vos_module_interfaces/msg/detail/error_feed__functions.h
[2.260s] -- Up-to-date: /workspace/install/vos_module_interfaces/include/vos_module_interfaces/vos_module_interfaces/msg/detail/logger_stream__functions.c
[2.260s] -- Up-to-date: /workspace/install/vos_module_interfaces/include/vos_module_interfaces/vos_module_interfaces/msg/detail/error_feed__struct.h
[2.260s] -- Up-to-date: /workspace/install/vos_module_interfaces/include/vos_module_interfaces/vos_module_interfaces/msg/detail/news_feed__struct.h
[2.260s] -- Up-to-date: /workspace/install/vos_module_interfaces/include/vos_module_interfaces/vos_module_interfaces/msg/detail/logger_stream__functions.h
[2.260s] -- Up-to-date: /workspace/install/vos_module_interfaces/include/vos_module_interfaces/vos_module_interfaces/msg/detail/state_feed__functions.h
[2.260s] -- Up-to-date: /workspace/install/vos_module_interfaces/include/vos_module_interfaces/vos_module_interfaces/msg/detail/news_feed__functions.c
[2.260s] -- Up-to-date: /workspace/install/vos_module_interfaces/include/vos_module_interfaces/vos_module_interfaces/msg/detail/state_feed__struct.h
[2.261s] -- Up-to-date: /workspace/install/vos_module_interfaces/include/vos_module_interfaces/vos_module_interfaces/msg/detail/news_feed__type_support.h
[2.261s] -- Up-to-date: /workspace/install/vos_module_interfaces/include/vos_module_interfaces/vos_module_interfaces/msg/detail/logger_stream__type_support.h
[2.261s] -- Up-to-date: /workspace/install/vos_module_interfaces/include/vos_module_interfaces/vos_module_interfaces/msg/detail/error_feed__functions.c
[2.261s] -- Up-to-date: /workspace/install/vos_module_interfaces/include/vos_module_interfaces/vos_module_interfaces/msg/detail/logger_stream__struct.h
[2.261s] -- Up-to-date: /workspace/install/vos_module_interfaces/include/vos_module_interfaces/vos_module_interfaces/msg/detail/error_feed__type_support.h
[2.261s] -- Up-to-date: /workspace/install/vos_module_interfaces/include/vos_module_interfaces/vos_module_interfaces/msg/detail/state_feed__type_support.h
[2.261s] -- Up-to-date: /workspace/install/vos_module_interfaces/include/vos_module_interfaces/vos_module_interfaces/msg/detail/news_feed__functions.h
[2.261s] -- Up-to-date: /workspace/install/vos_module_interfaces/include/vos_module_interfaces/vos_module_interfaces/msg/detail/state_feed__functions.c
[2.261s] -- Up-to-date: /workspace/install/vos_module_interfaces/include/vos_module_interfaces/vos_module_interfaces/action
[2.262s] -- Up-to-date: /workspace/install/vos_module_interfaces/include/vos_module_interfaces/vos_module_interfaces/action/initiate_update.h
[2.262s] -- Up-to-date: /workspace/install/vos_module_interfaces/include/vos_module_interfaces/vos_module_interfaces/action/detail
[2.262s] -- Up-to-date: /workspace/install/vos_module_interfaces/include/vos_module_interfaces/vos_module_interfaces/action/detail/initiate_update__functions.c
[2.262s] -- Up-to-date: /workspace/install/vos_module_interfaces/include/vos_module_interfaces/vos_module_interfaces/action/detail/initiate_update__struct.h
[2.262s] -- Up-to-date: /workspace/install/vos_module_interfaces/include/vos_module_interfaces/vos_module_interfaces/action/detail/initiate_update__type_support.h
[2.262s] -- Up-to-date: /workspace/install/vos_module_interfaces/include/vos_module_interfaces/vos_module_interfaces/action/detail/initiate_update__functions.h
[2.262s] -- Up-to-date: /workspace/install/vos_module_interfaces/share/vos_module_interfaces/environment/library_path.sh
[2.262s] -- Installing: /workspace/install/vos_module_interfaces/share/vos_module_interfaces/environment/library_path.dsv
[2.262s] -- Up-to-date: /workspace/install/vos_module_interfaces/lib/libvos_module_interfaces__rosidl_generator_c.so
[2.263s] -- Up-to-date: /workspace/install/vos_module_interfaces/include/vos_module_interfaces/vos_module_interfaces
[2.263s] -- Up-to-date: /workspace/install/vos_module_interfaces/include/vos_module_interfaces/vos_module_interfaces/srv
[2.263s] -- Up-to-date: /workspace/install/vos_module_interfaces/include/vos_module_interfaces/vos_module_interfaces/srv/detail
[2.263s] -- Up-to-date: /workspace/install/vos_module_interfaces/include/vos_module_interfaces/vos_module_interfaces/srv/detail/health_check__rosidl_typesupport_fastrtps_c.h
[2.263s] -- Up-to-date: /workspace/install/vos_module_interfaces/include/vos_module_interfaces/vos_module_interfaces/srv/detail/get_capabilities__rosidl_typesupport_fastrtps_c.h
[2.263s] -- Up-to-date: /workspace/install/vos_module_interfaces/include/vos_module_interfaces/vos_module_interfaces/srv/detail/get_logs__rosidl_typesupport_fastrtps_c.h
[2.263s] -- Up-to-date: /workspace/install/vos_module_interfaces/include/vos_module_interfaces/vos_module_interfaces/srv/detail/trigger_transition__rosidl_typesupport_fastrtps_c.h
[2.263s] -- Up-to-date: /workspace/install/vos_module_interfaces/include/vos_module_interfaces/vos_module_interfaces/msg
[2.263s] -- Up-to-date: /workspace/install/vos_module_interfaces/include/vos_module_interfaces/vos_module_interfaces/msg/rosidl_typesupport_fastrtps_c__visibility_control.h
[2.263s] -- Up-to-date: /workspace/install/vos_module_interfaces/include/vos_module_interfaces/vos_module_interfaces/msg/detail
[2.264s] -- Up-to-date: /workspace/install/vos_module_interfaces/include/vos_module_interfaces/vos_module_interfaces/msg/detail/logger_stream__rosidl_typesupport_fastrtps_c.h
[2.264s] -- Up-to-date: /workspace/install/vos_module_interfaces/include/vos_module_interfaces/vos_module_interfaces/msg/detail/news_feed__rosidl_typesupport_fastrtps_c.h
[2.264s] -- Up-to-date: /workspace/install/vos_module_interfaces/include/vos_module_interfaces/vos_module_interfaces/msg/detail/error_feed__rosidl_typesupport_fastrtps_c.h
[2.264s] -- Up-to-date: /workspace/install/vos_module_interfaces/include/vos_module_interfaces/vos_module_interfaces/msg/detail/state_feed__rosidl_typesupport_fastrtps_c.h
[2.264s] -- Up-to-date: /workspace/install/vos_module_interfaces/include/vos_module_interfaces/vos_module_interfaces/action
[2.264s] -- Up-to-date: /workspace/install/vos_module_interfaces/include/vos_module_interfaces/vos_module_interfaces/action/detail
[2.264s] -- Up-to-date: /workspace/install/vos_module_interfaces/include/vos_module_interfaces/vos_module_interfaces/action/detail/initiate_update__rosidl_typesupport_fastrtps_c.h
[2.265s] -- Up-to-date: /workspace/install/vos_module_interfaces/lib/libvos_module_interfaces__rosidl_typesupport_fastrtps_c.so
[2.265s] -- Up-to-date: /workspace/install/vos_module_interfaces/include/vos_module_interfaces/vos_module_interfaces
[2.265s] -- Up-to-date: /workspace/install/vos_module_interfaces/include/vos_module_interfaces/vos_module_interfaces/srv
[2.265s] -- Up-to-date: /workspace/install/vos_module_interfaces/include/vos_module_interfaces/vos_module_interfaces/srv/detail
[2.265s] -- Up-to-date: /workspace/install/vos_module_interfaces/include/vos_module_interfaces/vos_module_interfaces/srv/detail/trigger_transition__rosidl_typesupport_introspection_c.h
[2.265s] -- Up-to-date: /workspace/install/vos_module_interfaces/include/vos_module_interfaces/vos_module_interfaces/srv/detail/get_logs__type_support.c
[2.265s] -- Up-to-date: /workspace/install/vos_module_interfaces/include/vos_module_interfaces/vos_module_interfaces/srv/detail/trigger_transition__type_support.c
[2.266s] -- Up-to-date: /workspace/install/vos_module_interfaces/include/vos_module_interfaces/vos_module_interfaces/srv/detail/get_capabilities__type_support.c
[2.266s] -- Up-to-date: /workspace/install/vos_module_interfaces/include/vos_module_interfaces/vos_module_interfaces/srv/detail/health_check__rosidl_typesupport_introspection_c.h
[2.266s] -- Up-to-date: /workspace/install/vos_module_interfaces/include/vos_module_interfaces/vos_module_interfaces/srv/detail/get_logs__rosidl_typesupport_introspection_c.h
[2.266s] -- Up-to-date: /workspace/install/vos_module_interfaces/include/vos_module_interfaces/vos_module_interfaces/srv/detail/get_capabilities__rosidl_typesupport_introspection_c.h
[2.266s] -- Up-to-date: /workspace/install/vos_module_interfaces/include/vos_module_interfaces/vos_module_interfaces/srv/detail/health_check__type_support.c
[2.266s] -- Up-to-date: /workspace/install/vos_module_interfaces/include/vos_module_interfaces/vos_module_interfaces/msg
[2.266s] -- Up-to-date: /workspace/install/vos_module_interfaces/include/vos_module_interfaces/vos_module_interfaces/msg/rosidl_typesupport_introspection_c__visibility_control.h
[2.267s] -- Up-to-date: /workspace/install/vos_module_interfaces/include/vos_module_interfaces/vos_module_interfaces/msg/detail
[2.267s] -- Up-to-date: /workspace/install/vos_module_interfaces/include/vos_module_interfaces/vos_module_interfaces/msg/detail/error_feed__type_support.c
[2.267s] -- Up-to-date: /workspace/install/vos_module_interfaces/include/vos_module_interfaces/vos_module_interfaces/msg/detail/logger_stream__type_support.c
[2.267s] -- Up-to-date: /workspace/install/vos_module_interfaces/include/vos_module_interfaces/vos_module_interfaces/msg/detail/error_feed__rosidl_typesupport_introspection_c.h
[2.267s] -- Up-to-date: /workspace/install/vos_module_interfaces/include/vos_module_interfaces/vos_module_interfaces/msg/detail/news_feed__type_support.c
[2.267s] -- Up-to-date: /workspace/install/vos_module_interfaces/include/vos_module_interfaces/vos_module_interfaces/msg/detail/news_feed__rosidl_typesupport_introspection_c.h
[2.267s] -- Up-to-date: /workspace/install/vos_module_interfaces/include/vos_module_interfaces/vos_module_interfaces/msg/detail/state_feed__type_support.c
[2.267s] -- Up-to-date: /workspace/install/vos_module_interfaces/include/vos_module_interfaces/vos_module_interfaces/msg/detail/logger_stream__rosidl_typesupport_introspection_c.h
[2.267s] -- Up-to-date: /workspace/install/vos_module_interfaces/include/vos_module_interfaces/vos_module_interfaces/msg/detail/state_feed__rosidl_typesupport_introspection_c.h
[2.267s] -- Up-to-date: /workspace/install/vos_module_interfaces/include/vos_module_interfaces/vos_module_interfaces/action
[2.267s] -- Up-to-date: /workspace/install/vos_module_interfaces/include/vos_module_interfaces/vos_module_interfaces/action/detail
[2.268s] -- Up-to-date: /workspace/install/vos_module_interfaces/include/vos_module_interfaces/vos_module_interfaces/action/detail/initiate_update__rosidl_typesupport_introspection_c.h
[2.268s] -- Up-to-date: /workspace/install/vos_module_interfaces/include/vos_module_interfaces/vos_module_interfaces/action/detail/initiate_update__type_support.c
[2.268s] -- Up-to-date: /workspace/install/vos_module_interfaces/lib/libvos_module_interfaces__rosidl_typesupport_introspection_c.so
[2.268s] -- Up-to-date: /workspace/install/vos_module_interfaces/lib/libvos_module_interfaces__rosidl_typesupport_c.so
[2.268s] -- Up-to-date: /workspace/install/vos_module_interfaces/include/vos_module_interfaces/vos_module_interfaces
[2.268s] -- Up-to-date: /workspace/install/vos_module_interfaces/include/vos_module_interfaces/vos_module_interfaces/srv
[2.268s] -- Up-to-date: /workspace/install/vos_module_interfaces/include/vos_module_interfaces/vos_module_interfaces/srv/get_capabilities.hpp
[2.269s] -- Up-to-date: /workspace/install/vos_module_interfaces/include/vos_module_interfaces/vos_module_interfaces/srv/get_logs.hpp
[2.269s] -- Up-to-date: /workspace/install/vos_module_interfaces/include/vos_module_interfaces/vos_module_interfaces/srv/trigger_transition.hpp
[2.269s] -- Up-to-date: /workspace/install/vos_module_interfaces/include/vos_module_interfaces/vos_module_interfaces/srv/health_check.hpp
[2.269s] -- Up-to-date: /workspace/install/vos_module_interfaces/include/vos_module_interfaces/vos_module_interfaces/srv/detail
[2.269s] -- Up-to-date: /workspace/install/vos_module_interfaces/include/vos_module_interfaces/vos_module_interfaces/srv/detail/get_logs__builder.hpp
[2.269s] -- Up-to-date: /workspace/install/vos_module_interfaces/include/vos_module_interfaces/vos_module_interfaces/srv/detail/trigger_transition__traits.hpp
[2.269s] -- Up-to-date: /workspace/install/vos_module_interfaces/include/vos_module_interfaces/vos_module_interfaces/srv/detail/health_check__traits.hpp
[2.269s] -- Up-to-date: /workspace/install/vos_module_interfaces/include/vos_module_interfaces/vos_module_interfaces/srv/detail/trigger_transition__builder.hpp
[2.269s] -- Up-to-date: /workspace/install/vos_module_interfaces/include/vos_module_interfaces/vos_module_interfaces/srv/detail/get_capabilities__struct.hpp
[2.269s] -- Up-to-date: /workspace/install/vos_module_interfaces/include/vos_module_interfaces/vos_module_interfaces/srv/detail/get_logs__struct.hpp
[2.269s] -- Up-to-date: /workspace/install/vos_module_interfaces/include/vos_module_interfaces/vos_module_interfaces/srv/detail/health_check__type_support.hpp
[2.270s] -- Up-to-date: /workspace/install/vos_module_interfaces/include/vos_module_interfaces/vos_module_interfaces/srv/detail/get_logs__traits.hpp
[2.270s] -- Up-to-date: /workspace/install/vos_module_interfaces/include/vos_module_interfaces/vos_module_interfaces/srv/detail/get_capabilities__traits.hpp
[2.270s] -- Up-to-date: /workspace/install/vos_module_interfaces/include/vos_module_interfaces/vos_module_interfaces/srv/detail/trigger_transition__type_support.hpp
[2.270s] -- Up-to-date: /workspace/install/vos_module_interfaces/include/vos_module_interfaces/vos_module_interfaces/srv/detail/get_logs__type_support.hpp
[2.270s] -- Up-to-date: /workspace/install/vos_module_interfaces/include/vos_module_interfaces/vos_module_interfaces/srv/detail/get_capabilities__builder.hpp
[2.270s] -- Up-to-date: /workspace/install/vos_module_interfaces/include/vos_module_interfaces/vos_module_interfaces/srv/detail/trigger_transition__struct.hpp
[2.270s] -- Up-to-date: /workspace/install/vos_module_interfaces/include/vos_module_interfaces/vos_module_interfaces/srv/detail/get_capabilities__type_support.hpp
[2.270s] -- Up-to-date: /workspace/install/vos_module_interfaces/include/vos_module_interfaces/vos_module_interfaces/srv/detail/health_check__builder.hpp
[2.270s] -- Up-to-date: /workspace/install/vos_module_interfaces/include/vos_module_interfaces/vos_module_interfaces/srv/detail/health_check__struct.hpp
[2.270s] -- Up-to-date: /workspace/install/vos_module_interfaces/include/vos_module_interfaces/vos_module_interfaces/msg
[2.270s] -- Up-to-date: /workspace/install/vos_module_interfaces/include/vos_module_interfaces/vos_module_interfaces/msg/rosidl_generator_cpp__visibility_control.hpp
[2.271s] -- Up-to-date: /workspace/install/vos_module_interfaces/include/vos_module_interfaces/vos_module_interfaces/msg/logger_stream.hpp
[2.271s] -- Up-to-date: /workspace/install/vos_module_interfaces/include/vos_module_interfaces/vos_module_interfaces/msg/state_feed.hpp
[2.271s] -- Up-to-date: /workspace/install/vos_module_interfaces/include/vos_module_interfaces/vos_module_interfaces/msg/news_feed.hpp
[2.271s] -- Up-to-date: /workspace/install/vos_module_interfaces/include/vos_module_interfaces/vos_module_interfaces/msg/detail
[2.271s] -- Up-to-date: /workspace/install/vos_module_interfaces/include/vos_module_interfaces/vos_module_interfaces/msg/detail/news_feed__struct.hpp
[2.271s] -- Up-to-date: /workspace/install/vos_module_interfaces/include/vos_module_interfaces/vos_module_interfaces/msg/detail/error_feed__traits.hpp
[2.271s] -- Up-to-date: /workspace/install/vos_module_interfaces/include/vos_module_interfaces/vos_module_interfaces/msg/detail/state_feed__builder.hpp
[2.271s] -- Up-to-date: /workspace/install/vos_module_interfaces/include/vos_module_interfaces/vos_module_interfaces/msg/detail/logger_stream__traits.hpp
[2.271s] -- Up-to-date: /workspace/install/vos_module_interfaces/include/vos_module_interfaces/vos_module_interfaces/msg/detail/news_feed__builder.hpp
[2.271s] -- Up-to-date: /workspace/install/vos_module_interfaces/include/vos_module_interfaces/vos_module_interfaces/msg/detail/news_feed__type_support.hpp
[2.271s] -- Up-to-date: /workspace/install/vos_module_interfaces/include/vos_module_interfaces/vos_module_interfaces/msg/detail/logger_stream__type_support.hpp
[2.272s] -- Up-to-date: /workspace/install/vos_module_interfaces/include/vos_module_interfaces/vos_module_interfaces/msg/detail/error_feed__type_support.hpp
[2.272s] -- Up-to-date: /workspace/install/vos_module_interfaces/include/vos_module_interfaces/vos_module_interfaces/msg/detail/error_feed__builder.hpp
[2.272s] -- Up-to-date: /workspace/install/vos_module_interfaces/include/vos_module_interfaces/vos_module_interfaces/msg/detail/state_feed__struct.hpp
[2.272s] -- Up-to-date: /workspace/install/vos_module_interfaces/include/vos_module_interfaces/vos_module_interfaces/msg/detail/error_feed__struct.hpp
[2.272s] -- Up-to-date: /workspace/install/vos_module_interfaces/include/vos_module_interfaces/vos_module_interfaces/msg/detail/logger_stream__struct.hpp
[2.272s] -- Up-to-date: /workspace/install/vos_module_interfaces/include/vos_module_interfaces/vos_module_interfaces/msg/detail/news_feed__traits.hpp
[2.272s] -- Up-to-date: /workspace/install/vos_module_interfaces/include/vos_module_interfaces/vos_module_interfaces/msg/detail/state_feed__type_support.hpp
[2.273s] -- Up-to-date: /workspace/install/vos_module_interfaces/include/vos_module_interfaces/vos_module_interfaces/msg/detail/logger_stream__builder.hpp
[2.273s] -- Up-to-date: /workspace/install/vos_module_interfaces/include/vos_module_interfaces/vos_module_interfaces/msg/detail/state_feed__traits.hpp
[2.273s] -- Up-to-date: /workspace/install/vos_module_interfaces/include/vos_module_interfaces/vos_module_interfaces/msg/error_feed.hpp
[2.273s] -- Up-to-date: /workspace/install/vos_module_interfaces/include/vos_module_interfaces/vos_module_interfaces/action
[2.273s] -- Up-to-date: /workspace/install/vos_module_interfaces/include/vos_module_interfaces/vos_module_interfaces/action/initiate_update.hpp
[2.273s] -- Up-to-date: /workspace/install/vos_module_interfaces/include/vos_module_interfaces/vos_module_interfaces/action/detail
[2.273s] -- Up-to-date: /workspace/install/vos_module_interfaces/include/vos_module_interfaces/vos_module_interfaces/action/detail/initiate_update__builder.hpp
[2.273s] -- Up-to-date: /workspace/install/vos_module_interfaces/include/vos_module_interfaces/vos_module_interfaces/action/detail/initiate_update__struct.hpp
[2.273s] -- Up-to-date: /workspace/install/vos_module_interfaces/include/vos_module_interfaces/vos_module_interfaces/action/detail/initiate_update__traits.hpp
[2.273s] -- Up-to-date: /workspace/install/vos_module_interfaces/include/vos_module_interfaces/vos_module_interfaces/action/detail/initiate_update__type_support.hpp
[2.274s] -- Up-to-date: /workspace/install/vos_module_interfaces/include/vos_module_interfaces/vos_module_interfaces
[2.274s] -- Up-to-date: /workspace/install/vos_module_interfaces/include/vos_module_interfaces/vos_module_interfaces/srv
[2.274s] -- Up-to-date: /workspace/install/vos_module_interfaces/include/vos_module_interfaces/vos_module_interfaces/srv/detail
[2.274s] -- Up-to-date: /workspace/install/vos_module_interfaces/include/vos_module_interfaces/vos_module_interfaces/srv/detail/get_logs__rosidl_typesupport_fastrtps_cpp.hpp
[2.274s] -- Up-to-date: /workspace/install/vos_module_interfaces/include/vos_module_interfaces/vos_module_interfaces/srv/detail/trigger_transition__rosidl_typesupport_fastrtps_cpp.hpp
[2.274s] -- Up-to-date: /workspace/install/vos_module_interfaces/include/vos_module_interfaces/vos_module_interfaces/srv/detail/health_check__rosidl_typesupport_fastrtps_cpp.hpp
[2.274s] -- Up-to-date: /workspace/install/vos_module_interfaces/include/vos_module_interfaces/vos_module_interfaces/srv/detail/get_capabilities__rosidl_typesupport_fastrtps_cpp.hpp
[2.274s] -- Up-to-date: /workspace/install/vos_module_interfaces/include/vos_module_interfaces/vos_module_interfaces/srv/detail/dds_fastrtps
[2.274s] -- Up-to-date: /workspace/install/vos_module_interfaces/include/vos_module_interfaces/vos_module_interfaces/msg
[2.274s] -- Up-to-date: /workspace/install/vos_module_interfaces/include/vos_module_interfaces/vos_module_interfaces/msg/rosidl_typesupport_fastrtps_cpp__visibility_control.h
[2.274s] -- Up-to-date: /workspace/install/vos_module_interfaces/include/vos_module_interfaces/vos_module_interfaces/msg/detail
[2.274s] -- Up-to-date: /workspace/install/vos_module_interfaces/include/vos_module_interfaces/vos_module_interfaces/msg/detail/news_feed__rosidl_typesupport_fastrtps_cpp.hpp
[2.274s] -- Up-to-date: /workspace/install/vos_module_interfaces/include/vos_module_interfaces/vos_module_interfaces/msg/detail/error_feed__rosidl_typesupport_fastrtps_cpp.hpp
[2.274s] -- Up-to-date: /workspace/install/vos_module_interfaces/include/vos_module_interfaces/vos_module_interfaces/msg/detail/state_feed__rosidl_typesupport_fastrtps_cpp.hpp
[2.275s] -- Up-to-date: /workspace/install/vos_module_interfaces/include/vos_module_interfaces/vos_module_interfaces/msg/detail/logger_stream__rosidl_typesupport_fastrtps_cpp.hpp
[2.275s] -- Up-to-date: /workspace/install/vos_module_interfaces/include/vos_module_interfaces/vos_module_interfaces/msg/detail/dds_fastrtps
[2.275s] -- Up-to-date: /workspace/install/vos_module_interfaces/include/vos_module_interfaces/vos_module_interfaces/action
[2.275s] -- Up-to-date: /workspace/install/vos_module_interfaces/include/vos_module_interfaces/vos_module_interfaces/action/detail
[2.275s] -- Up-to-date: /workspace/install/vos_module_interfaces/include/vos_module_interfaces/vos_module_interfaces/action/detail/initiate_update__rosidl_typesupport_fastrtps_cpp.hpp
[2.275s] -- Up-to-date: /workspace/install/vos_module_interfaces/include/vos_module_interfaces/vos_module_interfaces/action/detail/dds_fastrtps
[2.275s] -- Up-to-date: /workspace/install/vos_module_interfaces/lib/libvos_module_interfaces__rosidl_typesupport_fastrtps_cpp.so
[2.275s] -- Up-to-date: /workspace/install/vos_module_interfaces/include/vos_module_interfaces/vos_module_interfaces
[2.275s] -- Up-to-date: /workspace/install/vos_module_interfaces/include/vos_module_interfaces/vos_module_interfaces/srv
[2.275s] -- Up-to-date: /workspace/install/vos_module_interfaces/include/vos_module_interfaces/vos_module_interfaces/srv/detail
[2.275s] -- Up-to-date: /workspace/install/vos_module_interfaces/include/vos_module_interfaces/vos_module_interfaces/srv/detail/health_check__type_support.cpp
[2.275s] -- Up-to-date: /workspace/install/vos_module_interfaces/include/vos_module_interfaces/vos_module_interfaces/srv/detail/trigger_transition__rosidl_typesupport_introspection_cpp.hpp
[2.275s] -- Up-to-date: /workspace/install/vos_module_interfaces/include/vos_module_interfaces/vos_module_interfaces/srv/detail/get_capabilities__type_support.cpp
[2.275s] -- Up-to-date: /workspace/install/vos_module_interfaces/include/vos_module_interfaces/vos_module_interfaces/srv/detail/get_logs__type_support.cpp
[2.275s] -- Up-to-date: /workspace/install/vos_module_interfaces/include/vos_module_interfaces/vos_module_interfaces/srv/detail/trigger_transition__type_support.cpp
[2.276s] -- Up-to-date: /workspace/install/vos_module_interfaces/include/vos_module_interfaces/vos_module_interfaces/srv/detail/health_check__rosidl_typesupport_introspection_cpp.hpp
[2.276s] -- Up-to-date: /workspace/install/vos_module_interfaces/include/vos_module_interfaces/vos_module_interfaces/srv/detail/get_capabilities__rosidl_typesupport_introspection_cpp.hpp
[2.276s] -- Up-to-date: /workspace/install/vos_module_interfaces/include/vos_module_interfaces/vos_module_interfaces/srv/detail/get_logs__rosidl_typesupport_introspection_cpp.hpp
[2.276s] -- Up-to-date: /workspace/install/vos_module_interfaces/include/vos_module_interfaces/vos_module_interfaces/msg
[2.276s] -- Up-to-date: /workspace/install/vos_module_interfaces/include/vos_module_interfaces/vos_module_interfaces/msg/detail
[2.276s] -- Up-to-date: /workspace/install/vos_module_interfaces/include/vos_module_interfaces/vos_module_interfaces/msg/detail/logger_stream__type_support.cpp
[2.276s] -- Up-to-date: /workspace/install/vos_module_interfaces/include/vos_module_interfaces/vos_module_interfaces/msg/detail/error_feed__type_support.cpp
[2.276s] -- Up-to-date: /workspace/install/vos_module_interfaces/include/vos_module_interfaces/vos_module_interfaces/msg/detail/state_feed__rosidl_typesupport_introspection_cpp.hpp
[2.276s] -- Up-to-date: /workspace/install/vos_module_interfaces/include/vos_module_interfaces/vos_module_interfaces/msg/detail/logger_stream__rosidl_typesupport_introspection_cpp.hpp
[2.276s] -- Up-to-date: /workspace/install/vos_module_interfaces/include/vos_module_interfaces/vos_module_interfaces/msg/detail/error_feed__rosidl_typesupport_introspection_cpp.hpp
[2.276s] -- Up-to-date: /workspace/install/vos_module_interfaces/include/vos_module_interfaces/vos_module_interfaces/msg/detail/news_feed__rosidl_typesupport_introspection_cpp.hpp
[2.276s] -- Up-to-date: /workspace/install/vos_module_interfaces/include/vos_module_interfaces/vos_module_interfaces/msg/detail/news_feed__type_support.cpp
[2.276s] -- Up-to-date: /workspace/install/vos_module_interfaces/include/vos_module_interfaces/vos_module_interfaces/msg/detail/state_feed__type_support.cpp
[2.276s] -- Up-to-date: /workspace/install/vos_module_interfaces/include/vos_module_interfaces/vos_module_interfaces/action
[2.277s] -- Up-to-date: /workspace/install/vos_module_interfaces/include/vos_module_interfaces/vos_module_interfaces/action/detail
[2.277s] -- Up-to-date: /workspace/install/vos_module_interfaces/include/vos_module_interfaces/vos_module_interfaces/action/detail/initiate_update__type_support.cpp
[2.277s] -- Up-to-date: /workspace/install/vos_module_interfaces/include/vos_module_interfaces/vos_module_interfaces/action/detail/initiate_update__rosidl_typesupport_introspection_cpp.hpp
[2.277s] -- Up-to-date: /workspace/install/vos_module_interfaces/lib/libvos_module_interfaces__rosidl_typesupport_introspection_cpp.so
[2.277s] -- Up-to-date: /workspace/install/vos_module_interfaces/lib/libvos_module_interfaces__rosidl_typesupport_cpp.so
[2.277s] -- Up-to-date: /workspace/install/vos_module_interfaces/share/vos_module_interfaces/environment/pythonpath.sh
[2.277s] -- Installing: /workspace/install/vos_module_interfaces/share/vos_module_interfaces/environment/pythonpath.dsv
[2.277s] -- Up-to-date: /workspace/install/vos_module_interfaces/local/lib/python3.10/dist-packages/vos_module_interfaces-0.1.0-py3.10.egg-info
[2.277s] -- Installing: /workspace/install/vos_module_interfaces/local/lib/python3.10/dist-packages/vos_module_interfaces-0.1.0-py3.10.egg-info/PKG-INFO
[2.277s] -- Installing: /workspace/install/vos_module_interfaces/local/lib/python3.10/dist-packages/vos_module_interfaces-0.1.0-py3.10.egg-info/top_level.txt
[2.277s] -- Installing: /workspace/install/vos_module_interfaces/local/lib/python3.10/dist-packages/vos_module_interfaces-0.1.0-py3.10.egg-info/SOURCES.txt
[2.277s] -- Installing: /workspace/install/vos_module_interfaces/local/lib/python3.10/dist-packages/vos_module_interfaces-0.1.0-py3.10.egg-info/dependency_links.txt
[2.277s] -- Up-to-date: /workspace/install/vos_module_interfaces/local/lib/python3.10/dist-packages/vos_module_interfaces
[2.278s] -- Up-to-date: /workspace/install/vos_module_interfaces/local/lib/python3.10/dist-packages/vos_module_interfaces/srv
[2.278s] -- Up-to-date: /workspace/install/vos_module_interfaces/local/lib/python3.10/dist-packages/vos_module_interfaces/srv/_trigger_transition.py
[2.278s] -- Up-to-date: /workspace/install/vos_module_interfaces/local/lib/python3.10/dist-packages/vos_module_interfaces/srv/_trigger_transition_s.c
[2.278s] -- Up-to-date: /workspace/install/vos_module_interfaces/local/lib/python3.10/dist-packages/vos_module_interfaces/srv/_get_capabilities_s.c
[2.278s] -- Up-to-date: /workspace/install/vos_module_interfaces/local/lib/python3.10/dist-packages/vos_module_interfaces/srv/_get_logs.py
[2.278s] -- Up-to-date: /workspace/install/vos_module_interfaces/local/lib/python3.10/dist-packages/vos_module_interfaces/srv/_get_logs_s.c
[2.278s] -- Up-to-date: /workspace/install/vos_module_interfaces/local/lib/python3.10/dist-packages/vos_module_interfaces/srv/_health_check.py
[2.278s] -- Up-to-date: /workspace/install/vos_module_interfaces/local/lib/python3.10/dist-packages/vos_module_interfaces/srv/_health_check_s.c
[2.278s] -- Up-to-date: /workspace/install/vos_module_interfaces/local/lib/python3.10/dist-packages/vos_module_interfaces/srv/__init__.py
[2.278s] -- Up-to-date: /workspace/install/vos_module_interfaces/local/lib/python3.10/dist-packages/vos_module_interfaces/srv/_get_capabilities.py
[2.278s] -- Up-to-date: /workspace/install/vos_module_interfaces/local/lib/python3.10/dist-packages/vos_module_interfaces/vos_module_interfaces_s__rosidl_typesupport_fastrtps_c.cpython-310-x86_64-linux-gnu.so
[2.278s] -- Up-to-date: /workspace/install/vos_module_interfaces/local/lib/python3.10/dist-packages/vos_module_interfaces/msg
[2.278s] -- Up-to-date: /workspace/install/vos_module_interfaces/local/lib/python3.10/dist-packages/vos_module_interfaces/msg/_state_feed_s.c
[2.278s] -- Up-to-date: /workspace/install/vos_module_interfaces/local/lib/python3.10/dist-packages/vos_module_interfaces/msg/_state_feed.py
[2.278s] -- Up-to-date: /workspace/install/vos_module_interfaces/local/lib/python3.10/dist-packages/vos_module_interfaces/msg/_error_feed.py
[2.279s] -- Up-to-date: /workspace/install/vos_module_interfaces/local/lib/python3.10/dist-packages/vos_module_interfaces/msg/_logger_stream.py
[2.279s] -- Up-to-date: /workspace/install/vos_module_interfaces/local/lib/python3.10/dist-packages/vos_module_interfaces/msg/_news_feed.py
[2.279s] -- Up-to-date: /workspace/install/vos_module_interfaces/local/lib/python3.10/dist-packages/vos_module_interfaces/msg/_news_feed_s.c
[2.279s] -- Up-to-date: /workspace/install/vos_module_interfaces/local/lib/python3.10/dist-packages/vos_module_interfaces/msg/_logger_stream_s.c
[2.279s] -- Up-to-date: /workspace/install/vos_module_interfaces/local/lib/python3.10/dist-packages/vos_module_interfaces/msg/__init__.py
[2.279s] -- Up-to-date: /workspace/install/vos_module_interfaces/local/lib/python3.10/dist-packages/vos_module_interfaces/msg/_error_feed_s.c
[2.279s] -- Up-to-date: /workspace/install/vos_module_interfaces/local/lib/python3.10/dist-packages/vos_module_interfaces/libvos_module_interfaces__rosidl_generator_py.so
[2.279s] -- Up-to-date: /workspace/install/vos_module_interfaces/local/lib/python3.10/dist-packages/vos_module_interfaces/_vos_module_interfaces_s.ep.rosidl_typesupport_fastrtps_c.c
[2.279s] -- Up-to-date: /workspace/install/vos_module_interfaces/local/lib/python3.10/dist-packages/vos_module_interfaces/_vos_module_interfaces_s.ep.rosidl_typesupport_introspection_c.c
[2.279s] -- Up-to-date: /workspace/install/vos_module_interfaces/local/lib/python3.10/dist-packages/vos_module_interfaces/vos_module_interfaces_s__rosidl_typesupport_c.cpython-310-x86_64-linux-gnu.so
[2.279s] -- Up-to-date: /workspace/install/vos_module_interfaces/local/lib/python3.10/dist-packages/vos_module_interfaces/vos_module_interfaces_s__rosidl_typesupport_introspection_c.cpython-310-x86_64-linux-gnu.so
[2.279s] -- Installing: /workspace/install/vos_module_interfaces/local/lib/python3.10/dist-packages/vos_module_interfaces/__init__.py
[2.279s] -- Up-to-date: /workspace/install/vos_module_interfaces/local/lib/python3.10/dist-packages/vos_module_interfaces/_vos_module_interfaces_s.ep.rosidl_typesupport_c.c
[2.280s] -- Up-to-date: /workspace/install/vos_module_interfaces/local/lib/python3.10/dist-packages/vos_module_interfaces/action
[2.280s] -- Up-to-date: /workspace/install/vos_module_interfaces/local/lib/python3.10/dist-packages/vos_module_interfaces/action/_initiate_update.py
[2.280s] -- Up-to-date: /workspace/install/vos_module_interfaces/local/lib/python3.10/dist-packages/vos_module_interfaces/action/_initiate_update_s.c
[2.280s] -- Up-to-date: /workspace/install/vos_module_interfaces/local/lib/python3.10/dist-packages/vos_module_interfaces/action/__init__.py
[2.316s] Listing '/workspace/install/vos_module_interfaces/local/lib/python3.10/dist-packages/vos_module_interfaces'...
[2.316s] Compiling '/workspace/install/vos_module_interfaces/local/lib/python3.10/dist-packages/vos_module_interfaces/__init__.py'...
[2.316s] Listing '/workspace/install/vos_module_interfaces/local/lib/python3.10/dist-packages/vos_module_interfaces/action'...
[2.316s] Listing '/workspace/install/vos_module_interfaces/local/lib/python3.10/dist-packages/vos_module_interfaces/msg'...
[2.317s] Listing '/workspace/install/vos_module_interfaces/local/lib/python3.10/dist-packages/vos_module_interfaces/srv'...
[2.321s] -- Up-to-date: /workspace/install/vos_module_interfaces/local/lib/python3.10/dist-packages/vos_module_interfaces/vos_module_interfaces_s__rosidl_typesupport_fastrtps_c.cpython-310-x86_64-linux-gnu.so
[2.322s] -- Up-to-date: /workspace/install/vos_module_interfaces/local/lib/python3.10/dist-packages/vos_module_interfaces/vos_module_interfaces_s__rosidl_typesupport_introspection_c.cpython-310-x86_64-linux-gnu.so
[2.322s] -- Up-to-date: /workspace/install/vos_module_interfaces/local/lib/python3.10/dist-packages/vos_module_interfaces/vos_module_interfaces_s__rosidl_typesupport_c.cpython-310-x86_64-linux-gnu.so
[2.323s] -- Up-to-date: /workspace/install/vos_module_interfaces/lib/libvos_module_interfaces__rosidl_generator_py.so
[2.323s] -- Up-to-date: /workspace/install/vos_module_interfaces/share/vos_module_interfaces/msg/NewsFeed.idl
[2.323s] -- Up-to-date: /workspace/install/vos_module_interfaces/share/vos_module_interfaces/msg/ErrorFeed.idl
[2.324s] -- Up-to-date: /workspace/install/vos_module_interfaces/share/vos_module_interfaces/msg/LoggerStream.idl
[2.324s] -- Up-to-date: /workspace/install/vos_module_interfaces/share/vos_module_interfaces/msg/StateFeed.idl
[2.324s] -- Up-to-date: /workspace/install/vos_module_interfaces/share/vos_module_interfaces/srv/HealthCheck.idl
[2.325s] -- Up-to-date: /workspace/install/vos_module_interfaces/share/vos_module_interfaces/srv/GetCapabilities.idl
[2.325s] -- Up-to-date: /workspace/install/vos_module_interfaces/share/vos_module_interfaces/srv/TriggerTransition.idl
[2.325s] -- Up-to-date: /workspace/install/vos_module_interfaces/share/vos_module_interfaces/srv/GetLogs.idl
[2.325s] -- Up-to-date: /workspace/install/vos_module_interfaces/share/vos_module_interfaces/action/InitiateUpdate.idl
[2.326s] -- Installing: /workspace/install/vos_module_interfaces/share/vos_module_interfaces/msg/NewsFeed.msg
[2.326s] -- Installing: /workspace/install/vos_module_interfaces/share/vos_module_interfaces/msg/ErrorFeed.msg
[2.326s] -- Installing: /workspace/install/vos_module_interfaces/share/vos_module_interfaces/msg/LoggerStream.msg
[2.326s] -- Installing: /workspace/install/vos_module_interfaces/share/vos_module_interfaces/msg/StateFeed.msg
[2.326s] -- Installing: /workspace/install/vos_module_interfaces/share/vos_module_interfaces/srv/HealthCheck.srv
[2.327s] -- Up-to-date: /workspace/install/vos_module_interfaces/share/vos_module_interfaces/srv/HealthCheck_Request.msg
[2.327s] -- Up-to-date: /workspace/install/vos_module_interfaces/share/vos_module_interfaces/srv/HealthCheck_Response.msg
[2.327s] -- Installing: /workspace/install/vos_module_interfaces/share/vos_module_interfaces/srv/GetCapabilities.srv
[2.327s] -- Up-to-date: /workspace/install/vos_module_interfaces/share/vos_module_interfaces/srv/GetCapabilities_Request.msg
[2.328s] -- Up-to-date: /workspace/install/vos_module_interfaces/share/vos_module_interfaces/srv/GetCapabilities_Response.msg
[2.328s] -- Installing: /workspace/install/vos_module_interfaces/share/vos_module_interfaces/srv/TriggerTransition.srv
[2.329s] -- Up-to-date: /workspace/install/vos_module_interfaces/share/vos_module_interfaces/srv/TriggerTransition_Request.msg
[2.329s] -- Up-to-date: /workspace/install/vos_module_interfaces/share/vos_module_interfaces/srv/TriggerTransition_Response.msg
[2.329s] -- Installing: /workspace/install/vos_module_interfaces/share/vos_module_interfaces/srv/GetLogs.srv
[2.329s] -- Up-to-date: /workspace/install/vos_module_interfaces/share/vos_module_interfaces/srv/GetLogs_Request.msg
[2.330s] -- Up-to-date: /workspace/install/vos_module_interfaces/share/vos_module_interfaces/srv/GetLogs_Response.msg
[2.330s] -- Installing: /workspace/install/vos_module_interfaces/share/vos_module_interfaces/action/InitiateUpdate.action
[2.330s] -- Up-to-date: /workspace/install/vos_module_interfaces/share/vos_module_interfaces/config
[2.330s] -- Installing: /workspace/install/vos_module_interfaces/share/vos_module_interfaces/config/base_metadata.config
[2.331s] -- Up-to-date: /workspace/install/vos_module_interfaces/share/ament_index/resource_index/package_run_dependencies/vos_module_interfaces
[2.331s] -- Installing: /workspace/install/vos_module_interfaces/share/ament_index/resource_index/parent_prefix_path/vos_module_interfaces
[2.331s] -- Up-to-date: /workspace/install/vos_module_interfaces/share/vos_module_interfaces/environment/ament_prefix_path.sh
[2.331s] -- Installing: /workspace/install/vos_module_interfaces/share/vos_module_interfaces/environment/ament_prefix_path.dsv
[2.331s] -- Up-to-date: /workspace/install/vos_module_interfaces/share/vos_module_interfaces/environment/path.sh
[2.332s] -- Installing: /workspace/install/vos_module_interfaces/share/vos_module_interfaces/environment/path.dsv
[2.332s] -- Up-to-date: /workspace/install/vos_module_interfaces/share/vos_module_interfaces/local_setup.bash
[2.332s] -- Up-to-date: /workspace/install/vos_module_interfaces/share/vos_module_interfaces/local_setup.sh
[2.332s] -- Up-to-date: /workspace/install/vos_module_interfaces/share/vos_module_interfaces/local_setup.zsh
[2.333s] -- Installing: /workspace/install/vos_module_interfaces/share/vos_module_interfaces/local_setup.dsv
[2.333s] -- Installing: /workspace/install/vos_module_interfaces/share/vos_module_interfaces/package.dsv
[2.333s] -- Up-to-date: /workspace/install/vos_module_interfaces/share/ament_index/resource_index/packages/vos_module_interfaces
[2.333s] -- Up-to-date: /workspace/install/vos_module_interfaces/share/vos_module_interfaces/cmake/export_vos_module_interfaces__rosidl_generator_cExport.cmake
[2.334s] -- Up-to-date: /workspace/install/vos_module_interfaces/share/vos_module_interfaces/cmake/export_vos_module_interfaces__rosidl_generator_cExport-noconfig.cmake
[2.334s] -- Up-to-date: /workspace/install/vos_module_interfaces/share/vos_module_interfaces/cmake/export_vos_module_interfaces__rosidl_typesupport_fastrtps_cExport.cmake
[2.334s] -- Up-to-date: /workspace/install/vos_module_interfaces/share/vos_module_interfaces/cmake/export_vos_module_interfaces__rosidl_typesupport_fastrtps_cExport-noconfig.cmake
[2.334s] -- Up-to-date: /workspace/install/vos_module_interfaces/share/vos_module_interfaces/cmake/vos_module_interfaces__rosidl_typesupport_introspection_cExport.cmake
[2.335s] -- Up-to-date: /workspace/install/vos_module_interfaces/share/vos_module_interfaces/cmake/vos_module_interfaces__rosidl_typesupport_introspection_cExport-noconfig.cmake
[2.335s] -- Up-to-date: /workspace/install/vos_module_interfaces/share/vos_module_interfaces/cmake/vos_module_interfaces__rosidl_typesupport_cExport.cmake
[2.335s] -- Up-to-date: /workspace/install/vos_module_interfaces/share/vos_module_interfaces/cmake/vos_module_interfaces__rosidl_typesupport_cExport-noconfig.cmake
[2.335s] -- Up-to-date: /workspace/install/vos_module_interfaces/share/vos_module_interfaces/cmake/export_vos_module_interfaces__rosidl_generator_cppExport.cmake
[2.336s] -- Up-to-date: /workspace/install/vos_module_interfaces/share/vos_module_interfaces/cmake/export_vos_module_interfaces__rosidl_typesupport_fastrtps_cppExport.cmake
[2.336s] -- Up-to-date: /workspace/install/vos_module_interfaces/share/vos_module_interfaces/cmake/export_vos_module_interfaces__rosidl_typesupport_fastrtps_cppExport-noconfig.cmake
[2.336s] -- Up-to-date: /workspace/install/vos_module_interfaces/share/vos_module_interfaces/cmake/vos_module_interfaces__rosidl_typesupport_introspection_cppExport.cmake
[2.336s] -- Up-to-date: /workspace/install/vos_module_interfaces/share/vos_module_interfaces/cmake/vos_module_interfaces__rosidl_typesupport_introspection_cppExport-noconfig.cmake
[2.336s] -- Up-to-date: /workspace/install/vos_module_interfaces/share/vos_module_interfaces/cmake/vos_module_interfaces__rosidl_typesupport_cppExport.cmake
[2.337s] -- Up-to-date: /workspace/install/vos_module_interfaces/share/vos_module_interfaces/cmake/vos_module_interfaces__rosidl_typesupport_cppExport-noconfig.cmake
[2.337s] -- Up-to-date: /workspace/install/vos_module_interfaces/share/vos_module_interfaces/cmake/export_vos_module_interfaces__rosidl_generator_pyExport.cmake
[2.337s] -- Up-to-date: /workspace/install/vos_module_interfaces/share/vos_module_interfaces/cmake/export_vos_module_interfaces__rosidl_generator_pyExport-noconfig.cmake
[2.337s] -- Up-to-date: /workspace/install/vos_module_interfaces/share/vos_module_interfaces/cmake/rosidl_cmake-extras.cmake
[2.337s] -- Up-to-date: /workspace/install/vos_module_interfaces/share/vos_module_interfaces/cmake/ament_cmake_export_dependencies-extras.cmake
[2.337s] -- Up-to-date: /workspace/install/vos_module_interfaces/share/vos_module_interfaces/cmake/ament_cmake_export_include_directories-extras.cmake
[2.338s] -- Up-to-date: /workspace/install/vos_module_interfaces/share/vos_module_interfaces/cmake/ament_cmake_export_libraries-extras.cmake
[2.338s] -- Up-to-date: /workspace/install/vos_module_interfaces/share/vos_module_interfaces/cmake/ament_cmake_export_targets-extras.cmake
[2.338s] -- Up-to-date: /workspace/install/vos_module_interfaces/share/vos_module_interfaces/cmake/rosidl_cmake_export_typesupport_targets-extras.cmake
[2.339s] -- Up-to-date: /workspace/install/vos_module_interfaces/share/vos_module_interfaces/cmake/rosidl_cmake_export_typesupport_libraries-extras.cmake
[2.339s] -- Up-to-date: /workspace/install/vos_module_interfaces/share/vos_module_interfaces/cmake/vos_module_interfacesConfig.cmake
[2.339s] -- Up-to-date: /workspace/install/vos_module_interfaces/share/vos_module_interfaces/cmake/vos_module_interfacesConfig-version.cmake
[2.340s] -- Installing: /workspace/install/vos_module_interfaces/share/vos_module_interfaces/package.xml
[2.341s] Invoked command in '/workspace/build/vos_module_interfaces' returned '0': CMAKE_PREFIX_PATH=${CMAKE_PREFIX_PATH}:/workspace/install/vos_module_template:/opt/ros/humble /usr/bin/cmake --install /workspace/build/vos_module_interfaces
