[0.651s] Invoking command in '/workspace/src/vos_module_template': AMENT_PREFIX_PATH=/workspace/install/vos_module_interfaces:${AMENT_PREFIX_PATH} CMAKE_PREFIX_PATH=/workspace/install/vos_module_interfaces LD_LIBRARY_PATH=/workspace/install/vos_module_interfaces/lib:${LD_LIBRARY_PATH} PYTHONPATH=/workspace/build/vos_module_template/prefix_override:/usr/lib/python3/dist-packages/colcon_core/task/python/colcon_distutils_commands:/workspace/install/vos_module_template/lib/python3.10/site-packages:/workspace/install/vos_module_interfaces/local/lib/python3.10/dist-packages:${PYTHONPATH} /usr/bin/python3 -W ignore:setup.py install is deprecated -W ignore:easy_install command is deprecated setup.py egg_info --egg-base ../../build/vos_module_template build --build-base /workspace/build/vos_module_template/build install --record /workspace/build/vos_module_template/install.log --single-version-externally-managed install_data
[0.913s] running egg_info
[0.927s] creating ../../build/vos_module_template/vos_module_template.egg-info
[0.927s] writing ../../build/vos_module_template/vos_module_template.egg-info/PKG-INFO
[0.928s] writing dependency_links to ../../build/vos_module_template/vos_module_template.egg-info/dependency_links.txt
[0.928s] writing entry points to ../../build/vos_module_template/vos_module_template.egg-info/entry_points.txt
[0.928s] writing requirements to ../../build/vos_module_template/vos_module_template.egg-info/requires.txt
[0.928s] writing top-level names to ../../build/vos_module_template/vos_module_template.egg-info/top_level.txt
[0.929s] writing manifest file '../../build/vos_module_template/vos_module_template.egg-info/SOURCES.txt'
[0.958s] reading manifest file '../../build/vos_module_template/vos_module_template.egg-info/SOURCES.txt'
[0.960s] writing manifest file '../../build/vos_module_template/vos_module_template.egg-info/SOURCES.txt'
[0.960s] running build
[0.960s] running build_py
[0.961s] creating /workspace/build/vos_module_template/build/lib/vos_module_template
[0.961s] copying vos_module_template/Core.py -> /workspace/build/vos_module_template/build/lib/vos_module_template
[0.961s] copying vos_module_template/PublisherNode.py -> /workspace/build/vos_module_template/build/lib/vos_module_template
[0.961s] copying vos_module_template/__init__.py -> /workspace/build/vos_module_template/build/lib/vos_module_template
[0.962s] copying vos_module_template/SubscriberNode.py -> /workspace/build/vos_module_template/build/lib/vos_module_template
[0.962s] copying vos_module_template/Template.py -> /workspace/build/vos_module_template/build/lib/vos_module_template
[0.962s] running install
[0.966s] running install_lib
[0.981s] creating /workspace/install/vos_module_template/lib/python3.10/site-packages/vos_module_template
[0.981s] copying /workspace/build/vos_module_template/build/lib/vos_module_template/Core.py -> /workspace/install/vos_module_template/lib/python3.10/site-packages/vos_module_template
[0.981s] copying /workspace/build/vos_module_template/build/lib/vos_module_template/PublisherNode.py -> /workspace/install/vos_module_template/lib/python3.10/site-packages/vos_module_template
[0.981s] copying /workspace/build/vos_module_template/build/lib/vos_module_template/__init__.py -> /workspace/install/vos_module_template/lib/python3.10/site-packages/vos_module_template
[0.981s] copying /workspace/build/vos_module_template/build/lib/vos_module_template/SubscriberNode.py -> /workspace/install/vos_module_template/lib/python3.10/site-packages/vos_module_template
[0.982s] copying /workspace/build/vos_module_template/build/lib/vos_module_template/Template.py -> /workspace/install/vos_module_template/lib/python3.10/site-packages/vos_module_template
[0.982s] byte-compiling /workspace/install/vos_module_template/lib/python3.10/site-packages/vos_module_template/Core.py to Core.cpython-310.pyc
[0.983s] byte-compiling /workspace/install/vos_module_template/lib/python3.10/site-packages/vos_module_template/PublisherNode.py to PublisherNode.cpython-310.pyc
[0.983s] byte-compiling /workspace/install/vos_module_template/lib/python3.10/site-packages/vos_module_template/__init__.py to __init__.cpython-310.pyc
[0.984s] byte-compiling /workspace/install/vos_module_template/lib/python3.10/site-packages/vos_module_template/SubscriberNode.py to SubscriberNode.cpython-310.pyc
[0.984s] byte-compiling /workspace/install/vos_module_template/lib/python3.10/site-packages/vos_module_template/Template.py to Template.cpython-310.pyc
[0.985s] running install_data
[0.985s] creating /workspace/install/vos_module_template/share/ament_index/resource_index/packages
[0.985s] copying resource/vos_module_template -> /workspace/install/vos_module_template/share/ament_index/resource_index/packages
[0.986s] copying package.xml -> /workspace/install/vos_module_template/share/vos_module_template
[0.986s] running install_egg_info
[1.001s] Copying ../../build/vos_module_template/vos_module_template.egg-info to /workspace/install/vos_module_template/lib/python3.10/site-packages/vos_module_template-0.1.0-py3.10.egg-info
[1.002s] running install_scripts
[1.032s] Installing core script to /workspace/install/vos_module_template/lib/vos_module_template
[1.032s] Installing listener script to /workspace/install/vos_module_template/lib/vos_module_template
[1.033s] Installing talker script to /workspace/install/vos_module_template/lib/vos_module_template
[1.033s] writing list of installed files to '/workspace/build/vos_module_template/install.log'
[1.059s] Invoked command in '/workspace/src/vos_module_template' returned '0': AMENT_PREFIX_PATH=/workspace/install/vos_module_interfaces:${AMENT_PREFIX_PATH} CMAKE_PREFIX_PATH=/workspace/install/vos_module_interfaces LD_LIBRARY_PATH=/workspace/install/vos_module_interfaces/lib:${LD_LIBRARY_PATH} PYTHONPATH=/workspace/build/vos_module_template/prefix_override:/usr/lib/python3/dist-packages/colcon_core/task/python/colcon_distutils_commands:/workspace/install/vos_module_template/lib/python3.10/site-packages:/workspace/install/vos_module_interfaces/local/lib/python3.10/dist-packages:${PYTHONPATH} /usr/bin/python3 -W ignore:setup.py install is deprecated -W ignore:easy_install command is deprecated setup.py egg_info --egg-base ../../build/vos_module_template build --build-base /workspace/build/vos_module_template/build install --record /workspace/build/vos_module_template/install.log --single-version-externally-managed install_data
