[0.020s] Invoking command in '/workspace/build/vyra_module_interfaces': CMAKE_PREFIX_PATH=${CMAKE_PREFIX_PATH}:/workspace/install/vyra_module_template:/opt/ros/humble /usr/bin/cmake --build /workspace/build/vyra_module_interfaces -- -j12 -l12
[0.173s] -- Found ament_cmake: 1.3.11 (/opt/ros/humble/share/ament_cmake/cmake)
[0.363s] -- Found rosidl_default_generators: 1.2.0 (/opt/ros/humble/share/rosidl_default_generators/cmake)
[0.366s] -- Using all available rosidl_typesupport_c: rosidl_typesupport_fastrtps_c;rosidl_typesupport_introspection_c
[0.371s] -- Found rosidl_adapter: 3.1.6 (/opt/ros/humble/share/rosidl_adapter/cmake)
[0.416s] -- Using all available rosidl_typesupport_cpp: rosidl_typesupport_fastrtps_cpp;rosidl_typesupport_introspection_cpp
[0.457s] -- Found std_msgs: 4.8.0 (/opt/ros/humble/share/std_msgs/cmake)
[1.006s] -- Found ament_cmake_ros: 0.10.0 (/opt/ros/humble/share/ament_cmake_ros/cmake)
[1.351s] -- Using all available rosidl_typesupport_c: rosidl_typesupport_fastrtps_c;rosidl_typesupport_introspection_c
[1.780s] -- Using all available rosidl_typesupport_cpp: rosidl_typesupport_fastrtps_cpp;rosidl_typesupport_introspection_cpp
[1.819s] -- Found python_cmake_module: 0.10.0 (/opt/ros/humble/share/python_cmake_module/cmake)
[1.856s] -- Using PYTHON_EXECUTABLE: /usr/bin/python3
[1.857s] -- Using PYTHON_INCLUDE_DIRS: /usr/include/python3.10
[1.857s] -- Using PYTHON_LIBRARIES: /usr/lib/x86_64-linux-gnu/libpython3.10.so
[1.914s] -- Configuring done
[2.010s] -- Generating done
[2.028s] -- Build files have been written to: /workspace/build/vyra_module_interfaces
[2.074s] [35m[1mConsolidate compiler generated dependencies of target vyra_module_interfaces__rosidl_generator_c[0m
[2.091s] [  1%] Built target vyra_module_interfaces__cpp
[2.098s] [ 12%] Built target vyra_module_interfaces__rosidl_generator_c
[2.105s] [ 12%] Built target ament_cmake_python_copy_vyra_module_interfaces
[2.108s] [35m[1mConsolidate compiler generated dependencies of target vyra_module_interfaces__rosidl_typesupport_cpp[0m
[2.110s] [35m[1mConsolidate compiler generated dependencies of target vyra_module_interfaces__rosidl_typesupport_fastrtps_cpp[0m
[2.110s] [35m[1mConsolidate compiler generated dependencies of target vyra_module_interfaces__rosidl_typesupport_introspection_cpp[0m
[2.117s] [35m[1mConsolidate compiler generated dependencies of target vyra_module_interfaces__rosidl_typesupport_c[0m
[2.117s] [35m[1mConsolidate compiler generated dependencies of target vyra_module_interfaces__rosidl_typesupport_introspection_c[0m
[2.119s] [35m[1mConsolidate compiler generated dependencies of target vyra_module_interfaces__rosidl_typesupport_fastrtps_c[0m
[2.139s] [ 31%] Built target vyra_module_interfaces__rosidl_typesupport_c
[2.139s] [ 35%] Built target vyra_module_interfaces__rosidl_typesupport_introspection_c
[2.143s] [ 47%] Built target vyra_module_interfaces__rosidl_typesupport_introspection_cpp
[2.144s] [ 58%] Built target vyra_module_interfaces__rosidl_typesupport_cpp
[2.145s] [ 70%] Built target vyra_module_interfaces__rosidl_typesupport_fastrtps_cpp
[2.150s] [ 82%] Built target vyra_module_interfaces__rosidl_typesupport_fastrtps_c
[2.176s] [ 82%] Built target vyra_module_interfaces
[2.212s] [ 83%] Built target vyra_module_interfaces__py
[2.229s] [35m[1mConsolidate compiler generated dependencies of target vyra_module_interfaces__rosidl_generator_py[0m
[2.262s] [ 93%] Built target vyra_module_interfaces__rosidl_generator_py
[2.277s] [35m[1mConsolidate compiler generated dependencies of target vyra_module_interfaces__rosidl_typesupport_introspection_c__pyext[0m
[2.278s] [35m[1mConsolidate compiler generated dependencies of target vyra_module_interfaces__rosidl_typesupport_c__pyext[0m
[2.278s] [35m[1mConsolidate compiler generated dependencies of target vyra_module_interfaces__rosidl_typesupport_fastrtps_c__pyext[0m
[2.298s] [ 97%] Built target vyra_module_interfaces__rosidl_typesupport_fastrtps_c__pyext
[2.298s] [ 97%] Built target vyra_module_interfaces__rosidl_typesupport_c__pyext
[2.298s] [100%] Built target vyra_module_interfaces__rosidl_typesupport_introspection_c__pyext
[2.355s] running egg_info
[2.369s] writing vyra_module_interfaces.egg-info/PKG-INFO
[2.370s] writing dependency_links to vyra_module_interfaces.egg-info/dependency_links.txt
[2.370s] writing top-level names to vyra_module_interfaces.egg-info/top_level.txt
[2.413s] reading manifest file 'vyra_module_interfaces.egg-info/SOURCES.txt'
[2.415s] writing manifest file 'vyra_module_interfaces.egg-info/SOURCES.txt'
[2.453s] [100%] Built target ament_cmake_python_build_vyra_module_interfaces_egg
[2.472s] Invoked command in '/workspace/build/vyra_module_interfaces' returned '0': CMAKE_PREFIX_PATH=${CMAKE_PREFIX_PATH}:/workspace/install/vyra_module_template:/opt/ros/humble /usr/bin/cmake --build /workspace/build/vyra_module_interfaces -- -j12 -l12
[2.485s] Invoking command in '/workspace/build/vyra_module_interfaces': CMAKE_PREFIX_PATH=${CMAKE_PREFIX_PATH}:/workspace/install/vyra_module_template:/opt/ros/humble /usr/bin/cmake --install /workspace/build/vyra_module_interfaces
[2.496s] -- Install configuration: ""
[2.496s] -- Up-to-date: /workspace/install/vyra_module_interfaces/share/ament_index/resource_index/rosidl_interfaces/vyra_module_interfaces
[2.497s] -- Up-to-date: /workspace/install/vyra_module_interfaces/include/vyra_module_interfaces/vyra_module_interfaces
[2.497s] -- Up-to-date: /workspace/install/vyra_module_interfaces/include/vyra_module_interfaces/vyra_module_interfaces/srv
[2.497s] -- Up-to-date: /workspace/install/vyra_module_interfaces/include/vyra_module_interfaces/vyra_module_interfaces/srv/get_logs.h
[2.497s] -- Up-to-date: /workspace/install/vyra_module_interfaces/include/vyra_module_interfaces/vyra_module_interfaces/srv/health_check.h
[2.497s] -- Up-to-date: /workspace/install/vyra_module_interfaces/include/vyra_module_interfaces/vyra_module_interfaces/srv/detail
[2.497s] -- Up-to-date: /workspace/install/vyra_module_interfaces/include/vyra_module_interfaces/vyra_module_interfaces/srv/detail/get_capabilities__functions.c
[2.497s] -- Up-to-date: /workspace/install/vyra_module_interfaces/include/vyra_module_interfaces/vyra_module_interfaces/srv/detail/get_logs__struct.h
[2.498s] -- Up-to-date: /workspace/install/vyra_module_interfaces/include/vyra_module_interfaces/vyra_module_interfaces/srv/detail/get_logs__functions.c
[2.498s] -- Up-to-date: /workspace/install/vyra_module_interfaces/include/vyra_module_interfaces/vyra_module_interfaces/srv/detail/health_check__functions.h
[2.498s] -- Up-to-date: /workspace/install/vyra_module_interfaces/include/vyra_module_interfaces/vyra_module_interfaces/srv/detail/health_check__functions.c
[2.498s] -- Up-to-date: /workspace/install/vyra_module_interfaces/include/vyra_module_interfaces/vyra_module_interfaces/srv/detail/health_check__struct.h
[2.498s] -- Up-to-date: /workspace/install/vyra_module_interfaces/include/vyra_module_interfaces/vyra_module_interfaces/srv/detail/get_logs__type_support.h
[2.498s] -- Up-to-date: /workspace/install/vyra_module_interfaces/include/vyra_module_interfaces/vyra_module_interfaces/srv/detail/get_capabilities__struct.h
[2.498s] -- Up-to-date: /workspace/install/vyra_module_interfaces/include/vyra_module_interfaces/vyra_module_interfaces/srv/detail/trigger_transition__functions.c
[2.498s] -- Up-to-date: /workspace/install/vyra_module_interfaces/include/vyra_module_interfaces/vyra_module_interfaces/srv/detail/trigger_transition__functions.h
[2.499s] -- Up-to-date: /workspace/install/vyra_module_interfaces/include/vyra_module_interfaces/vyra_module_interfaces/srv/detail/get_capabilities__type_support.h
[2.499s] -- Up-to-date: /workspace/install/vyra_module_interfaces/include/vyra_module_interfaces/vyra_module_interfaces/srv/detail/get_capabilities__functions.h
[2.499s] -- Up-to-date: /workspace/install/vyra_module_interfaces/include/vyra_module_interfaces/vyra_module_interfaces/srv/detail/health_check__type_support.h
[2.499s] -- Up-to-date: /workspace/install/vyra_module_interfaces/include/vyra_module_interfaces/vyra_module_interfaces/srv/detail/trigger_transition__type_support.h
[2.499s] -- Up-to-date: /workspace/install/vyra_module_interfaces/include/vyra_module_interfaces/vyra_module_interfaces/srv/detail/get_logs__functions.h
[2.499s] -- Up-to-date: /workspace/install/vyra_module_interfaces/include/vyra_module_interfaces/vyra_module_interfaces/srv/detail/trigger_transition__struct.h
[2.499s] -- Up-to-date: /workspace/install/vyra_module_interfaces/include/vyra_module_interfaces/vyra_module_interfaces/srv/trigger_transition.h
[2.500s] -- Up-to-date: /workspace/install/vyra_module_interfaces/include/vyra_module_interfaces/vyra_module_interfaces/srv/get_capabilities.h
[2.500s] -- Up-to-date: /workspace/install/vyra_module_interfaces/include/vyra_module_interfaces/vyra_module_interfaces/msg
[2.500s] -- Up-to-date: /workspace/install/vyra_module_interfaces/include/vyra_module_interfaces/vyra_module_interfaces/msg/news_feed.h
[2.500s] -- Up-to-date: /workspace/install/vyra_module_interfaces/include/vyra_module_interfaces/vyra_module_interfaces/msg/rosidl_generator_c__visibility_control.h
[2.500s] -- Up-to-date: /workspace/install/vyra_module_interfaces/include/vyra_module_interfaces/vyra_module_interfaces/msg/error_feed.h
[2.500s] -- Up-to-date: /workspace/install/vyra_module_interfaces/include/vyra_module_interfaces/vyra_module_interfaces/msg/state_feed.h
[2.500s] -- Up-to-date: /workspace/install/vyra_module_interfaces/include/vyra_module_interfaces/vyra_module_interfaces/msg/logger_stream.h
[2.501s] -- Up-to-date: /workspace/install/vyra_module_interfaces/include/vyra_module_interfaces/vyra_module_interfaces/msg/detail
[2.501s] -- Up-to-date: /workspace/install/vyra_module_interfaces/include/vyra_module_interfaces/vyra_module_interfaces/msg/detail/error_feed__functions.h
[2.501s] -- Up-to-date: /workspace/install/vyra_module_interfaces/include/vyra_module_interfaces/vyra_module_interfaces/msg/detail/logger_stream__functions.c
[2.501s] -- Up-to-date: /workspace/install/vyra_module_interfaces/include/vyra_module_interfaces/vyra_module_interfaces/msg/detail/error_feed__struct.h
[2.501s] -- Up-to-date: /workspace/install/vyra_module_interfaces/include/vyra_module_interfaces/vyra_module_interfaces/msg/detail/news_feed__struct.h
[2.501s] -- Up-to-date: /workspace/install/vyra_module_interfaces/include/vyra_module_interfaces/vyra_module_interfaces/msg/detail/logger_stream__functions.h
[2.501s] -- Up-to-date: /workspace/install/vyra_module_interfaces/include/vyra_module_interfaces/vyra_module_interfaces/msg/detail/state_feed__functions.h
[2.501s] -- Up-to-date: /workspace/install/vyra_module_interfaces/include/vyra_module_interfaces/vyra_module_interfaces/msg/detail/news_feed__functions.c
[2.502s] -- Up-to-date: /workspace/install/vyra_module_interfaces/include/vyra_module_interfaces/vyra_module_interfaces/msg/detail/state_feed__struct.h
[2.502s] -- Up-to-date: /workspace/install/vyra_module_interfaces/include/vyra_module_interfaces/vyra_module_interfaces/msg/detail/news_feed__type_support.h
[2.502s] -- Up-to-date: /workspace/install/vyra_module_interfaces/include/vyra_module_interfaces/vyra_module_interfaces/msg/detail/logger_stream__type_support.h
[2.502s] -- Up-to-date: /workspace/install/vyra_module_interfaces/include/vyra_module_interfaces/vyra_module_interfaces/msg/detail/error_feed__functions.c
[2.502s] -- Up-to-date: /workspace/install/vyra_module_interfaces/include/vyra_module_interfaces/vyra_module_interfaces/msg/detail/logger_stream__struct.h
[2.502s] -- Up-to-date: /workspace/install/vyra_module_interfaces/include/vyra_module_interfaces/vyra_module_interfaces/msg/detail/error_feed__type_support.h
[2.502s] -- Up-to-date: /workspace/install/vyra_module_interfaces/include/vyra_module_interfaces/vyra_module_interfaces/msg/detail/state_feed__type_support.h
[2.503s] -- Up-to-date: /workspace/install/vyra_module_interfaces/include/vyra_module_interfaces/vyra_module_interfaces/msg/detail/news_feed__functions.h
[2.503s] -- Up-to-date: /workspace/install/vyra_module_interfaces/include/vyra_module_interfaces/vyra_module_interfaces/msg/detail/state_feed__functions.c
[2.503s] -- Up-to-date: /workspace/install/vyra_module_interfaces/include/vyra_module_interfaces/vyra_module_interfaces/action
[2.503s] -- Up-to-date: /workspace/install/vyra_module_interfaces/include/vyra_module_interfaces/vyra_module_interfaces/action/initiate_update.h
[2.503s] -- Up-to-date: /workspace/install/vyra_module_interfaces/include/vyra_module_interfaces/vyra_module_interfaces/action/detail
[2.503s] -- Up-to-date: /workspace/install/vyra_module_interfaces/include/vyra_module_interfaces/vyra_module_interfaces/action/detail/initiate_update__functions.c
[2.503s] -- Up-to-date: /workspace/install/vyra_module_interfaces/include/vyra_module_interfaces/vyra_module_interfaces/action/detail/initiate_update__struct.h
[2.504s] -- Up-to-date: /workspace/install/vyra_module_interfaces/include/vyra_module_interfaces/vyra_module_interfaces/action/detail/initiate_update__type_support.h
[2.504s] -- Up-to-date: /workspace/install/vyra_module_interfaces/include/vyra_module_interfaces/vyra_module_interfaces/action/detail/initiate_update__functions.h
[2.504s] -- Up-to-date: /workspace/install/vyra_module_interfaces/share/vyra_module_interfaces/environment/library_path.sh
[2.504s] -- Installing: /workspace/install/vyra_module_interfaces/share/vyra_module_interfaces/environment/library_path.dsv
[2.504s] -- Up-to-date: /workspace/install/vyra_module_interfaces/lib/libvyra_module_interfaces__rosidl_generator_c.so
[2.504s] -- Up-to-date: /workspace/install/vyra_module_interfaces/include/vyra_module_interfaces/vyra_module_interfaces
[2.504s] -- Up-to-date: /workspace/install/vyra_module_interfaces/include/vyra_module_interfaces/vyra_module_interfaces/srv
[2.505s] -- Up-to-date: /workspace/install/vyra_module_interfaces/include/vyra_module_interfaces/vyra_module_interfaces/srv/detail
[2.505s] -- Up-to-date: /workspace/install/vyra_module_interfaces/include/vyra_module_interfaces/vyra_module_interfaces/srv/detail/health_check__rosidl_typesupport_fastrtps_c.h
[2.505s] -- Up-to-date: /workspace/install/vyra_module_interfaces/include/vyra_module_interfaces/vyra_module_interfaces/srv/detail/get_capabilities__rosidl_typesupport_fastrtps_c.h
[2.505s] -- Up-to-date: /workspace/install/vyra_module_interfaces/include/vyra_module_interfaces/vyra_module_interfaces/srv/detail/get_logs__rosidl_typesupport_fastrtps_c.h
[2.505s] -- Up-to-date: /workspace/install/vyra_module_interfaces/include/vyra_module_interfaces/vyra_module_interfaces/srv/detail/trigger_transition__rosidl_typesupport_fastrtps_c.h
[2.505s] -- Up-to-date: /workspace/install/vyra_module_interfaces/include/vyra_module_interfaces/vyra_module_interfaces/msg
[2.506s] -- Up-to-date: /workspace/install/vyra_module_interfaces/include/vyra_module_interfaces/vyra_module_interfaces/msg/rosidl_typesupport_fastrtps_c__visibility_control.h
[2.506s] -- Up-to-date: /workspace/install/vyra_module_interfaces/include/vyra_module_interfaces/vyra_module_interfaces/msg/detail
[2.506s] -- Up-to-date: /workspace/install/vyra_module_interfaces/include/vyra_module_interfaces/vyra_module_interfaces/msg/detail/logger_stream__rosidl_typesupport_fastrtps_c.h
[2.506s] -- Up-to-date: /workspace/install/vyra_module_interfaces/include/vyra_module_interfaces/vyra_module_interfaces/msg/detail/news_feed__rosidl_typesupport_fastrtps_c.h
[2.506s] -- Up-to-date: /workspace/install/vyra_module_interfaces/include/vyra_module_interfaces/vyra_module_interfaces/msg/detail/error_feed__rosidl_typesupport_fastrtps_c.h
[2.506s] -- Up-to-date: /workspace/install/vyra_module_interfaces/include/vyra_module_interfaces/vyra_module_interfaces/msg/detail/state_feed__rosidl_typesupport_fastrtps_c.h
[2.506s] -- Up-to-date: /workspace/install/vyra_module_interfaces/include/vyra_module_interfaces/vyra_module_interfaces/action
[2.507s] -- Up-to-date: /workspace/install/vyra_module_interfaces/include/vyra_module_interfaces/vyra_module_interfaces/action/detail
[2.507s] -- Up-to-date: /workspace/install/vyra_module_interfaces/include/vyra_module_interfaces/vyra_module_interfaces/action/detail/initiate_update__rosidl_typesupport_fastrtps_c.h
[2.507s] -- Up-to-date: /workspace/install/vyra_module_interfaces/lib/libvyra_module_interfaces__rosidl_typesupport_fastrtps_c.so
[2.507s] -- Up-to-date: /workspace/install/vyra_module_interfaces/include/vyra_module_interfaces/vyra_module_interfaces
[2.507s] -- Up-to-date: /workspace/install/vyra_module_interfaces/include/vyra_module_interfaces/vyra_module_interfaces/srv
[2.507s] -- Up-to-date: /workspace/install/vyra_module_interfaces/include/vyra_module_interfaces/vyra_module_interfaces/srv/detail
[2.507s] -- Up-to-date: /workspace/install/vyra_module_interfaces/include/vyra_module_interfaces/vyra_module_interfaces/srv/detail/trigger_transition__rosidl_typesupport_introspection_c.h
[2.507s] -- Up-to-date: /workspace/install/vyra_module_interfaces/include/vyra_module_interfaces/vyra_module_interfaces/srv/detail/get_logs__type_support.c
[2.508s] -- Up-to-date: /workspace/install/vyra_module_interfaces/include/vyra_module_interfaces/vyra_module_interfaces/srv/detail/trigger_transition__type_support.c
[2.508s] -- Up-to-date: /workspace/install/vyra_module_interfaces/include/vyra_module_interfaces/vyra_module_interfaces/srv/detail/get_capabilities__type_support.c
[2.508s] -- Up-to-date: /workspace/install/vyra_module_interfaces/include/vyra_module_interfaces/vyra_module_interfaces/srv/detail/health_check__rosidl_typesupport_introspection_c.h
[2.508s] -- Up-to-date: /workspace/install/vyra_module_interfaces/include/vyra_module_interfaces/vyra_module_interfaces/srv/detail/get_logs__rosidl_typesupport_introspection_c.h
[2.508s] -- Up-to-date: /workspace/install/vyra_module_interfaces/include/vyra_module_interfaces/vyra_module_interfaces/srv/detail/get_capabilities__rosidl_typesupport_introspection_c.h
[2.508s] -- Up-to-date: /workspace/install/vyra_module_interfaces/include/vyra_module_interfaces/vyra_module_interfaces/srv/detail/health_check__type_support.c
[2.509s] -- Up-to-date: /workspace/install/vyra_module_interfaces/include/vyra_module_interfaces/vyra_module_interfaces/msg
[2.509s] -- Up-to-date: /workspace/install/vyra_module_interfaces/include/vyra_module_interfaces/vyra_module_interfaces/msg/rosidl_typesupport_introspection_c__visibility_control.h
[2.509s] -- Up-to-date: /workspace/install/vyra_module_interfaces/include/vyra_module_interfaces/vyra_module_interfaces/msg/detail
[2.509s] -- Up-to-date: /workspace/install/vyra_module_interfaces/include/vyra_module_interfaces/vyra_module_interfaces/msg/detail/error_feed__type_support.c
[2.509s] -- Up-to-date: /workspace/install/vyra_module_interfaces/include/vyra_module_interfaces/vyra_module_interfaces/msg/detail/logger_stream__type_support.c
[2.509s] -- Up-to-date: /workspace/install/vyra_module_interfaces/include/vyra_module_interfaces/vyra_module_interfaces/msg/detail/error_feed__rosidl_typesupport_introspection_c.h
[2.509s] -- Up-to-date: /workspace/install/vyra_module_interfaces/include/vyra_module_interfaces/vyra_module_interfaces/msg/detail/news_feed__type_support.c
[2.510s] -- Up-to-date: /workspace/install/vyra_module_interfaces/include/vyra_module_interfaces/vyra_module_interfaces/msg/detail/news_feed__rosidl_typesupport_introspection_c.h
[2.510s] -- Up-to-date: /workspace/install/vyra_module_interfaces/include/vyra_module_interfaces/vyra_module_interfaces/msg/detail/state_feed__type_support.c
[2.510s] -- Up-to-date: /workspace/install/vyra_module_interfaces/include/vyra_module_interfaces/vyra_module_interfaces/msg/detail/logger_stream__rosidl_typesupport_introspection_c.h
[2.510s] -- Up-to-date: /workspace/install/vyra_module_interfaces/include/vyra_module_interfaces/vyra_module_interfaces/msg/detail/state_feed__rosidl_typesupport_introspection_c.h
[2.510s] -- Up-to-date: /workspace/install/vyra_module_interfaces/include/vyra_module_interfaces/vyra_module_interfaces/action
[2.510s] -- Up-to-date: /workspace/install/vyra_module_interfaces/include/vyra_module_interfaces/vyra_module_interfaces/action/detail
[2.510s] -- Up-to-date: /workspace/install/vyra_module_interfaces/include/vyra_module_interfaces/vyra_module_interfaces/action/detail/initiate_update__rosidl_typesupport_introspection_c.h
[2.510s] -- Up-to-date: /workspace/install/vyra_module_interfaces/include/vyra_module_interfaces/vyra_module_interfaces/action/detail/initiate_update__type_support.c
[2.511s] -- Up-to-date: /workspace/install/vyra_module_interfaces/lib/libvyra_module_interfaces__rosidl_typesupport_introspection_c.so
[2.511s] -- Up-to-date: /workspace/install/vyra_module_interfaces/lib/libvyra_module_interfaces__rosidl_typesupport_c.so
[2.511s] -- Up-to-date: /workspace/install/vyra_module_interfaces/include/vyra_module_interfaces/vyra_module_interfaces
[2.511s] -- Up-to-date: /workspace/install/vyra_module_interfaces/include/vyra_module_interfaces/vyra_module_interfaces/srv
[2.511s] -- Up-to-date: /workspace/install/vyra_module_interfaces/include/vyra_module_interfaces/vyra_module_interfaces/srv/get_capabilities.hpp
[2.511s] -- Up-to-date: /workspace/install/vyra_module_interfaces/include/vyra_module_interfaces/vyra_module_interfaces/srv/get_logs.hpp
[2.511s] -- Up-to-date: /workspace/install/vyra_module_interfaces/include/vyra_module_interfaces/vyra_module_interfaces/srv/trigger_transition.hpp
[2.512s] -- Up-to-date: /workspace/install/vyra_module_interfaces/include/vyra_module_interfaces/vyra_module_interfaces/srv/health_check.hpp
[2.512s] -- Up-to-date: /workspace/install/vyra_module_interfaces/include/vyra_module_interfaces/vyra_module_interfaces/srv/detail
[2.512s] -- Up-to-date: /workspace/install/vyra_module_interfaces/include/vyra_module_interfaces/vyra_module_interfaces/srv/detail/get_logs__builder.hpp
[2.512s] -- Up-to-date: /workspace/install/vyra_module_interfaces/include/vyra_module_interfaces/vyra_module_interfaces/srv/detail/trigger_transition__traits.hpp
[2.512s] -- Up-to-date: /workspace/install/vyra_module_interfaces/include/vyra_module_interfaces/vyra_module_interfaces/srv/detail/health_check__traits.hpp
[2.512s] -- Up-to-date: /workspace/install/vyra_module_interfaces/include/vyra_module_interfaces/vyra_module_interfaces/srv/detail/trigger_transition__builder.hpp
[2.512s] -- Up-to-date: /workspace/install/vyra_module_interfaces/include/vyra_module_interfaces/vyra_module_interfaces/srv/detail/get_capabilities__struct.hpp
[2.513s] -- Up-to-date: /workspace/install/vyra_module_interfaces/include/vyra_module_interfaces/vyra_module_interfaces/srv/detail/get_logs__struct.hpp
[2.513s] -- Up-to-date: /workspace/install/vyra_module_interfaces/include/vyra_module_interfaces/vyra_module_interfaces/srv/detail/health_check__type_support.hpp
[2.513s] -- Up-to-date: /workspace/install/vyra_module_interfaces/include/vyra_module_interfaces/vyra_module_interfaces/srv/detail/get_logs__traits.hpp
[2.513s] -- Up-to-date: /workspace/install/vyra_module_interfaces/include/vyra_module_interfaces/vyra_module_interfaces/srv/detail/get_capabilities__traits.hpp
[2.513s] -- Up-to-date: /workspace/install/vyra_module_interfaces/include/vyra_module_interfaces/vyra_module_interfaces/srv/detail/trigger_transition__type_support.hpp
[2.513s] -- Up-to-date: /workspace/install/vyra_module_interfaces/include/vyra_module_interfaces/vyra_module_interfaces/srv/detail/get_logs__type_support.hpp
[2.513s] -- Up-to-date: /workspace/install/vyra_module_interfaces/include/vyra_module_interfaces/vyra_module_interfaces/srv/detail/get_capabilities__builder.hpp
[2.513s] -- Up-to-date: /workspace/install/vyra_module_interfaces/include/vyra_module_interfaces/vyra_module_interfaces/srv/detail/trigger_transition__struct.hpp
[2.513s] -- Up-to-date: /workspace/install/vyra_module_interfaces/include/vyra_module_interfaces/vyra_module_interfaces/srv/detail/get_capabilities__type_support.hpp
[2.514s] -- Up-to-date: /workspace/install/vyra_module_interfaces/include/vyra_module_interfaces/vyra_module_interfaces/srv/detail/health_check__builder.hpp
[2.514s] -- Up-to-date: /workspace/install/vyra_module_interfaces/include/vyra_module_interfaces/vyra_module_interfaces/srv/detail/health_check__struct.hpp
[2.514s] -- Up-to-date: /workspace/install/vyra_module_interfaces/include/vyra_module_interfaces/vyra_module_interfaces/msg
[2.514s] -- Up-to-date: /workspace/install/vyra_module_interfaces/include/vyra_module_interfaces/vyra_module_interfaces/msg/rosidl_generator_cpp__visibility_control.hpp
[2.514s] -- Up-to-date: /workspace/install/vyra_module_interfaces/include/vyra_module_interfaces/vyra_module_interfaces/msg/logger_stream.hpp
[2.514s] -- Up-to-date: /workspace/install/vyra_module_interfaces/include/vyra_module_interfaces/vyra_module_interfaces/msg/state_feed.hpp
[2.514s] -- Up-to-date: /workspace/install/vyra_module_interfaces/include/vyra_module_interfaces/vyra_module_interfaces/msg/news_feed.hpp
[2.515s] -- Up-to-date: /workspace/install/vyra_module_interfaces/include/vyra_module_interfaces/vyra_module_interfaces/msg/detail
[2.515s] -- Up-to-date: /workspace/install/vyra_module_interfaces/include/vyra_module_interfaces/vyra_module_interfaces/msg/detail/news_feed__struct.hpp
[2.515s] -- Up-to-date: /workspace/install/vyra_module_interfaces/include/vyra_module_interfaces/vyra_module_interfaces/msg/detail/error_feed__traits.hpp
[2.515s] -- Up-to-date: /workspace/install/vyra_module_interfaces/include/vyra_module_interfaces/vyra_module_interfaces/msg/detail/state_feed__builder.hpp
[2.515s] -- Up-to-date: /workspace/install/vyra_module_interfaces/include/vyra_module_interfaces/vyra_module_interfaces/msg/detail/logger_stream__traits.hpp
[2.515s] -- Up-to-date: /workspace/install/vyra_module_interfaces/include/vyra_module_interfaces/vyra_module_interfaces/msg/detail/news_feed__builder.hpp
[2.516s] -- Up-to-date: /workspace/install/vyra_module_interfaces/include/vyra_module_interfaces/vyra_module_interfaces/msg/detail/news_feed__type_support.hpp
[2.516s] -- Up-to-date: /workspace/install/vyra_module_interfaces/include/vyra_module_interfaces/vyra_module_interfaces/msg/detail/logger_stream__type_support.hpp
[2.516s] -- Up-to-date: /workspace/install/vyra_module_interfaces/include/vyra_module_interfaces/vyra_module_interfaces/msg/detail/error_feed__type_support.hpp
[2.516s] -- Up-to-date: /workspace/install/vyra_module_interfaces/include/vyra_module_interfaces/vyra_module_interfaces/msg/detail/error_feed__builder.hpp
[2.516s] -- Up-to-date: /workspace/install/vyra_module_interfaces/include/vyra_module_interfaces/vyra_module_interfaces/msg/detail/state_feed__struct.hpp
[2.516s] -- Up-to-date: /workspace/install/vyra_module_interfaces/include/vyra_module_interfaces/vyra_module_interfaces/msg/detail/error_feed__struct.hpp
[2.516s] -- Up-to-date: /workspace/install/vyra_module_interfaces/include/vyra_module_interfaces/vyra_module_interfaces/msg/detail/logger_stream__struct.hpp
[2.516s] -- Up-to-date: /workspace/install/vyra_module_interfaces/include/vyra_module_interfaces/vyra_module_interfaces/msg/detail/news_feed__traits.hpp
[2.516s] -- Up-to-date: /workspace/install/vyra_module_interfaces/include/vyra_module_interfaces/vyra_module_interfaces/msg/detail/state_feed__type_support.hpp
[2.516s] -- Up-to-date: /workspace/install/vyra_module_interfaces/include/vyra_module_interfaces/vyra_module_interfaces/msg/detail/logger_stream__builder.hpp
[2.516s] -- Up-to-date: /workspace/install/vyra_module_interfaces/include/vyra_module_interfaces/vyra_module_interfaces/msg/detail/state_feed__traits.hpp
[2.517s] -- Up-to-date: /workspace/install/vyra_module_interfaces/include/vyra_module_interfaces/vyra_module_interfaces/msg/error_feed.hpp
[2.517s] -- Up-to-date: /workspace/install/vyra_module_interfaces/include/vyra_module_interfaces/vyra_module_interfaces/action
[2.517s] -- Up-to-date: /workspace/install/vyra_module_interfaces/include/vyra_module_interfaces/vyra_module_interfaces/action/initiate_update.hpp
[2.517s] -- Up-to-date: /workspace/install/vyra_module_interfaces/include/vyra_module_interfaces/vyra_module_interfaces/action/detail
[2.517s] -- Up-to-date: /workspace/install/vyra_module_interfaces/include/vyra_module_interfaces/vyra_module_interfaces/action/detail/initiate_update__builder.hpp
[2.517s] -- Up-to-date: /workspace/install/vyra_module_interfaces/include/vyra_module_interfaces/vyra_module_interfaces/action/detail/initiate_update__struct.hpp
[2.517s] -- Up-to-date: /workspace/install/vyra_module_interfaces/include/vyra_module_interfaces/vyra_module_interfaces/action/detail/initiate_update__traits.hpp
[2.517s] -- Up-to-date: /workspace/install/vyra_module_interfaces/include/vyra_module_interfaces/vyra_module_interfaces/action/detail/initiate_update__type_support.hpp
[2.517s] -- Up-to-date: /workspace/install/vyra_module_interfaces/include/vyra_module_interfaces/vyra_module_interfaces
[2.517s] -- Up-to-date: /workspace/install/vyra_module_interfaces/include/vyra_module_interfaces/vyra_module_interfaces/srv
[2.517s] -- Up-to-date: /workspace/install/vyra_module_interfaces/include/vyra_module_interfaces/vyra_module_interfaces/srv/detail
[2.517s] -- Up-to-date: /workspace/install/vyra_module_interfaces/include/vyra_module_interfaces/vyra_module_interfaces/srv/detail/get_logs__rosidl_typesupport_fastrtps_cpp.hpp
[2.517s] -- Up-to-date: /workspace/install/vyra_module_interfaces/include/vyra_module_interfaces/vyra_module_interfaces/srv/detail/trigger_transition__rosidl_typesupport_fastrtps_cpp.hpp
[2.518s] -- Up-to-date: /workspace/install/vyra_module_interfaces/include/vyra_module_interfaces/vyra_module_interfaces/srv/detail/health_check__rosidl_typesupport_fastrtps_cpp.hpp
[2.518s] -- Up-to-date: /workspace/install/vyra_module_interfaces/include/vyra_module_interfaces/vyra_module_interfaces/srv/detail/get_capabilities__rosidl_typesupport_fastrtps_cpp.hpp
[2.518s] -- Up-to-date: /workspace/install/vyra_module_interfaces/include/vyra_module_interfaces/vyra_module_interfaces/srv/detail/dds_fastrtps
[2.518s] -- Up-to-date: /workspace/install/vyra_module_interfaces/include/vyra_module_interfaces/vyra_module_interfaces/msg
[2.518s] -- Up-to-date: /workspace/install/vyra_module_interfaces/include/vyra_module_interfaces/vyra_module_interfaces/msg/rosidl_typesupport_fastrtps_cpp__visibility_control.h
[2.518s] -- Up-to-date: /workspace/install/vyra_module_interfaces/include/vyra_module_interfaces/vyra_module_interfaces/msg/detail
[2.518s] -- Up-to-date: /workspace/install/vyra_module_interfaces/include/vyra_module_interfaces/vyra_module_interfaces/msg/detail/news_feed__rosidl_typesupport_fastrtps_cpp.hpp
[2.518s] -- Up-to-date: /workspace/install/vyra_module_interfaces/include/vyra_module_interfaces/vyra_module_interfaces/msg/detail/error_feed__rosidl_typesupport_fastrtps_cpp.hpp
[2.518s] -- Up-to-date: /workspace/install/vyra_module_interfaces/include/vyra_module_interfaces/vyra_module_interfaces/msg/detail/state_feed__rosidl_typesupport_fastrtps_cpp.hpp
[2.518s] -- Up-to-date: /workspace/install/vyra_module_interfaces/include/vyra_module_interfaces/vyra_module_interfaces/msg/detail/logger_stream__rosidl_typesupport_fastrtps_cpp.hpp
[2.518s] -- Up-to-date: /workspace/install/vyra_module_interfaces/include/vyra_module_interfaces/vyra_module_interfaces/msg/detail/dds_fastrtps
[2.519s] -- Up-to-date: /workspace/install/vyra_module_interfaces/include/vyra_module_interfaces/vyra_module_interfaces/action
[2.519s] -- Up-to-date: /workspace/install/vyra_module_interfaces/include/vyra_module_interfaces/vyra_module_interfaces/action/detail
[2.519s] -- Up-to-date: /workspace/install/vyra_module_interfaces/include/vyra_module_interfaces/vyra_module_interfaces/action/detail/initiate_update__rosidl_typesupport_fastrtps_cpp.hpp
[2.519s] -- Up-to-date: /workspace/install/vyra_module_interfaces/include/vyra_module_interfaces/vyra_module_interfaces/action/detail/dds_fastrtps
[2.519s] -- Up-to-date: /workspace/install/vyra_module_interfaces/lib/libvyra_module_interfaces__rosidl_typesupport_fastrtps_cpp.so
[2.519s] -- Up-to-date: /workspace/install/vyra_module_interfaces/include/vyra_module_interfaces/vyra_module_interfaces
[2.519s] -- Up-to-date: /workspace/install/vyra_module_interfaces/include/vyra_module_interfaces/vyra_module_interfaces/srv
[2.519s] -- Up-to-date: /workspace/install/vyra_module_interfaces/include/vyra_module_interfaces/vyra_module_interfaces/srv/detail
[2.519s] -- Up-to-date: /workspace/install/vyra_module_interfaces/include/vyra_module_interfaces/vyra_module_interfaces/srv/detail/health_check__type_support.cpp
[2.519s] -- Up-to-date: /workspace/install/vyra_module_interfaces/include/vyra_module_interfaces/vyra_module_interfaces/srv/detail/trigger_transition__rosidl_typesupport_introspection_cpp.hpp
[2.520s] -- Up-to-date: /workspace/install/vyra_module_interfaces/include/vyra_module_interfaces/vyra_module_interfaces/srv/detail/get_capabilities__type_support.cpp
[2.520s] -- Up-to-date: /workspace/install/vyra_module_interfaces/include/vyra_module_interfaces/vyra_module_interfaces/srv/detail/get_logs__type_support.cpp
[2.520s] -- Up-to-date: /workspace/install/vyra_module_interfaces/include/vyra_module_interfaces/vyra_module_interfaces/srv/detail/trigger_transition__type_support.cpp
[2.520s] -- Up-to-date: /workspace/install/vyra_module_interfaces/include/vyra_module_interfaces/vyra_module_interfaces/srv/detail/health_check__rosidl_typesupport_introspection_cpp.hpp
[2.520s] -- Up-to-date: /workspace/install/vyra_module_interfaces/include/vyra_module_interfaces/vyra_module_interfaces/srv/detail/get_capabilities__rosidl_typesupport_introspection_cpp.hpp
[2.520s] -- Up-to-date: /workspace/install/vyra_module_interfaces/include/vyra_module_interfaces/vyra_module_interfaces/srv/detail/get_logs__rosidl_typesupport_introspection_cpp.hpp
[2.520s] -- Up-to-date: /workspace/install/vyra_module_interfaces/include/vyra_module_interfaces/vyra_module_interfaces/msg
[2.520s] -- Up-to-date: /workspace/install/vyra_module_interfaces/include/vyra_module_interfaces/vyra_module_interfaces/msg/detail
[2.520s] -- Up-to-date: /workspace/install/vyra_module_interfaces/include/vyra_module_interfaces/vyra_module_interfaces/msg/detail/logger_stream__type_support.cpp
[2.521s] -- Up-to-date: /workspace/install/vyra_module_interfaces/include/vyra_module_interfaces/vyra_module_interfaces/msg/detail/error_feed__type_support.cpp
[2.521s] -- Up-to-date: /workspace/install/vyra_module_interfaces/include/vyra_module_interfaces/vyra_module_interfaces/msg/detail/state_feed__rosidl_typesupport_introspection_cpp.hpp
[2.521s] -- Up-to-date: /workspace/install/vyra_module_interfaces/include/vyra_module_interfaces/vyra_module_interfaces/msg/detail/logger_stream__rosidl_typesupport_introspection_cpp.hpp
[2.521s] -- Up-to-date: /workspace/install/vyra_module_interfaces/include/vyra_module_interfaces/vyra_module_interfaces/msg/detail/error_feed__rosidl_typesupport_introspection_cpp.hpp
[2.521s] -- Up-to-date: /workspace/install/vyra_module_interfaces/include/vyra_module_interfaces/vyra_module_interfaces/msg/detail/news_feed__rosidl_typesupport_introspection_cpp.hpp
[2.521s] -- Up-to-date: /workspace/install/vyra_module_interfaces/include/vyra_module_interfaces/vyra_module_interfaces/msg/detail/news_feed__type_support.cpp
[2.521s] -- Up-to-date: /workspace/install/vyra_module_interfaces/include/vyra_module_interfaces/vyra_module_interfaces/msg/detail/state_feed__type_support.cpp
[2.521s] -- Up-to-date: /workspace/install/vyra_module_interfaces/include/vyra_module_interfaces/vyra_module_interfaces/action
[2.521s] -- Up-to-date: /workspace/install/vyra_module_interfaces/include/vyra_module_interfaces/vyra_module_interfaces/action/detail
[2.521s] -- Up-to-date: /workspace/install/vyra_module_interfaces/include/vyra_module_interfaces/vyra_module_interfaces/action/detail/initiate_update__type_support.cpp
[2.522s] -- Up-to-date: /workspace/install/vyra_module_interfaces/include/vyra_module_interfaces/vyra_module_interfaces/action/detail/initiate_update__rosidl_typesupport_introspection_cpp.hpp
[2.522s] -- Up-to-date: /workspace/install/vyra_module_interfaces/lib/libvyra_module_interfaces__rosidl_typesupport_introspection_cpp.so
[2.522s] -- Up-to-date: /workspace/install/vyra_module_interfaces/lib/libvyra_module_interfaces__rosidl_typesupport_cpp.so
[2.522s] -- Up-to-date: /workspace/install/vyra_module_interfaces/share/vyra_module_interfaces/environment/pythonpath.sh
[2.522s] -- Installing: /workspace/install/vyra_module_interfaces/share/vyra_module_interfaces/environment/pythonpath.dsv
[2.522s] -- Up-to-date: /workspace/install/vyra_module_interfaces/local/lib/python3.10/dist-packages/vyra_module_interfaces-0.1.0-py3.10.egg-info
[2.522s] -- Installing: /workspace/install/vyra_module_interfaces/local/lib/python3.10/dist-packages/vyra_module_interfaces-0.1.0-py3.10.egg-info/PKG-INFO
[2.522s] -- Installing: /workspace/install/vyra_module_interfaces/local/lib/python3.10/dist-packages/vyra_module_interfaces-0.1.0-py3.10.egg-info/top_level.txt
[2.522s] -- Installing: /workspace/install/vyra_module_interfaces/local/lib/python3.10/dist-packages/vyra_module_interfaces-0.1.0-py3.10.egg-info/SOURCES.txt
[2.522s] -- Installing: /workspace/install/vyra_module_interfaces/local/lib/python3.10/dist-packages/vyra_module_interfaces-0.1.0-py3.10.egg-info/dependency_links.txt
[2.522s] -- Up-to-date: /workspace/install/vyra_module_interfaces/local/lib/python3.10/dist-packages/vyra_module_interfaces
[2.522s] -- Up-to-date: /workspace/install/vyra_module_interfaces/local/lib/python3.10/dist-packages/vyra_module_interfaces/srv
[2.522s] -- Up-to-date: /workspace/install/vyra_module_interfaces/local/lib/python3.10/dist-packages/vyra_module_interfaces/srv/_trigger_transition.py
[2.522s] -- Up-to-date: /workspace/install/vyra_module_interfaces/local/lib/python3.10/dist-packages/vyra_module_interfaces/srv/_trigger_transition_s.c
[2.523s] -- Up-to-date: /workspace/install/vyra_module_interfaces/local/lib/python3.10/dist-packages/vyra_module_interfaces/srv/_get_capabilities_s.c
[2.523s] -- Up-to-date: /workspace/install/vyra_module_interfaces/local/lib/python3.10/dist-packages/vyra_module_interfaces/srv/_get_logs.py
[2.523s] -- Up-to-date: /workspace/install/vyra_module_interfaces/local/lib/python3.10/dist-packages/vyra_module_interfaces/srv/_get_logs_s.c
[2.523s] -- Up-to-date: /workspace/install/vyra_module_interfaces/local/lib/python3.10/dist-packages/vyra_module_interfaces/srv/_health_check.py
[2.523s] -- Up-to-date: /workspace/install/vyra_module_interfaces/local/lib/python3.10/dist-packages/vyra_module_interfaces/srv/_health_check_s.c
[2.523s] -- Up-to-date: /workspace/install/vyra_module_interfaces/local/lib/python3.10/dist-packages/vyra_module_interfaces/srv/__init__.py
[2.523s] -- Up-to-date: /workspace/install/vyra_module_interfaces/local/lib/python3.10/dist-packages/vyra_module_interfaces/srv/_get_capabilities.py
[2.523s] -- Up-to-date: /workspace/install/vyra_module_interfaces/local/lib/python3.10/dist-packages/vyra_module_interfaces/msg
[2.523s] -- Up-to-date: /workspace/install/vyra_module_interfaces/local/lib/python3.10/dist-packages/vyra_module_interfaces/msg/_state_feed_s.c
[2.523s] -- Up-to-date: /workspace/install/vyra_module_interfaces/local/lib/python3.10/dist-packages/vyra_module_interfaces/msg/_state_feed.py
[2.523s] -- Up-to-date: /workspace/install/vyra_module_interfaces/local/lib/python3.10/dist-packages/vyra_module_interfaces/msg/_error_feed.py
[2.523s] -- Up-to-date: /workspace/install/vyra_module_interfaces/local/lib/python3.10/dist-packages/vyra_module_interfaces/msg/_logger_stream.py
[2.523s] -- Up-to-date: /workspace/install/vyra_module_interfaces/local/lib/python3.10/dist-packages/vyra_module_interfaces/msg/_news_feed.py
[2.524s] -- Up-to-date: /workspace/install/vyra_module_interfaces/local/lib/python3.10/dist-packages/vyra_module_interfaces/msg/_news_feed_s.c
[2.524s] -- Up-to-date: /workspace/install/vyra_module_interfaces/local/lib/python3.10/dist-packages/vyra_module_interfaces/msg/_logger_stream_s.c
[2.524s] -- Up-to-date: /workspace/install/vyra_module_interfaces/local/lib/python3.10/dist-packages/vyra_module_interfaces/msg/__init__.py
[2.524s] -- Up-to-date: /workspace/install/vyra_module_interfaces/local/lib/python3.10/dist-packages/vyra_module_interfaces/msg/_error_feed_s.c
[2.524s] -- Up-to-date: /workspace/install/vyra_module_interfaces/local/lib/python3.10/dist-packages/vyra_module_interfaces/_vyra_module_interfaces_s.ep.rosidl_typesupport_introspection_c.c
[2.524s] -- Up-to-date: /workspace/install/vyra_module_interfaces/local/lib/python3.10/dist-packages/vyra_module_interfaces/_vyra_module_interfaces_s.ep.rosidl_typesupport_c.c
[2.524s] -- Up-to-date: /workspace/install/vyra_module_interfaces/local/lib/python3.10/dist-packages/vyra_module_interfaces/_vyra_module_interfaces_s.ep.rosidl_typesupport_fastrtps_c.c
[2.524s] -- Up-to-date: /workspace/install/vyra_module_interfaces/local/lib/python3.10/dist-packages/vyra_module_interfaces/vyra_module_interfaces_s__rosidl_typesupport_fastrtps_c.cpython-310-x86_64-linux-gnu.so
[2.524s] -- Up-to-date: /workspace/install/vyra_module_interfaces/local/lib/python3.10/dist-packages/vyra_module_interfaces/libvyra_module_interfaces__rosidl_generator_py.so
[2.524s] -- Installing: /workspace/install/vyra_module_interfaces/local/lib/python3.10/dist-packages/vyra_module_interfaces/__init__.py
[2.524s] -- Up-to-date: /workspace/install/vyra_module_interfaces/local/lib/python3.10/dist-packages/vyra_module_interfaces/vyra_module_interfaces_s__rosidl_typesupport_c.cpython-310-x86_64-linux-gnu.so
[2.524s] -- Up-to-date: /workspace/install/vyra_module_interfaces/local/lib/python3.10/dist-packages/vyra_module_interfaces/action
[2.524s] -- Up-to-date: /workspace/install/vyra_module_interfaces/local/lib/python3.10/dist-packages/vyra_module_interfaces/action/_initiate_update.py
[2.524s] -- Up-to-date: /workspace/install/vyra_module_interfaces/local/lib/python3.10/dist-packages/vyra_module_interfaces/action/_initiate_update_s.c
[2.525s] -- Up-to-date: /workspace/install/vyra_module_interfaces/local/lib/python3.10/dist-packages/vyra_module_interfaces/action/__init__.py
[2.525s] -- Up-to-date: /workspace/install/vyra_module_interfaces/local/lib/python3.10/dist-packages/vyra_module_interfaces/vyra_module_interfaces_s__rosidl_typesupport_introspection_c.cpython-310-x86_64-linux-gnu.so
[2.564s] Listing '/workspace/install/vyra_module_interfaces/local/lib/python3.10/dist-packages/vyra_module_interfaces'...
[2.564s] Compiling '/workspace/install/vyra_module_interfaces/local/lib/python3.10/dist-packages/vyra_module_interfaces/__init__.py'...
[2.564s] Listing '/workspace/install/vyra_module_interfaces/local/lib/python3.10/dist-packages/vyra_module_interfaces/action'...
[2.564s] Listing '/workspace/install/vyra_module_interfaces/local/lib/python3.10/dist-packages/vyra_module_interfaces/msg'...
[2.564s] Listing '/workspace/install/vyra_module_interfaces/local/lib/python3.10/dist-packages/vyra_module_interfaces/srv'...
[2.570s] -- Up-to-date: /workspace/install/vyra_module_interfaces/local/lib/python3.10/dist-packages/vyra_module_interfaces/vyra_module_interfaces_s__rosidl_typesupport_fastrtps_c.cpython-310-x86_64-linux-gnu.so
[2.571s] -- Up-to-date: /workspace/install/vyra_module_interfaces/local/lib/python3.10/dist-packages/vyra_module_interfaces/vyra_module_interfaces_s__rosidl_typesupport_introspection_c.cpython-310-x86_64-linux-gnu.so
[2.572s] -- Up-to-date: /workspace/install/vyra_module_interfaces/local/lib/python3.10/dist-packages/vyra_module_interfaces/vyra_module_interfaces_s__rosidl_typesupport_c.cpython-310-x86_64-linux-gnu.so
[2.573s] -- Up-to-date: /workspace/install/vyra_module_interfaces/lib/libvyra_module_interfaces__rosidl_generator_py.so
[2.574s] -- Up-to-date: /workspace/install/vyra_module_interfaces/share/vyra_module_interfaces/msg/NewsFeed.idl
[2.574s] -- Up-to-date: /workspace/install/vyra_module_interfaces/share/vyra_module_interfaces/msg/ErrorFeed.idl
[2.574s] -- Up-to-date: /workspace/install/vyra_module_interfaces/share/vyra_module_interfaces/msg/LoggerStream.idl
[2.574s] -- Up-to-date: /workspace/install/vyra_module_interfaces/share/vyra_module_interfaces/msg/StateFeed.idl
[2.574s] -- Up-to-date: /workspace/install/vyra_module_interfaces/share/vyra_module_interfaces/srv/HealthCheck.idl
[2.574s] -- Up-to-date: /workspace/install/vyra_module_interfaces/share/vyra_module_interfaces/srv/GetCapabilities.idl
[2.575s] -- Up-to-date: /workspace/install/vyra_module_interfaces/share/vyra_module_interfaces/srv/TriggerTransition.idl
[2.575s] -- Up-to-date: /workspace/install/vyra_module_interfaces/share/vyra_module_interfaces/srv/GetLogs.idl
[2.575s] -- Up-to-date: /workspace/install/vyra_module_interfaces/share/vyra_module_interfaces/action/InitiateUpdate.idl
[2.575s] -- Up-to-date: /workspace/install/vyra_module_interfaces/share/vyra_module_interfaces/msg/NewsFeed.msg
[2.576s] -- Up-to-date: /workspace/install/vyra_module_interfaces/share/vyra_module_interfaces/msg/ErrorFeed.msg
[2.576s] -- Up-to-date: /workspace/install/vyra_module_interfaces/share/vyra_module_interfaces/msg/LoggerStream.msg
[2.576s] -- Up-to-date: /workspace/install/vyra_module_interfaces/share/vyra_module_interfaces/msg/StateFeed.msg
[2.576s] -- Up-to-date: /workspace/install/vyra_module_interfaces/share/vyra_module_interfaces/srv/HealthCheck.srv
[2.577s] -- Up-to-date: /workspace/install/vyra_module_interfaces/share/vyra_module_interfaces/srv/HealthCheck_Request.msg
[2.577s] -- Up-to-date: /workspace/install/vyra_module_interfaces/share/vyra_module_interfaces/srv/HealthCheck_Response.msg
[2.577s] -- Up-to-date: /workspace/install/vyra_module_interfaces/share/vyra_module_interfaces/srv/GetCapabilities.srv
[2.577s] -- Up-to-date: /workspace/install/vyra_module_interfaces/share/vyra_module_interfaces/srv/GetCapabilities_Request.msg
[2.578s] -- Up-to-date: /workspace/install/vyra_module_interfaces/share/vyra_module_interfaces/srv/GetCapabilities_Response.msg
[2.578s] -- Up-to-date: /workspace/install/vyra_module_interfaces/share/vyra_module_interfaces/srv/TriggerTransition.srv
[2.578s] -- Up-to-date: /workspace/install/vyra_module_interfaces/share/vyra_module_interfaces/srv/TriggerTransition_Request.msg
[2.578s] -- Up-to-date: /workspace/install/vyra_module_interfaces/share/vyra_module_interfaces/srv/TriggerTransition_Response.msg
[2.579s] -- Installing: /workspace/install/vyra_module_interfaces/share/vyra_module_interfaces/srv/GetLogs.srv
[2.579s] -- Up-to-date: /workspace/install/vyra_module_interfaces/share/vyra_module_interfaces/srv/GetLogs_Request.msg
[2.579s] -- Up-to-date: /workspace/install/vyra_module_interfaces/share/vyra_module_interfaces/srv/GetLogs_Response.msg
[2.579s] -- Installing: /workspace/install/vyra_module_interfaces/share/vyra_module_interfaces/action/InitiateUpdate.action
[2.580s] -- Up-to-date: /workspace/install/vyra_module_interfaces/share/vyra_module_interfaces/config
[2.580s] -- Up-to-date: /workspace/install/vyra_module_interfaces/share/vyra_module_interfaces/config/base_metadata.config
[2.580s] -- Up-to-date: /workspace/install/vyra_module_interfaces/share/ament_index/resource_index/package_run_dependencies/vyra_module_interfaces
[2.580s] -- Up-to-date: /workspace/install/vyra_module_interfaces/share/ament_index/resource_index/parent_prefix_path/vyra_module_interfaces
[2.581s] -- Up-to-date: /workspace/install/vyra_module_interfaces/share/vyra_module_interfaces/environment/ament_prefix_path.sh
[2.581s] -- Installing: /workspace/install/vyra_module_interfaces/share/vyra_module_interfaces/environment/ament_prefix_path.dsv
[2.581s] -- Up-to-date: /workspace/install/vyra_module_interfaces/share/vyra_module_interfaces/environment/path.sh
[2.581s] -- Installing: /workspace/install/vyra_module_interfaces/share/vyra_module_interfaces/environment/path.dsv
[2.581s] -- Up-to-date: /workspace/install/vyra_module_interfaces/share/vyra_module_interfaces/local_setup.bash
[2.582s] -- Up-to-date: /workspace/install/vyra_module_interfaces/share/vyra_module_interfaces/local_setup.sh
[2.582s] -- Up-to-date: /workspace/install/vyra_module_interfaces/share/vyra_module_interfaces/local_setup.zsh
[2.582s] -- Installing: /workspace/install/vyra_module_interfaces/share/vyra_module_interfaces/local_setup.dsv
[2.582s] -- Installing: /workspace/install/vyra_module_interfaces/share/vyra_module_interfaces/package.dsv
[2.583s] -- Up-to-date: /workspace/install/vyra_module_interfaces/share/ament_index/resource_index/packages/vyra_module_interfaces
[2.583s] -- Up-to-date: /workspace/install/vyra_module_interfaces/share/vyra_module_interfaces/cmake/export_vyra_module_interfaces__rosidl_generator_cExport.cmake
[2.583s] -- Up-to-date: /workspace/install/vyra_module_interfaces/share/vyra_module_interfaces/cmake/export_vyra_module_interfaces__rosidl_generator_cExport-noconfig.cmake
[2.583s] -- Up-to-date: /workspace/install/vyra_module_interfaces/share/vyra_module_interfaces/cmake/export_vyra_module_interfaces__rosidl_typesupport_fastrtps_cExport.cmake
[2.584s] -- Up-to-date: /workspace/install/vyra_module_interfaces/share/vyra_module_interfaces/cmake/export_vyra_module_interfaces__rosidl_typesupport_fastrtps_cExport-noconfig.cmake
[2.584s] -- Up-to-date: /workspace/install/vyra_module_interfaces/share/vyra_module_interfaces/cmake/vyra_module_interfaces__rosidl_typesupport_introspection_cExport.cmake
[2.584s] -- Up-to-date: /workspace/install/vyra_module_interfaces/share/vyra_module_interfaces/cmake/vyra_module_interfaces__rosidl_typesupport_introspection_cExport-noconfig.cmake
[2.584s] -- Up-to-date: /workspace/install/vyra_module_interfaces/share/vyra_module_interfaces/cmake/vyra_module_interfaces__rosidl_typesupport_cExport.cmake
[2.585s] -- Up-to-date: /workspace/install/vyra_module_interfaces/share/vyra_module_interfaces/cmake/vyra_module_interfaces__rosidl_typesupport_cExport-noconfig.cmake
[2.585s] -- Up-to-date: /workspace/install/vyra_module_interfaces/share/vyra_module_interfaces/cmake/export_vyra_module_interfaces__rosidl_generator_cppExport.cmake
[2.585s] -- Up-to-date: /workspace/install/vyra_module_interfaces/share/vyra_module_interfaces/cmake/export_vyra_module_interfaces__rosidl_typesupport_fastrtps_cppExport.cmake
[2.585s] -- Up-to-date: /workspace/install/vyra_module_interfaces/share/vyra_module_interfaces/cmake/export_vyra_module_interfaces__rosidl_typesupport_fastrtps_cppExport-noconfig.cmake
[2.585s] -- Up-to-date: /workspace/install/vyra_module_interfaces/share/vyra_module_interfaces/cmake/vyra_module_interfaces__rosidl_typesupport_introspection_cppExport.cmake
[2.585s] -- Up-to-date: /workspace/install/vyra_module_interfaces/share/vyra_module_interfaces/cmake/vyra_module_interfaces__rosidl_typesupport_introspection_cppExport-noconfig.cmake
[2.586s] -- Up-to-date: /workspace/install/vyra_module_interfaces/share/vyra_module_interfaces/cmake/vyra_module_interfaces__rosidl_typesupport_cppExport.cmake
[2.586s] -- Up-to-date: /workspace/install/vyra_module_interfaces/share/vyra_module_interfaces/cmake/vyra_module_interfaces__rosidl_typesupport_cppExport-noconfig.cmake
[2.586s] -- Up-to-date: /workspace/install/vyra_module_interfaces/share/vyra_module_interfaces/cmake/export_vyra_module_interfaces__rosidl_generator_pyExport.cmake
[2.587s] -- Up-to-date: /workspace/install/vyra_module_interfaces/share/vyra_module_interfaces/cmake/export_vyra_module_interfaces__rosidl_generator_pyExport-noconfig.cmake
[2.587s] -- Up-to-date: /workspace/install/vyra_module_interfaces/share/vyra_module_interfaces/cmake/rosidl_cmake-extras.cmake
[2.588s] -- Up-to-date: /workspace/install/vyra_module_interfaces/share/vyra_module_interfaces/cmake/ament_cmake_export_dependencies-extras.cmake
[2.588s] -- Up-to-date: /workspace/install/vyra_module_interfaces/share/vyra_module_interfaces/cmake/ament_cmake_export_include_directories-extras.cmake
[2.589s] -- Up-to-date: /workspace/install/vyra_module_interfaces/share/vyra_module_interfaces/cmake/ament_cmake_export_libraries-extras.cmake
[2.589s] -- Up-to-date: /workspace/install/vyra_module_interfaces/share/vyra_module_interfaces/cmake/ament_cmake_export_targets-extras.cmake
[2.589s] -- Up-to-date: /workspace/install/vyra_module_interfaces/share/vyra_module_interfaces/cmake/rosidl_cmake_export_typesupport_targets-extras.cmake
[2.589s] -- Up-to-date: /workspace/install/vyra_module_interfaces/share/vyra_module_interfaces/cmake/rosidl_cmake_export_typesupport_libraries-extras.cmake
[2.590s] -- Up-to-date: /workspace/install/vyra_module_interfaces/share/vyra_module_interfaces/cmake/vyra_module_interfacesConfig.cmake
[2.590s] -- Up-to-date: /workspace/install/vyra_module_interfaces/share/vyra_module_interfaces/cmake/vyra_module_interfacesConfig-version.cmake
[2.590s] -- Installing: /workspace/install/vyra_module_interfaces/share/vyra_module_interfaces/package.xml
[2.591s] Invoked command in '/workspace/build/vyra_module_interfaces' returned '0': CMAKE_PREFIX_PATH=${CMAKE_PREFIX_PATH}:/workspace/install/vyra_module_template:/opt/ros/humble /usr/bin/cmake --install /workspace/build/vyra_module_interfaces
