[0.012s] Invoking command in '/workspace/build/vos_module_interfaces': CMAKE_PREFIX_PATH=/opt/ros/humble /usr/bin/cmake --build /workspace/build/vos_module_interfaces -- -j12 -l12
[0.088s] [ 11%] Built target vos_module_interfaces__rosidl_generator_c
[0.093s] [ 12%] Built target vos_module_interfaces__cpp
[0.120s] [ 12%] Built target ament_cmake_python_copy_vos_module_interfaces
[0.134s] [ 33%] Built target vos_module_interfaces__rosidl_typesupport_introspection_c
[0.136s] [ 35%] Built target vos_module_interfaces__rosidl_typesupport_c
[0.136s] [ 47%] Built target vos_module_interfaces__rosidl_typesupport_fastrtps_c
[0.137s] [ 58%] Built target vos_module_interfaces__rosidl_typesupport_cpp
[0.139s] [ 70%] Built target vos_module_interfaces__rosidl_typesupport_fastrtps_cpp
[0.143s] [ 82%] Built target vos_module_interfaces__rosidl_typesupport_introspection_cpp
[0.170s] [ 82%] Built target vos_module_interfaces
[0.200s] [ 83%] Built target vos_module_interfaces__py
[0.236s] [ 93%] Built target vos_module_interfaces__rosidl_generator_py
[0.267s] [ 95%] Built target vos_module_interfaces__rosidl_typesupport_fastrtps_c__pyext
[0.267s] [100%] Built target vos_module_interfaces__rosidl_typesupport_c__pyext
[0.267s] [100%] Built target vos_module_interfaces__rosidl_typesupport_introspection_c__pyext
[0.367s] running egg_info
[0.382s] writing vos_module_interfaces.egg-info/PKG-INFO
[0.382s] writing dependency_links to vos_module_interfaces.egg-info/dependency_links.txt
[0.383s] writing top-level names to vos_module_interfaces.egg-info/top_level.txt
[0.427s] reading manifest file 'vos_module_interfaces.egg-info/SOURCES.txt'
[0.429s] writing manifest file 'vos_module_interfaces.egg-info/SOURCES.txt'
[0.463s] [100%] Built target ament_cmake_python_build_vos_module_interfaces_egg
[0.502s] Invoked command in '/workspace/build/vos_module_interfaces' returned '0': CMAKE_PREFIX_PATH=/opt/ros/humble /usr/bin/cmake --build /workspace/build/vos_module_interfaces -- -j12 -l12
[0.525s] Invoking command in '/workspace/build/vos_module_interfaces': CMAKE_PREFIX_PATH=/opt/ros/humble /usr/bin/cmake --install /workspace/build/vos_module_interfaces
[0.542s] -- Install configuration: ""
[0.543s] -- Up-to-date: /workspace/install/vos_module_interfaces/share/ament_index/resource_index/rosidl_interfaces/vos_module_interfaces
[0.543s] -- Up-to-date: /workspace/install/vos_module_interfaces/include/vos_module_interfaces/vos_module_interfaces
[0.543s] -- Up-to-date: /workspace/install/vos_module_interfaces/include/vos_module_interfaces/vos_module_interfaces/srv
[0.544s] -- Up-to-date: /workspace/install/vos_module_interfaces/include/vos_module_interfaces/vos_module_interfaces/srv/get_logs.h
[0.544s] -- Up-to-date: /workspace/install/vos_module_interfaces/include/vos_module_interfaces/vos_module_interfaces/srv/health_check.h
[0.545s] -- Up-to-date: /workspace/install/vos_module_interfaces/include/vos_module_interfaces/vos_module_interfaces/srv/detail
[0.545s] -- Up-to-date: /workspace/install/vos_module_interfaces/include/vos_module_interfaces/vos_module_interfaces/srv/detail/get_capabilities__functions.c
[0.545s] -- Up-to-date: /workspace/install/vos_module_interfaces/include/vos_module_interfaces/vos_module_interfaces/srv/detail/get_logs__struct.h
[0.546s] -- Up-to-date: /workspace/install/vos_module_interfaces/include/vos_module_interfaces/vos_module_interfaces/srv/detail/get_logs__functions.c
[0.546s] -- Up-to-date: /workspace/install/vos_module_interfaces/include/vos_module_interfaces/vos_module_interfaces/srv/detail/health_check__functions.h
[0.546s] -- Up-to-date: /workspace/install/vos_module_interfaces/include/vos_module_interfaces/vos_module_interfaces/srv/detail/health_check__functions.c
[0.547s] -- Up-to-date: /workspace/install/vos_module_interfaces/include/vos_module_interfaces/vos_module_interfaces/srv/detail/health_check__struct.h
[0.547s] -- Up-to-date: /workspace/install/vos_module_interfaces/include/vos_module_interfaces/vos_module_interfaces/srv/detail/get_logs__type_support.h
[0.547s] -- Up-to-date: /workspace/install/vos_module_interfaces/include/vos_module_interfaces/vos_module_interfaces/srv/detail/get_capabilities__struct.h
[0.548s] -- Up-to-date: /workspace/install/vos_module_interfaces/include/vos_module_interfaces/vos_module_interfaces/srv/detail/trigger_transition__functions.c
[0.548s] -- Up-to-date: /workspace/install/vos_module_interfaces/include/vos_module_interfaces/vos_module_interfaces/srv/detail/trigger_transition__functions.h
[0.549s] -- Up-to-date: /workspace/install/vos_module_interfaces/include/vos_module_interfaces/vos_module_interfaces/srv/detail/get_capabilities__type_support.h
[0.549s] -- Up-to-date: /workspace/install/vos_module_interfaces/include/vos_module_interfaces/vos_module_interfaces/srv/detail/get_capabilities__functions.h
[0.549s] -- Up-to-date: /workspace/install/vos_module_interfaces/include/vos_module_interfaces/vos_module_interfaces/srv/detail/health_check__type_support.h
[0.549s] -- Up-to-date: /workspace/install/vos_module_interfaces/include/vos_module_interfaces/vos_module_interfaces/srv/detail/trigger_transition__type_support.h
[0.550s] -- Up-to-date: /workspace/install/vos_module_interfaces/include/vos_module_interfaces/vos_module_interfaces/srv/detail/get_logs__functions.h
[0.550s] -- Up-to-date: /workspace/install/vos_module_interfaces/include/vos_module_interfaces/vos_module_interfaces/srv/detail/trigger_transition__struct.h
[0.550s] -- Up-to-date: /workspace/install/vos_module_interfaces/include/vos_module_interfaces/vos_module_interfaces/srv/trigger_transition.h
[0.550s] -- Up-to-date: /workspace/install/vos_module_interfaces/include/vos_module_interfaces/vos_module_interfaces/srv/get_capabilities.h
[0.551s] -- Up-to-date: /workspace/install/vos_module_interfaces/include/vos_module_interfaces/vos_module_interfaces/msg
[0.551s] -- Up-to-date: /workspace/install/vos_module_interfaces/include/vos_module_interfaces/vos_module_interfaces/msg/news_feed.h
[0.552s] -- Up-to-date: /workspace/install/vos_module_interfaces/include/vos_module_interfaces/vos_module_interfaces/msg/rosidl_generator_c__visibility_control.h
[0.553s] -- Up-to-date: /workspace/install/vos_module_interfaces/include/vos_module_interfaces/vos_module_interfaces/msg/error_feed.h
[0.553s] -- Up-to-date: /workspace/install/vos_module_interfaces/include/vos_module_interfaces/vos_module_interfaces/msg/state_feed.h
[0.553s] -- Up-to-date: /workspace/install/vos_module_interfaces/include/vos_module_interfaces/vos_module_interfaces/msg/logger_stream.h
[0.554s] -- Up-to-date: /workspace/install/vos_module_interfaces/include/vos_module_interfaces/vos_module_interfaces/msg/detail
[0.554s] -- Up-to-date: /workspace/install/vos_module_interfaces/include/vos_module_interfaces/vos_module_interfaces/msg/detail/error_feed__functions.h
[0.554s] -- Up-to-date: /workspace/install/vos_module_interfaces/include/vos_module_interfaces/vos_module_interfaces/msg/detail/logger_stream__functions.c
[0.554s] -- Up-to-date: /workspace/install/vos_module_interfaces/include/vos_module_interfaces/vos_module_interfaces/msg/detail/error_feed__struct.h
[0.555s] -- Up-to-date: /workspace/install/vos_module_interfaces/include/vos_module_interfaces/vos_module_interfaces/msg/detail/news_feed__struct.h
[0.555s] -- Up-to-date: /workspace/install/vos_module_interfaces/include/vos_module_interfaces/vos_module_interfaces/msg/detail/logger_stream__functions.h
[0.555s] -- Up-to-date: /workspace/install/vos_module_interfaces/include/vos_module_interfaces/vos_module_interfaces/msg/detail/state_feed__functions.h
[0.556s] -- Up-to-date: /workspace/install/vos_module_interfaces/include/vos_module_interfaces/vos_module_interfaces/msg/detail/news_feed__functions.c
[0.556s] -- Up-to-date: /workspace/install/vos_module_interfaces/include/vos_module_interfaces/vos_module_interfaces/msg/detail/state_feed__struct.h
[0.556s] -- Up-to-date: /workspace/install/vos_module_interfaces/include/vos_module_interfaces/vos_module_interfaces/msg/detail/news_feed__type_support.h
[0.556s] -- Up-to-date: /workspace/install/vos_module_interfaces/include/vos_module_interfaces/vos_module_interfaces/msg/detail/logger_stream__type_support.h
[0.556s] -- Up-to-date: /workspace/install/vos_module_interfaces/include/vos_module_interfaces/vos_module_interfaces/msg/detail/error_feed__functions.c
[0.557s] -- Up-to-date: /workspace/install/vos_module_interfaces/include/vos_module_interfaces/vos_module_interfaces/msg/detail/logger_stream__struct.h
[0.557s] -- Up-to-date: /workspace/install/vos_module_interfaces/include/vos_module_interfaces/vos_module_interfaces/msg/detail/error_feed__type_support.h
[0.557s] -- Up-to-date: /workspace/install/vos_module_interfaces/include/vos_module_interfaces/vos_module_interfaces/msg/detail/state_feed__type_support.h
[0.557s] -- Up-to-date: /workspace/install/vos_module_interfaces/include/vos_module_interfaces/vos_module_interfaces/msg/detail/news_feed__functions.h
[0.558s] -- Up-to-date: /workspace/install/vos_module_interfaces/include/vos_module_interfaces/vos_module_interfaces/msg/detail/state_feed__functions.c
[0.558s] -- Up-to-date: /workspace/install/vos_module_interfaces/include/vos_module_interfaces/vos_module_interfaces/action
[0.558s] -- Up-to-date: /workspace/install/vos_module_interfaces/include/vos_module_interfaces/vos_module_interfaces/action/initiate_update.h
[0.559s] -- Up-to-date: /workspace/install/vos_module_interfaces/include/vos_module_interfaces/vos_module_interfaces/action/detail
[0.559s] -- Up-to-date: /workspace/install/vos_module_interfaces/include/vos_module_interfaces/vos_module_interfaces/action/detail/initiate_update__functions.c
[0.560s] -- Up-to-date: /workspace/install/vos_module_interfaces/include/vos_module_interfaces/vos_module_interfaces/action/detail/initiate_update__struct.h
[0.560s] -- Up-to-date: /workspace/install/vos_module_interfaces/include/vos_module_interfaces/vos_module_interfaces/action/detail/initiate_update__type_support.h
[0.560s] -- Up-to-date: /workspace/install/vos_module_interfaces/include/vos_module_interfaces/vos_module_interfaces/action/detail/initiate_update__functions.h
[0.561s] -- Up-to-date: /workspace/install/vos_module_interfaces/share/vos_module_interfaces/environment/library_path.sh
[0.561s] -- Up-to-date: /workspace/install/vos_module_interfaces/share/vos_module_interfaces/environment/library_path.dsv
[0.561s] -- Up-to-date: /workspace/install/vos_module_interfaces/lib/libvos_module_interfaces__rosidl_generator_c.so
[0.561s] -- Up-to-date: /workspace/install/vos_module_interfaces/include/vos_module_interfaces/vos_module_interfaces
[0.561s] -- Up-to-date: /workspace/install/vos_module_interfaces/include/vos_module_interfaces/vos_module_interfaces/srv
[0.561s] -- Up-to-date: /workspace/install/vos_module_interfaces/include/vos_module_interfaces/vos_module_interfaces/srv/detail
[0.561s] -- Up-to-date: /workspace/install/vos_module_interfaces/include/vos_module_interfaces/vos_module_interfaces/srv/detail/health_check__rosidl_typesupport_fastrtps_c.h
[0.561s] -- Up-to-date: /workspace/install/vos_module_interfaces/include/vos_module_interfaces/vos_module_interfaces/srv/detail/get_capabilities__rosidl_typesupport_fastrtps_c.h
[0.561s] -- Up-to-date: /workspace/install/vos_module_interfaces/include/vos_module_interfaces/vos_module_interfaces/srv/detail/get_logs__rosidl_typesupport_fastrtps_c.h
[0.561s] -- Up-to-date: /workspace/install/vos_module_interfaces/include/vos_module_interfaces/vos_module_interfaces/srv/detail/trigger_transition__rosidl_typesupport_fastrtps_c.h
[0.561s] -- Up-to-date: /workspace/install/vos_module_interfaces/include/vos_module_interfaces/vos_module_interfaces/msg
[0.561s] -- Up-to-date: /workspace/install/vos_module_interfaces/include/vos_module_interfaces/vos_module_interfaces/msg/rosidl_typesupport_fastrtps_c__visibility_control.h
[0.561s] -- Up-to-date: /workspace/install/vos_module_interfaces/include/vos_module_interfaces/vos_module_interfaces/msg/detail
[0.562s] -- Up-to-date: /workspace/install/vos_module_interfaces/include/vos_module_interfaces/vos_module_interfaces/msg/detail/logger_stream__rosidl_typesupport_fastrtps_c.h
[0.562s] -- Up-to-date: /workspace/install/vos_module_interfaces/include/vos_module_interfaces/vos_module_interfaces/msg/detail/news_feed__rosidl_typesupport_fastrtps_c.h
[0.562s] -- Up-to-date: /workspace/install/vos_module_interfaces/include/vos_module_interfaces/vos_module_interfaces/msg/detail/error_feed__rosidl_typesupport_fastrtps_c.h
[0.562s] -- Up-to-date: /workspace/install/vos_module_interfaces/include/vos_module_interfaces/vos_module_interfaces/msg/detail/state_feed__rosidl_typesupport_fastrtps_c.h
[0.562s] -- Up-to-date: /workspace/install/vos_module_interfaces/include/vos_module_interfaces/vos_module_interfaces/action
[0.562s] -- Up-to-date: /workspace/install/vos_module_interfaces/include/vos_module_interfaces/vos_module_interfaces/action/detail
[0.562s] -- Up-to-date: /workspace/install/vos_module_interfaces/include/vos_module_interfaces/vos_module_interfaces/action/detail/initiate_update__rosidl_typesupport_fastrtps_c.h
[0.562s] -- Up-to-date: /workspace/install/vos_module_interfaces/lib/libvos_module_interfaces__rosidl_typesupport_fastrtps_c.so
[0.562s] -- Up-to-date: /workspace/install/vos_module_interfaces/include/vos_module_interfaces/vos_module_interfaces
[0.562s] -- Up-to-date: /workspace/install/vos_module_interfaces/include/vos_module_interfaces/vos_module_interfaces/srv
[0.562s] -- Up-to-date: /workspace/install/vos_module_interfaces/include/vos_module_interfaces/vos_module_interfaces/srv/detail
[0.562s] -- Up-to-date: /workspace/install/vos_module_interfaces/include/vos_module_interfaces/vos_module_interfaces/srv/detail/trigger_transition__rosidl_typesupport_introspection_c.h
[0.563s] -- Up-to-date: /workspace/install/vos_module_interfaces/include/vos_module_interfaces/vos_module_interfaces/srv/detail/get_logs__type_support.c
[0.563s] -- Up-to-date: /workspace/install/vos_module_interfaces/include/vos_module_interfaces/vos_module_interfaces/srv/detail/trigger_transition__type_support.c
[0.563s] -- Up-to-date: /workspace/install/vos_module_interfaces/include/vos_module_interfaces/vos_module_interfaces/srv/detail/get_capabilities__type_support.c
[0.563s] -- Up-to-date: /workspace/install/vos_module_interfaces/include/vos_module_interfaces/vos_module_interfaces/srv/detail/health_check__rosidl_typesupport_introspection_c.h
[0.563s] -- Up-to-date: /workspace/install/vos_module_interfaces/include/vos_module_interfaces/vos_module_interfaces/srv/detail/get_logs__rosidl_typesupport_introspection_c.h
[0.563s] -- Up-to-date: /workspace/install/vos_module_interfaces/include/vos_module_interfaces/vos_module_interfaces/srv/detail/get_capabilities__rosidl_typesupport_introspection_c.h
[0.563s] -- Up-to-date: /workspace/install/vos_module_interfaces/include/vos_module_interfaces/vos_module_interfaces/srv/detail/health_check__type_support.c
[0.563s] -- Up-to-date: /workspace/install/vos_module_interfaces/include/vos_module_interfaces/vos_module_interfaces/msg
[0.563s] -- Up-to-date: /workspace/install/vos_module_interfaces/include/vos_module_interfaces/vos_module_interfaces/msg/rosidl_typesupport_introspection_c__visibility_control.h
[0.563s] -- Up-to-date: /workspace/install/vos_module_interfaces/include/vos_module_interfaces/vos_module_interfaces/msg/detail
[0.563s] -- Up-to-date: /workspace/install/vos_module_interfaces/include/vos_module_interfaces/vos_module_interfaces/msg/detail/error_feed__type_support.c
[0.563s] -- Up-to-date: /workspace/install/vos_module_interfaces/include/vos_module_interfaces/vos_module_interfaces/msg/detail/logger_stream__type_support.c
[0.563s] -- Up-to-date: /workspace/install/vos_module_interfaces/include/vos_module_interfaces/vos_module_interfaces/msg/detail/error_feed__rosidl_typesupport_introspection_c.h
[0.563s] -- Up-to-date: /workspace/install/vos_module_interfaces/include/vos_module_interfaces/vos_module_interfaces/msg/detail/news_feed__type_support.c
[0.564s] -- Up-to-date: /workspace/install/vos_module_interfaces/include/vos_module_interfaces/vos_module_interfaces/msg/detail/news_feed__rosidl_typesupport_introspection_c.h
[0.564s] -- Up-to-date: /workspace/install/vos_module_interfaces/include/vos_module_interfaces/vos_module_interfaces/msg/detail/state_feed__type_support.c
[0.564s] -- Up-to-date: /workspace/install/vos_module_interfaces/include/vos_module_interfaces/vos_module_interfaces/msg/detail/logger_stream__rosidl_typesupport_introspection_c.h
[0.564s] -- Up-to-date: /workspace/install/vos_module_interfaces/include/vos_module_interfaces/vos_module_interfaces/msg/detail/state_feed__rosidl_typesupport_introspection_c.h
[0.564s] -- Up-to-date: /workspace/install/vos_module_interfaces/include/vos_module_interfaces/vos_module_interfaces/action
[0.564s] -- Up-to-date: /workspace/install/vos_module_interfaces/include/vos_module_interfaces/vos_module_interfaces/action/detail
[0.564s] -- Up-to-date: /workspace/install/vos_module_interfaces/include/vos_module_interfaces/vos_module_interfaces/action/detail/initiate_update__rosidl_typesupport_introspection_c.h
[0.564s] -- Up-to-date: /workspace/install/vos_module_interfaces/include/vos_module_interfaces/vos_module_interfaces/action/detail/initiate_update__type_support.c
[0.564s] -- Up-to-date: /workspace/install/vos_module_interfaces/lib/libvos_module_interfaces__rosidl_typesupport_introspection_c.so
[0.564s] -- Up-to-date: /workspace/install/vos_module_interfaces/lib/libvos_module_interfaces__rosidl_typesupport_c.so
[0.564s] -- Up-to-date: /workspace/install/vos_module_interfaces/include/vos_module_interfaces/vos_module_interfaces
[0.564s] -- Up-to-date: /workspace/install/vos_module_interfaces/include/vos_module_interfaces/vos_module_interfaces/srv
[0.564s] -- Up-to-date: /workspace/install/vos_module_interfaces/include/vos_module_interfaces/vos_module_interfaces/srv/get_capabilities.hpp
[0.565s] -- Up-to-date: /workspace/install/vos_module_interfaces/include/vos_module_interfaces/vos_module_interfaces/srv/get_logs.hpp
[0.565s] -- Up-to-date: /workspace/install/vos_module_interfaces/include/vos_module_interfaces/vos_module_interfaces/srv/trigger_transition.hpp
[0.565s] -- Up-to-date: /workspace/install/vos_module_interfaces/include/vos_module_interfaces/vos_module_interfaces/srv/health_check.hpp
[0.565s] -- Up-to-date: /workspace/install/vos_module_interfaces/include/vos_module_interfaces/vos_module_interfaces/srv/detail
[0.565s] -- Up-to-date: /workspace/install/vos_module_interfaces/include/vos_module_interfaces/vos_module_interfaces/srv/detail/get_logs__builder.hpp
[0.565s] -- Up-to-date: /workspace/install/vos_module_interfaces/include/vos_module_interfaces/vos_module_interfaces/srv/detail/trigger_transition__traits.hpp
[0.565s] -- Up-to-date: /workspace/install/vos_module_interfaces/include/vos_module_interfaces/vos_module_interfaces/srv/detail/health_check__traits.hpp
[0.565s] -- Up-to-date: /workspace/install/vos_module_interfaces/include/vos_module_interfaces/vos_module_interfaces/srv/detail/trigger_transition__builder.hpp
[0.565s] -- Up-to-date: /workspace/install/vos_module_interfaces/include/vos_module_interfaces/vos_module_interfaces/srv/detail/get_capabilities__struct.hpp
[0.565s] -- Up-to-date: /workspace/install/vos_module_interfaces/include/vos_module_interfaces/vos_module_interfaces/srv/detail/get_logs__struct.hpp
[0.565s] -- Up-to-date: /workspace/install/vos_module_interfaces/include/vos_module_interfaces/vos_module_interfaces/srv/detail/health_check__type_support.hpp
[0.565s] -- Up-to-date: /workspace/install/vos_module_interfaces/include/vos_module_interfaces/vos_module_interfaces/srv/detail/get_logs__traits.hpp
[0.565s] -- Up-to-date: /workspace/install/vos_module_interfaces/include/vos_module_interfaces/vos_module_interfaces/srv/detail/get_capabilities__traits.hpp
[0.566s] -- Up-to-date: /workspace/install/vos_module_interfaces/include/vos_module_interfaces/vos_module_interfaces/srv/detail/trigger_transition__type_support.hpp
[0.566s] -- Up-to-date: /workspace/install/vos_module_interfaces/include/vos_module_interfaces/vos_module_interfaces/srv/detail/get_logs__type_support.hpp
[0.566s] -- Up-to-date: /workspace/install/vos_module_interfaces/include/vos_module_interfaces/vos_module_interfaces/srv/detail/get_capabilities__builder.hpp
[0.566s] -- Up-to-date: /workspace/install/vos_module_interfaces/include/vos_module_interfaces/vos_module_interfaces/srv/detail/trigger_transition__struct.hpp
[0.566s] -- Up-to-date: /workspace/install/vos_module_interfaces/include/vos_module_interfaces/vos_module_interfaces/srv/detail/get_capabilities__type_support.hpp
[0.566s] -- Up-to-date: /workspace/install/vos_module_interfaces/include/vos_module_interfaces/vos_module_interfaces/srv/detail/health_check__builder.hpp
[0.566s] -- Up-to-date: /workspace/install/vos_module_interfaces/include/vos_module_interfaces/vos_module_interfaces/srv/detail/health_check__struct.hpp
[0.566s] -- Up-to-date: /workspace/install/vos_module_interfaces/include/vos_module_interfaces/vos_module_interfaces/msg
[0.566s] -- Up-to-date: /workspace/install/vos_module_interfaces/include/vos_module_interfaces/vos_module_interfaces/msg/rosidl_generator_cpp__visibility_control.hpp
[0.566s] -- Up-to-date: /workspace/install/vos_module_interfaces/include/vos_module_interfaces/vos_module_interfaces/msg/logger_stream.hpp
[0.566s] -- Up-to-date: /workspace/install/vos_module_interfaces/include/vos_module_interfaces/vos_module_interfaces/msg/state_feed.hpp
[0.566s] -- Up-to-date: /workspace/install/vos_module_interfaces/include/vos_module_interfaces/vos_module_interfaces/msg/news_feed.hpp
[0.567s] -- Up-to-date: /workspace/install/vos_module_interfaces/include/vos_module_interfaces/vos_module_interfaces/msg/detail
[0.567s] -- Up-to-date: /workspace/install/vos_module_interfaces/include/vos_module_interfaces/vos_module_interfaces/msg/detail/news_feed__struct.hpp
[0.567s] -- Up-to-date: /workspace/install/vos_module_interfaces/include/vos_module_interfaces/vos_module_interfaces/msg/detail/error_feed__traits.hpp
[0.567s] -- Up-to-date: /workspace/install/vos_module_interfaces/include/vos_module_interfaces/vos_module_interfaces/msg/detail/state_feed__builder.hpp
[0.567s] -- Up-to-date: /workspace/install/vos_module_interfaces/include/vos_module_interfaces/vos_module_interfaces/msg/detail/logger_stream__traits.hpp
[0.567s] -- Up-to-date: /workspace/install/vos_module_interfaces/include/vos_module_interfaces/vos_module_interfaces/msg/detail/news_feed__builder.hpp
[0.567s] -- Up-to-date: /workspace/install/vos_module_interfaces/include/vos_module_interfaces/vos_module_interfaces/msg/detail/news_feed__type_support.hpp
[0.567s] -- Up-to-date: /workspace/install/vos_module_interfaces/include/vos_module_interfaces/vos_module_interfaces/msg/detail/logger_stream__type_support.hpp
[0.567s] -- Up-to-date: /workspace/install/vos_module_interfaces/include/vos_module_interfaces/vos_module_interfaces/msg/detail/error_feed__type_support.hpp
[0.567s] -- Up-to-date: /workspace/install/vos_module_interfaces/include/vos_module_interfaces/vos_module_interfaces/msg/detail/error_feed__builder.hpp
[0.567s] -- Up-to-date: /workspace/install/vos_module_interfaces/include/vos_module_interfaces/vos_module_interfaces/msg/detail/state_feed__struct.hpp
[0.567s] -- Up-to-date: /workspace/install/vos_module_interfaces/include/vos_module_interfaces/vos_module_interfaces/msg/detail/error_feed__struct.hpp
[0.567s] -- Up-to-date: /workspace/install/vos_module_interfaces/include/vos_module_interfaces/vos_module_interfaces/msg/detail/logger_stream__struct.hpp
[0.568s] -- Up-to-date: /workspace/install/vos_module_interfaces/include/vos_module_interfaces/vos_module_interfaces/msg/detail/news_feed__traits.hpp
[0.568s] -- Up-to-date: /workspace/install/vos_module_interfaces/include/vos_module_interfaces/vos_module_interfaces/msg/detail/state_feed__type_support.hpp
[0.568s] -- Up-to-date: /workspace/install/vos_module_interfaces/include/vos_module_interfaces/vos_module_interfaces/msg/detail/logger_stream__builder.hpp
[0.568s] -- Up-to-date: /workspace/install/vos_module_interfaces/include/vos_module_interfaces/vos_module_interfaces/msg/detail/state_feed__traits.hpp
[0.568s] -- Up-to-date: /workspace/install/vos_module_interfaces/include/vos_module_interfaces/vos_module_interfaces/msg/error_feed.hpp
[0.568s] -- Up-to-date: /workspace/install/vos_module_interfaces/include/vos_module_interfaces/vos_module_interfaces/action
[0.568s] -- Up-to-date: /workspace/install/vos_module_interfaces/include/vos_module_interfaces/vos_module_interfaces/action/initiate_update.hpp
[0.568s] -- Up-to-date: /workspace/install/vos_module_interfaces/include/vos_module_interfaces/vos_module_interfaces/action/detail
[0.568s] -- Up-to-date: /workspace/install/vos_module_interfaces/include/vos_module_interfaces/vos_module_interfaces/action/detail/initiate_update__builder.hpp
[0.568s] -- Up-to-date: /workspace/install/vos_module_interfaces/include/vos_module_interfaces/vos_module_interfaces/action/detail/initiate_update__struct.hpp
[0.568s] -- Up-to-date: /workspace/install/vos_module_interfaces/include/vos_module_interfaces/vos_module_interfaces/action/detail/initiate_update__traits.hpp
[0.568s] -- Up-to-date: /workspace/install/vos_module_interfaces/include/vos_module_interfaces/vos_module_interfaces/action/detail/initiate_update__type_support.hpp
[0.568s] -- Up-to-date: /workspace/install/vos_module_interfaces/include/vos_module_interfaces/vos_module_interfaces
[0.569s] -- Up-to-date: /workspace/install/vos_module_interfaces/include/vos_module_interfaces/vos_module_interfaces/srv
[0.569s] -- Up-to-date: /workspace/install/vos_module_interfaces/include/vos_module_interfaces/vos_module_interfaces/srv/detail
[0.569s] -- Up-to-date: /workspace/install/vos_module_interfaces/include/vos_module_interfaces/vos_module_interfaces/srv/detail/get_logs__rosidl_typesupport_fastrtps_cpp.hpp
[0.569s] -- Up-to-date: /workspace/install/vos_module_interfaces/include/vos_module_interfaces/vos_module_interfaces/srv/detail/trigger_transition__rosidl_typesupport_fastrtps_cpp.hpp
[0.569s] -- Up-to-date: /workspace/install/vos_module_interfaces/include/vos_module_interfaces/vos_module_interfaces/srv/detail/health_check__rosidl_typesupport_fastrtps_cpp.hpp
[0.569s] -- Up-to-date: /workspace/install/vos_module_interfaces/include/vos_module_interfaces/vos_module_interfaces/srv/detail/get_capabilities__rosidl_typesupport_fastrtps_cpp.hpp
[0.569s] -- Up-to-date: /workspace/install/vos_module_interfaces/include/vos_module_interfaces/vos_module_interfaces/srv/detail/dds_fastrtps
[0.569s] -- Up-to-date: /workspace/install/vos_module_interfaces/include/vos_module_interfaces/vos_module_interfaces/msg
[0.569s] -- Up-to-date: /workspace/install/vos_module_interfaces/include/vos_module_interfaces/vos_module_interfaces/msg/rosidl_typesupport_fastrtps_cpp__visibility_control.h
[0.569s] -- Up-to-date: /workspace/install/vos_module_interfaces/include/vos_module_interfaces/vos_module_interfaces/msg/detail
[0.569s] -- Up-to-date: /workspace/install/vos_module_interfaces/include/vos_module_interfaces/vos_module_interfaces/msg/detail/news_feed__rosidl_typesupport_fastrtps_cpp.hpp
[0.569s] -- Up-to-date: /workspace/install/vos_module_interfaces/include/vos_module_interfaces/vos_module_interfaces/msg/detail/error_feed__rosidl_typesupport_fastrtps_cpp.hpp
[0.569s] -- Up-to-date: /workspace/install/vos_module_interfaces/include/vos_module_interfaces/vos_module_interfaces/msg/detail/state_feed__rosidl_typesupport_fastrtps_cpp.hpp
[0.569s] -- Up-to-date: /workspace/install/vos_module_interfaces/include/vos_module_interfaces/vos_module_interfaces/msg/detail/logger_stream__rosidl_typesupport_fastrtps_cpp.hpp
[0.570s] -- Up-to-date: /workspace/install/vos_module_interfaces/include/vos_module_interfaces/vos_module_interfaces/msg/detail/dds_fastrtps
[0.570s] -- Up-to-date: /workspace/install/vos_module_interfaces/include/vos_module_interfaces/vos_module_interfaces/action
[0.570s] -- Up-to-date: /workspace/install/vos_module_interfaces/include/vos_module_interfaces/vos_module_interfaces/action/detail
[0.570s] -- Up-to-date: /workspace/install/vos_module_interfaces/include/vos_module_interfaces/vos_module_interfaces/action/detail/initiate_update__rosidl_typesupport_fastrtps_cpp.hpp
[0.570s] -- Up-to-date: /workspace/install/vos_module_interfaces/include/vos_module_interfaces/vos_module_interfaces/action/detail/dds_fastrtps
[0.570s] -- Up-to-date: /workspace/install/vos_module_interfaces/lib/libvos_module_interfaces__rosidl_typesupport_fastrtps_cpp.so
[0.570s] -- Up-to-date: /workspace/install/vos_module_interfaces/include/vos_module_interfaces/vos_module_interfaces
[0.570s] -- Up-to-date: /workspace/install/vos_module_interfaces/include/vos_module_interfaces/vos_module_interfaces/srv
[0.570s] -- Up-to-date: /workspace/install/vos_module_interfaces/include/vos_module_interfaces/vos_module_interfaces/srv/detail
[0.570s] -- Up-to-date: /workspace/install/vos_module_interfaces/include/vos_module_interfaces/vos_module_interfaces/srv/detail/health_check__type_support.cpp
[0.570s] -- Up-to-date: /workspace/install/vos_module_interfaces/include/vos_module_interfaces/vos_module_interfaces/srv/detail/trigger_transition__rosidl_typesupport_introspection_cpp.hpp
[0.570s] -- Up-to-date: /workspace/install/vos_module_interfaces/include/vos_module_interfaces/vos_module_interfaces/srv/detail/get_capabilities__type_support.cpp
[0.571s] -- Up-to-date: /workspace/install/vos_module_interfaces/include/vos_module_interfaces/vos_module_interfaces/srv/detail/get_logs__type_support.cpp
[0.571s] -- Up-to-date: /workspace/install/vos_module_interfaces/include/vos_module_interfaces/vos_module_interfaces/srv/detail/trigger_transition__type_support.cpp
[0.571s] -- Up-to-date: /workspace/install/vos_module_interfaces/include/vos_module_interfaces/vos_module_interfaces/srv/detail/health_check__rosidl_typesupport_introspection_cpp.hpp
[0.571s] -- Up-to-date: /workspace/install/vos_module_interfaces/include/vos_module_interfaces/vos_module_interfaces/srv/detail/get_capabilities__rosidl_typesupport_introspection_cpp.hpp
[0.571s] -- Up-to-date: /workspace/install/vos_module_interfaces/include/vos_module_interfaces/vos_module_interfaces/srv/detail/get_logs__rosidl_typesupport_introspection_cpp.hpp
[0.571s] -- Up-to-date: /workspace/install/vos_module_interfaces/include/vos_module_interfaces/vos_module_interfaces/msg
[0.571s] -- Up-to-date: /workspace/install/vos_module_interfaces/include/vos_module_interfaces/vos_module_interfaces/msg/detail
[0.571s] -- Up-to-date: /workspace/install/vos_module_interfaces/include/vos_module_interfaces/vos_module_interfaces/msg/detail/logger_stream__type_support.cpp
[0.571s] -- Up-to-date: /workspace/install/vos_module_interfaces/include/vos_module_interfaces/vos_module_interfaces/msg/detail/error_feed__type_support.cpp
[0.571s] -- Up-to-date: /workspace/install/vos_module_interfaces/include/vos_module_interfaces/vos_module_interfaces/msg/detail/state_feed__rosidl_typesupport_introspection_cpp.hpp
[0.571s] -- Up-to-date: /workspace/install/vos_module_interfaces/include/vos_module_interfaces/vos_module_interfaces/msg/detail/logger_stream__rosidl_typesupport_introspection_cpp.hpp
[0.571s] -- Up-to-date: /workspace/install/vos_module_interfaces/include/vos_module_interfaces/vos_module_interfaces/msg/detail/error_feed__rosidl_typesupport_introspection_cpp.hpp
[0.572s] -- Up-to-date: /workspace/install/vos_module_interfaces/include/vos_module_interfaces/vos_module_interfaces/msg/detail/news_feed__rosidl_typesupport_introspection_cpp.hpp
[0.572s] -- Up-to-date: /workspace/install/vos_module_interfaces/include/vos_module_interfaces/vos_module_interfaces/msg/detail/news_feed__type_support.cpp
[0.572s] -- Up-to-date: /workspace/install/vos_module_interfaces/include/vos_module_interfaces/vos_module_interfaces/msg/detail/state_feed__type_support.cpp
[0.572s] -- Up-to-date: /workspace/install/vos_module_interfaces/include/vos_module_interfaces/vos_module_interfaces/action
[0.572s] -- Up-to-date: /workspace/install/vos_module_interfaces/include/vos_module_interfaces/vos_module_interfaces/action/detail
[0.572s] -- Up-to-date: /workspace/install/vos_module_interfaces/include/vos_module_interfaces/vos_module_interfaces/action/detail/initiate_update__type_support.cpp
[0.572s] -- Up-to-date: /workspace/install/vos_module_interfaces/include/vos_module_interfaces/vos_module_interfaces/action/detail/initiate_update__rosidl_typesupport_introspection_cpp.hpp
[0.572s] -- Up-to-date: /workspace/install/vos_module_interfaces/lib/libvos_module_interfaces__rosidl_typesupport_introspection_cpp.so
[0.572s] -- Up-to-date: /workspace/install/vos_module_interfaces/lib/libvos_module_interfaces__rosidl_typesupport_cpp.so
[0.572s] -- Up-to-date: /workspace/install/vos_module_interfaces/share/vos_module_interfaces/environment/pythonpath.sh
[0.572s] -- Up-to-date: /workspace/install/vos_module_interfaces/share/vos_module_interfaces/environment/pythonpath.dsv
[0.572s] -- Up-to-date: /workspace/install/vos_module_interfaces/local/lib/python3.10/dist-packages/vos_module_interfaces-0.1.0-py3.10.egg-info
[0.572s] -- Installing: /workspace/install/vos_module_interfaces/local/lib/python3.10/dist-packages/vos_module_interfaces-0.1.0-py3.10.egg-info/PKG-INFO
[0.573s] -- Installing: /workspace/install/vos_module_interfaces/local/lib/python3.10/dist-packages/vos_module_interfaces-0.1.0-py3.10.egg-info/top_level.txt
[0.573s] -- Installing: /workspace/install/vos_module_interfaces/local/lib/python3.10/dist-packages/vos_module_interfaces-0.1.0-py3.10.egg-info/SOURCES.txt
[0.573s] -- Installing: /workspace/install/vos_module_interfaces/local/lib/python3.10/dist-packages/vos_module_interfaces-0.1.0-py3.10.egg-info/dependency_links.txt
[0.573s] -- Up-to-date: /workspace/install/vos_module_interfaces/local/lib/python3.10/dist-packages/vos_module_interfaces
[0.573s] -- Up-to-date: /workspace/install/vos_module_interfaces/local/lib/python3.10/dist-packages/vos_module_interfaces/srv
[0.573s] -- Up-to-date: /workspace/install/vos_module_interfaces/local/lib/python3.10/dist-packages/vos_module_interfaces/srv/_trigger_transition.py
[0.573s] -- Up-to-date: /workspace/install/vos_module_interfaces/local/lib/python3.10/dist-packages/vos_module_interfaces/srv/_trigger_transition_s.c
[0.573s] -- Up-to-date: /workspace/install/vos_module_interfaces/local/lib/python3.10/dist-packages/vos_module_interfaces/srv/_get_capabilities_s.c
[0.573s] -- Up-to-date: /workspace/install/vos_module_interfaces/local/lib/python3.10/dist-packages/vos_module_interfaces/srv/_get_logs.py
[0.573s] -- Up-to-date: /workspace/install/vos_module_interfaces/local/lib/python3.10/dist-packages/vos_module_interfaces/srv/_get_logs_s.c
[0.573s] -- Up-to-date: /workspace/install/vos_module_interfaces/local/lib/python3.10/dist-packages/vos_module_interfaces/srv/_health_check.py
[0.573s] -- Up-to-date: /workspace/install/vos_module_interfaces/local/lib/python3.10/dist-packages/vos_module_interfaces/srv/_health_check_s.c
[0.574s] -- Up-to-date: /workspace/install/vos_module_interfaces/local/lib/python3.10/dist-packages/vos_module_interfaces/srv/__init__.py
[0.574s] -- Up-to-date: /workspace/install/vos_module_interfaces/local/lib/python3.10/dist-packages/vos_module_interfaces/srv/_get_capabilities.py
[0.574s] -- Up-to-date: /workspace/install/vos_module_interfaces/local/lib/python3.10/dist-packages/vos_module_interfaces/vos_module_interfaces_s__rosidl_typesupport_fastrtps_c.cpython-310-x86_64-linux-gnu.so
[0.574s] -- Up-to-date: /workspace/install/vos_module_interfaces/local/lib/python3.10/dist-packages/vos_module_interfaces/msg
[0.574s] -- Up-to-date: /workspace/install/vos_module_interfaces/local/lib/python3.10/dist-packages/vos_module_interfaces/msg/_state_feed_s.c
[0.574s] -- Up-to-date: /workspace/install/vos_module_interfaces/local/lib/python3.10/dist-packages/vos_module_interfaces/msg/_state_feed.py
[0.574s] -- Up-to-date: /workspace/install/vos_module_interfaces/local/lib/python3.10/dist-packages/vos_module_interfaces/msg/_error_feed.py
[0.574s] -- Up-to-date: /workspace/install/vos_module_interfaces/local/lib/python3.10/dist-packages/vos_module_interfaces/msg/_logger_stream.py
[0.574s] -- Up-to-date: /workspace/install/vos_module_interfaces/local/lib/python3.10/dist-packages/vos_module_interfaces/msg/_news_feed.py
[0.574s] -- Up-to-date: /workspace/install/vos_module_interfaces/local/lib/python3.10/dist-packages/vos_module_interfaces/msg/_news_feed_s.c
[0.574s] -- Up-to-date: /workspace/install/vos_module_interfaces/local/lib/python3.10/dist-packages/vos_module_interfaces/msg/_logger_stream_s.c
[0.574s] -- Up-to-date: /workspace/install/vos_module_interfaces/local/lib/python3.10/dist-packages/vos_module_interfaces/msg/__init__.py
[0.574s] -- Up-to-date: /workspace/install/vos_module_interfaces/local/lib/python3.10/dist-packages/vos_module_interfaces/msg/_error_feed_s.c
[0.575s] -- Up-to-date: /workspace/install/vos_module_interfaces/local/lib/python3.10/dist-packages/vos_module_interfaces/libvos_module_interfaces__rosidl_generator_py.so
[0.575s] -- Up-to-date: /workspace/install/vos_module_interfaces/local/lib/python3.10/dist-packages/vos_module_interfaces/_vos_module_interfaces_s.ep.rosidl_typesupport_fastrtps_c.c
[0.575s] -- Up-to-date: /workspace/install/vos_module_interfaces/local/lib/python3.10/dist-packages/vos_module_interfaces/_vos_module_interfaces_s.ep.rosidl_typesupport_introspection_c.c
[0.575s] -- Up-to-date: /workspace/install/vos_module_interfaces/local/lib/python3.10/dist-packages/vos_module_interfaces/vos_module_interfaces_s__rosidl_typesupport_c.cpython-310-x86_64-linux-gnu.so
[0.575s] -- Up-to-date: /workspace/install/vos_module_interfaces/local/lib/python3.10/dist-packages/vos_module_interfaces/vos_module_interfaces_s__rosidl_typesupport_introspection_c.cpython-310-x86_64-linux-gnu.so
[0.575s] -- Up-to-date: /workspace/install/vos_module_interfaces/local/lib/python3.10/dist-packages/vos_module_interfaces/__init__.py
[0.575s] -- Up-to-date: /workspace/install/vos_module_interfaces/local/lib/python3.10/dist-packages/vos_module_interfaces/_vos_module_interfaces_s.ep.rosidl_typesupport_c.c
[0.575s] -- Up-to-date: /workspace/install/vos_module_interfaces/local/lib/python3.10/dist-packages/vos_module_interfaces/action
[0.575s] -- Up-to-date: /workspace/install/vos_module_interfaces/local/lib/python3.10/dist-packages/vos_module_interfaces/action/_initiate_update.py
[0.575s] -- Up-to-date: /workspace/install/vos_module_interfaces/local/lib/python3.10/dist-packages/vos_module_interfaces/action/_initiate_update_s.c
[0.575s] -- Up-to-date: /workspace/install/vos_module_interfaces/local/lib/python3.10/dist-packages/vos_module_interfaces/action/__init__.py
[0.601s] Listing '/workspace/install/vos_module_interfaces/local/lib/python3.10/dist-packages/vos_module_interfaces'...
[0.601s] Listing '/workspace/install/vos_module_interfaces/local/lib/python3.10/dist-packages/vos_module_interfaces/action'...
[0.601s] Listing '/workspace/install/vos_module_interfaces/local/lib/python3.10/dist-packages/vos_module_interfaces/msg'...
[0.601s] Listing '/workspace/install/vos_module_interfaces/local/lib/python3.10/dist-packages/vos_module_interfaces/srv'...
[0.606s] -- Up-to-date: /workspace/install/vos_module_interfaces/local/lib/python3.10/dist-packages/vos_module_interfaces/vos_module_interfaces_s__rosidl_typesupport_fastrtps_c.cpython-310-x86_64-linux-gnu.so
[0.606s] -- Up-to-date: /workspace/install/vos_module_interfaces/local/lib/python3.10/dist-packages/vos_module_interfaces/vos_module_interfaces_s__rosidl_typesupport_introspection_c.cpython-310-x86_64-linux-gnu.so
[0.607s] -- Up-to-date: /workspace/install/vos_module_interfaces/local/lib/python3.10/dist-packages/vos_module_interfaces/vos_module_interfaces_s__rosidl_typesupport_c.cpython-310-x86_64-linux-gnu.so
[0.607s] -- Up-to-date: /workspace/install/vos_module_interfaces/lib/libvos_module_interfaces__rosidl_generator_py.so
[0.607s] -- Up-to-date: /workspace/install/vos_module_interfaces/share/vos_module_interfaces/msg/NewsFeed.idl
[0.608s] -- Up-to-date: /workspace/install/vos_module_interfaces/share/vos_module_interfaces/msg/ErrorFeed.idl
[0.608s] -- Up-to-date: /workspace/install/vos_module_interfaces/share/vos_module_interfaces/msg/LoggerStream.idl
[0.608s] -- Up-to-date: /workspace/install/vos_module_interfaces/share/vos_module_interfaces/msg/StateFeed.idl
[0.608s] -- Up-to-date: /workspace/install/vos_module_interfaces/share/vos_module_interfaces/srv/HealthCheck.idl
[0.608s] -- Up-to-date: /workspace/install/vos_module_interfaces/share/vos_module_interfaces/srv/GetCapabilities.idl
[0.608s] -- Up-to-date: /workspace/install/vos_module_interfaces/share/vos_module_interfaces/srv/TriggerTransition.idl
[0.608s] -- Up-to-date: /workspace/install/vos_module_interfaces/share/vos_module_interfaces/srv/GetLogs.idl
[0.608s] -- Up-to-date: /workspace/install/vos_module_interfaces/share/vos_module_interfaces/action/InitiateUpdate.idl
[0.608s] -- Up-to-date: /workspace/install/vos_module_interfaces/share/vos_module_interfaces/msg/NewsFeed.msg
[0.609s] -- Up-to-date: /workspace/install/vos_module_interfaces/share/vos_module_interfaces/msg/ErrorFeed.msg
[0.609s] -- Up-to-date: /workspace/install/vos_module_interfaces/share/vos_module_interfaces/msg/LoggerStream.msg
[0.609s] -- Up-to-date: /workspace/install/vos_module_interfaces/share/vos_module_interfaces/msg/StateFeed.msg
[0.610s] -- Up-to-date: /workspace/install/vos_module_interfaces/share/vos_module_interfaces/srv/HealthCheck.srv
[0.610s] -- Up-to-date: /workspace/install/vos_module_interfaces/share/vos_module_interfaces/srv/HealthCheck_Request.msg
[0.611s] -- Up-to-date: /workspace/install/vos_module_interfaces/share/vos_module_interfaces/srv/HealthCheck_Response.msg
[0.611s] -- Up-to-date: /workspace/install/vos_module_interfaces/share/vos_module_interfaces/srv/GetCapabilities.srv
[0.611s] -- Up-to-date: /workspace/install/vos_module_interfaces/share/vos_module_interfaces/srv/GetCapabilities_Request.msg
[0.611s] -- Up-to-date: /workspace/install/vos_module_interfaces/share/vos_module_interfaces/srv/GetCapabilities_Response.msg
[0.612s] -- Up-to-date: /workspace/install/vos_module_interfaces/share/vos_module_interfaces/srv/TriggerTransition.srv
[0.612s] -- Up-to-date: /workspace/install/vos_module_interfaces/share/vos_module_interfaces/srv/TriggerTransition_Request.msg
[0.612s] -- Up-to-date: /workspace/install/vos_module_interfaces/share/vos_module_interfaces/srv/TriggerTransition_Response.msg
[0.613s] -- Up-to-date: /workspace/install/vos_module_interfaces/share/vos_module_interfaces/srv/GetLogs.srv
[0.613s] -- Up-to-date: /workspace/install/vos_module_interfaces/share/vos_module_interfaces/srv/GetLogs_Request.msg
[0.613s] -- Up-to-date: /workspace/install/vos_module_interfaces/share/vos_module_interfaces/srv/GetLogs_Response.msg
[0.614s] -- Up-to-date: /workspace/install/vos_module_interfaces/share/vos_module_interfaces/action/InitiateUpdate.action
[0.614s] -- Up-to-date: /workspace/install/vos_module_interfaces/share/vos_module_interfaces/config
[0.614s] -- Up-to-date: /workspace/install/vos_module_interfaces/share/vos_module_interfaces/config/base_metadata.config
[0.614s] -- Up-to-date: /workspace/install/vos_module_interfaces/share/ament_index/resource_index/package_run_dependencies/vos_module_interfaces
[0.615s] -- Up-to-date: /workspace/install/vos_module_interfaces/share/ament_index/resource_index/parent_prefix_path/vos_module_interfaces
[0.615s] -- Up-to-date: /workspace/install/vos_module_interfaces/share/vos_module_interfaces/environment/ament_prefix_path.sh
[0.615s] -- Up-to-date: /workspace/install/vos_module_interfaces/share/vos_module_interfaces/environment/ament_prefix_path.dsv
[0.615s] -- Up-to-date: /workspace/install/vos_module_interfaces/share/vos_module_interfaces/environment/path.sh
[0.615s] -- Up-to-date: /workspace/install/vos_module_interfaces/share/vos_module_interfaces/environment/path.dsv
[0.615s] -- Up-to-date: /workspace/install/vos_module_interfaces/share/vos_module_interfaces/local_setup.bash
[0.616s] -- Up-to-date: /workspace/install/vos_module_interfaces/share/vos_module_interfaces/local_setup.sh
[0.616s] -- Up-to-date: /workspace/install/vos_module_interfaces/share/vos_module_interfaces/local_setup.zsh
[0.616s] -- Up-to-date: /workspace/install/vos_module_interfaces/share/vos_module_interfaces/local_setup.dsv
[0.616s] -- Installing: /workspace/install/vos_module_interfaces/share/vos_module_interfaces/package.dsv
[0.617s] -- Up-to-date: /workspace/install/vos_module_interfaces/share/ament_index/resource_index/packages/vos_module_interfaces
[0.617s] -- Up-to-date: /workspace/install/vos_module_interfaces/share/vos_module_interfaces/cmake/export_vos_module_interfaces__rosidl_generator_cExport.cmake
[0.617s] -- Up-to-date: /workspace/install/vos_module_interfaces/share/vos_module_interfaces/cmake/export_vos_module_interfaces__rosidl_generator_cExport-noconfig.cmake
[0.618s] -- Up-to-date: /workspace/install/vos_module_interfaces/share/vos_module_interfaces/cmake/export_vos_module_interfaces__rosidl_typesupport_fastrtps_cExport.cmake
[0.618s] -- Up-to-date: /workspace/install/vos_module_interfaces/share/vos_module_interfaces/cmake/export_vos_module_interfaces__rosidl_typesupport_fastrtps_cExport-noconfig.cmake
[0.618s] -- Up-to-date: /workspace/install/vos_module_interfaces/share/vos_module_interfaces/cmake/vos_module_interfaces__rosidl_typesupport_introspection_cExport.cmake
[0.619s] -- Up-to-date: /workspace/install/vos_module_interfaces/share/vos_module_interfaces/cmake/vos_module_interfaces__rosidl_typesupport_introspection_cExport-noconfig.cmake
[0.619s] -- Up-to-date: /workspace/install/vos_module_interfaces/share/vos_module_interfaces/cmake/vos_module_interfaces__rosidl_typesupport_cExport.cmake
[0.619s] -- Up-to-date: /workspace/install/vos_module_interfaces/share/vos_module_interfaces/cmake/vos_module_interfaces__rosidl_typesupport_cExport-noconfig.cmake
[0.619s] -- Up-to-date: /workspace/install/vos_module_interfaces/share/vos_module_interfaces/cmake/export_vos_module_interfaces__rosidl_generator_cppExport.cmake
[0.619s] -- Up-to-date: /workspace/install/vos_module_interfaces/share/vos_module_interfaces/cmake/export_vos_module_interfaces__rosidl_typesupport_fastrtps_cppExport.cmake
[0.619s] -- Up-to-date: /workspace/install/vos_module_interfaces/share/vos_module_interfaces/cmake/export_vos_module_interfaces__rosidl_typesupport_fastrtps_cppExport-noconfig.cmake
[0.619s] -- Up-to-date: /workspace/install/vos_module_interfaces/share/vos_module_interfaces/cmake/vos_module_interfaces__rosidl_typesupport_introspection_cppExport.cmake
[0.620s] -- Up-to-date: /workspace/install/vos_module_interfaces/share/vos_module_interfaces/cmake/vos_module_interfaces__rosidl_typesupport_introspection_cppExport-noconfig.cmake
[0.620s] -- Up-to-date: /workspace/install/vos_module_interfaces/share/vos_module_interfaces/cmake/vos_module_interfaces__rosidl_typesupport_cppExport.cmake
[0.620s] -- Up-to-date: /workspace/install/vos_module_interfaces/share/vos_module_interfaces/cmake/vos_module_interfaces__rosidl_typesupport_cppExport-noconfig.cmake
[0.620s] -- Up-to-date: /workspace/install/vos_module_interfaces/share/vos_module_interfaces/cmake/export_vos_module_interfaces__rosidl_generator_pyExport.cmake
[0.620s] -- Up-to-date: /workspace/install/vos_module_interfaces/share/vos_module_interfaces/cmake/export_vos_module_interfaces__rosidl_generator_pyExport-noconfig.cmake
[0.620s] -- Up-to-date: /workspace/install/vos_module_interfaces/share/vos_module_interfaces/cmake/rosidl_cmake-extras.cmake
[0.620s] -- Up-to-date: /workspace/install/vos_module_interfaces/share/vos_module_interfaces/cmake/ament_cmake_export_dependencies-extras.cmake
[0.620s] -- Up-to-date: /workspace/install/vos_module_interfaces/share/vos_module_interfaces/cmake/ament_cmake_export_include_directories-extras.cmake
[0.620s] -- Up-to-date: /workspace/install/vos_module_interfaces/share/vos_module_interfaces/cmake/ament_cmake_export_libraries-extras.cmake
[0.620s] -- Up-to-date: /workspace/install/vos_module_interfaces/share/vos_module_interfaces/cmake/ament_cmake_export_targets-extras.cmake
[0.621s] -- Up-to-date: /workspace/install/vos_module_interfaces/share/vos_module_interfaces/cmake/rosidl_cmake_export_typesupport_targets-extras.cmake
[0.621s] -- Up-to-date: /workspace/install/vos_module_interfaces/share/vos_module_interfaces/cmake/rosidl_cmake_export_typesupport_libraries-extras.cmake
[0.621s] -- Up-to-date: /workspace/install/vos_module_interfaces/share/vos_module_interfaces/cmake/vos_module_interfacesConfig.cmake
[0.621s] -- Up-to-date: /workspace/install/vos_module_interfaces/share/vos_module_interfaces/cmake/vos_module_interfacesConfig-version.cmake
[0.621s] -- Up-to-date: /workspace/install/vos_module_interfaces/share/vos_module_interfaces/package.xml
[0.621s] Invoked command in '/workspace/build/vos_module_interfaces' returned '0': CMAKE_PREFIX_PATH=/opt/ros/humble /usr/bin/cmake --install /workspace/build/vos_module_interfaces
