-- The C compiler identification is GNU 13.3.0
-- The CXX compiler identification is GNU 13.3.0
-- Detecting C compiler ABI info
-- Detecting C compiler ABI info - done
-- Check for working C compiler: /usr/bin/cc - skipped
-- Detecting C compile features
-- Detecting C compile features - done
-- Detecting CXX compiler ABI info
-- Detecting CXX compiler ABI info - done
-- Check for working CXX compiler: /usr/bin/c++ - skipped
-- Detecting CXX compile features
-- Detecting CXX compile features - done
-- Found ament_cmake: 2.7.3 (/opt/ros/kilted/share/ament_cmake/cmake)
-- Found Python3: /usr/bin/python3 (found version "3.12.3") found components: Interpreter 
-- Found rosidl_default_generators: 1.7.1 (/opt/ros/kilted/share/rosidl_default_generators/cmake)
-- Using all available rosidl_typesupport_c: rosidl_typesupport_fastrtps_c;rosidl_typesupport_introspection_c
-- Using all available rosidl_typesupport_cpp: rosidl_typesupport_fastrtps_cpp;rosidl_typesupport_introspection_cpp
-- Found rosidl_adapter: 4.9.4 (/opt/ros/kilted/share/rosidl_adapter/cmake)
-- Found std_msgs: 5.5.0 (/opt/ros/kilted/share/std_msgs/cmake)
-- Found ament_cmake_ros_core: 0.14.3 (/opt/ros/kilted/share/ament_cmake_ros_core/cmake)
-- Using all available rosidl_typesupport_c: rosidl_typesupport_fastrtps_c;rosidl_typesupport_introspection_c
-- Using all available rosidl_typesupport_cpp: rosidl_typesupport_fastrtps_cpp;rosidl_typesupport_introspection_cpp
-- Found Python3: /usr/bin/python3 (found version "3.12.3") found components: Interpreter Development NumPy Development.Module Development.Embed 
-- Configuring done (4.9s)
-- Generating done (0.1s)
-- Build files have been written to: /home/holgder-dach/VYRA/vyra_module_template/build/vyra_module_interfaces
[  1%] [34m[1mGenerating type hashes for ROS interfaces[0m
[  1%] Built target ament_cmake_python_copy_vyra_module_interfaces
running egg_info
creating vyra_module_interfaces.egg-info
writing vyra_module_interfaces.egg-info/PKG-INFO
writing dependency_links to vyra_module_interfaces.egg-info/dependency_links.txt
writing top-level names to vyra_module_interfaces.egg-info/top_level.txt
writing manifest file 'vyra_module_interfaces.egg-info/SOURCES.txt'
reading manifest file 'vyra_module_interfaces.egg-info/SOURCES.txt'
writing manifest file 'vyra_module_interfaces.egg-info/SOURCES.txt'
[  1%] Built target ament_cmake_python_build_vyra_module_interfaces_egg
[  1%] Built target vyra_module_interfaces__rosidl_generator_type_description
[  2%] [34m[1mGenerating C code for ROS interfaces[0m
[  2%] [34m[1mGenerating C++ code for ROS interfaces[0m
[  2%] Built target vyra_module_interfaces__cpp
[  5%] [32mBuilding C object CMakeFiles/vyra_module_interfaces__rosidl_generator_c.dir/rosidl_generator_c/vyra_module_interfaces/msg/detail/error_feed__functions.c.o[0m
[  5%] [32mBuilding C object CMakeFiles/vyra_module_interfaces__rosidl_generator_c.dir/rosidl_generator_c/vyra_module_interfaces/msg/detail/news_feed__type_support.c.o[0m
[  6%] [32mBuilding C object CMakeFiles/vyra_module_interfaces__rosidl_generator_c.dir/rosidl_generator_c/vyra_module_interfaces/msg/detail/error_feed__type_support.c.o[0m
[  6%] [32mBuilding C object CMakeFiles/vyra_module_interfaces__rosidl_generator_c.dir/rosidl_generator_c/vyra_module_interfaces/msg/detail/news_feed__functions.c.o[0m
[  6%] [32mBuilding C object CMakeFiles/vyra_module_interfaces__rosidl_generator_c.dir/rosidl_generator_c/vyra_module_interfaces/msg/detail/news_feed__description.c.o[0m
[  8%] [32mBuilding C object CMakeFiles/vyra_module_interfaces__rosidl_generator_c.dir/rosidl_generator_c/vyra_module_interfaces/msg/detail/logger_stream__description.c.o[0m
[  8%] [32mBuilding C object CMakeFiles/vyra_module_interfaces__rosidl_generator_c.dir/rosidl_generator_c/vyra_module_interfaces/msg/detail/logger_stream__functions.c.o[0m
[ 10%] [32mBuilding C object CMakeFiles/vyra_module_interfaces__rosidl_generator_c.dir/rosidl_generator_c/vyra_module_interfaces/msg/detail/error_feed__description.c.o[0m
[ 10%] [32mBuilding C object CMakeFiles/vyra_module_interfaces__rosidl_generator_c.dir/rosidl_generator_c/vyra_module_interfaces/msg/detail/state_feed__functions.c.o[0m
[ 11%] [32mBuilding C object CMakeFiles/vyra_module_interfaces__rosidl_generator_c.dir/rosidl_generator_c/vyra_module_interfaces/msg/detail/state_feed__description.c.o[0m
[ 12%] [32mBuilding C object CMakeFiles/vyra_module_interfaces__rosidl_generator_c.dir/rosidl_generator_c/vyra_module_interfaces/msg/detail/state_feed__type_support.c.o[0m
[ 13%] [32mBuilding C object CMakeFiles/vyra_module_interfaces__rosidl_generator_c.dir/rosidl_generator_c/vyra_module_interfaces/msg/detail/logger_stream__type_support.c.o[0m
[ 14%] [32mBuilding C object CMakeFiles/vyra_module_interfaces__rosidl_generator_c.dir/rosidl_generator_c/vyra_module_interfaces/srv/detail/health_check__functions.c.o[0m
[ 14%] [32mBuilding C object CMakeFiles/vyra_module_interfaces__rosidl_generator_c.dir/rosidl_generator_c/vyra_module_interfaces/srv/detail/get_capabilities__description.c.o[0m
[ 15%] [32mBuilding C object CMakeFiles/vyra_module_interfaces__rosidl_generator_c.dir/rosidl_generator_c/vyra_module_interfaces/srv/detail/health_check__description.c.o[0m
[ 16%] [32mBuilding C object CMakeFiles/vyra_module_interfaces__rosidl_generator_c.dir/rosidl_generator_c/vyra_module_interfaces/srv/detail/health_check__type_support.c.o[0m
[ 17%] [32mBuilding C object CMakeFiles/vyra_module_interfaces__rosidl_generator_c.dir/rosidl_generator_c/vyra_module_interfaces/srv/detail/trigger_transition__description.c.o[0m
[ 19%] [32mBuilding C object CMakeFiles/vyra_module_interfaces__rosidl_generator_c.dir/rosidl_generator_c/vyra_module_interfaces/srv/detail/trigger_transition__functions.c.o[0m
[ 19%] [32mBuilding C object CMakeFiles/vyra_module_interfaces__rosidl_generator_c.dir/rosidl_generator_c/vyra_module_interfaces/srv/detail/get_capabilities__functions.c.o[0m
[ 20%] [32mBuilding C object CMakeFiles/vyra_module_interfaces__rosidl_generator_c.dir/rosidl_generator_c/vyra_module_interfaces/srv/detail/get_capabilities__type_support.c.o[0m
[ 22%] [32mBuilding C object CMakeFiles/vyra_module_interfaces__rosidl_generator_c.dir/rosidl_generator_c/vyra_module_interfaces/srv/detail/get_logs__description.c.o[0m
[ 22%] [32mBuilding C object CMakeFiles/vyra_module_interfaces__rosidl_generator_c.dir/rosidl_generator_c/vyra_module_interfaces/srv/detail/trigger_transition__type_support.c.o[0m
[ 22%] [32mBuilding C object CMakeFiles/vyra_module_interfaces__rosidl_generator_c.dir/rosidl_generator_c/vyra_module_interfaces/srv/detail/get_logs__functions.c.o[0m
[ 23%] [32mBuilding C object CMakeFiles/vyra_module_interfaces__rosidl_generator_c.dir/rosidl_generator_c/vyra_module_interfaces/srv/detail/get_logs__type_support.c.o[0m
[ 24%] [32mBuilding C object CMakeFiles/vyra_module_interfaces__rosidl_generator_c.dir/rosidl_generator_c/vyra_module_interfaces/action/detail/initiate_update__description.c.o[0m
[ 25%] [32mBuilding C object CMakeFiles/vyra_module_interfaces__rosidl_generator_c.dir/rosidl_generator_c/vyra_module_interfaces/action/detail/initiate_update__functions.c.o[0m
[ 26%] [32mBuilding C object CMakeFiles/vyra_module_interfaces__rosidl_generator_c.dir/rosidl_generator_c/vyra_module_interfaces/action/detail/initiate_update__type_support.c.o[0m
[ 27%] [32m[1mLinking C shared library libvyra_module_interfaces__rosidl_generator_c.so[0m
[ 27%] Built target vyra_module_interfaces__rosidl_generator_c
[ 28%] [34m[1mGenerating C++ type support dispatch for ROS interfaces[0m
[ 29%] [34m[1mGenerating C++ introspection for ROS interfaces[0m
[ 29%] [34m[1mGenerating C introspection for ROS interfaces[0m
[ 30%] [34m[1mGenerating C type support dispatch for ROS interfaces[0m
[ 32%] [34m[1mGenerating C++ type support for eProsima Fast-RTPS[0m
[ 32%] [34m[1mGenerating C type support for eProsima Fast-RTPS[0m
[ 37%] [32mBuilding CXX object CMakeFiles/vyra_module_interfaces__rosidl_typesupport_c.dir/rosidl_typesupport_c/vyra_module_interfaces/srv/health_check__type_support.cpp.o[0m
[ 37%] [32mBuilding CXX object CMakeFiles/vyra_module_interfaces__rosidl_typesupport_c.dir/rosidl_typesupport_c/vyra_module_interfaces/srv/get_capabilities__type_support.cpp.o[0m
[ 37%] [32mBuilding CXX object CMakeFiles/vyra_module_interfaces__rosidl_typesupport_c.dir/rosidl_typesupport_c/vyra_module_interfaces/msg/logger_stream__type_support.cpp.o[0m
[ 39%] [32mBuilding CXX object CMakeFiles/vyra_module_interfaces__rosidl_typesupport_c.dir/rosidl_typesupport_c/vyra_module_interfaces/msg/error_feed__type_support.cpp.o[0m
[ 37%] [32mBuilding CXX object CMakeFiles/vyra_module_interfaces__rosidl_typesupport_c.dir/rosidl_typesupport_c/vyra_module_interfaces/srv/trigger_transition__type_support.cpp.o[0m
[ 39%] [32mBuilding CXX object CMakeFiles/vyra_module_interfaces__rosidl_typesupport_c.dir/rosidl_typesupport_c/vyra_module_interfaces/msg/state_feed__type_support.cpp.o[0m
[ 39%] [32mBuilding CXX object CMakeFiles/vyra_module_interfaces__rosidl_typesupport_cpp.dir/rosidl_typesupport_cpp/vyra_module_interfaces/msg/news_feed__type_support.cpp.o[0m
[ 39%] [32mBuilding CXX object CMakeFiles/vyra_module_interfaces__rosidl_typesupport_c.dir/rosidl_typesupport_c/vyra_module_interfaces/msg/news_feed__type_support.cpp.o[0m
[ 41%] [32mBuilding CXX object CMakeFiles/vyra_module_interfaces__rosidl_typesupport_c.dir/rosidl_typesupport_c/vyra_module_interfaces/action/initiate_update__type_support.cpp.o[0m
[ 42%] [32mBuilding CXX object CMakeFiles/vyra_module_interfaces__rosidl_typesupport_cpp.dir/rosidl_typesupport_cpp/vyra_module_interfaces/msg/error_feed__type_support.cpp.o[0m
[ 42%] [32mBuilding CXX object CMakeFiles/vyra_module_interfaces__rosidl_typesupport_c.dir/rosidl_typesupport_c/vyra_module_interfaces/srv/get_logs__type_support.cpp.o[0m
[ 42%] [32mBuilding CXX object CMakeFiles/vyra_module_interfaces__rosidl_typesupport_cpp.dir/rosidl_typesupport_cpp/vyra_module_interfaces/msg/state_feed__type_support.cpp.o[0m
[ 43%] [32mBuilding CXX object CMakeFiles/vyra_module_interfaces__rosidl_typesupport_cpp.dir/rosidl_typesupport_cpp/vyra_module_interfaces/msg/logger_stream__type_support.cpp.o[0m
[ 44%] [32mBuilding CXX object CMakeFiles/vyra_module_interfaces__rosidl_typesupport_cpp.dir/rosidl_typesupport_cpp/vyra_module_interfaces/srv/health_check__type_support.cpp.o[0m
[ 45%] [32mBuilding CXX object CMakeFiles/vyra_module_interfaces__rosidl_typesupport_cpp.dir/rosidl_typesupport_cpp/vyra_module_interfaces/srv/get_capabilities__type_support.cpp.o[0m
[ 46%] [32mBuilding CXX object CMakeFiles/vyra_module_interfaces__rosidl_typesupport_cpp.dir/rosidl_typesupport_cpp/vyra_module_interfaces/srv/trigger_transition__type_support.cpp.o[0m
[ 47%] [32m[1mLinking CXX shared library libvyra_module_interfaces__rosidl_typesupport_c.so[0m
[ 47%] Built target vyra_module_interfaces__rosidl_typesupport_c
[ 48%] [32mBuilding CXX object CMakeFiles/vyra_module_interfaces__rosidl_typesupport_cpp.dir/rosidl_typesupport_cpp/vyra_module_interfaces/srv/get_logs__type_support.cpp.o[0m
[ 49%] [32mBuilding CXX object CMakeFiles/vyra_module_interfaces__rosidl_typesupport_introspection_cpp.dir/rosidl_typesupport_introspection_cpp/vyra_module_interfaces/msg/detail/news_feed__type_support.cpp.o[0m
[ 50%] [32mBuilding CXX object CMakeFiles/vyra_module_interfaces__rosidl_typesupport_introspection_cpp.dir/rosidl_typesupport_introspection_cpp/vyra_module_interfaces/msg/detail/error_feed__type_support.cpp.o[0m
[ 51%] [32mBuilding CXX object CMakeFiles/vyra_module_interfaces__rosidl_typesupport_introspection_cpp.dir/rosidl_typesupport_introspection_cpp/vyra_module_interfaces/msg/detail/logger_stream__type_support.cpp.o[0m
[ 52%] [32mBuilding CXX object CMakeFiles/vyra_module_interfaces__rosidl_typesupport_introspection_cpp.dir/rosidl_typesupport_introspection_cpp/vyra_module_interfaces/msg/detail/state_feed__type_support.cpp.o[0m
[ 53%] [32mBuilding CXX object CMakeFiles/vyra_module_interfaces__rosidl_typesupport_introspection_cpp.dir/rosidl_typesupport_introspection_cpp/vyra_module_interfaces/srv/detail/health_check__type_support.cpp.o[0m
[ 54%] [32mBuilding C object CMakeFiles/vyra_module_interfaces__rosidl_typesupport_introspection_c.dir/rosidl_typesupport_introspection_c/vyra_module_interfaces/msg/detail/news_feed__type_support.c.o[0m
[ 55%] [32mBuilding C object CMakeFiles/vyra_module_interfaces__rosidl_typesupport_introspection_c.dir/rosidl_typesupport_introspection_c/vyra_module_interfaces/msg/detail/error_feed__type_support.c.o[0m
[ 55%] [32mBuilding C object CMakeFiles/vyra_module_interfaces__rosidl_typesupport_introspection_c.dir/rosidl_typesupport_introspection_c/vyra_module_interfaces/msg/detail/logger_stream__type_support.c.o[0m
[ 56%] [32mBuilding C object CMakeFiles/vyra_module_interfaces__rosidl_typesupport_introspection_c.dir/rosidl_typesupport_introspection_c/vyra_module_interfaces/msg/detail/state_feed__type_support.c.o[0m
[ 57%] [32mBuilding CXX object CMakeFiles/vyra_module_interfaces__rosidl_typesupport_cpp.dir/rosidl_typesupport_cpp/vyra_module_interfaces/action/initiate_update__type_support.cpp.o[0m
[ 58%] [32mBuilding C object CMakeFiles/vyra_module_interfaces__rosidl_typesupport_introspection_c.dir/rosidl_typesupport_introspection_c/vyra_module_interfaces/srv/detail/health_check__type_support.c.o[0m
[ 59%] [32mBuilding CXX object CMakeFiles/vyra_module_interfaces__rosidl_typesupport_introspection_cpp.dir/rosidl_typesupport_introspection_cpp/vyra_module_interfaces/srv/detail/get_capabilities__type_support.cpp.o[0m
[ 60%] [32mBuilding C object CMakeFiles/vyra_module_interfaces__rosidl_typesupport_introspection_c.dir/rosidl_typesupport_introspection_c/vyra_module_interfaces/srv/detail/get_capabilities__type_support.c.o[0m
[ 61%] [32mBuilding CXX object CMakeFiles/vyra_module_interfaces__rosidl_typesupport_introspection_cpp.dir/rosidl_typesupport_introspection_cpp/vyra_module_interfaces/srv/detail/trigger_transition__type_support.cpp.o[0m
[ 62%] [32mBuilding C object CMakeFiles/vyra_module_interfaces__rosidl_typesupport_introspection_c.dir/rosidl_typesupport_introspection_c/vyra_module_interfaces/srv/detail/trigger_transition__type_support.c.o[0m
[ 62%] [32mBuilding CXX object CMakeFiles/vyra_module_interfaces__rosidl_typesupport_introspection_cpp.dir/rosidl_typesupport_introspection_cpp/vyra_module_interfaces/srv/detail/get_logs__type_support.cpp.o[0m
[ 63%] [32mBuilding CXX object CMakeFiles/vyra_module_interfaces__rosidl_typesupport_introspection_cpp.dir/rosidl_typesupport_introspection_cpp/vyra_module_interfaces/action/detail/initiate_update__type_support.cpp.o[0m
[ 64%] [32mBuilding C object CMakeFiles/vyra_module_interfaces__rosidl_typesupport_introspection_c.dir/rosidl_typesupport_introspection_c/vyra_module_interfaces/srv/detail/get_logs__type_support.c.o[0m
[ 65%] [32mBuilding C object CMakeFiles/vyra_module_interfaces__rosidl_typesupport_introspection_c.dir/rosidl_typesupport_introspection_c/vyra_module_interfaces/action/detail/initiate_update__type_support.c.o[0m
[ 66%] [32mBuilding CXX object CMakeFiles/vyra_module_interfaces__rosidl_typesupport_fastrtps_cpp.dir/rosidl_typesupport_fastrtps_cpp/vyra_module_interfaces/msg/detail/dds_fastrtps/news_feed__type_support.cpp.o[0m
[ 67%] [32mBuilding CXX object CMakeFiles/vyra_module_interfaces__rosidl_typesupport_fastrtps_cpp.dir/rosidl_typesupport_fastrtps_cpp/vyra_module_interfaces/msg/detail/dds_fastrtps/error_feed__type_support.cpp.o[0m
[ 68%] [32mBuilding CXX object CMakeFiles/vyra_module_interfaces__rosidl_typesupport_fastrtps_cpp.dir/rosidl_typesupport_fastrtps_cpp/vyra_module_interfaces/msg/detail/dds_fastrtps/logger_stream__type_support.cpp.o[0m
[ 69%] [32m[1mLinking C shared library libvyra_module_interfaces__rosidl_typesupport_introspection_c.so[0m
[ 70%] [32mBuilding CXX object CMakeFiles/vyra_module_interfaces__rosidl_typesupport_fastrtps_cpp.dir/rosidl_typesupport_fastrtps_cpp/vyra_module_interfaces/msg/detail/dds_fastrtps/state_feed__type_support.cpp.o[0m
[ 70%] Built target vyra_module_interfaces__rosidl_typesupport_introspection_c
[ 71%] [32mBuilding CXX object CMakeFiles/vyra_module_interfaces__rosidl_typesupport_fastrtps_cpp.dir/rosidl_typesupport_fastrtps_cpp/vyra_module_interfaces/srv/detail/dds_fastrtps/health_check__type_support.cpp.o[0m
[ 71%] [32mBuilding CXX object CMakeFiles/vyra_module_interfaces__rosidl_typesupport_fastrtps_c.dir/rosidl_typesupport_fastrtps_c/vyra_module_interfaces/msg/detail/news_feed__type_support_c.cpp.o[0m
[ 71%] [32mBuilding CXX object CMakeFiles/vyra_module_interfaces__rosidl_typesupport_fastrtps_cpp.dir/rosidl_typesupport_fastrtps_cpp/vyra_module_interfaces/srv/detail/dds_fastrtps/get_capabilities__type_support.cpp.o[0m
[ 72%] [32mBuilding CXX object CMakeFiles/vyra_module_interfaces__rosidl_typesupport_fastrtps_cpp.dir/rosidl_typesupport_fastrtps_cpp/vyra_module_interfaces/srv/detail/dds_fastrtps/trigger_transition__type_support.cpp.o[0m
[ 73%] [32mBuilding CXX object CMakeFiles/vyra_module_interfaces__rosidl_typesupport_fastrtps_cpp.dir/rosidl_typesupport_fastrtps_cpp/vyra_module_interfaces/srv/detail/dds_fastrtps/get_logs__type_support.cpp.o[0m
[ 74%] [32mBuilding CXX object CMakeFiles/vyra_module_interfaces__rosidl_typesupport_fastrtps_c.dir/rosidl_typesupport_fastrtps_c/vyra_module_interfaces/msg/detail/error_feed__type_support_c.cpp.o[0m
[ 75%] [32m[1mLinking CXX shared library libvyra_module_interfaces__rosidl_typesupport_cpp.so[0m
[ 76%] [32mBuilding CXX object CMakeFiles/vyra_module_interfaces__rosidl_typesupport_fastrtps_c.dir/rosidl_typesupport_fastrtps_c/vyra_module_interfaces/msg/detail/logger_stream__type_support_c.cpp.o[0m
[ 77%] [32mBuilding CXX object CMakeFiles/vyra_module_interfaces__rosidl_typesupport_fastrtps_cpp.dir/rosidl_typesupport_fastrtps_cpp/vyra_module_interfaces/action/detail/dds_fastrtps/initiate_update__type_support.cpp.o[0m
[ 78%] [32mBuilding CXX object CMakeFiles/vyra_module_interfaces__rosidl_typesupport_fastrtps_c.dir/rosidl_typesupport_fastrtps_c/vyra_module_interfaces/msg/detail/state_feed__type_support_c.cpp.o[0m
[ 79%] [32mBuilding CXX object CMakeFiles/vyra_module_interfaces__rosidl_typesupport_fastrtps_c.dir/rosidl_typesupport_fastrtps_c/vyra_module_interfaces/srv/detail/health_check__type_support_c.cpp.o[0m
[ 80%] [32mBuilding CXX object CMakeFiles/vyra_module_interfaces__rosidl_typesupport_fastrtps_c.dir/rosidl_typesupport_fastrtps_c/vyra_module_interfaces/srv/detail/get_capabilities__type_support_c.cpp.o[0m
[ 80%] Built target vyra_module_interfaces__rosidl_typesupport_cpp
[ 81%] [32mBuilding CXX object CMakeFiles/vyra_module_interfaces__rosidl_typesupport_fastrtps_c.dir/rosidl_typesupport_fastrtps_c/vyra_module_interfaces/srv/detail/trigger_transition__type_support_c.cpp.o[0m
[ 82%] [32m[1mLinking CXX shared library libvyra_module_interfaces__rosidl_typesupport_introspection_cpp.so[0m
[ 83%] [32mBuilding CXX object CMakeFiles/vyra_module_interfaces__rosidl_typesupport_fastrtps_c.dir/rosidl_typesupport_fastrtps_c/vyra_module_interfaces/srv/detail/get_logs__type_support_c.cpp.o[0m
[ 83%] Built target vyra_module_interfaces__rosidl_typesupport_introspection_cpp
[ 83%] [32mBuilding CXX object CMakeFiles/vyra_module_interfaces__rosidl_typesupport_fastrtps_c.dir/rosidl_typesupport_fastrtps_c/vyra_module_interfaces/action/detail/initiate_update__type_support_c.cpp.o[0m
[ 84%] [32m[1mLinking CXX shared library libvyra_module_interfaces__rosidl_typesupport_fastrtps_c.so[0m
[ 85%] [32m[1mLinking CXX shared library libvyra_module_interfaces__rosidl_typesupport_fastrtps_cpp.so[0m
[ 85%] Built target vyra_module_interfaces__rosidl_typesupport_fastrtps_c
[ 85%] Built target vyra_module_interfaces__rosidl_typesupport_fastrtps_cpp
[ 85%] Built target vyra_module_interfaces
[ 86%] [34m[1mGenerating Python code for ROS interfaces[0m
[ 86%] Built target vyra_module_interfaces__py
[ 87%] [32mBuilding C object CMakeFiles/vyra_module_interfaces__rosidl_generator_py.dir/rosidl_generator_py/vyra_module_interfaces/msg/_news_feed_s.c.o[0m
[ 88%] [32mBuilding C object CMakeFiles/vyra_module_interfaces__rosidl_generator_py.dir/rosidl_generator_py/vyra_module_interfaces/msg/_error_feed_s.c.o[0m
[ 88%] [32mBuilding C object CMakeFiles/vyra_module_interfaces__rosidl_generator_py.dir/rosidl_generator_py/vyra_module_interfaces/msg/_logger_stream_s.c.o[0m
[ 91%] [32mBuilding C object CMakeFiles/vyra_module_interfaces__rosidl_generator_py.dir/rosidl_generator_py/vyra_module_interfaces/srv/_get_capabilities_s.c.o[0m
[ 92%] [32mBuilding C object CMakeFiles/vyra_module_interfaces__rosidl_generator_py.dir/rosidl_generator_py/vyra_module_interfaces/srv/_health_check_s.c.o[0m
[ 92%] [32mBuilding C object CMakeFiles/vyra_module_interfaces__rosidl_generator_py.dir/rosidl_generator_py/vyra_module_interfaces/srv/_trigger_transition_s.c.o[0m
[ 91%] [32mBuilding C object CMakeFiles/vyra_module_interfaces__rosidl_generator_py.dir/rosidl_generator_py/vyra_module_interfaces/msg/_state_feed_s.c.o[0m
[ 94%] [32mBuilding C object CMakeFiles/vyra_module_interfaces__rosidl_generator_py.dir/rosidl_generator_py/vyra_module_interfaces/srv/_get_logs_s.c.o[0m
[ 94%] [32mBuilding C object CMakeFiles/vyra_module_interfaces__rosidl_generator_py.dir/rosidl_generator_py/vyra_module_interfaces/action/_initiate_update_s.c.o[0m
[ 94%] [32m[1mLinking C shared library libvyra_module_interfaces__rosidl_generator_py.so[0m
[ 94%] Built target vyra_module_interfaces__rosidl_generator_py
[ 95%] [32mBuilding C object CMakeFiles/vyra_module_interfaces_s__rosidl_typesupport_fastrtps_c.dir/rosidl_generator_py/vyra_module_interfaces/_vyra_module_interfaces_s.ep.rosidl_typesupport_fastrtps_c.c.o[0m
[ 96%] [32mBuilding C object CMakeFiles/vyra_module_interfaces_s__rosidl_typesupport_c.dir/rosidl_generator_py/vyra_module_interfaces/_vyra_module_interfaces_s.ep.rosidl_typesupport_c.c.o[0m
[ 97%] [32mBuilding C object CMakeFiles/vyra_module_interfaces_s__rosidl_typesupport_introspection_c.dir/rosidl_generator_py/vyra_module_interfaces/_vyra_module_interfaces_s.ep.rosidl_typesupport_introspection_c.c.o[0m
[ 98%] [32m[1mLinking C shared module rosidl_generator_py/vyra_module_interfaces/vyra_module_interfaces_s__rosidl_typesupport_introspection_c.so[0m
[ 99%] [32m[1mLinking C shared module rosidl_generator_py/vyra_module_interfaces/vyra_module_interfaces_s__rosidl_typesupport_c.so[0m
[100%] [32m[1mLinking C shared module rosidl_generator_py/vyra_module_interfaces/vyra_module_interfaces_s__rosidl_typesupport_fastrtps_c.so[0m
[100%] Built target vyra_module_interfaces_s__rosidl_typesupport_introspection_c
[100%] Built target vyra_module_interfaces_s__rosidl_typesupport_fastrtps_c
[100%] Built target vyra_module_interfaces_s__rosidl_typesupport_c
-- Install configuration: ""
-- Installing: /home/holgder-dach/VYRA/vyra_module_template/install/vyra_module_interfaces/share/ament_index/resource_index/rosidl_interfaces/vyra_module_interfaces
-- Installing: /home/holgder-dach/VYRA/vyra_module_template/install/vyra_module_interfaces/share/vyra_module_interfaces/msg/NewsFeed.json
-- Installing: /home/holgder-dach/VYRA/vyra_module_template/install/vyra_module_interfaces/share/vyra_module_interfaces/msg/ErrorFeed.json
-- Installing: /home/holgder-dach/VYRA/vyra_module_template/install/vyra_module_interfaces/share/vyra_module_interfaces/msg/LoggerStream.json
-- Installing: /home/holgder-dach/VYRA/vyra_module_template/install/vyra_module_interfaces/share/vyra_module_interfaces/msg/StateFeed.json
-- Installing: /home/holgder-dach/VYRA/vyra_module_template/install/vyra_module_interfaces/share/vyra_module_interfaces/srv/HealthCheck.json
-- Installing: /home/holgder-dach/VYRA/vyra_module_template/install/vyra_module_interfaces/share/vyra_module_interfaces/srv/GetCapabilities.json
-- Installing: /home/holgder-dach/VYRA/vyra_module_template/install/vyra_module_interfaces/share/vyra_module_interfaces/srv/TriggerTransition.json
-- Installing: /home/holgder-dach/VYRA/vyra_module_template/install/vyra_module_interfaces/share/vyra_module_interfaces/srv/GetLogs.json
-- Installing: /home/holgder-dach/VYRA/vyra_module_template/install/vyra_module_interfaces/share/vyra_module_interfaces/action/InitiateUpdate.json
-- Installing: /home/holgder-dach/VYRA/vyra_module_template/install/vyra_module_interfaces/include/vyra_module_interfaces/vyra_module_interfaces
-- Installing: /home/holgder-dach/VYRA/vyra_module_template/install/vyra_module_interfaces/include/vyra_module_interfaces/vyra_module_interfaces/srv
-- Installing: /home/holgder-dach/VYRA/vyra_module_template/install/vyra_module_interfaces/include/vyra_module_interfaces/vyra_module_interfaces/srv/get_logs.h
-- Installing: /home/holgder-dach/VYRA/vyra_module_template/install/vyra_module_interfaces/include/vyra_module_interfaces/vyra_module_interfaces/srv/health_check.h
-- Installing: /home/holgder-dach/VYRA/vyra_module_template/install/vyra_module_interfaces/include/vyra_module_interfaces/vyra_module_interfaces/srv/detail
-- Installing: /home/holgder-dach/VYRA/vyra_module_template/install/vyra_module_interfaces/include/vyra_module_interfaces/vyra_module_interfaces/srv/detail/get_capabilities__functions.c
-- Installing: /home/holgder-dach/VYRA/vyra_module_template/install/vyra_module_interfaces/include/vyra_module_interfaces/vyra_module_interfaces/srv/detail/get_logs__struct.h
-- Installing: /home/holgder-dach/VYRA/vyra_module_template/install/vyra_module_interfaces/include/vyra_module_interfaces/vyra_module_interfaces/srv/detail/get_logs__functions.c
-- Installing: /home/holgder-dach/VYRA/vyra_module_template/install/vyra_module_interfaces/include/vyra_module_interfaces/vyra_module_interfaces/srv/detail/trigger_transition__description.c
-- Installing: /home/holgder-dach/VYRA/vyra_module_template/install/vyra_module_interfaces/include/vyra_module_interfaces/vyra_module_interfaces/srv/detail/get_logs__type_support.c
-- Installing: /home/holgder-dach/VYRA/vyra_module_template/install/vyra_module_interfaces/include/vyra_module_interfaces/vyra_module_interfaces/srv/detail/get_logs__description.c
-- Installing: /home/holgder-dach/VYRA/vyra_module_template/install/vyra_module_interfaces/include/vyra_module_interfaces/vyra_module_interfaces/srv/detail/health_check__functions.h
-- Installing: /home/holgder-dach/VYRA/vyra_module_template/install/vyra_module_interfaces/include/vyra_module_interfaces/vyra_module_interfaces/srv/detail/health_check__functions.c
-- Installing: /home/holgder-dach/VYRA/vyra_module_template/install/vyra_module_interfaces/include/vyra_module_interfaces/vyra_module_interfaces/srv/detail/health_check__struct.h
-- Installing: /home/holgder-dach/VYRA/vyra_module_template/install/vyra_module_interfaces/include/vyra_module_interfaces/vyra_module_interfaces/srv/detail/trigger_transition__type_support.c
-- Installing: /home/holgder-dach/VYRA/vyra_module_template/install/vyra_module_interfaces/include/vyra_module_interfaces/vyra_module_interfaces/srv/detail/get_logs__type_support.h
-- Installing: /home/holgder-dach/VYRA/vyra_module_template/install/vyra_module_interfaces/include/vyra_module_interfaces/vyra_module_interfaces/srv/detail/get_capabilities__type_support.c
-- Installing: /home/holgder-dach/VYRA/vyra_module_template/install/vyra_module_interfaces/include/vyra_module_interfaces/vyra_module_interfaces/srv/detail/get_capabilities__struct.h
-- Installing: /home/holgder-dach/VYRA/vyra_module_template/install/vyra_module_interfaces/include/vyra_module_interfaces/vyra_module_interfaces/srv/detail/trigger_transition__functions.c
-- Installing: /home/holgder-dach/VYRA/vyra_module_template/install/vyra_module_interfaces/include/vyra_module_interfaces/vyra_module_interfaces/srv/detail/trigger_transition__functions.h
-- Installing: /home/holgder-dach/VYRA/vyra_module_template/install/vyra_module_interfaces/include/vyra_module_interfaces/vyra_module_interfaces/srv/detail/get_capabilities__type_support.h
-- Installing: /home/holgder-dach/VYRA/vyra_module_template/install/vyra_module_interfaces/include/vyra_module_interfaces/vyra_module_interfaces/srv/detail/get_capabilities__functions.h
-- Installing: /home/holgder-dach/VYRA/vyra_module_template/install/vyra_module_interfaces/include/vyra_module_interfaces/vyra_module_interfaces/srv/detail/get_capabilities__description.c
-- Installing: /home/holgder-dach/VYRA/vyra_module_template/install/vyra_module_interfaces/include/vyra_module_interfaces/vyra_module_interfaces/srv/detail/health_check__type_support.h
-- Installing: /home/holgder-dach/VYRA/vyra_module_template/install/vyra_module_interfaces/include/vyra_module_interfaces/vyra_module_interfaces/srv/detail/trigger_transition__type_support.h
-- Installing: /home/holgder-dach/VYRA/vyra_module_template/install/vyra_module_interfaces/include/vyra_module_interfaces/vyra_module_interfaces/srv/detail/get_logs__functions.h
-- Installing: /home/holgder-dach/VYRA/vyra_module_template/install/vyra_module_interfaces/include/vyra_module_interfaces/vyra_module_interfaces/srv/detail/trigger_transition__struct.h
-- Installing: /home/holgder-dach/VYRA/vyra_module_template/install/vyra_module_interfaces/include/vyra_module_interfaces/vyra_module_interfaces/srv/detail/health_check__description.c
-- Installing: /home/holgder-dach/VYRA/vyra_module_template/install/vyra_module_interfaces/include/vyra_module_interfaces/vyra_module_interfaces/srv/detail/health_check__type_support.c
-- Installing: /home/holgder-dach/VYRA/vyra_module_template/install/vyra_module_interfaces/include/vyra_module_interfaces/vyra_module_interfaces/srv/trigger_transition.h
-- Installing: /home/holgder-dach/VYRA/vyra_module_template/install/vyra_module_interfaces/include/vyra_module_interfaces/vyra_module_interfaces/srv/get_capabilities.h
-- Installing: /home/holgder-dach/VYRA/vyra_module_template/install/vyra_module_interfaces/include/vyra_module_interfaces/vyra_module_interfaces/msg
-- Installing: /home/holgder-dach/VYRA/vyra_module_template/install/vyra_module_interfaces/include/vyra_module_interfaces/vyra_module_interfaces/msg/news_feed.h
-- Installing: /home/holgder-dach/VYRA/vyra_module_template/install/vyra_module_interfaces/include/vyra_module_interfaces/vyra_module_interfaces/msg/rosidl_generator_c__visibility_control.h
-- Installing: /home/holgder-dach/VYRA/vyra_module_template/install/vyra_module_interfaces/include/vyra_module_interfaces/vyra_module_interfaces/msg/error_feed.h
-- Installing: /home/holgder-dach/VYRA/vyra_module_template/install/vyra_module_interfaces/include/vyra_module_interfaces/vyra_module_interfaces/msg/state_feed.h
-- Installing: /home/holgder-dach/VYRA/vyra_module_template/install/vyra_module_interfaces/include/vyra_module_interfaces/vyra_module_interfaces/msg/logger_stream.h
-- Installing: /home/holgder-dach/VYRA/vyra_module_template/install/vyra_module_interfaces/include/vyra_module_interfaces/vyra_module_interfaces/msg/detail
-- Installing: /home/holgder-dach/VYRA/vyra_module_template/install/vyra_module_interfaces/include/vyra_module_interfaces/vyra_module_interfaces/msg/detail/error_feed__type_support.c
-- Installing: /home/holgder-dach/VYRA/vyra_module_template/install/vyra_module_interfaces/include/vyra_module_interfaces/vyra_module_interfaces/msg/detail/error_feed__functions.h
-- Installing: /home/holgder-dach/VYRA/vyra_module_template/install/vyra_module_interfaces/include/vyra_module_interfaces/vyra_module_interfaces/msg/detail/logger_stream__functions.c
-- Installing: /home/holgder-dach/VYRA/vyra_module_template/install/vyra_module_interfaces/include/vyra_module_interfaces/vyra_module_interfaces/msg/detail/news_feed__description.c
-- Installing: /home/holgder-dach/VYRA/vyra_module_template/install/vyra_module_interfaces/include/vyra_module_interfaces/vyra_module_interfaces/msg/detail/error_feed__struct.h
-- Installing: /home/holgder-dach/VYRA/vyra_module_template/install/vyra_module_interfaces/include/vyra_module_interfaces/vyra_module_interfaces/msg/detail/news_feed__struct.h
-- Installing: /home/holgder-dach/VYRA/vyra_module_template/install/vyra_module_interfaces/include/vyra_module_interfaces/vyra_module_interfaces/msg/detail/logger_stream__functions.h
-- Installing: /home/holgder-dach/VYRA/vyra_module_template/install/vyra_module_interfaces/include/vyra_module_interfaces/vyra_module_interfaces/msg/detail/state_feed__functions.h
-- Installing: /home/holgder-dach/VYRA/vyra_module_template/install/vyra_module_interfaces/include/vyra_module_interfaces/vyra_module_interfaces/msg/detail/logger_stream__type_support.c
-- Installing: /home/holgder-dach/VYRA/vyra_module_template/install/vyra_module_interfaces/include/vyra_module_interfaces/vyra_module_interfaces/msg/detail/state_feed__description.c
-- Installing: /home/holgder-dach/VYRA/vyra_module_template/install/vyra_module_interfaces/include/vyra_module_interfaces/vyra_module_interfaces/msg/detail/news_feed__functions.c
-- Installing: /home/holgder-dach/VYRA/vyra_module_template/install/vyra_module_interfaces/include/vyra_module_interfaces/vyra_module_interfaces/msg/detail/state_feed__struct.h
-- Installing: /home/holgder-dach/VYRA/vyra_module_template/install/vyra_module_interfaces/include/vyra_module_interfaces/vyra_module_interfaces/msg/detail/news_feed__type_support.h
-- Installing: /home/holgder-dach/VYRA/vyra_module_template/install/vyra_module_interfaces/include/vyra_module_interfaces/vyra_module_interfaces/msg/detail/logger_stream__type_support.h
-- Installing: /home/holgder-dach/VYRA/vyra_module_template/install/vyra_module_interfaces/include/vyra_module_interfaces/vyra_module_interfaces/msg/detail/error_feed__functions.c
-- Installing: /home/holgder-dach/VYRA/vyra_module_template/install/vyra_module_interfaces/include/vyra_module_interfaces/vyra_module_interfaces/msg/detail/error_feed__description.c
-- Installing: /home/holgder-dach/VYRA/vyra_module_template/install/vyra_module_interfaces/include/vyra_module_interfaces/vyra_module_interfaces/msg/detail/logger_stream__struct.h
-- Installing: /home/holgder-dach/VYRA/vyra_module_template/install/vyra_module_interfaces/include/vyra_module_interfaces/vyra_module_interfaces/msg/detail/news_feed__type_support.c
-- Installing: /home/holgder-dach/VYRA/vyra_module_template/install/vyra_module_interfaces/include/vyra_module_interfaces/vyra_module_interfaces/msg/detail/error_feed__type_support.h
-- Installing: /home/holgder-dach/VYRA/vyra_module_template/install/vyra_module_interfaces/include/vyra_module_interfaces/vyra_module_interfaces/msg/detail/state_feed__type_support.c
-- Installing: /home/holgder-dach/VYRA/vyra_module_template/install/vyra_module_interfaces/include/vyra_module_interfaces/vyra_module_interfaces/msg/detail/state_feed__type_support.h
-- Installing: /home/holgder-dach/VYRA/vyra_module_template/install/vyra_module_interfaces/include/vyra_module_interfaces/vyra_module_interfaces/msg/detail/logger_stream__description.c
-- Installing: /home/holgder-dach/VYRA/vyra_module_template/install/vyra_module_interfaces/include/vyra_module_interfaces/vyra_module_interfaces/msg/detail/news_feed__functions.h
-- Installing: /home/holgder-dach/VYRA/vyra_module_template/install/vyra_module_interfaces/include/vyra_module_interfaces/vyra_module_interfaces/msg/detail/state_feed__functions.c
-- Installing: /home/holgder-dach/VYRA/vyra_module_template/install/vyra_module_interfaces/include/vyra_module_interfaces/vyra_module_interfaces/action
-- Installing: /home/holgder-dach/VYRA/vyra_module_template/install/vyra_module_interfaces/include/vyra_module_interfaces/vyra_module_interfaces/action/initiate_update.h
-- Installing: /home/holgder-dach/VYRA/vyra_module_template/install/vyra_module_interfaces/include/vyra_module_interfaces/vyra_module_interfaces/action/detail
-- Installing: /home/holgder-dach/VYRA/vyra_module_template/install/vyra_module_interfaces/include/vyra_module_interfaces/vyra_module_interfaces/action/detail/initiate_update__functions.c
-- Installing: /home/holgder-dach/VYRA/vyra_module_template/install/vyra_module_interfaces/include/vyra_module_interfaces/vyra_module_interfaces/action/detail/initiate_update__struct.h
-- Installing: /home/holgder-dach/VYRA/vyra_module_template/install/vyra_module_interfaces/include/vyra_module_interfaces/vyra_module_interfaces/action/detail/initiate_update__description.c
-- Installing: /home/holgder-dach/VYRA/vyra_module_template/install/vyra_module_interfaces/include/vyra_module_interfaces/vyra_module_interfaces/action/detail/initiate_update__type_support.c
-- Installing: /home/holgder-dach/VYRA/vyra_module_template/install/vyra_module_interfaces/include/vyra_module_interfaces/vyra_module_interfaces/action/detail/initiate_update__type_support.h
-- Installing: /home/holgder-dach/VYRA/vyra_module_template/install/vyra_module_interfaces/include/vyra_module_interfaces/vyra_module_interfaces/action/detail/initiate_update__functions.h
-- Installing: /home/holgder-dach/VYRA/vyra_module_template/install/vyra_module_interfaces/share/vyra_module_interfaces/environment/library_path.sh
-- Installing: /home/holgder-dach/VYRA/vyra_module_template/install/vyra_module_interfaces/share/vyra_module_interfaces/environment/library_path.dsv
-- Installing: /home/holgder-dach/VYRA/vyra_module_template/install/vyra_module_interfaces/lib/libvyra_module_interfaces__rosidl_generator_c.so
-- Set non-toolchain portion of runtime path of "/home/holgder-dach/VYRA/vyra_module_template/install/vyra_module_interfaces/lib/libvyra_module_interfaces__rosidl_generator_c.so" to ""
-- Up-to-date: /home/holgder-dach/VYRA/vyra_module_template/install/vyra_module_interfaces/include/vyra_module_interfaces/vyra_module_interfaces
-- Up-to-date: /home/holgder-dach/VYRA/vyra_module_template/install/vyra_module_interfaces/include/vyra_module_interfaces/vyra_module_interfaces/srv
-- Up-to-date: /home/holgder-dach/VYRA/vyra_module_template/install/vyra_module_interfaces/include/vyra_module_interfaces/vyra_module_interfaces/srv/detail
-- Installing: /home/holgder-dach/VYRA/vyra_module_template/install/vyra_module_interfaces/include/vyra_module_interfaces/vyra_module_interfaces/srv/detail/health_check__rosidl_typesupport_fastrtps_c.h
-- Installing: /home/holgder-dach/VYRA/vyra_module_template/install/vyra_module_interfaces/include/vyra_module_interfaces/vyra_module_interfaces/srv/detail/get_capabilities__rosidl_typesupport_fastrtps_c.h
-- Installing: /home/holgder-dach/VYRA/vyra_module_template/install/vyra_module_interfaces/include/vyra_module_interfaces/vyra_module_interfaces/srv/detail/get_logs__rosidl_typesupport_fastrtps_c.h
-- Installing: /home/holgder-dach/VYRA/vyra_module_template/install/vyra_module_interfaces/include/vyra_module_interfaces/vyra_module_interfaces/srv/detail/trigger_transition__rosidl_typesupport_fastrtps_c.h
-- Up-to-date: /home/holgder-dach/VYRA/vyra_module_template/install/vyra_module_interfaces/include/vyra_module_interfaces/vyra_module_interfaces/msg
-- Installing: /home/holgder-dach/VYRA/vyra_module_template/install/vyra_module_interfaces/include/vyra_module_interfaces/vyra_module_interfaces/msg/rosidl_typesupport_fastrtps_c__visibility_control.h
-- Up-to-date: /home/holgder-dach/VYRA/vyra_module_template/install/vyra_module_interfaces/include/vyra_module_interfaces/vyra_module_interfaces/msg/detail
-- Installing: /home/holgder-dach/VYRA/vyra_module_template/install/vyra_module_interfaces/include/vyra_module_interfaces/vyra_module_interfaces/msg/detail/logger_stream__rosidl_typesupport_fastrtps_c.h
-- Installing: /home/holgder-dach/VYRA/vyra_module_template/install/vyra_module_interfaces/include/vyra_module_interfaces/vyra_module_interfaces/msg/detail/news_feed__rosidl_typesupport_fastrtps_c.h
-- Installing: /home/holgder-dach/VYRA/vyra_module_template/install/vyra_module_interfaces/include/vyra_module_interfaces/vyra_module_interfaces/msg/detail/error_feed__rosidl_typesupport_fastrtps_c.h
-- Installing: /home/holgder-dach/VYRA/vyra_module_template/install/vyra_module_interfaces/include/vyra_module_interfaces/vyra_module_interfaces/msg/detail/state_feed__rosidl_typesupport_fastrtps_c.h
-- Up-to-date: /home/holgder-dach/VYRA/vyra_module_template/install/vyra_module_interfaces/include/vyra_module_interfaces/vyra_module_interfaces/action
-- Up-to-date: /home/holgder-dach/VYRA/vyra_module_template/install/vyra_module_interfaces/include/vyra_module_interfaces/vyra_module_interfaces/action/detail
-- Installing: /home/holgder-dach/VYRA/vyra_module_template/install/vyra_module_interfaces/include/vyra_module_interfaces/vyra_module_interfaces/action/detail/initiate_update__rosidl_typesupport_fastrtps_c.h
-- Installing: /home/holgder-dach/VYRA/vyra_module_template/install/vyra_module_interfaces/lib/libvyra_module_interfaces__rosidl_typesupport_fastrtps_c.so
-- Set non-toolchain portion of runtime path of "/home/holgder-dach/VYRA/vyra_module_template/install/vyra_module_interfaces/lib/libvyra_module_interfaces__rosidl_typesupport_fastrtps_c.so" to ""
-- Up-to-date: /home/holgder-dach/VYRA/vyra_module_template/install/vyra_module_interfaces/include/vyra_module_interfaces/vyra_module_interfaces
-- Up-to-date: /home/holgder-dach/VYRA/vyra_module_template/install/vyra_module_interfaces/include/vyra_module_interfaces/vyra_module_interfaces/srv
-- Up-to-date: /home/holgder-dach/VYRA/vyra_module_template/install/vyra_module_interfaces/include/vyra_module_interfaces/vyra_module_interfaces/srv/detail
-- Installing: /home/holgder-dach/VYRA/vyra_module_template/install/vyra_module_interfaces/include/vyra_module_interfaces/vyra_module_interfaces/srv/detail/trigger_transition__rosidl_typesupport_introspection_c.h
-- Installing: /home/holgder-dach/VYRA/vyra_module_template/install/vyra_module_interfaces/include/vyra_module_interfaces/vyra_module_interfaces/srv/detail/get_logs__type_support.c
-- Installing: /home/holgder-dach/VYRA/vyra_module_template/install/vyra_module_interfaces/include/vyra_module_interfaces/vyra_module_interfaces/srv/detail/trigger_transition__type_support.c
-- Installing: /home/holgder-dach/VYRA/vyra_module_template/install/vyra_module_interfaces/include/vyra_module_interfaces/vyra_module_interfaces/srv/detail/get_capabilities__type_support.c
-- Installing: /home/holgder-dach/VYRA/vyra_module_template/install/vyra_module_interfaces/include/vyra_module_interfaces/vyra_module_interfaces/srv/detail/health_check__rosidl_typesupport_introspection_c.h
-- Installing: /home/holgder-dach/VYRA/vyra_module_template/install/vyra_module_interfaces/include/vyra_module_interfaces/vyra_module_interfaces/srv/detail/get_logs__rosidl_typesupport_introspection_c.h
-- Installing: /home/holgder-dach/VYRA/vyra_module_template/install/vyra_module_interfaces/include/vyra_module_interfaces/vyra_module_interfaces/srv/detail/get_capabilities__rosidl_typesupport_introspection_c.h
-- Installing: /home/holgder-dach/VYRA/vyra_module_template/install/vyra_module_interfaces/include/vyra_module_interfaces/vyra_module_interfaces/srv/detail/health_check__type_support.c
-- Up-to-date: /home/holgder-dach/VYRA/vyra_module_template/install/vyra_module_interfaces/include/vyra_module_interfaces/vyra_module_interfaces/msg
-- Installing: /home/holgder-dach/VYRA/vyra_module_template/install/vyra_module_interfaces/include/vyra_module_interfaces/vyra_module_interfaces/msg/rosidl_typesupport_introspection_c__visibility_control.h
-- Up-to-date: /home/holgder-dach/VYRA/vyra_module_template/install/vyra_module_interfaces/include/vyra_module_interfaces/vyra_module_interfaces/msg/detail
-- Installing: /home/holgder-dach/VYRA/vyra_module_template/install/vyra_module_interfaces/include/vyra_module_interfaces/vyra_module_interfaces/msg/detail/error_feed__type_support.c
-- Installing: /home/holgder-dach/VYRA/vyra_module_template/install/vyra_module_interfaces/include/vyra_module_interfaces/vyra_module_interfaces/msg/detail/logger_stream__type_support.c
-- Installing: /home/holgder-dach/VYRA/vyra_module_template/install/vyra_module_interfaces/include/vyra_module_interfaces/vyra_module_interfaces/msg/detail/error_feed__rosidl_typesupport_introspection_c.h
-- Installing: /home/holgder-dach/VYRA/vyra_module_template/install/vyra_module_interfaces/include/vyra_module_interfaces/vyra_module_interfaces/msg/detail/news_feed__type_support.c
-- Installing: /home/holgder-dach/VYRA/vyra_module_template/install/vyra_module_interfaces/include/vyra_module_interfaces/vyra_module_interfaces/msg/detail/news_feed__rosidl_typesupport_introspection_c.h
-- Installing: /home/holgder-dach/VYRA/vyra_module_template/install/vyra_module_interfaces/include/vyra_module_interfaces/vyra_module_interfaces/msg/detail/state_feed__type_support.c
-- Installing: /home/holgder-dach/VYRA/vyra_module_template/install/vyra_module_interfaces/include/vyra_module_interfaces/vyra_module_interfaces/msg/detail/logger_stream__rosidl_typesupport_introspection_c.h
-- Installing: /home/holgder-dach/VYRA/vyra_module_template/install/vyra_module_interfaces/include/vyra_module_interfaces/vyra_module_interfaces/msg/detail/state_feed__rosidl_typesupport_introspection_c.h
-- Up-to-date: /home/holgder-dach/VYRA/vyra_module_template/install/vyra_module_interfaces/include/vyra_module_interfaces/vyra_module_interfaces/action
-- Up-to-date: /home/holgder-dach/VYRA/vyra_module_template/install/vyra_module_interfaces/include/vyra_module_interfaces/vyra_module_interfaces/action/detail
-- Installing: /home/holgder-dach/VYRA/vyra_module_template/install/vyra_module_interfaces/include/vyra_module_interfaces/vyra_module_interfaces/action/detail/initiate_update__rosidl_typesupport_introspection_c.h
-- Installing: /home/holgder-dach/VYRA/vyra_module_template/install/vyra_module_interfaces/include/vyra_module_interfaces/vyra_module_interfaces/action/detail/initiate_update__type_support.c
-- Installing: /home/holgder-dach/VYRA/vyra_module_template/install/vyra_module_interfaces/lib/libvyra_module_interfaces__rosidl_typesupport_introspection_c.so
-- Set non-toolchain portion of runtime path of "/home/holgder-dach/VYRA/vyra_module_template/install/vyra_module_interfaces/lib/libvyra_module_interfaces__rosidl_typesupport_introspection_c.so" to ""
-- Installing: /home/holgder-dach/VYRA/vyra_module_template/install/vyra_module_interfaces/lib/libvyra_module_interfaces__rosidl_typesupport_c.so
-- Set non-toolchain portion of runtime path of "/home/holgder-dach/VYRA/vyra_module_template/install/vyra_module_interfaces/lib/libvyra_module_interfaces__rosidl_typesupport_c.so" to ""
-- Up-to-date: /home/holgder-dach/VYRA/vyra_module_template/install/vyra_module_interfaces/include/vyra_module_interfaces/vyra_module_interfaces
-- Up-to-date: /home/holgder-dach/VYRA/vyra_module_template/install/vyra_module_interfaces/include/vyra_module_interfaces/vyra_module_interfaces/srv
-- Installing: /home/holgder-dach/VYRA/vyra_module_template/install/vyra_module_interfaces/include/vyra_module_interfaces/vyra_module_interfaces/srv/get_capabilities.hpp
-- Installing: /home/holgder-dach/VYRA/vyra_module_template/install/vyra_module_interfaces/include/vyra_module_interfaces/vyra_module_interfaces/srv/get_logs.hpp
-- Installing: /home/holgder-dach/VYRA/vyra_module_template/install/vyra_module_interfaces/include/vyra_module_interfaces/vyra_module_interfaces/srv/trigger_transition.hpp
-- Installing: /home/holgder-dach/VYRA/vyra_module_template/install/vyra_module_interfaces/include/vyra_module_interfaces/vyra_module_interfaces/srv/health_check.hpp
-- Up-to-date: /home/holgder-dach/VYRA/vyra_module_template/install/vyra_module_interfaces/include/vyra_module_interfaces/vyra_module_interfaces/srv/detail
-- Installing: /home/holgder-dach/VYRA/vyra_module_template/install/vyra_module_interfaces/include/vyra_module_interfaces/vyra_module_interfaces/srv/detail/get_logs__builder.hpp
-- Installing: /home/holgder-dach/VYRA/vyra_module_template/install/vyra_module_interfaces/include/vyra_module_interfaces/vyra_module_interfaces/srv/detail/trigger_transition__traits.hpp
-- Installing: /home/holgder-dach/VYRA/vyra_module_template/install/vyra_module_interfaces/include/vyra_module_interfaces/vyra_module_interfaces/srv/detail/health_check__traits.hpp
-- Installing: /home/holgder-dach/VYRA/vyra_module_template/install/vyra_module_interfaces/include/vyra_module_interfaces/vyra_module_interfaces/srv/detail/trigger_transition__builder.hpp
-- Installing: /home/holgder-dach/VYRA/vyra_module_template/install/vyra_module_interfaces/include/vyra_module_interfaces/vyra_module_interfaces/srv/detail/get_capabilities__struct.hpp
-- Installing: /home/holgder-dach/VYRA/vyra_module_template/install/vyra_module_interfaces/include/vyra_module_interfaces/vyra_module_interfaces/srv/detail/get_logs__struct.hpp
-- Installing: /home/holgder-dach/VYRA/vyra_module_template/install/vyra_module_interfaces/include/vyra_module_interfaces/vyra_module_interfaces/srv/detail/health_check__type_support.hpp
-- Installing: /home/holgder-dach/VYRA/vyra_module_template/install/vyra_module_interfaces/include/vyra_module_interfaces/vyra_module_interfaces/srv/detail/get_logs__traits.hpp
-- Installing: /home/holgder-dach/VYRA/vyra_module_template/install/vyra_module_interfaces/include/vyra_module_interfaces/vyra_module_interfaces/srv/detail/get_capabilities__traits.hpp
-- Installing: /home/holgder-dach/VYRA/vyra_module_template/install/vyra_module_interfaces/include/vyra_module_interfaces/vyra_module_interfaces/srv/detail/trigger_transition__type_support.hpp
-- Installing: /home/holgder-dach/VYRA/vyra_module_template/install/vyra_module_interfaces/include/vyra_module_interfaces/vyra_module_interfaces/srv/detail/get_logs__type_support.hpp
-- Installing: /home/holgder-dach/VYRA/vyra_module_template/install/vyra_module_interfaces/include/vyra_module_interfaces/vyra_module_interfaces/srv/detail/get_capabilities__builder.hpp
-- Installing: /home/holgder-dach/VYRA/vyra_module_template/install/vyra_module_interfaces/include/vyra_module_interfaces/vyra_module_interfaces/srv/detail/trigger_transition__struct.hpp
-- Installing: /home/holgder-dach/VYRA/vyra_module_template/install/vyra_module_interfaces/include/vyra_module_interfaces/vyra_module_interfaces/srv/detail/get_capabilities__type_support.hpp
-- Installing: /home/holgder-dach/VYRA/vyra_module_template/install/vyra_module_interfaces/include/vyra_module_interfaces/vyra_module_interfaces/srv/detail/health_check__builder.hpp
-- Installing: /home/holgder-dach/VYRA/vyra_module_template/install/vyra_module_interfaces/include/vyra_module_interfaces/vyra_module_interfaces/srv/detail/health_check__struct.hpp
-- Up-to-date: /home/holgder-dach/VYRA/vyra_module_template/install/vyra_module_interfaces/include/vyra_module_interfaces/vyra_module_interfaces/msg
-- Installing: /home/holgder-dach/VYRA/vyra_module_template/install/vyra_module_interfaces/include/vyra_module_interfaces/vyra_module_interfaces/msg/rosidl_generator_cpp__visibility_control.hpp
-- Installing: /home/holgder-dach/VYRA/vyra_module_template/install/vyra_module_interfaces/include/vyra_module_interfaces/vyra_module_interfaces/msg/logger_stream.hpp
-- Installing: /home/holgder-dach/VYRA/vyra_module_template/install/vyra_module_interfaces/include/vyra_module_interfaces/vyra_module_interfaces/msg/state_feed.hpp
-- Installing: /home/holgder-dach/VYRA/vyra_module_template/install/vyra_module_interfaces/include/vyra_module_interfaces/vyra_module_interfaces/msg/news_feed.hpp
-- Up-to-date: /home/holgder-dach/VYRA/vyra_module_template/install/vyra_module_interfaces/include/vyra_module_interfaces/vyra_module_interfaces/msg/detail
-- Installing: /home/holgder-dach/VYRA/vyra_module_template/install/vyra_module_interfaces/include/vyra_module_interfaces/vyra_module_interfaces/msg/detail/news_feed__struct.hpp
-- Installing: /home/holgder-dach/VYRA/vyra_module_template/install/vyra_module_interfaces/include/vyra_module_interfaces/vyra_module_interfaces/msg/detail/error_feed__traits.hpp
-- Installing: /home/holgder-dach/VYRA/vyra_module_template/install/vyra_module_interfaces/include/vyra_module_interfaces/vyra_module_interfaces/msg/detail/state_feed__builder.hpp
-- Installing: /home/holgder-dach/VYRA/vyra_module_template/install/vyra_module_interfaces/include/vyra_module_interfaces/vyra_module_interfaces/msg/detail/logger_stream__traits.hpp
-- Installing: /home/holgder-dach/VYRA/vyra_module_template/install/vyra_module_interfaces/include/vyra_module_interfaces/vyra_module_interfaces/msg/detail/news_feed__builder.hpp
-- Installing: /home/holgder-dach/VYRA/vyra_module_template/install/vyra_module_interfaces/include/vyra_module_interfaces/vyra_module_interfaces/msg/detail/news_feed__type_support.hpp
-- Installing: /home/holgder-dach/VYRA/vyra_module_template/install/vyra_module_interfaces/include/vyra_module_interfaces/vyra_module_interfaces/msg/detail/logger_stream__type_support.hpp
-- Installing: /home/holgder-dach/VYRA/vyra_module_template/install/vyra_module_interfaces/include/vyra_module_interfaces/vyra_module_interfaces/msg/detail/error_feed__type_support.hpp
-- Installing: /home/holgder-dach/VYRA/vyra_module_template/install/vyra_module_interfaces/include/vyra_module_interfaces/vyra_module_interfaces/msg/detail/error_feed__builder.hpp
-- Installing: /home/holgder-dach/VYRA/vyra_module_template/install/vyra_module_interfaces/include/vyra_module_interfaces/vyra_module_interfaces/msg/detail/state_feed__struct.hpp
-- Installing: /home/holgder-dach/VYRA/vyra_module_template/install/vyra_module_interfaces/include/vyra_module_interfaces/vyra_module_interfaces/msg/detail/error_feed__struct.hpp
-- Installing: /home/holgder-dach/VYRA/vyra_module_template/install/vyra_module_interfaces/include/vyra_module_interfaces/vyra_module_interfaces/msg/detail/logger_stream__struct.hpp
-- Installing: /home/holgder-dach/VYRA/vyra_module_template/install/vyra_module_interfaces/include/vyra_module_interfaces/vyra_module_interfaces/msg/detail/news_feed__traits.hpp
-- Installing: /home/holgder-dach/VYRA/vyra_module_template/install/vyra_module_interfaces/include/vyra_module_interfaces/vyra_module_interfaces/msg/detail/state_feed__type_support.hpp
-- Installing: /home/holgder-dach/VYRA/vyra_module_template/install/vyra_module_interfaces/include/vyra_module_interfaces/vyra_module_interfaces/msg/detail/logger_stream__builder.hpp
-- Installing: /home/holgder-dach/VYRA/vyra_module_template/install/vyra_module_interfaces/include/vyra_module_interfaces/vyra_module_interfaces/msg/detail/state_feed__traits.hpp
-- Installing: /home/holgder-dach/VYRA/vyra_module_template/install/vyra_module_interfaces/include/vyra_module_interfaces/vyra_module_interfaces/msg/error_feed.hpp
-- Up-to-date: /home/holgder-dach/VYRA/vyra_module_template/install/vyra_module_interfaces/include/vyra_module_interfaces/vyra_module_interfaces/action
-- Installing: /home/holgder-dach/VYRA/vyra_module_template/install/vyra_module_interfaces/include/vyra_module_interfaces/vyra_module_interfaces/action/initiate_update.hpp
-- Up-to-date: /home/holgder-dach/VYRA/vyra_module_template/install/vyra_module_interfaces/include/vyra_module_interfaces/vyra_module_interfaces/action/detail
-- Installing: /home/holgder-dach/VYRA/vyra_module_template/install/vyra_module_interfaces/include/vyra_module_interfaces/vyra_module_interfaces/action/detail/initiate_update__builder.hpp
-- Installing: /home/holgder-dach/VYRA/vyra_module_template/install/vyra_module_interfaces/include/vyra_module_interfaces/vyra_module_interfaces/action/detail/initiate_update__struct.hpp
-- Installing: /home/holgder-dach/VYRA/vyra_module_template/install/vyra_module_interfaces/include/vyra_module_interfaces/vyra_module_interfaces/action/detail/initiate_update__traits.hpp
-- Installing: /home/holgder-dach/VYRA/vyra_module_template/install/vyra_module_interfaces/include/vyra_module_interfaces/vyra_module_interfaces/action/detail/initiate_update__type_support.hpp
-- Up-to-date: /home/holgder-dach/VYRA/vyra_module_template/install/vyra_module_interfaces/include/vyra_module_interfaces/vyra_module_interfaces
-- Up-to-date: /home/holgder-dach/VYRA/vyra_module_template/install/vyra_module_interfaces/include/vyra_module_interfaces/vyra_module_interfaces/srv
-- Up-to-date: /home/holgder-dach/VYRA/vyra_module_template/install/vyra_module_interfaces/include/vyra_module_interfaces/vyra_module_interfaces/srv/detail
-- Installing: /home/holgder-dach/VYRA/vyra_module_template/install/vyra_module_interfaces/include/vyra_module_interfaces/vyra_module_interfaces/srv/detail/get_logs__rosidl_typesupport_fastrtps_cpp.hpp
-- Installing: /home/holgder-dach/VYRA/vyra_module_template/install/vyra_module_interfaces/include/vyra_module_interfaces/vyra_module_interfaces/srv/detail/trigger_transition__rosidl_typesupport_fastrtps_cpp.hpp
-- Installing: /home/holgder-dach/VYRA/vyra_module_template/install/vyra_module_interfaces/include/vyra_module_interfaces/vyra_module_interfaces/srv/detail/health_check__rosidl_typesupport_fastrtps_cpp.hpp
-- Installing: /home/holgder-dach/VYRA/vyra_module_template/install/vyra_module_interfaces/include/vyra_module_interfaces/vyra_module_interfaces/srv/detail/get_capabilities__rosidl_typesupport_fastrtps_cpp.hpp
-- Installing: /home/holgder-dach/VYRA/vyra_module_template/install/vyra_module_interfaces/include/vyra_module_interfaces/vyra_module_interfaces/srv/detail/dds_fastrtps
-- Up-to-date: /home/holgder-dach/VYRA/vyra_module_template/install/vyra_module_interfaces/include/vyra_module_interfaces/vyra_module_interfaces/msg
-- Installing: /home/holgder-dach/VYRA/vyra_module_template/install/vyra_module_interfaces/include/vyra_module_interfaces/vyra_module_interfaces/msg/rosidl_typesupport_fastrtps_cpp__visibility_control.h
-- Up-to-date: /home/holgder-dach/VYRA/vyra_module_template/install/vyra_module_interfaces/include/vyra_module_interfaces/vyra_module_interfaces/msg/detail
-- Installing: /home/holgder-dach/VYRA/vyra_module_template/install/vyra_module_interfaces/include/vyra_module_interfaces/vyra_module_interfaces/msg/detail/news_feed__rosidl_typesupport_fastrtps_cpp.hpp
-- Installing: /home/holgder-dach/VYRA/vyra_module_template/install/vyra_module_interfaces/include/vyra_module_interfaces/vyra_module_interfaces/msg/detail/error_feed__rosidl_typesupport_fastrtps_cpp.hpp
-- Installing: /home/holgder-dach/VYRA/vyra_module_template/install/vyra_module_interfaces/include/vyra_module_interfaces/vyra_module_interfaces/msg/detail/state_feed__rosidl_typesupport_fastrtps_cpp.hpp
-- Installing: /home/holgder-dach/VYRA/vyra_module_template/install/vyra_module_interfaces/include/vyra_module_interfaces/vyra_module_interfaces/msg/detail/logger_stream__rosidl_typesupport_fastrtps_cpp.hpp
-- Installing: /home/holgder-dach/VYRA/vyra_module_template/install/vyra_module_interfaces/include/vyra_module_interfaces/vyra_module_interfaces/msg/detail/dds_fastrtps
-- Up-to-date: /home/holgder-dach/VYRA/vyra_module_template/install/vyra_module_interfaces/include/vyra_module_interfaces/vyra_module_interfaces/action
-- Up-to-date: /home/holgder-dach/VYRA/vyra_module_template/install/vyra_module_interfaces/include/vyra_module_interfaces/vyra_module_interfaces/action/detail
-- Installing: /home/holgder-dach/VYRA/vyra_module_template/install/vyra_module_interfaces/include/vyra_module_interfaces/vyra_module_interfaces/action/detail/initiate_update__rosidl_typesupport_fastrtps_cpp.hpp
-- Installing: /home/holgder-dach/VYRA/vyra_module_template/install/vyra_module_interfaces/include/vyra_module_interfaces/vyra_module_interfaces/action/detail/dds_fastrtps
-- Installing: /home/holgder-dach/VYRA/vyra_module_template/install/vyra_module_interfaces/lib/libvyra_module_interfaces__rosidl_typesupport_fastrtps_cpp.so
-- Set non-toolchain portion of runtime path of "/home/holgder-dach/VYRA/vyra_module_template/install/vyra_module_interfaces/lib/libvyra_module_interfaces__rosidl_typesupport_fastrtps_cpp.so" to ""
-- Up-to-date: /home/holgder-dach/VYRA/vyra_module_template/install/vyra_module_interfaces/include/vyra_module_interfaces/vyra_module_interfaces
-- Up-to-date: /home/holgder-dach/VYRA/vyra_module_template/install/vyra_module_interfaces/include/vyra_module_interfaces/vyra_module_interfaces/srv
-- Up-to-date: /home/holgder-dach/VYRA/vyra_module_template/install/vyra_module_interfaces/include/vyra_module_interfaces/vyra_module_interfaces/srv/detail
-- Installing: /home/holgder-dach/VYRA/vyra_module_template/install/vyra_module_interfaces/include/vyra_module_interfaces/vyra_module_interfaces/srv/detail/health_check__type_support.cpp
-- Installing: /home/holgder-dach/VYRA/vyra_module_template/install/vyra_module_interfaces/include/vyra_module_interfaces/vyra_module_interfaces/srv/detail/trigger_transition__rosidl_typesupport_introspection_cpp.hpp
-- Installing: /home/holgder-dach/VYRA/vyra_module_template/install/vyra_module_interfaces/include/vyra_module_interfaces/vyra_module_interfaces/srv/detail/get_capabilities__type_support.cpp
-- Installing: /home/holgder-dach/VYRA/vyra_module_template/install/vyra_module_interfaces/include/vyra_module_interfaces/vyra_module_interfaces/srv/detail/get_logs__type_support.cpp
-- Installing: /home/holgder-dach/VYRA/vyra_module_template/install/vyra_module_interfaces/include/vyra_module_interfaces/vyra_module_interfaces/srv/detail/trigger_transition__type_support.cpp
-- Installing: /home/holgder-dach/VYRA/vyra_module_template/install/vyra_module_interfaces/include/vyra_module_interfaces/vyra_module_interfaces/srv/detail/health_check__rosidl_typesupport_introspection_cpp.hpp
-- Installing: /home/holgder-dach/VYRA/vyra_module_template/install/vyra_module_interfaces/include/vyra_module_interfaces/vyra_module_interfaces/srv/detail/get_capabilities__rosidl_typesupport_introspection_cpp.hpp
-- Installing: /home/holgder-dach/VYRA/vyra_module_template/install/vyra_module_interfaces/include/vyra_module_interfaces/vyra_module_interfaces/srv/detail/get_logs__rosidl_typesupport_introspection_cpp.hpp
-- Up-to-date: /home/holgder-dach/VYRA/vyra_module_template/install/vyra_module_interfaces/include/vyra_module_interfaces/vyra_module_interfaces/msg
-- Up-to-date: /home/holgder-dach/VYRA/vyra_module_template/install/vyra_module_interfaces/include/vyra_module_interfaces/vyra_module_interfaces/msg/detail
-- Installing: /home/holgder-dach/VYRA/vyra_module_template/install/vyra_module_interfaces/include/vyra_module_interfaces/vyra_module_interfaces/msg/detail/logger_stream__type_support.cpp
-- Installing: /home/holgder-dach/VYRA/vyra_module_template/install/vyra_module_interfaces/include/vyra_module_interfaces/vyra_module_interfaces/msg/detail/error_feed__type_support.cpp
-- Installing: /home/holgder-dach/VYRA/vyra_module_template/install/vyra_module_interfaces/include/vyra_module_interfaces/vyra_module_interfaces/msg/detail/state_feed__rosidl_typesupport_introspection_cpp.hpp
-- Installing: /home/holgder-dach/VYRA/vyra_module_template/install/vyra_module_interfaces/include/vyra_module_interfaces/vyra_module_interfaces/msg/detail/logger_stream__rosidl_typesupport_introspection_cpp.hpp
-- Installing: /home/holgder-dach/VYRA/vyra_module_template/install/vyra_module_interfaces/include/vyra_module_interfaces/vyra_module_interfaces/msg/detail/error_feed__rosidl_typesupport_introspection_cpp.hpp
-- Installing: /home/holgder-dach/VYRA/vyra_module_template/install/vyra_module_interfaces/include/vyra_module_interfaces/vyra_module_interfaces/msg/detail/news_feed__rosidl_typesupport_introspection_cpp.hpp
-- Installing: /home/holgder-dach/VYRA/vyra_module_template/install/vyra_module_interfaces/include/vyra_module_interfaces/vyra_module_interfaces/msg/detail/news_feed__type_support.cpp
-- Installing: /home/holgder-dach/VYRA/vyra_module_template/install/vyra_module_interfaces/include/vyra_module_interfaces/vyra_module_interfaces/msg/detail/state_feed__type_support.cpp
-- Up-to-date: /home/holgder-dach/VYRA/vyra_module_template/install/vyra_module_interfaces/include/vyra_module_interfaces/vyra_module_interfaces/action
-- Up-to-date: /home/holgder-dach/VYRA/vyra_module_template/install/vyra_module_interfaces/include/vyra_module_interfaces/vyra_module_interfaces/action/detail
-- Installing: /home/holgder-dach/VYRA/vyra_module_template/install/vyra_module_interfaces/include/vyra_module_interfaces/vyra_module_interfaces/action/detail/initiate_update__type_support.cpp
-- Installing: /home/holgder-dach/VYRA/vyra_module_template/install/vyra_module_interfaces/include/vyra_module_interfaces/vyra_module_interfaces/action/detail/initiate_update__rosidl_typesupport_introspection_cpp.hpp
-- Installing: /home/holgder-dach/VYRA/vyra_module_template/install/vyra_module_interfaces/lib/libvyra_module_interfaces__rosidl_typesupport_introspection_cpp.so
-- Set non-toolchain portion of runtime path of "/home/holgder-dach/VYRA/vyra_module_template/install/vyra_module_interfaces/lib/libvyra_module_interfaces__rosidl_typesupport_introspection_cpp.so" to ""
-- Installing: /home/holgder-dach/VYRA/vyra_module_template/install/vyra_module_interfaces/lib/libvyra_module_interfaces__rosidl_typesupport_cpp.so
-- Set non-toolchain portion of runtime path of "/home/holgder-dach/VYRA/vyra_module_template/install/vyra_module_interfaces/lib/libvyra_module_interfaces__rosidl_typesupport_cpp.so" to ""
-- Installing: /home/holgder-dach/VYRA/vyra_module_template/install/vyra_module_interfaces/share/vyra_module_interfaces/environment/pythonpath.sh
-- Installing: /home/holgder-dach/VYRA/vyra_module_template/install/vyra_module_interfaces/share/vyra_module_interfaces/environment/pythonpath.dsv
-- Installing: /home/holgder-dach/VYRA/vyra_module_template/install/vyra_module_interfaces/lib/python3.12/site-packages/vyra_module_interfaces-0.1.0-py3.12.egg-info
-- Installing: /home/holgder-dach/VYRA/vyra_module_template/install/vyra_module_interfaces/lib/python3.12/site-packages/vyra_module_interfaces-0.1.0-py3.12.egg-info/PKG-INFO
-- Installing: /home/holgder-dach/VYRA/vyra_module_template/install/vyra_module_interfaces/lib/python3.12/site-packages/vyra_module_interfaces-0.1.0-py3.12.egg-info/top_level.txt
-- Installing: /home/holgder-dach/VYRA/vyra_module_template/install/vyra_module_interfaces/lib/python3.12/site-packages/vyra_module_interfaces-0.1.0-py3.12.egg-info/SOURCES.txt
-- Installing: /home/holgder-dach/VYRA/vyra_module_template/install/vyra_module_interfaces/lib/python3.12/site-packages/vyra_module_interfaces-0.1.0-py3.12.egg-info/dependency_links.txt
-- Installing: /home/holgder-dach/VYRA/vyra_module_template/install/vyra_module_interfaces/lib/python3.12/site-packages/vyra_module_interfaces
-- Installing: /home/holgder-dach/VYRA/vyra_module_template/install/vyra_module_interfaces/lib/python3.12/site-packages/vyra_module_interfaces/vyra_module_interfaces_s__rosidl_typesupport_fastrtps_c.so
-- Installing: /home/holgder-dach/VYRA/vyra_module_template/install/vyra_module_interfaces/lib/python3.12/site-packages/vyra_module_interfaces/srv
-- Installing: /home/holgder-dach/VYRA/vyra_module_template/install/vyra_module_interfaces/lib/python3.12/site-packages/vyra_module_interfaces/srv/_trigger_transition.py
-- Installing: /home/holgder-dach/VYRA/vyra_module_template/install/vyra_module_interfaces/lib/python3.12/site-packages/vyra_module_interfaces/srv/_trigger_transition_s.c
-- Installing: /home/holgder-dach/VYRA/vyra_module_template/install/vyra_module_interfaces/lib/python3.12/site-packages/vyra_module_interfaces/srv/_get_capabilities_s.c
-- Installing: /home/holgder-dach/VYRA/vyra_module_template/install/vyra_module_interfaces/lib/python3.12/site-packages/vyra_module_interfaces/srv/_get_logs.py
-- Installing: /home/holgder-dach/VYRA/vyra_module_template/install/vyra_module_interfaces/lib/python3.12/site-packages/vyra_module_interfaces/srv/_get_logs_s.c
-- Installing: /home/holgder-dach/VYRA/vyra_module_template/install/vyra_module_interfaces/lib/python3.12/site-packages/vyra_module_interfaces/srv/_health_check.py
-- Installing: /home/holgder-dach/VYRA/vyra_module_template/install/vyra_module_interfaces/lib/python3.12/site-packages/vyra_module_interfaces/srv/_health_check_s.c
-- Installing: /home/holgder-dach/VYRA/vyra_module_template/install/vyra_module_interfaces/lib/python3.12/site-packages/vyra_module_interfaces/srv/__init__.py
-- Installing: /home/holgder-dach/VYRA/vyra_module_template/install/vyra_module_interfaces/lib/python3.12/site-packages/vyra_module_interfaces/srv/_get_capabilities.py
-- Installing: /home/holgder-dach/VYRA/vyra_module_template/install/vyra_module_interfaces/lib/python3.12/site-packages/vyra_module_interfaces/msg
-- Installing: /home/holgder-dach/VYRA/vyra_module_template/install/vyra_module_interfaces/lib/python3.12/site-packages/vyra_module_interfaces/msg/_state_feed_s.c
-- Installing: /home/holgder-dach/VYRA/vyra_module_template/install/vyra_module_interfaces/lib/python3.12/site-packages/vyra_module_interfaces/msg/_state_feed.py
-- Installing: /home/holgder-dach/VYRA/vyra_module_template/install/vyra_module_interfaces/lib/python3.12/site-packages/vyra_module_interfaces/msg/_error_feed.py
-- Installing: /home/holgder-dach/VYRA/vyra_module_template/install/vyra_module_interfaces/lib/python3.12/site-packages/vyra_module_interfaces/msg/_logger_stream.py
-- Installing: /home/holgder-dach/VYRA/vyra_module_template/install/vyra_module_interfaces/lib/python3.12/site-packages/vyra_module_interfaces/msg/_news_feed.py
-- Installing: /home/holgder-dach/VYRA/vyra_module_template/install/vyra_module_interfaces/lib/python3.12/site-packages/vyra_module_interfaces/msg/_news_feed_s.c
-- Installing: /home/holgder-dach/VYRA/vyra_module_template/install/vyra_module_interfaces/lib/python3.12/site-packages/vyra_module_interfaces/msg/_logger_stream_s.c
-- Installing: /home/holgder-dach/VYRA/vyra_module_template/install/vyra_module_interfaces/lib/python3.12/site-packages/vyra_module_interfaces/msg/__init__.py
-- Installing: /home/holgder-dach/VYRA/vyra_module_template/install/vyra_module_interfaces/lib/python3.12/site-packages/vyra_module_interfaces/msg/_error_feed_s.c
-- Installing: /home/holgder-dach/VYRA/vyra_module_template/install/vyra_module_interfaces/lib/python3.12/site-packages/vyra_module_interfaces/_vyra_module_interfaces_s.ep.rosidl_typesupport_introspection_c.c
-- Installing: /home/holgder-dach/VYRA/vyra_module_template/install/vyra_module_interfaces/lib/python3.12/site-packages/vyra_module_interfaces/_vyra_module_interfaces_s.ep.rosidl_typesupport_c.c
-- Installing: /home/holgder-dach/VYRA/vyra_module_template/install/vyra_module_interfaces/lib/python3.12/site-packages/vyra_module_interfaces/_vyra_module_interfaces_s.ep.rosidl_typesupport_fastrtps_c.c
-- Installing: /home/holgder-dach/VYRA/vyra_module_template/install/vyra_module_interfaces/lib/python3.12/site-packages/vyra_module_interfaces/vyra_module_interfaces_s__rosidl_typesupport_c.so
-- Installing: /home/holgder-dach/VYRA/vyra_module_template/install/vyra_module_interfaces/lib/python3.12/site-packages/vyra_module_interfaces/__init__.py
-- Installing: /home/holgder-dach/VYRA/vyra_module_template/install/vyra_module_interfaces/lib/python3.12/site-packages/vyra_module_interfaces/action
-- Installing: /home/holgder-dach/VYRA/vyra_module_template/install/vyra_module_interfaces/lib/python3.12/site-packages/vyra_module_interfaces/action/_initiate_update.py
-- Installing: /home/holgder-dach/VYRA/vyra_module_template/install/vyra_module_interfaces/lib/python3.12/site-packages/vyra_module_interfaces/action/_initiate_update_s.c
-- Installing: /home/holgder-dach/VYRA/vyra_module_template/install/vyra_module_interfaces/lib/python3.12/site-packages/vyra_module_interfaces/action/__init__.py
-- Installing: /home/holgder-dach/VYRA/vyra_module_template/install/vyra_module_interfaces/lib/python3.12/site-packages/vyra_module_interfaces/vyra_module_interfaces_s__rosidl_typesupport_introspection_c.so
Listing '/home/holgder-dach/VYRA/vyra_module_template/install/vyra_module_interfaces/lib/python3.12/site-packages/vyra_module_interfaces'...
Compiling '/home/holgder-dach/VYRA/vyra_module_template/install/vyra_module_interfaces/lib/python3.12/site-packages/vyra_module_interfaces/__init__.py'...
Listing '/home/holgder-dach/VYRA/vyra_module_template/install/vyra_module_interfaces/lib/python3.12/site-packages/vyra_module_interfaces/action'...
Compiling '/home/holgder-dach/VYRA/vyra_module_template/install/vyra_module_interfaces/lib/python3.12/site-packages/vyra_module_interfaces/action/__init__.py'...
Compiling '/home/holgder-dach/VYRA/vyra_module_template/install/vyra_module_interfaces/lib/python3.12/site-packages/vyra_module_interfaces/action/_initiate_update.py'...
Listing '/home/holgder-dach/VYRA/vyra_module_template/install/vyra_module_interfaces/lib/python3.12/site-packages/vyra_module_interfaces/msg'...
Compiling '/home/holgder-dach/VYRA/vyra_module_template/install/vyra_module_interfaces/lib/python3.12/site-packages/vyra_module_interfaces/msg/__init__.py'...
Compiling '/home/holgder-dach/VYRA/vyra_module_template/install/vyra_module_interfaces/lib/python3.12/site-packages/vyra_module_interfaces/msg/_error_feed.py'...
Compiling '/home/holgder-dach/VYRA/vyra_module_template/install/vyra_module_interfaces/lib/python3.12/site-packages/vyra_module_interfaces/msg/_logger_stream.py'...
Compiling '/home/holgder-dach/VYRA/vyra_module_template/install/vyra_module_interfaces/lib/python3.12/site-packages/vyra_module_interfaces/msg/_news_feed.py'...
Compiling '/home/holgder-dach/VYRA/vyra_module_template/install/vyra_module_interfaces/lib/python3.12/site-packages/vyra_module_interfaces/msg/_state_feed.py'...
Listing '/home/holgder-dach/VYRA/vyra_module_template/install/vyra_module_interfaces/lib/python3.12/site-packages/vyra_module_interfaces/srv'...
Compiling '/home/holgder-dach/VYRA/vyra_module_template/install/vyra_module_interfaces/lib/python3.12/site-packages/vyra_module_interfaces/srv/__init__.py'...
Compiling '/home/holgder-dach/VYRA/vyra_module_template/install/vyra_module_interfaces/lib/python3.12/site-packages/vyra_module_interfaces/srv/_get_capabilities.py'...
Compiling '/home/holgder-dach/VYRA/vyra_module_template/install/vyra_module_interfaces/lib/python3.12/site-packages/vyra_module_interfaces/srv/_get_logs.py'...
Compiling '/home/holgder-dach/VYRA/vyra_module_template/install/vyra_module_interfaces/lib/python3.12/site-packages/vyra_module_interfaces/srv/_health_check.py'...
Compiling '/home/holgder-dach/VYRA/vyra_module_template/install/vyra_module_interfaces/lib/python3.12/site-packages/vyra_module_interfaces/srv/_trigger_transition.py'...
-- Installing: /home/holgder-dach/VYRA/vyra_module_template/install/vyra_module_interfaces/lib/python3.12/site-packages/vyra_module_interfaces/vyra_module_interfaces_s__rosidl_typesupport_fastrtps_c.so
-- Set non-toolchain portion of runtime path of "/home/holgder-dach/VYRA/vyra_module_template/install/vyra_module_interfaces/lib/python3.12/site-packages/vyra_module_interfaces/vyra_module_interfaces_s__rosidl_typesupport_fastrtps_c.so" to ""
-- Installing: /home/holgder-dach/VYRA/vyra_module_template/install/vyra_module_interfaces/lib/python3.12/site-packages/vyra_module_interfaces/vyra_module_interfaces_s__rosidl_typesupport_introspection_c.so
-- Set non-toolchain portion of runtime path of "/home/holgder-dach/VYRA/vyra_module_template/install/vyra_module_interfaces/lib/python3.12/site-packages/vyra_module_interfaces/vyra_module_interfaces_s__rosidl_typesupport_introspection_c.so" to ""
-- Installing: /home/holgder-dach/VYRA/vyra_module_template/install/vyra_module_interfaces/lib/python3.12/site-packages/vyra_module_interfaces/vyra_module_interfaces_s__rosidl_typesupport_c.so
-- Set non-toolchain portion of runtime path of "/home/holgder-dach/VYRA/vyra_module_template/install/vyra_module_interfaces/lib/python3.12/site-packages/vyra_module_interfaces/vyra_module_interfaces_s__rosidl_typesupport_c.so" to ""
-- Installing: /home/holgder-dach/VYRA/vyra_module_template/install/vyra_module_interfaces/lib/libvyra_module_interfaces__rosidl_generator_py.so
-- Set non-toolchain portion of runtime path of "/home/holgder-dach/VYRA/vyra_module_template/install/vyra_module_interfaces/lib/libvyra_module_interfaces__rosidl_generator_py.so" to ""
-- Installing: /home/holgder-dach/VYRA/vyra_module_template/install/vyra_module_interfaces/share/vyra_module_interfaces/msg/NewsFeed.idl
-- Installing: /home/holgder-dach/VYRA/vyra_module_template/install/vyra_module_interfaces/share/vyra_module_interfaces/msg/ErrorFeed.idl
-- Installing: /home/holgder-dach/VYRA/vyra_module_template/install/vyra_module_interfaces/share/vyra_module_interfaces/msg/LoggerStream.idl
-- Installing: /home/holgder-dach/VYRA/vyra_module_template/install/vyra_module_interfaces/share/vyra_module_interfaces/msg/StateFeed.idl
-- Installing: /home/holgder-dach/VYRA/vyra_module_template/install/vyra_module_interfaces/share/vyra_module_interfaces/srv/HealthCheck.idl
-- Installing: /home/holgder-dach/VYRA/vyra_module_template/install/vyra_module_interfaces/share/vyra_module_interfaces/srv/GetCapabilities.idl
-- Installing: /home/holgder-dach/VYRA/vyra_module_template/install/vyra_module_interfaces/share/vyra_module_interfaces/srv/TriggerTransition.idl
-- Installing: /home/holgder-dach/VYRA/vyra_module_template/install/vyra_module_interfaces/share/vyra_module_interfaces/srv/GetLogs.idl
-- Installing: /home/holgder-dach/VYRA/vyra_module_template/install/vyra_module_interfaces/share/vyra_module_interfaces/action/InitiateUpdate.idl
-- Installing: /home/holgder-dach/VYRA/vyra_module_template/install/vyra_module_interfaces/share/vyra_module_interfaces/msg/NewsFeed.msg
-- Installing: /home/holgder-dach/VYRA/vyra_module_template/install/vyra_module_interfaces/share/vyra_module_interfaces/msg/ErrorFeed.msg
-- Installing: /home/holgder-dach/VYRA/vyra_module_template/install/vyra_module_interfaces/share/vyra_module_interfaces/msg/LoggerStream.msg
-- Installing: /home/holgder-dach/VYRA/vyra_module_template/install/vyra_module_interfaces/share/vyra_module_interfaces/msg/StateFeed.msg
-- Installing: /home/holgder-dach/VYRA/vyra_module_template/install/vyra_module_interfaces/share/vyra_module_interfaces/srv/HealthCheck.srv
-- Installing: /home/holgder-dach/VYRA/vyra_module_template/install/vyra_module_interfaces/share/vyra_module_interfaces/srv/GetCapabilities.srv
-- Installing: /home/holgder-dach/VYRA/vyra_module_template/install/vyra_module_interfaces/share/vyra_module_interfaces/srv/TriggerTransition.srv
-- Installing: /home/holgder-dach/VYRA/vyra_module_template/install/vyra_module_interfaces/share/vyra_module_interfaces/srv/GetLogs.srv
-- Installing: /home/holgder-dach/VYRA/vyra_module_template/install/vyra_module_interfaces/share/vyra_module_interfaces/action/InitiateUpdate.action
-- Installing: /home/holgder-dach/VYRA/vyra_module_template/install/vyra_module_interfaces/share/vyra_module_interfaces/config
-- Installing: /home/holgder-dach/VYRA/vyra_module_template/install/vyra_module_interfaces/share/vyra_module_interfaces/config/base_metadata.config
-- Installing: /home/holgder-dach/VYRA/vyra_module_template/install/vyra_module_interfaces/share/ament_index/resource_index/package_run_dependencies/vyra_module_interfaces
-- Installing: /home/holgder-dach/VYRA/vyra_module_template/install/vyra_module_interfaces/share/ament_index/resource_index/parent_prefix_path/vyra_module_interfaces
-- Installing: /home/holgder-dach/VYRA/vyra_module_template/install/vyra_module_interfaces/share/vyra_module_interfaces/environment/ament_prefix_path.sh
-- Installing: /home/holgder-dach/VYRA/vyra_module_template/install/vyra_module_interfaces/share/vyra_module_interfaces/environment/ament_prefix_path.dsv
-- Installing: /home/holgder-dach/VYRA/vyra_module_template/install/vyra_module_interfaces/share/vyra_module_interfaces/environment/path.sh
-- Installing: /home/holgder-dach/VYRA/vyra_module_template/install/vyra_module_interfaces/share/vyra_module_interfaces/environment/path.dsv
-- Installing: /home/holgder-dach/VYRA/vyra_module_template/install/vyra_module_interfaces/share/vyra_module_interfaces/local_setup.bash
-- Installing: /home/holgder-dach/VYRA/vyra_module_template/install/vyra_module_interfaces/share/vyra_module_interfaces/local_setup.sh
-- Installing: /home/holgder-dach/VYRA/vyra_module_template/install/vyra_module_interfaces/share/vyra_module_interfaces/local_setup.zsh
-- Installing: /home/holgder-dach/VYRA/vyra_module_template/install/vyra_module_interfaces/share/vyra_module_interfaces/local_setup.dsv
-- Installing: /home/holgder-dach/VYRA/vyra_module_template/install/vyra_module_interfaces/share/vyra_module_interfaces/package.dsv
-- Installing: /home/holgder-dach/VYRA/vyra_module_template/install/vyra_module_interfaces/share/ament_index/resource_index/packages/vyra_module_interfaces
-- Installing: /home/holgder-dach/VYRA/vyra_module_template/install/vyra_module_interfaces/share/vyra_module_interfaces/cmake/export_vyra_module_interfaces__rosidl_generator_cExport.cmake
-- Installing: /home/holgder-dach/VYRA/vyra_module_template/install/vyra_module_interfaces/share/vyra_module_interfaces/cmake/export_vyra_module_interfaces__rosidl_generator_cExport-noconfig.cmake
-- Installing: /home/holgder-dach/VYRA/vyra_module_template/install/vyra_module_interfaces/share/vyra_module_interfaces/cmake/export_vyra_module_interfaces__rosidl_typesupport_fastrtps_cExport.cmake
-- Installing: /home/holgder-dach/VYRA/vyra_module_template/install/vyra_module_interfaces/share/vyra_module_interfaces/cmake/export_vyra_module_interfaces__rosidl_typesupport_fastrtps_cExport-noconfig.cmake
-- Installing: /home/holgder-dach/VYRA/vyra_module_template/install/vyra_module_interfaces/share/vyra_module_interfaces/cmake/vyra_module_interfaces__rosidl_typesupport_introspection_cExport.cmake
-- Installing: /home/holgder-dach/VYRA/vyra_module_template/install/vyra_module_interfaces/share/vyra_module_interfaces/cmake/vyra_module_interfaces__rosidl_typesupport_introspection_cExport-noconfig.cmake
-- Installing: /home/holgder-dach/VYRA/vyra_module_template/install/vyra_module_interfaces/share/vyra_module_interfaces/cmake/vyra_module_interfaces__rosidl_typesupport_cExport.cmake
-- Installing: /home/holgder-dach/VYRA/vyra_module_template/install/vyra_module_interfaces/share/vyra_module_interfaces/cmake/vyra_module_interfaces__rosidl_typesupport_cExport-noconfig.cmake
-- Installing: /home/holgder-dach/VYRA/vyra_module_template/install/vyra_module_interfaces/share/vyra_module_interfaces/cmake/export_vyra_module_interfaces__rosidl_generator_cppExport.cmake
-- Installing: /home/holgder-dach/VYRA/vyra_module_template/install/vyra_module_interfaces/share/vyra_module_interfaces/cmake/export_vyra_module_interfaces__rosidl_typesupport_fastrtps_cppExport.cmake
-- Installing: /home/holgder-dach/VYRA/vyra_module_template/install/vyra_module_interfaces/share/vyra_module_interfaces/cmake/export_vyra_module_interfaces__rosidl_typesupport_fastrtps_cppExport-noconfig.cmake
-- Installing: /home/holgder-dach/VYRA/vyra_module_template/install/vyra_module_interfaces/share/vyra_module_interfaces/cmake/vyra_module_interfaces__rosidl_typesupport_introspection_cppExport.cmake
-- Installing: /home/holgder-dach/VYRA/vyra_module_template/install/vyra_module_interfaces/share/vyra_module_interfaces/cmake/vyra_module_interfaces__rosidl_typesupport_introspection_cppExport-noconfig.cmake
-- Installing: /home/holgder-dach/VYRA/vyra_module_template/install/vyra_module_interfaces/share/vyra_module_interfaces/cmake/vyra_module_interfaces__rosidl_typesupport_cppExport.cmake
-- Installing: /home/holgder-dach/VYRA/vyra_module_template/install/vyra_module_interfaces/share/vyra_module_interfaces/cmake/vyra_module_interfaces__rosidl_typesupport_cppExport-noconfig.cmake
-- Installing: /home/holgder-dach/VYRA/vyra_module_template/install/vyra_module_interfaces/share/vyra_module_interfaces/cmake/export_vyra_module_interfaces__rosidl_generator_pyExport.cmake
-- Installing: /home/holgder-dach/VYRA/vyra_module_template/install/vyra_module_interfaces/share/vyra_module_interfaces/cmake/export_vyra_module_interfaces__rosidl_generator_pyExport-noconfig.cmake
-- Installing: /home/holgder-dach/VYRA/vyra_module_template/install/vyra_module_interfaces/share/vyra_module_interfaces/cmake/rosidl_cmake-extras.cmake
-- Installing: /home/holgder-dach/VYRA/vyra_module_template/install/vyra_module_interfaces/share/vyra_module_interfaces/cmake/ament_cmake_export_dependencies-extras.cmake
-- Installing: /home/holgder-dach/VYRA/vyra_module_template/install/vyra_module_interfaces/share/vyra_module_interfaces/cmake/ament_cmake_export_include_directories-extras.cmake
-- Installing: /home/holgder-dach/VYRA/vyra_module_template/install/vyra_module_interfaces/share/vyra_module_interfaces/cmake/ament_cmake_export_libraries-extras.cmake
-- Installing: /home/holgder-dach/VYRA/vyra_module_template/install/vyra_module_interfaces/share/vyra_module_interfaces/cmake/ament_cmake_export_targets-extras.cmake
-- Installing: /home/holgder-dach/VYRA/vyra_module_template/install/vyra_module_interfaces/share/vyra_module_interfaces/cmake/rosidl_cmake_export_typesupport_targets-extras.cmake
-- Installing: /home/holgder-dach/VYRA/vyra_module_template/install/vyra_module_interfaces/share/vyra_module_interfaces/cmake/rosidl_cmake_export_typesupport_libraries-extras.cmake
-- Installing: /home/holgder-dach/VYRA/vyra_module_template/install/vyra_module_interfaces/share/vyra_module_interfaces/cmake/vyra_module_interfacesConfig.cmake
-- Installing: /home/holgder-dach/VYRA/vyra_module_template/install/vyra_module_interfaces/share/vyra_module_interfaces/cmake/vyra_module_interfacesConfig-version.cmake
-- Installing: /home/holgder-dach/VYRA/vyra_module_template/install/vyra_module_interfaces/share/vyra_module_interfaces/package.xml
