[0.014s] Invoking command in '/home/holgder-dach/VYRA/vyra_module_template/build/vyra_module_interfaces': CMAKE_PREFIX_PATH=${CMAKE_PREFIX_PATH}:/opt/ros/kilted /usr/bin/cmake /home/holgder-dach/VYRA/vyra_module_template/src/vyra_module_interfaces -DCMAKE_INSTALL_PREFIX=/home/holgder-dach/VYRA/vyra_module_template/install/vyra_module_interfaces
[0.179s] -- The C compiler identification is GNU 13.3.0
[0.342s] -- The CXX compiler identification is GNU 13.3.0
[0.384s] -- Detecting C compiler ABI info
[0.516s] -- Detecting C compiler ABI info - done
[0.547s] -- Check for working C compiler: /usr/bin/cc - skipped
[0.548s] -- Detecting C compile features
[0.549s] -- Detecting C compile features - done
[0.571s] -- Detecting CXX compiler ABI info
[0.705s] -- Detecting CXX compiler ABI info - done
[0.717s] -- Check for working CXX compiler: /usr/bin/c++ - skipped
[0.718s] -- Detecting CXX compile features
[0.718s] -- Detecting CXX compile features - done
[0.725s] -- Found ament_cmake: 2.7.3 (/opt/ros/kilted/share/ament_cmake/cmake)
[0.947s] -- Found Python3: /usr/bin/python3 (found version "3.12.3") found components: Interpreter 
[1.109s] -- Found rosidl_default_generators: 1.7.1 (/opt/ros/kilted/share/rosidl_default_generators/cmake)
[1.120s] -- Using all available rosidl_typesupport_c: rosidl_typesupport_fastrtps_c;rosidl_typesupport_introspection_c
[1.195s] -- Using all available rosidl_typesupport_cpp: rosidl_typesupport_fastrtps_cpp;rosidl_typesupport_introspection_cpp
[1.260s] -- Found rosidl_adapter: 4.9.4 (/opt/ros/kilted/share/rosidl_adapter/cmake)
[1.266s] -- Found std_msgs: 5.5.0 (/opt/ros/kilted/share/std_msgs/cmake)
[2.356s] -- Found ament_cmake_ros_core: 0.14.3 (/opt/ros/kilted/share/ament_cmake_ros_core/cmake)
[3.106s] -- Using all available rosidl_typesupport_c: rosidl_typesupport_fastrtps_c;rosidl_typesupport_introspection_c
[4.149s] -- Using all available rosidl_typesupport_cpp: rosidl_typesupport_fastrtps_cpp;rosidl_typesupport_introspection_cpp
[4.843s] -- Found Python3: /usr/bin/python3 (found version "3.12.3") found components: Interpreter Development NumPy Development.Module Development.Embed 
[4.955s] -- Configuring done (4.9s)
[5.036s] -- Generating done (0.1s)
[5.055s] -- Build files have been written to: /home/holgder-dach/VYRA/vyra_module_template/build/vyra_module_interfaces
[5.067s] Invoked command in '/home/holgder-dach/VYRA/vyra_module_template/build/vyra_module_interfaces' returned '0': CMAKE_PREFIX_PATH=${CMAKE_PREFIX_PATH}:/opt/ros/kilted /usr/bin/cmake /home/holgder-dach/VYRA/vyra_module_template/src/vyra_module_interfaces -DCMAKE_INSTALL_PREFIX=/home/holgder-dach/VYRA/vyra_module_template/install/vyra_module_interfaces
[5.069s] Invoking command in '/home/holgder-dach/VYRA/vyra_module_template/build/vyra_module_interfaces': CMAKE_PREFIX_PATH=${CMAKE_PREFIX_PATH}:/opt/ros/kilted /usr/bin/cmake --build /home/holgder-dach/VYRA/vyra_module_template/build/vyra_module_interfaces -- -j12 -l12
[5.147s] [  1%] [34m[1mGenerating type hashes for ROS interfaces[0m
[5.149s] [  1%] Built target ament_cmake_python_copy_vyra_module_interfaces
[5.443s] running egg_info
[5.444s] creating vyra_module_interfaces.egg-info
[5.471s] writing vyra_module_interfaces.egg-info/PKG-INFO
[5.472s] writing dependency_links to vyra_module_interfaces.egg-info/dependency_links.txt
[5.472s] writing top-level names to vyra_module_interfaces.egg-info/top_level.txt
[5.472s] writing manifest file 'vyra_module_interfaces.egg-info/SOURCES.txt'
[5.554s] reading manifest file 'vyra_module_interfaces.egg-info/SOURCES.txt'
[5.554s] writing manifest file 'vyra_module_interfaces.egg-info/SOURCES.txt'
[5.596s] [  1%] Built target ament_cmake_python_build_vyra_module_interfaces_egg
[5.768s] [  1%] Built target vyra_module_interfaces__rosidl_generator_type_description
[5.784s] [  2%] [34m[1mGenerating C code for ROS interfaces[0m
[5.799s] [  2%] [34m[1mGenerating C++ code for ROS interfaces[0m
[7.151s] [  2%] Built target vyra_module_interfaces__cpp
[7.410s] [  5%] [32mBuilding C object CMakeFiles/vyra_module_interfaces__rosidl_generator_c.dir/rosidl_generator_c/vyra_module_interfaces/msg/detail/error_feed__functions.c.o[0m
[7.410s] [  5%] [32mBuilding C object CMakeFiles/vyra_module_interfaces__rosidl_generator_c.dir/rosidl_generator_c/vyra_module_interfaces/msg/detail/news_feed__type_support.c.o[0m
[7.410s] [  6%] [32mBuilding C object CMakeFiles/vyra_module_interfaces__rosidl_generator_c.dir/rosidl_generator_c/vyra_module_interfaces/msg/detail/error_feed__type_support.c.o[0m
[7.411s] [  6%] [32mBuilding C object CMakeFiles/vyra_module_interfaces__rosidl_generator_c.dir/rosidl_generator_c/vyra_module_interfaces/msg/detail/news_feed__functions.c.o[0m
[7.411s] [  6%] [32mBuilding C object CMakeFiles/vyra_module_interfaces__rosidl_generator_c.dir/rosidl_generator_c/vyra_module_interfaces/msg/detail/news_feed__description.c.o[0m
[7.411s] [  8%] [32mBuilding C object CMakeFiles/vyra_module_interfaces__rosidl_generator_c.dir/rosidl_generator_c/vyra_module_interfaces/msg/detail/logger_stream__description.c.o[0m
[7.411s] [  8%] [32mBuilding C object CMakeFiles/vyra_module_interfaces__rosidl_generator_c.dir/rosidl_generator_c/vyra_module_interfaces/msg/detail/logger_stream__functions.c.o[0m
[7.411s] [ 10%] [32mBuilding C object CMakeFiles/vyra_module_interfaces__rosidl_generator_c.dir/rosidl_generator_c/vyra_module_interfaces/msg/detail/error_feed__description.c.o[0m
[7.411s] [ 10%] [32mBuilding C object CMakeFiles/vyra_module_interfaces__rosidl_generator_c.dir/rosidl_generator_c/vyra_module_interfaces/msg/detail/state_feed__functions.c.o[0m
[7.412s] [ 11%] [32mBuilding C object CMakeFiles/vyra_module_interfaces__rosidl_generator_c.dir/rosidl_generator_c/vyra_module_interfaces/msg/detail/state_feed__description.c.o[0m
[7.412s] [ 12%] [32mBuilding C object CMakeFiles/vyra_module_interfaces__rosidl_generator_c.dir/rosidl_generator_c/vyra_module_interfaces/msg/detail/state_feed__type_support.c.o[0m
[7.412s] [ 13%] [32mBuilding C object CMakeFiles/vyra_module_interfaces__rosidl_generator_c.dir/rosidl_generator_c/vyra_module_interfaces/msg/detail/logger_stream__type_support.c.o[0m
[7.473s] [ 14%] [32mBuilding C object CMakeFiles/vyra_module_interfaces__rosidl_generator_c.dir/rosidl_generator_c/vyra_module_interfaces/srv/detail/health_check__functions.c.o[0m
[7.473s] [ 14%] [32mBuilding C object CMakeFiles/vyra_module_interfaces__rosidl_generator_c.dir/rosidl_generator_c/vyra_module_interfaces/srv/detail/get_capabilities__description.c.o[0m
[7.473s] [ 15%] [32mBuilding C object CMakeFiles/vyra_module_interfaces__rosidl_generator_c.dir/rosidl_generator_c/vyra_module_interfaces/srv/detail/health_check__description.c.o[0m
[7.473s] [ 16%] [32mBuilding C object CMakeFiles/vyra_module_interfaces__rosidl_generator_c.dir/rosidl_generator_c/vyra_module_interfaces/srv/detail/health_check__type_support.c.o[0m
[7.484s] [ 17%] [32mBuilding C object CMakeFiles/vyra_module_interfaces__rosidl_generator_c.dir/rosidl_generator_c/vyra_module_interfaces/srv/detail/trigger_transition__description.c.o[0m
[7.484s] [ 19%] [32mBuilding C object CMakeFiles/vyra_module_interfaces__rosidl_generator_c.dir/rosidl_generator_c/vyra_module_interfaces/srv/detail/trigger_transition__functions.c.o[0m
[7.484s] [ 19%] [32mBuilding C object CMakeFiles/vyra_module_interfaces__rosidl_generator_c.dir/rosidl_generator_c/vyra_module_interfaces/srv/detail/get_capabilities__functions.c.o[0m
[7.491s] [ 20%] [32mBuilding C object CMakeFiles/vyra_module_interfaces__rosidl_generator_c.dir/rosidl_generator_c/vyra_module_interfaces/srv/detail/get_capabilities__type_support.c.o[0m
[7.505s] [ 22%] [32mBuilding C object CMakeFiles/vyra_module_interfaces__rosidl_generator_c.dir/rosidl_generator_c/vyra_module_interfaces/srv/detail/get_logs__description.c.o[0m
[7.506s] [ 22%] [32mBuilding C object CMakeFiles/vyra_module_interfaces__rosidl_generator_c.dir/rosidl_generator_c/vyra_module_interfaces/srv/detail/trigger_transition__type_support.c.o[0m
[7.507s] [ 22%] [32mBuilding C object CMakeFiles/vyra_module_interfaces__rosidl_generator_c.dir/rosidl_generator_c/vyra_module_interfaces/srv/detail/get_logs__functions.c.o[0m
[7.509s] [ 23%] [32mBuilding C object CMakeFiles/vyra_module_interfaces__rosidl_generator_c.dir/rosidl_generator_c/vyra_module_interfaces/srv/detail/get_logs__type_support.c.o[0m
[7.551s] [ 24%] [32mBuilding C object CMakeFiles/vyra_module_interfaces__rosidl_generator_c.dir/rosidl_generator_c/vyra_module_interfaces/action/detail/initiate_update__description.c.o[0m
[7.563s] [ 25%] [32mBuilding C object CMakeFiles/vyra_module_interfaces__rosidl_generator_c.dir/rosidl_generator_c/vyra_module_interfaces/action/detail/initiate_update__functions.c.o[0m
[7.567s] [ 26%] [32mBuilding C object CMakeFiles/vyra_module_interfaces__rosidl_generator_c.dir/rosidl_generator_c/vyra_module_interfaces/action/detail/initiate_update__type_support.c.o[0m
[7.760s] [ 27%] [32m[1mLinking C shared library libvyra_module_interfaces__rosidl_generator_c.so[0m
[7.838s] [ 27%] Built target vyra_module_interfaces__rosidl_generator_c
[7.851s] [ 28%] [34m[1mGenerating C++ type support dispatch for ROS interfaces[0m
[7.853s] [ 29%] [34m[1mGenerating C++ introspection for ROS interfaces[0m
[7.853s] [ 29%] [34m[1mGenerating C introspection for ROS interfaces[0m
[7.856s] [ 30%] [34m[1mGenerating C type support dispatch for ROS interfaces[0m
[7.857s] [ 32%] [34m[1mGenerating C++ type support for eProsima Fast-RTPS[0m
[7.857s] [ 32%] [34m[1mGenerating C type support for eProsima Fast-RTPS[0m
[8.731s] [ 37%] [32mBuilding CXX object CMakeFiles/vyra_module_interfaces__rosidl_typesupport_c.dir/rosidl_typesupport_c/vyra_module_interfaces/srv/health_check__type_support.cpp.o[0m
[8.731s] [ 37%] [32mBuilding CXX object CMakeFiles/vyra_module_interfaces__rosidl_typesupport_c.dir/rosidl_typesupport_c/vyra_module_interfaces/srv/get_capabilities__type_support.cpp.o[0m
[8.731s] [ 37%] [32mBuilding CXX object CMakeFiles/vyra_module_interfaces__rosidl_typesupport_c.dir/rosidl_typesupport_c/vyra_module_interfaces/msg/logger_stream__type_support.cpp.o[0m
[8.731s] [ 39%] [32mBuilding CXX object CMakeFiles/vyra_module_interfaces__rosidl_typesupport_c.dir/rosidl_typesupport_c/vyra_module_interfaces/msg/error_feed__type_support.cpp.o[0m
[8.731s] [ 37%] [32mBuilding CXX object CMakeFiles/vyra_module_interfaces__rosidl_typesupport_c.dir/rosidl_typesupport_c/vyra_module_interfaces/srv/trigger_transition__type_support.cpp.o[0m
[8.731s] [ 39%] [32mBuilding CXX object CMakeFiles/vyra_module_interfaces__rosidl_typesupport_c.dir/rosidl_typesupport_c/vyra_module_interfaces/msg/state_feed__type_support.cpp.o[0m
[8.731s] [ 39%] [32mBuilding CXX object CMakeFiles/vyra_module_interfaces__rosidl_typesupport_cpp.dir/rosidl_typesupport_cpp/vyra_module_interfaces/msg/news_feed__type_support.cpp.o[0m
[8.732s] [ 39%] [32mBuilding CXX object CMakeFiles/vyra_module_interfaces__rosidl_typesupport_c.dir/rosidl_typesupport_c/vyra_module_interfaces/msg/news_feed__type_support.cpp.o[0m
[8.814s] [ 41%] [32mBuilding CXX object CMakeFiles/vyra_module_interfaces__rosidl_typesupport_c.dir/rosidl_typesupport_c/vyra_module_interfaces/action/initiate_update__type_support.cpp.o[0m
[8.814s] [ 42%] [32mBuilding CXX object CMakeFiles/vyra_module_interfaces__rosidl_typesupport_cpp.dir/rosidl_typesupport_cpp/vyra_module_interfaces/msg/error_feed__type_support.cpp.o[0m
[8.814s] [ 42%] [32mBuilding CXX object CMakeFiles/vyra_module_interfaces__rosidl_typesupport_c.dir/rosidl_typesupport_c/vyra_module_interfaces/srv/get_logs__type_support.cpp.o[0m
[8.816s] [ 42%] [32mBuilding CXX object CMakeFiles/vyra_module_interfaces__rosidl_typesupport_cpp.dir/rosidl_typesupport_cpp/vyra_module_interfaces/msg/state_feed__type_support.cpp.o[0m
[8.816s] [ 43%] [32mBuilding CXX object CMakeFiles/vyra_module_interfaces__rosidl_typesupport_cpp.dir/rosidl_typesupport_cpp/vyra_module_interfaces/msg/logger_stream__type_support.cpp.o[0m
[8.821s] [ 44%] [32mBuilding CXX object CMakeFiles/vyra_module_interfaces__rosidl_typesupport_cpp.dir/rosidl_typesupport_cpp/vyra_module_interfaces/srv/health_check__type_support.cpp.o[0m
[8.821s] [ 45%] [32mBuilding CXX object CMakeFiles/vyra_module_interfaces__rosidl_typesupport_cpp.dir/rosidl_typesupport_cpp/vyra_module_interfaces/srv/get_capabilities__type_support.cpp.o[0m
[8.907s] [ 46%] [32mBuilding CXX object CMakeFiles/vyra_module_interfaces__rosidl_typesupport_cpp.dir/rosidl_typesupport_cpp/vyra_module_interfaces/srv/trigger_transition__type_support.cpp.o[0m
[8.928s] [ 47%] [32m[1mLinking CXX shared library libvyra_module_interfaces__rosidl_typesupport_c.so[0m
[9.016s] [ 47%] Built target vyra_module_interfaces__rosidl_typesupport_c
[9.037s] [ 48%] [32mBuilding CXX object CMakeFiles/vyra_module_interfaces__rosidl_typesupport_cpp.dir/rosidl_typesupport_cpp/vyra_module_interfaces/srv/get_logs__type_support.cpp.o[0m
[9.267s] [ 49%] [32mBuilding CXX object CMakeFiles/vyra_module_interfaces__rosidl_typesupport_introspection_cpp.dir/rosidl_typesupport_introspection_cpp/vyra_module_interfaces/msg/detail/news_feed__type_support.cpp.o[0m
[9.280s] [ 50%] [32mBuilding CXX object CMakeFiles/vyra_module_interfaces__rosidl_typesupport_introspection_cpp.dir/rosidl_typesupport_introspection_cpp/vyra_module_interfaces/msg/detail/error_feed__type_support.cpp.o[0m
[9.368s] [ 51%] [32mBuilding CXX object CMakeFiles/vyra_module_interfaces__rosidl_typesupport_introspection_cpp.dir/rosidl_typesupport_introspection_cpp/vyra_module_interfaces/msg/detail/logger_stream__type_support.cpp.o[0m
[9.371s] [ 52%] [32mBuilding CXX object CMakeFiles/vyra_module_interfaces__rosidl_typesupport_introspection_cpp.dir/rosidl_typesupport_introspection_cpp/vyra_module_interfaces/msg/detail/state_feed__type_support.cpp.o[0m
[9.382s] [ 53%] [32mBuilding CXX object CMakeFiles/vyra_module_interfaces__rosidl_typesupport_introspection_cpp.dir/rosidl_typesupport_introspection_cpp/vyra_module_interfaces/srv/detail/health_check__type_support.cpp.o[0m
[9.404s] [ 54%] [32mBuilding C object CMakeFiles/vyra_module_interfaces__rosidl_typesupport_introspection_c.dir/rosidl_typesupport_introspection_c/vyra_module_interfaces/msg/detail/news_feed__type_support.c.o[0m
[9.484s] [ 55%] [32mBuilding C object CMakeFiles/vyra_module_interfaces__rosidl_typesupport_introspection_c.dir/rosidl_typesupport_introspection_c/vyra_module_interfaces/msg/detail/error_feed__type_support.c.o[0m
[9.583s] [ 55%] [32mBuilding C object CMakeFiles/vyra_module_interfaces__rosidl_typesupport_introspection_c.dir/rosidl_typesupport_introspection_c/vyra_module_interfaces/msg/detail/logger_stream__type_support.c.o[0m
[9.584s] [ 56%] [32mBuilding C object CMakeFiles/vyra_module_interfaces__rosidl_typesupport_introspection_c.dir/rosidl_typesupport_introspection_c/vyra_module_interfaces/msg/detail/state_feed__type_support.c.o[0m
[9.593s] [ 57%] [32mBuilding CXX object CMakeFiles/vyra_module_interfaces__rosidl_typesupport_cpp.dir/rosidl_typesupport_cpp/vyra_module_interfaces/action/initiate_update__type_support.cpp.o[0m
[9.657s] [ 58%] [32mBuilding C object CMakeFiles/vyra_module_interfaces__rosidl_typesupport_introspection_c.dir/rosidl_typesupport_introspection_c/vyra_module_interfaces/srv/detail/health_check__type_support.c.o[0m
[9.658s] [ 59%] [32mBuilding CXX object CMakeFiles/vyra_module_interfaces__rosidl_typesupport_introspection_cpp.dir/rosidl_typesupport_introspection_cpp/vyra_module_interfaces/srv/detail/get_capabilities__type_support.cpp.o[0m
[9.667s] [ 60%] [32mBuilding C object CMakeFiles/vyra_module_interfaces__rosidl_typesupport_introspection_c.dir/rosidl_typesupport_introspection_c/vyra_module_interfaces/srv/detail/get_capabilities__type_support.c.o[0m
[9.747s] [ 61%] [32mBuilding CXX object CMakeFiles/vyra_module_interfaces__rosidl_typesupport_introspection_cpp.dir/rosidl_typesupport_introspection_cpp/vyra_module_interfaces/srv/detail/trigger_transition__type_support.cpp.o[0m
[9.758s] [ 62%] [32mBuilding C object CMakeFiles/vyra_module_interfaces__rosidl_typesupport_introspection_c.dir/rosidl_typesupport_introspection_c/vyra_module_interfaces/srv/detail/trigger_transition__type_support.c.o[0m
[9.799s] [ 62%] [32mBuilding CXX object CMakeFiles/vyra_module_interfaces__rosidl_typesupport_introspection_cpp.dir/rosidl_typesupport_introspection_cpp/vyra_module_interfaces/srv/detail/get_logs__type_support.cpp.o[0m
[9.850s] [ 63%] [32mBuilding CXX object CMakeFiles/vyra_module_interfaces__rosidl_typesupport_introspection_cpp.dir/rosidl_typesupport_introspection_cpp/vyra_module_interfaces/action/detail/initiate_update__type_support.cpp.o[0m
[9.854s] [ 64%] [32mBuilding C object CMakeFiles/vyra_module_interfaces__rosidl_typesupport_introspection_c.dir/rosidl_typesupport_introspection_c/vyra_module_interfaces/srv/detail/get_logs__type_support.c.o[0m
[9.856s] [ 65%] [32mBuilding C object CMakeFiles/vyra_module_interfaces__rosidl_typesupport_introspection_c.dir/rosidl_typesupport_introspection_c/vyra_module_interfaces/action/detail/initiate_update__type_support.c.o[0m
[9.957s] [ 66%] [32mBuilding CXX object CMakeFiles/vyra_module_interfaces__rosidl_typesupport_fastrtps_cpp.dir/rosidl_typesupport_fastrtps_cpp/vyra_module_interfaces/msg/detail/dds_fastrtps/news_feed__type_support.cpp.o[0m
[9.998s] [ 67%] [32mBuilding CXX object CMakeFiles/vyra_module_interfaces__rosidl_typesupport_fastrtps_cpp.dir/rosidl_typesupport_fastrtps_cpp/vyra_module_interfaces/msg/detail/dds_fastrtps/error_feed__type_support.cpp.o[0m
[9.998s] [ 68%] [32mBuilding CXX object CMakeFiles/vyra_module_interfaces__rosidl_typesupport_fastrtps_cpp.dir/rosidl_typesupport_fastrtps_cpp/vyra_module_interfaces/msg/detail/dds_fastrtps/logger_stream__type_support.cpp.o[0m
[9.998s] [ 69%] [32m[1mLinking C shared library libvyra_module_interfaces__rosidl_typesupport_introspection_c.so[0m
[10.012s] [ 70%] [32mBuilding CXX object CMakeFiles/vyra_module_interfaces__rosidl_typesupport_fastrtps_cpp.dir/rosidl_typesupport_fastrtps_cpp/vyra_module_interfaces/msg/detail/dds_fastrtps/state_feed__type_support.cpp.o[0m
[10.076s] [ 70%] Built target vyra_module_interfaces__rosidl_typesupport_introspection_c
[10.097s] [ 71%] [32mBuilding CXX object CMakeFiles/vyra_module_interfaces__rosidl_typesupport_fastrtps_cpp.dir/rosidl_typesupport_fastrtps_cpp/vyra_module_interfaces/srv/detail/dds_fastrtps/health_check__type_support.cpp.o[0m
[10.109s] [ 71%] [32mBuilding CXX object CMakeFiles/vyra_module_interfaces__rosidl_typesupport_fastrtps_c.dir/rosidl_typesupport_fastrtps_c/vyra_module_interfaces/msg/detail/news_feed__type_support_c.cpp.o[0m
[10.270s] [ 71%] [32mBuilding CXX object CMakeFiles/vyra_module_interfaces__rosidl_typesupport_fastrtps_cpp.dir/rosidl_typesupport_fastrtps_cpp/vyra_module_interfaces/srv/detail/dds_fastrtps/get_capabilities__type_support.cpp.o[0m
[10.516s] [ 72%] [32mBuilding CXX object CMakeFiles/vyra_module_interfaces__rosidl_typesupport_fastrtps_cpp.dir/rosidl_typesupport_fastrtps_cpp/vyra_module_interfaces/srv/detail/dds_fastrtps/trigger_transition__type_support.cpp.o[0m
[10.606s] [ 73%] [32mBuilding CXX object CMakeFiles/vyra_module_interfaces__rosidl_typesupport_fastrtps_cpp.dir/rosidl_typesupport_fastrtps_cpp/vyra_module_interfaces/srv/detail/dds_fastrtps/get_logs__type_support.cpp.o[0m
[10.661s] [ 74%] [32mBuilding CXX object CMakeFiles/vyra_module_interfaces__rosidl_typesupport_fastrtps_c.dir/rosidl_typesupport_fastrtps_c/vyra_module_interfaces/msg/detail/error_feed__type_support_c.cpp.o[0m
[10.811s] [ 75%] [32m[1mLinking CXX shared library libvyra_module_interfaces__rosidl_typesupport_cpp.so[0m
[10.843s] [ 76%] [32mBuilding CXX object CMakeFiles/vyra_module_interfaces__rosidl_typesupport_fastrtps_c.dir/rosidl_typesupport_fastrtps_c/vyra_module_interfaces/msg/detail/logger_stream__type_support_c.cpp.o[0m
[10.884s] [ 77%] [32mBuilding CXX object CMakeFiles/vyra_module_interfaces__rosidl_typesupport_fastrtps_cpp.dir/rosidl_typesupport_fastrtps_cpp/vyra_module_interfaces/action/detail/dds_fastrtps/initiate_update__type_support.cpp.o[0m
[10.899s] [ 78%] [32mBuilding CXX object CMakeFiles/vyra_module_interfaces__rosidl_typesupport_fastrtps_c.dir/rosidl_typesupport_fastrtps_c/vyra_module_interfaces/msg/detail/state_feed__type_support_c.cpp.o[0m
[10.955s] [ 79%] [32mBuilding CXX object CMakeFiles/vyra_module_interfaces__rosidl_typesupport_fastrtps_c.dir/rosidl_typesupport_fastrtps_c/vyra_module_interfaces/srv/detail/health_check__type_support_c.cpp.o[0m
[11.003s] [ 80%] [32mBuilding CXX object CMakeFiles/vyra_module_interfaces__rosidl_typesupport_fastrtps_c.dir/rosidl_typesupport_fastrtps_c/vyra_module_interfaces/srv/detail/get_capabilities__type_support_c.cpp.o[0m
[11.080s] [ 80%] Built target vyra_module_interfaces__rosidl_typesupport_cpp
[11.100s] [ 81%] [32mBuilding CXX object CMakeFiles/vyra_module_interfaces__rosidl_typesupport_fastrtps_c.dir/rosidl_typesupport_fastrtps_c/vyra_module_interfaces/srv/detail/trigger_transition__type_support_c.cpp.o[0m
[11.207s] [ 82%] [32m[1mLinking CXX shared library libvyra_module_interfaces__rosidl_typesupport_introspection_cpp.so[0m
[11.346s] [ 83%] [32mBuilding CXX object CMakeFiles/vyra_module_interfaces__rosidl_typesupport_fastrtps_c.dir/rosidl_typesupport_fastrtps_c/vyra_module_interfaces/srv/detail/get_logs__type_support_c.cpp.o[0m
[11.451s] [ 83%] Built target vyra_module_interfaces__rosidl_typesupport_introspection_cpp
[11.472s] [ 83%] [32mBuilding CXX object CMakeFiles/vyra_module_interfaces__rosidl_typesupport_fastrtps_c.dir/rosidl_typesupport_fastrtps_c/vyra_module_interfaces/action/detail/initiate_update__type_support_c.cpp.o[0m
[12.282s] [ 84%] [32m[1mLinking CXX shared library libvyra_module_interfaces__rosidl_typesupport_fastrtps_c.so[0m
[12.357s] [ 85%] [32m[1mLinking CXX shared library libvyra_module_interfaces__rosidl_typesupport_fastrtps_cpp.so[0m
[12.402s] [ 85%] Built target vyra_module_interfaces__rosidl_typesupport_fastrtps_c
[12.501s] [ 85%] Built target vyra_module_interfaces__rosidl_typesupport_fastrtps_cpp
[12.527s] [ 85%] Built target vyra_module_interfaces
[12.568s] [ 86%] [34m[1mGenerating Python code for ROS interfaces[0m
[14.971s] [ 86%] Built target vyra_module_interfaces__py
[14.999s] [ 87%] [32mBuilding C object CMakeFiles/vyra_module_interfaces__rosidl_generator_py.dir/rosidl_generator_py/vyra_module_interfaces/msg/_news_feed_s.c.o[0m
[15.000s] [ 88%] [32mBuilding C object CMakeFiles/vyra_module_interfaces__rosidl_generator_py.dir/rosidl_generator_py/vyra_module_interfaces/msg/_error_feed_s.c.o[0m
[15.000s] [ 88%] [32mBuilding C object CMakeFiles/vyra_module_interfaces__rosidl_generator_py.dir/rosidl_generator_py/vyra_module_interfaces/msg/_logger_stream_s.c.o[0m
[15.003s] [ 91%] [32mBuilding C object CMakeFiles/vyra_module_interfaces__rosidl_generator_py.dir/rosidl_generator_py/vyra_module_interfaces/srv/_get_capabilities_s.c.o[0m
[15.003s] [ 92%] [32mBuilding C object CMakeFiles/vyra_module_interfaces__rosidl_generator_py.dir/rosidl_generator_py/vyra_module_interfaces/srv/_health_check_s.c.o[0m
[15.003s] [ 92%] [32mBuilding C object CMakeFiles/vyra_module_interfaces__rosidl_generator_py.dir/rosidl_generator_py/vyra_module_interfaces/srv/_trigger_transition_s.c.o[0m
[15.003s] [ 91%] [32mBuilding C object CMakeFiles/vyra_module_interfaces__rosidl_generator_py.dir/rosidl_generator_py/vyra_module_interfaces/msg/_state_feed_s.c.o[0m
[15.004s] [ 94%] [32mBuilding C object CMakeFiles/vyra_module_interfaces__rosidl_generator_py.dir/rosidl_generator_py/vyra_module_interfaces/srv/_get_logs_s.c.o[0m
[15.004s] [ 94%] [32mBuilding C object CMakeFiles/vyra_module_interfaces__rosidl_generator_py.dir/rosidl_generator_py/vyra_module_interfaces/action/_initiate_update_s.c.o[0m
[15.350s] [ 94%] [32m[1mLinking C shared library libvyra_module_interfaces__rosidl_generator_py.so[0m
[15.430s] [ 94%] Built target vyra_module_interfaces__rosidl_generator_py
[15.457s] [ 95%] [32mBuilding C object CMakeFiles/vyra_module_interfaces_s__rosidl_typesupport_fastrtps_c.dir/rosidl_generator_py/vyra_module_interfaces/_vyra_module_interfaces_s.ep.rosidl_typesupport_fastrtps_c.c.o[0m
[15.459s] [ 96%] [32mBuilding C object CMakeFiles/vyra_module_interfaces_s__rosidl_typesupport_c.dir/rosidl_generator_py/vyra_module_interfaces/_vyra_module_interfaces_s.ep.rosidl_typesupport_c.c.o[0m
[15.462s] [ 97%] [32mBuilding C object CMakeFiles/vyra_module_interfaces_s__rosidl_typesupport_introspection_c.dir/rosidl_generator_py/vyra_module_interfaces/_vyra_module_interfaces_s.ep.rosidl_typesupport_introspection_c.c.o[0m
[15.681s] [ 98%] [32m[1mLinking C shared module rosidl_generator_py/vyra_module_interfaces/vyra_module_interfaces_s__rosidl_typesupport_introspection_c.so[0m
[15.682s] [ 99%] [32m[1mLinking C shared module rosidl_generator_py/vyra_module_interfaces/vyra_module_interfaces_s__rosidl_typesupport_c.so[0m
[15.684s] [100%] [32m[1mLinking C shared module rosidl_generator_py/vyra_module_interfaces/vyra_module_interfaces_s__rosidl_typesupport_fastrtps_c.so[0m
[15.725s] [100%] Built target vyra_module_interfaces_s__rosidl_typesupport_introspection_c
[15.726s] [100%] Built target vyra_module_interfaces_s__rosidl_typesupport_fastrtps_c
[15.736s] [100%] Built target vyra_module_interfaces_s__rosidl_typesupport_c
[15.755s] Invoked command in '/home/holgder-dach/VYRA/vyra_module_template/build/vyra_module_interfaces' returned '0': CMAKE_PREFIX_PATH=${CMAKE_PREFIX_PATH}:/opt/ros/kilted /usr/bin/cmake --build /home/holgder-dach/VYRA/vyra_module_template/build/vyra_module_interfaces -- -j12 -l12
[15.768s] Invoking command in '/home/holgder-dach/VYRA/vyra_module_template/build/vyra_module_interfaces': CMAKE_PREFIX_PATH=${CMAKE_PREFIX_PATH}:/opt/ros/kilted /usr/bin/cmake --install /home/holgder-dach/VYRA/vyra_module_template/build/vyra_module_interfaces
[15.778s] -- Install configuration: ""
[15.779s] -- Installing: /home/holgder-dach/VYRA/vyra_module_template/install/vyra_module_interfaces/share/ament_index/resource_index/rosidl_interfaces/vyra_module_interfaces
[15.779s] -- Installing: /home/holgder-dach/VYRA/vyra_module_template/install/vyra_module_interfaces/share/vyra_module_interfaces/msg/NewsFeed.json
[15.779s] -- Installing: /home/holgder-dach/VYRA/vyra_module_template/install/vyra_module_interfaces/share/vyra_module_interfaces/msg/ErrorFeed.json
[15.779s] -- Installing: /home/holgder-dach/VYRA/vyra_module_template/install/vyra_module_interfaces/share/vyra_module_interfaces/msg/LoggerStream.json
[15.779s] -- Installing: /home/holgder-dach/VYRA/vyra_module_template/install/vyra_module_interfaces/share/vyra_module_interfaces/msg/StateFeed.json
[15.780s] -- Installing: /home/holgder-dach/VYRA/vyra_module_template/install/vyra_module_interfaces/share/vyra_module_interfaces/srv/HealthCheck.json
[15.780s] -- Installing: /home/holgder-dach/VYRA/vyra_module_template/install/vyra_module_interfaces/share/vyra_module_interfaces/srv/GetCapabilities.json
[15.780s] -- Installing: /home/holgder-dach/VYRA/vyra_module_template/install/vyra_module_interfaces/share/vyra_module_interfaces/srv/TriggerTransition.json
[15.780s] -- Installing: /home/holgder-dach/VYRA/vyra_module_template/install/vyra_module_interfaces/share/vyra_module_interfaces/srv/GetLogs.json
[15.780s] -- Installing: /home/holgder-dach/VYRA/vyra_module_template/install/vyra_module_interfaces/share/vyra_module_interfaces/action/InitiateUpdate.json
[15.781s] -- Installing: /home/holgder-dach/VYRA/vyra_module_template/install/vyra_module_interfaces/include/vyra_module_interfaces/vyra_module_interfaces
[15.781s] -- Installing: /home/holgder-dach/VYRA/vyra_module_template/install/vyra_module_interfaces/include/vyra_module_interfaces/vyra_module_interfaces/srv
[15.781s] -- Installing: /home/holgder-dach/VYRA/vyra_module_template/install/vyra_module_interfaces/include/vyra_module_interfaces/vyra_module_interfaces/srv/get_logs.h
[15.781s] -- Installing: /home/holgder-dach/VYRA/vyra_module_template/install/vyra_module_interfaces/include/vyra_module_interfaces/vyra_module_interfaces/srv/health_check.h
[15.781s] -- Installing: /home/holgder-dach/VYRA/vyra_module_template/install/vyra_module_interfaces/include/vyra_module_interfaces/vyra_module_interfaces/srv/detail
[15.781s] -- Installing: /home/holgder-dach/VYRA/vyra_module_template/install/vyra_module_interfaces/include/vyra_module_interfaces/vyra_module_interfaces/srv/detail/get_capabilities__functions.c
[15.782s] -- Installing: /home/holgder-dach/VYRA/vyra_module_template/install/vyra_module_interfaces/include/vyra_module_interfaces/vyra_module_interfaces/srv/detail/get_logs__struct.h
[15.782s] -- Installing: /home/holgder-dach/VYRA/vyra_module_template/install/vyra_module_interfaces/include/vyra_module_interfaces/vyra_module_interfaces/srv/detail/get_logs__functions.c
[15.782s] -- Installing: /home/holgder-dach/VYRA/vyra_module_template/install/vyra_module_interfaces/include/vyra_module_interfaces/vyra_module_interfaces/srv/detail/trigger_transition__description.c
[15.782s] -- Installing: /home/holgder-dach/VYRA/vyra_module_template/install/vyra_module_interfaces/include/vyra_module_interfaces/vyra_module_interfaces/srv/detail/get_logs__type_support.c
[15.782s] -- Installing: /home/holgder-dach/VYRA/vyra_module_template/install/vyra_module_interfaces/include/vyra_module_interfaces/vyra_module_interfaces/srv/detail/get_logs__description.c
[15.783s] -- Installing: /home/holgder-dach/VYRA/vyra_module_template/install/vyra_module_interfaces/include/vyra_module_interfaces/vyra_module_interfaces/srv/detail/health_check__functions.h
[15.783s] -- Installing: /home/holgder-dach/VYRA/vyra_module_template/install/vyra_module_interfaces/include/vyra_module_interfaces/vyra_module_interfaces/srv/detail/health_check__functions.c
[15.783s] -- Installing: /home/holgder-dach/VYRA/vyra_module_template/install/vyra_module_interfaces/include/vyra_module_interfaces/vyra_module_interfaces/srv/detail/health_check__struct.h
[15.783s] -- Installing: /home/holgder-dach/VYRA/vyra_module_template/install/vyra_module_interfaces/include/vyra_module_interfaces/vyra_module_interfaces/srv/detail/trigger_transition__type_support.c
[15.783s] -- Installing: /home/holgder-dach/VYRA/vyra_module_template/install/vyra_module_interfaces/include/vyra_module_interfaces/vyra_module_interfaces/srv/detail/get_logs__type_support.h
[15.783s] -- Installing: /home/holgder-dach/VYRA/vyra_module_template/install/vyra_module_interfaces/include/vyra_module_interfaces/vyra_module_interfaces/srv/detail/get_capabilities__type_support.c
[15.784s] -- Installing: /home/holgder-dach/VYRA/vyra_module_template/install/vyra_module_interfaces/include/vyra_module_interfaces/vyra_module_interfaces/srv/detail/get_capabilities__struct.h
[15.784s] -- Installing: /home/holgder-dach/VYRA/vyra_module_template/install/vyra_module_interfaces/include/vyra_module_interfaces/vyra_module_interfaces/srv/detail/trigger_transition__functions.c
[15.784s] -- Installing: /home/holgder-dach/VYRA/vyra_module_template/install/vyra_module_interfaces/include/vyra_module_interfaces/vyra_module_interfaces/srv/detail/trigger_transition__functions.h
[15.784s] -- Installing: /home/holgder-dach/VYRA/vyra_module_template/install/vyra_module_interfaces/include/vyra_module_interfaces/vyra_module_interfaces/srv/detail/get_capabilities__type_support.h
[15.784s] -- Installing: /home/holgder-dach/VYRA/vyra_module_template/install/vyra_module_interfaces/include/vyra_module_interfaces/vyra_module_interfaces/srv/detail/get_capabilities__functions.h
[15.785s] -- Installing: /home/holgder-dach/VYRA/vyra_module_template/install/vyra_module_interfaces/include/vyra_module_interfaces/vyra_module_interfaces/srv/detail/get_capabilities__description.c
[15.785s] -- Installing: /home/holgder-dach/VYRA/vyra_module_template/install/vyra_module_interfaces/include/vyra_module_interfaces/vyra_module_interfaces/srv/detail/health_check__type_support.h
[15.785s] -- Installing: /home/holgder-dach/VYRA/vyra_module_template/install/vyra_module_interfaces/include/vyra_module_interfaces/vyra_module_interfaces/srv/detail/trigger_transition__type_support.h
[15.785s] -- Installing: /home/holgder-dach/VYRA/vyra_module_template/install/vyra_module_interfaces/include/vyra_module_interfaces/vyra_module_interfaces/srv/detail/get_logs__functions.h
[15.785s] -- Installing: /home/holgder-dach/VYRA/vyra_module_template/install/vyra_module_interfaces/include/vyra_module_interfaces/vyra_module_interfaces/srv/detail/trigger_transition__struct.h
[15.785s] -- Installing: /home/holgder-dach/VYRA/vyra_module_template/install/vyra_module_interfaces/include/vyra_module_interfaces/vyra_module_interfaces/srv/detail/health_check__description.c
[15.786s] -- Installing: /home/holgder-dach/VYRA/vyra_module_template/install/vyra_module_interfaces/include/vyra_module_interfaces/vyra_module_interfaces/srv/detail/health_check__type_support.c
[15.786s] -- Installing: /home/holgder-dach/VYRA/vyra_module_template/install/vyra_module_interfaces/include/vyra_module_interfaces/vyra_module_interfaces/srv/trigger_transition.h
[15.786s] -- Installing: /home/holgder-dach/VYRA/vyra_module_template/install/vyra_module_interfaces/include/vyra_module_interfaces/vyra_module_interfaces/srv/get_capabilities.h
[15.786s] -- Installing: /home/holgder-dach/VYRA/vyra_module_template/install/vyra_module_interfaces/include/vyra_module_interfaces/vyra_module_interfaces/msg
[15.786s] -- Installing: /home/holgder-dach/VYRA/vyra_module_template/install/vyra_module_interfaces/include/vyra_module_interfaces/vyra_module_interfaces/msg/news_feed.h
[15.786s] -- Installing: /home/holgder-dach/VYRA/vyra_module_template/install/vyra_module_interfaces/include/vyra_module_interfaces/vyra_module_interfaces/msg/rosidl_generator_c__visibility_control.h
[15.787s] -- Installing: /home/holgder-dach/VYRA/vyra_module_template/install/vyra_module_interfaces/include/vyra_module_interfaces/vyra_module_interfaces/msg/error_feed.h
[15.787s] -- Installing: /home/holgder-dach/VYRA/vyra_module_template/install/vyra_module_interfaces/include/vyra_module_interfaces/vyra_module_interfaces/msg/state_feed.h
[15.787s] -- Installing: /home/holgder-dach/VYRA/vyra_module_template/install/vyra_module_interfaces/include/vyra_module_interfaces/vyra_module_interfaces/msg/logger_stream.h
[15.787s] -- Installing: /home/holgder-dach/VYRA/vyra_module_template/install/vyra_module_interfaces/include/vyra_module_interfaces/vyra_module_interfaces/msg/detail
[15.787s] -- Installing: /home/holgder-dach/VYRA/vyra_module_template/install/vyra_module_interfaces/include/vyra_module_interfaces/vyra_module_interfaces/msg/detail/error_feed__type_support.c
[15.787s] -- Installing: /home/holgder-dach/VYRA/vyra_module_template/install/vyra_module_interfaces/include/vyra_module_interfaces/vyra_module_interfaces/msg/detail/error_feed__functions.h
[15.788s] -- Installing: /home/holgder-dach/VYRA/vyra_module_template/install/vyra_module_interfaces/include/vyra_module_interfaces/vyra_module_interfaces/msg/detail/logger_stream__functions.c
[15.788s] -- Installing: /home/holgder-dach/VYRA/vyra_module_template/install/vyra_module_interfaces/include/vyra_module_interfaces/vyra_module_interfaces/msg/detail/news_feed__description.c
[15.788s] -- Installing: /home/holgder-dach/VYRA/vyra_module_template/install/vyra_module_interfaces/include/vyra_module_interfaces/vyra_module_interfaces/msg/detail/error_feed__struct.h
[15.788s] -- Installing: /home/holgder-dach/VYRA/vyra_module_template/install/vyra_module_interfaces/include/vyra_module_interfaces/vyra_module_interfaces/msg/detail/news_feed__struct.h
[15.788s] -- Installing: /home/holgder-dach/VYRA/vyra_module_template/install/vyra_module_interfaces/include/vyra_module_interfaces/vyra_module_interfaces/msg/detail/logger_stream__functions.h
[15.788s] -- Installing: /home/holgder-dach/VYRA/vyra_module_template/install/vyra_module_interfaces/include/vyra_module_interfaces/vyra_module_interfaces/msg/detail/state_feed__functions.h
[15.789s] -- Installing: /home/holgder-dach/VYRA/vyra_module_template/install/vyra_module_interfaces/include/vyra_module_interfaces/vyra_module_interfaces/msg/detail/logger_stream__type_support.c
[15.789s] -- Installing: /home/holgder-dach/VYRA/vyra_module_template/install/vyra_module_interfaces/include/vyra_module_interfaces/vyra_module_interfaces/msg/detail/state_feed__description.c
[15.789s] -- Installing: /home/holgder-dach/VYRA/vyra_module_template/install/vyra_module_interfaces/include/vyra_module_interfaces/vyra_module_interfaces/msg/detail/news_feed__functions.c
[15.789s] -- Installing: /home/holgder-dach/VYRA/vyra_module_template/install/vyra_module_interfaces/include/vyra_module_interfaces/vyra_module_interfaces/msg/detail/state_feed__struct.h
[15.789s] -- Installing: /home/holgder-dach/VYRA/vyra_module_template/install/vyra_module_interfaces/include/vyra_module_interfaces/vyra_module_interfaces/msg/detail/news_feed__type_support.h
[15.789s] -- Installing: /home/holgder-dach/VYRA/vyra_module_template/install/vyra_module_interfaces/include/vyra_module_interfaces/vyra_module_interfaces/msg/detail/logger_stream__type_support.h
[15.790s] -- Installing: /home/holgder-dach/VYRA/vyra_module_template/install/vyra_module_interfaces/include/vyra_module_interfaces/vyra_module_interfaces/msg/detail/error_feed__functions.c
[15.790s] -- Installing: /home/holgder-dach/VYRA/vyra_module_template/install/vyra_module_interfaces/include/vyra_module_interfaces/vyra_module_interfaces/msg/detail/error_feed__description.c
[15.790s] -- Installing: /home/holgder-dach/VYRA/vyra_module_template/install/vyra_module_interfaces/include/vyra_module_interfaces/vyra_module_interfaces/msg/detail/logger_stream__struct.h
[15.790s] -- Installing: /home/holgder-dach/VYRA/vyra_module_template/install/vyra_module_interfaces/include/vyra_module_interfaces/vyra_module_interfaces/msg/detail/news_feed__type_support.c
[15.790s] -- Installing: /home/holgder-dach/VYRA/vyra_module_template/install/vyra_module_interfaces/include/vyra_module_interfaces/vyra_module_interfaces/msg/detail/error_feed__type_support.h
[15.790s] -- Installing: /home/holgder-dach/VYRA/vyra_module_template/install/vyra_module_interfaces/include/vyra_module_interfaces/vyra_module_interfaces/msg/detail/state_feed__type_support.c
[15.791s] -- Installing: /home/holgder-dach/VYRA/vyra_module_template/install/vyra_module_interfaces/include/vyra_module_interfaces/vyra_module_interfaces/msg/detail/state_feed__type_support.h
[15.791s] -- Installing: /home/holgder-dach/VYRA/vyra_module_template/install/vyra_module_interfaces/include/vyra_module_interfaces/vyra_module_interfaces/msg/detail/logger_stream__description.c
[15.791s] -- Installing: /home/holgder-dach/VYRA/vyra_module_template/install/vyra_module_interfaces/include/vyra_module_interfaces/vyra_module_interfaces/msg/detail/news_feed__functions.h
[15.791s] -- Installing: /home/holgder-dach/VYRA/vyra_module_template/install/vyra_module_interfaces/include/vyra_module_interfaces/vyra_module_interfaces/msg/detail/state_feed__functions.c
[15.792s] -- Installing: /home/holgder-dach/VYRA/vyra_module_template/install/vyra_module_interfaces/include/vyra_module_interfaces/vyra_module_interfaces/action
[15.792s] -- Installing: /home/holgder-dach/VYRA/vyra_module_template/install/vyra_module_interfaces/include/vyra_module_interfaces/vyra_module_interfaces/action/initiate_update.h
[15.792s] -- Installing: /home/holgder-dach/VYRA/vyra_module_template/install/vyra_module_interfaces/include/vyra_module_interfaces/vyra_module_interfaces/action/detail
[15.792s] -- Installing: /home/holgder-dach/VYRA/vyra_module_template/install/vyra_module_interfaces/include/vyra_module_interfaces/vyra_module_interfaces/action/detail/initiate_update__functions.c
[15.792s] -- Installing: /home/holgder-dach/VYRA/vyra_module_template/install/vyra_module_interfaces/include/vyra_module_interfaces/vyra_module_interfaces/action/detail/initiate_update__struct.h
[15.792s] -- Installing: /home/holgder-dach/VYRA/vyra_module_template/install/vyra_module_interfaces/include/vyra_module_interfaces/vyra_module_interfaces/action/detail/initiate_update__description.c
[15.793s] -- Installing: /home/holgder-dach/VYRA/vyra_module_template/install/vyra_module_interfaces/include/vyra_module_interfaces/vyra_module_interfaces/action/detail/initiate_update__type_support.c
[15.793s] -- Installing: /home/holgder-dach/VYRA/vyra_module_template/install/vyra_module_interfaces/include/vyra_module_interfaces/vyra_module_interfaces/action/detail/initiate_update__type_support.h
[15.793s] -- Installing: /home/holgder-dach/VYRA/vyra_module_template/install/vyra_module_interfaces/include/vyra_module_interfaces/vyra_module_interfaces/action/detail/initiate_update__functions.h
[15.793s] -- Installing: /home/holgder-dach/VYRA/vyra_module_template/install/vyra_module_interfaces/share/vyra_module_interfaces/environment/library_path.sh
[15.794s] -- Installing: /home/holgder-dach/VYRA/vyra_module_template/install/vyra_module_interfaces/share/vyra_module_interfaces/environment/library_path.dsv
[15.794s] -- Installing: /home/holgder-dach/VYRA/vyra_module_template/install/vyra_module_interfaces/lib/libvyra_module_interfaces__rosidl_generator_c.so
[15.795s] -- Set non-toolchain portion of runtime path of "/home/holgder-dach/VYRA/vyra_module_template/install/vyra_module_interfaces/lib/libvyra_module_interfaces__rosidl_generator_c.so" to ""
[15.795s] -- Up-to-date: /home/holgder-dach/VYRA/vyra_module_template/install/vyra_module_interfaces/include/vyra_module_interfaces/vyra_module_interfaces
[15.795s] -- Up-to-date: /home/holgder-dach/VYRA/vyra_module_template/install/vyra_module_interfaces/include/vyra_module_interfaces/vyra_module_interfaces/srv
[15.795s] -- Up-to-date: /home/holgder-dach/VYRA/vyra_module_template/install/vyra_module_interfaces/include/vyra_module_interfaces/vyra_module_interfaces/srv/detail
[15.795s] -- Installing: /home/holgder-dach/VYRA/vyra_module_template/install/vyra_module_interfaces/include/vyra_module_interfaces/vyra_module_interfaces/srv/detail/health_check__rosidl_typesupport_fastrtps_c.h
[15.796s] -- Installing: /home/holgder-dach/VYRA/vyra_module_template/install/vyra_module_interfaces/include/vyra_module_interfaces/vyra_module_interfaces/srv/detail/get_capabilities__rosidl_typesupport_fastrtps_c.h
[15.796s] -- Installing: /home/holgder-dach/VYRA/vyra_module_template/install/vyra_module_interfaces/include/vyra_module_interfaces/vyra_module_interfaces/srv/detail/get_logs__rosidl_typesupport_fastrtps_c.h
[15.796s] -- Installing: /home/holgder-dach/VYRA/vyra_module_template/install/vyra_module_interfaces/include/vyra_module_interfaces/vyra_module_interfaces/srv/detail/trigger_transition__rosidl_typesupport_fastrtps_c.h
[15.796s] -- Up-to-date: /home/holgder-dach/VYRA/vyra_module_template/install/vyra_module_interfaces/include/vyra_module_interfaces/vyra_module_interfaces/msg
[15.796s] -- Installing: /home/holgder-dach/VYRA/vyra_module_template/install/vyra_module_interfaces/include/vyra_module_interfaces/vyra_module_interfaces/msg/rosidl_typesupport_fastrtps_c__visibility_control.h
[15.796s] -- Up-to-date: /home/holgder-dach/VYRA/vyra_module_template/install/vyra_module_interfaces/include/vyra_module_interfaces/vyra_module_interfaces/msg/detail
[15.796s] -- Installing: /home/holgder-dach/VYRA/vyra_module_template/install/vyra_module_interfaces/include/vyra_module_interfaces/vyra_module_interfaces/msg/detail/logger_stream__rosidl_typesupport_fastrtps_c.h
[15.796s] -- Installing: /home/holgder-dach/VYRA/vyra_module_template/install/vyra_module_interfaces/include/vyra_module_interfaces/vyra_module_interfaces/msg/detail/news_feed__rosidl_typesupport_fastrtps_c.h
[15.797s] -- Installing: /home/holgder-dach/VYRA/vyra_module_template/install/vyra_module_interfaces/include/vyra_module_interfaces/vyra_module_interfaces/msg/detail/error_feed__rosidl_typesupport_fastrtps_c.h
[15.797s] -- Installing: /home/holgder-dach/VYRA/vyra_module_template/install/vyra_module_interfaces/include/vyra_module_interfaces/vyra_module_interfaces/msg/detail/state_feed__rosidl_typesupport_fastrtps_c.h
[15.797s] -- Up-to-date: /home/holgder-dach/VYRA/vyra_module_template/install/vyra_module_interfaces/include/vyra_module_interfaces/vyra_module_interfaces/action
[15.797s] -- Up-to-date: /home/holgder-dach/VYRA/vyra_module_template/install/vyra_module_interfaces/include/vyra_module_interfaces/vyra_module_interfaces/action/detail
[15.797s] -- Installing: /home/holgder-dach/VYRA/vyra_module_template/install/vyra_module_interfaces/include/vyra_module_interfaces/vyra_module_interfaces/action/detail/initiate_update__rosidl_typesupport_fastrtps_c.h
[15.797s] -- Installing: /home/holgder-dach/VYRA/vyra_module_template/install/vyra_module_interfaces/lib/libvyra_module_interfaces__rosidl_typesupport_fastrtps_c.so
[15.798s] -- Set non-toolchain portion of runtime path of "/home/holgder-dach/VYRA/vyra_module_template/install/vyra_module_interfaces/lib/libvyra_module_interfaces__rosidl_typesupport_fastrtps_c.so" to ""
[15.798s] -- Up-to-date: /home/holgder-dach/VYRA/vyra_module_template/install/vyra_module_interfaces/include/vyra_module_interfaces/vyra_module_interfaces
[15.798s] -- Up-to-date: /home/holgder-dach/VYRA/vyra_module_template/install/vyra_module_interfaces/include/vyra_module_interfaces/vyra_module_interfaces/srv
[15.799s] -- Up-to-date: /home/holgder-dach/VYRA/vyra_module_template/install/vyra_module_interfaces/include/vyra_module_interfaces/vyra_module_interfaces/srv/detail
[15.799s] -- Installing: /home/holgder-dach/VYRA/vyra_module_template/install/vyra_module_interfaces/include/vyra_module_interfaces/vyra_module_interfaces/srv/detail/trigger_transition__rosidl_typesupport_introspection_c.h
[15.799s] -- Installing: /home/holgder-dach/VYRA/vyra_module_template/install/vyra_module_interfaces/include/vyra_module_interfaces/vyra_module_interfaces/srv/detail/get_logs__type_support.c
[15.799s] -- Installing: /home/holgder-dach/VYRA/vyra_module_template/install/vyra_module_interfaces/include/vyra_module_interfaces/vyra_module_interfaces/srv/detail/trigger_transition__type_support.c
[15.799s] -- Installing: /home/holgder-dach/VYRA/vyra_module_template/install/vyra_module_interfaces/include/vyra_module_interfaces/vyra_module_interfaces/srv/detail/get_capabilities__type_support.c
[15.799s] -- Installing: /home/holgder-dach/VYRA/vyra_module_template/install/vyra_module_interfaces/include/vyra_module_interfaces/vyra_module_interfaces/srv/detail/health_check__rosidl_typesupport_introspection_c.h
[15.799s] -- Installing: /home/holgder-dach/VYRA/vyra_module_template/install/vyra_module_interfaces/include/vyra_module_interfaces/vyra_module_interfaces/srv/detail/get_logs__rosidl_typesupport_introspection_c.h
[15.800s] -- Installing: /home/holgder-dach/VYRA/vyra_module_template/install/vyra_module_interfaces/include/vyra_module_interfaces/vyra_module_interfaces/srv/detail/get_capabilities__rosidl_typesupport_introspection_c.h
[15.800s] -- Installing: /home/holgder-dach/VYRA/vyra_module_template/install/vyra_module_interfaces/include/vyra_module_interfaces/vyra_module_interfaces/srv/detail/health_check__type_support.c
[15.800s] -- Up-to-date: /home/holgder-dach/VYRA/vyra_module_template/install/vyra_module_interfaces/include/vyra_module_interfaces/vyra_module_interfaces/msg
[15.800s] -- Installing: /home/holgder-dach/VYRA/vyra_module_template/install/vyra_module_interfaces/include/vyra_module_interfaces/vyra_module_interfaces/msg/rosidl_typesupport_introspection_c__visibility_control.h
[15.800s] -- Up-to-date: /home/holgder-dach/VYRA/vyra_module_template/install/vyra_module_interfaces/include/vyra_module_interfaces/vyra_module_interfaces/msg/detail
[15.800s] -- Installing: /home/holgder-dach/VYRA/vyra_module_template/install/vyra_module_interfaces/include/vyra_module_interfaces/vyra_module_interfaces/msg/detail/error_feed__type_support.c
[15.800s] -- Installing: /home/holgder-dach/VYRA/vyra_module_template/install/vyra_module_interfaces/include/vyra_module_interfaces/vyra_module_interfaces/msg/detail/logger_stream__type_support.c
[15.801s] -- Installing: /home/holgder-dach/VYRA/vyra_module_template/install/vyra_module_interfaces/include/vyra_module_interfaces/vyra_module_interfaces/msg/detail/error_feed__rosidl_typesupport_introspection_c.h
[15.801s] -- Installing: /home/holgder-dach/VYRA/vyra_module_template/install/vyra_module_interfaces/include/vyra_module_interfaces/vyra_module_interfaces/msg/detail/news_feed__type_support.c
[15.801s] -- Installing: /home/holgder-dach/VYRA/vyra_module_template/install/vyra_module_interfaces/include/vyra_module_interfaces/vyra_module_interfaces/msg/detail/news_feed__rosidl_typesupport_introspection_c.h
[15.801s] -- Installing: /home/holgder-dach/VYRA/vyra_module_template/install/vyra_module_interfaces/include/vyra_module_interfaces/vyra_module_interfaces/msg/detail/state_feed__type_support.c
[15.801s] -- Installing: /home/holgder-dach/VYRA/vyra_module_template/install/vyra_module_interfaces/include/vyra_module_interfaces/vyra_module_interfaces/msg/detail/logger_stream__rosidl_typesupport_introspection_c.h
[15.802s] -- Installing: /home/holgder-dach/VYRA/vyra_module_template/install/vyra_module_interfaces/include/vyra_module_interfaces/vyra_module_interfaces/msg/detail/state_feed__rosidl_typesupport_introspection_c.h
[15.802s] -- Up-to-date: /home/holgder-dach/VYRA/vyra_module_template/install/vyra_module_interfaces/include/vyra_module_interfaces/vyra_module_interfaces/action
[15.802s] -- Up-to-date: /home/holgder-dach/VYRA/vyra_module_template/install/vyra_module_interfaces/include/vyra_module_interfaces/vyra_module_interfaces/action/detail
[15.802s] -- Installing: /home/holgder-dach/VYRA/vyra_module_template/install/vyra_module_interfaces/include/vyra_module_interfaces/vyra_module_interfaces/action/detail/initiate_update__rosidl_typesupport_introspection_c.h
[15.802s] -- Installing: /home/holgder-dach/VYRA/vyra_module_template/install/vyra_module_interfaces/include/vyra_module_interfaces/vyra_module_interfaces/action/detail/initiate_update__type_support.c
[15.802s] -- Installing: /home/holgder-dach/VYRA/vyra_module_template/install/vyra_module_interfaces/lib/libvyra_module_interfaces__rosidl_typesupport_introspection_c.so
[15.803s] -- Set non-toolchain portion of runtime path of "/home/holgder-dach/VYRA/vyra_module_template/install/vyra_module_interfaces/lib/libvyra_module_interfaces__rosidl_typesupport_introspection_c.so" to ""
[15.803s] -- Installing: /home/holgder-dach/VYRA/vyra_module_template/install/vyra_module_interfaces/lib/libvyra_module_interfaces__rosidl_typesupport_c.so
[15.804s] -- Set non-toolchain portion of runtime path of "/home/holgder-dach/VYRA/vyra_module_template/install/vyra_module_interfaces/lib/libvyra_module_interfaces__rosidl_typesupport_c.so" to ""
[15.804s] -- Up-to-date: /home/holgder-dach/VYRA/vyra_module_template/install/vyra_module_interfaces/include/vyra_module_interfaces/vyra_module_interfaces
[15.804s] -- Up-to-date: /home/holgder-dach/VYRA/vyra_module_template/install/vyra_module_interfaces/include/vyra_module_interfaces/vyra_module_interfaces/srv
[15.804s] -- Installing: /home/holgder-dach/VYRA/vyra_module_template/install/vyra_module_interfaces/include/vyra_module_interfaces/vyra_module_interfaces/srv/get_capabilities.hpp
[15.804s] -- Installing: /home/holgder-dach/VYRA/vyra_module_template/install/vyra_module_interfaces/include/vyra_module_interfaces/vyra_module_interfaces/srv/get_logs.hpp
[15.804s] -- Installing: /home/holgder-dach/VYRA/vyra_module_template/install/vyra_module_interfaces/include/vyra_module_interfaces/vyra_module_interfaces/srv/trigger_transition.hpp
[15.805s] -- Installing: /home/holgder-dach/VYRA/vyra_module_template/install/vyra_module_interfaces/include/vyra_module_interfaces/vyra_module_interfaces/srv/health_check.hpp
[15.805s] -- Up-to-date: /home/holgder-dach/VYRA/vyra_module_template/install/vyra_module_interfaces/include/vyra_module_interfaces/vyra_module_interfaces/srv/detail
[15.805s] -- Installing: /home/holgder-dach/VYRA/vyra_module_template/install/vyra_module_interfaces/include/vyra_module_interfaces/vyra_module_interfaces/srv/detail/get_logs__builder.hpp
[15.805s] -- Installing: /home/holgder-dach/VYRA/vyra_module_template/install/vyra_module_interfaces/include/vyra_module_interfaces/vyra_module_interfaces/srv/detail/trigger_transition__traits.hpp
[15.806s] -- Installing: /home/holgder-dach/VYRA/vyra_module_template/install/vyra_module_interfaces/include/vyra_module_interfaces/vyra_module_interfaces/srv/detail/health_check__traits.hpp
[15.806s] -- Installing: /home/holgder-dach/VYRA/vyra_module_template/install/vyra_module_interfaces/include/vyra_module_interfaces/vyra_module_interfaces/srv/detail/trigger_transition__builder.hpp
[15.806s] -- Installing: /home/holgder-dach/VYRA/vyra_module_template/install/vyra_module_interfaces/include/vyra_module_interfaces/vyra_module_interfaces/srv/detail/get_capabilities__struct.hpp
[15.807s] -- Installing: /home/holgder-dach/VYRA/vyra_module_template/install/vyra_module_interfaces/include/vyra_module_interfaces/vyra_module_interfaces/srv/detail/get_logs__struct.hpp
[15.807s] -- Installing: /home/holgder-dach/VYRA/vyra_module_template/install/vyra_module_interfaces/include/vyra_module_interfaces/vyra_module_interfaces/srv/detail/health_check__type_support.hpp
[15.807s] -- Installing: /home/holgder-dach/VYRA/vyra_module_template/install/vyra_module_interfaces/include/vyra_module_interfaces/vyra_module_interfaces/srv/detail/get_logs__traits.hpp
[15.808s] -- Installing: /home/holgder-dach/VYRA/vyra_module_template/install/vyra_module_interfaces/include/vyra_module_interfaces/vyra_module_interfaces/srv/detail/get_capabilities__traits.hpp
[15.808s] -- Installing: /home/holgder-dach/VYRA/vyra_module_template/install/vyra_module_interfaces/include/vyra_module_interfaces/vyra_module_interfaces/srv/detail/trigger_transition__type_support.hpp
[15.808s] -- Installing: /home/holgder-dach/VYRA/vyra_module_template/install/vyra_module_interfaces/include/vyra_module_interfaces/vyra_module_interfaces/srv/detail/get_logs__type_support.hpp
[15.809s] -- Installing: /home/holgder-dach/VYRA/vyra_module_template/install/vyra_module_interfaces/include/vyra_module_interfaces/vyra_module_interfaces/srv/detail/get_capabilities__builder.hpp
[15.809s] -- Installing: /home/holgder-dach/VYRA/vyra_module_template/install/vyra_module_interfaces/include/vyra_module_interfaces/vyra_module_interfaces/srv/detail/trigger_transition__struct.hpp
[15.809s] -- Installing: /home/holgder-dach/VYRA/vyra_module_template/install/vyra_module_interfaces/include/vyra_module_interfaces/vyra_module_interfaces/srv/detail/get_capabilities__type_support.hpp
[15.810s] -- Installing: /home/holgder-dach/VYRA/vyra_module_template/install/vyra_module_interfaces/include/vyra_module_interfaces/vyra_module_interfaces/srv/detail/health_check__builder.hpp
[15.810s] -- Installing: /home/holgder-dach/VYRA/vyra_module_template/install/vyra_module_interfaces/include/vyra_module_interfaces/vyra_module_interfaces/srv/detail/health_check__struct.hpp
[15.810s] -- Up-to-date: /home/holgder-dach/VYRA/vyra_module_template/install/vyra_module_interfaces/include/vyra_module_interfaces/vyra_module_interfaces/msg
[15.811s] -- Installing: /home/holgder-dach/VYRA/vyra_module_template/install/vyra_module_interfaces/include/vyra_module_interfaces/vyra_module_interfaces/msg/rosidl_generator_cpp__visibility_control.hpp
[15.811s] -- Installing: /home/holgder-dach/VYRA/vyra_module_template/install/vyra_module_interfaces/include/vyra_module_interfaces/vyra_module_interfaces/msg/logger_stream.hpp
[15.811s] -- Installing: /home/holgder-dach/VYRA/vyra_module_template/install/vyra_module_interfaces/include/vyra_module_interfaces/vyra_module_interfaces/msg/state_feed.hpp
[15.811s] -- Installing: /home/holgder-dach/VYRA/vyra_module_template/install/vyra_module_interfaces/include/vyra_module_interfaces/vyra_module_interfaces/msg/news_feed.hpp
[15.812s] -- Up-to-date: /home/holgder-dach/VYRA/vyra_module_template/install/vyra_module_interfaces/include/vyra_module_interfaces/vyra_module_interfaces/msg/detail
[15.812s] -- Installing: /home/holgder-dach/VYRA/vyra_module_template/install/vyra_module_interfaces/include/vyra_module_interfaces/vyra_module_interfaces/msg/detail/news_feed__struct.hpp
[15.812s] -- Installing: /home/holgder-dach/VYRA/vyra_module_template/install/vyra_module_interfaces/include/vyra_module_interfaces/vyra_module_interfaces/msg/detail/error_feed__traits.hpp
[15.812s] -- Installing: /home/holgder-dach/VYRA/vyra_module_template/install/vyra_module_interfaces/include/vyra_module_interfaces/vyra_module_interfaces/msg/detail/state_feed__builder.hpp
[15.813s] -- Installing: /home/holgder-dach/VYRA/vyra_module_template/install/vyra_module_interfaces/include/vyra_module_interfaces/vyra_module_interfaces/msg/detail/logger_stream__traits.hpp
[15.813s] -- Installing: /home/holgder-dach/VYRA/vyra_module_template/install/vyra_module_interfaces/include/vyra_module_interfaces/vyra_module_interfaces/msg/detail/news_feed__builder.hpp
[15.813s] -- Installing: /home/holgder-dach/VYRA/vyra_module_template/install/vyra_module_interfaces/include/vyra_module_interfaces/vyra_module_interfaces/msg/detail/news_feed__type_support.hpp
[15.813s] -- Installing: /home/holgder-dach/VYRA/vyra_module_template/install/vyra_module_interfaces/include/vyra_module_interfaces/vyra_module_interfaces/msg/detail/logger_stream__type_support.hpp
[15.814s] -- Installing: /home/holgder-dach/VYRA/vyra_module_template/install/vyra_module_interfaces/include/vyra_module_interfaces/vyra_module_interfaces/msg/detail/error_feed__type_support.hpp
[15.814s] -- Installing: /home/holgder-dach/VYRA/vyra_module_template/install/vyra_module_interfaces/include/vyra_module_interfaces/vyra_module_interfaces/msg/detail/error_feed__builder.hpp
[15.814s] -- Installing: /home/holgder-dach/VYRA/vyra_module_template/install/vyra_module_interfaces/include/vyra_module_interfaces/vyra_module_interfaces/msg/detail/state_feed__struct.hpp
[15.815s] -- Installing: /home/holgder-dach/VYRA/vyra_module_template/install/vyra_module_interfaces/include/vyra_module_interfaces/vyra_module_interfaces/msg/detail/error_feed__struct.hpp
[15.815s] -- Installing: /home/holgder-dach/VYRA/vyra_module_template/install/vyra_module_interfaces/include/vyra_module_interfaces/vyra_module_interfaces/msg/detail/logger_stream__struct.hpp
[15.815s] -- Installing: /home/holgder-dach/VYRA/vyra_module_template/install/vyra_module_interfaces/include/vyra_module_interfaces/vyra_module_interfaces/msg/detail/news_feed__traits.hpp
[15.815s] -- Installing: /home/holgder-dach/VYRA/vyra_module_template/install/vyra_module_interfaces/include/vyra_module_interfaces/vyra_module_interfaces/msg/detail/state_feed__type_support.hpp
[15.816s] -- Installing: /home/holgder-dach/VYRA/vyra_module_template/install/vyra_module_interfaces/include/vyra_module_interfaces/vyra_module_interfaces/msg/detail/logger_stream__builder.hpp
[15.816s] -- Installing: /home/holgder-dach/VYRA/vyra_module_template/install/vyra_module_interfaces/include/vyra_module_interfaces/vyra_module_interfaces/msg/detail/state_feed__traits.hpp
[15.816s] -- Installing: /home/holgder-dach/VYRA/vyra_module_template/install/vyra_module_interfaces/include/vyra_module_interfaces/vyra_module_interfaces/msg/error_feed.hpp
[15.816s] -- Up-to-date: /home/holgder-dach/VYRA/vyra_module_template/install/vyra_module_interfaces/include/vyra_module_interfaces/vyra_module_interfaces/action
[15.816s] -- Installing: /home/holgder-dach/VYRA/vyra_module_template/install/vyra_module_interfaces/include/vyra_module_interfaces/vyra_module_interfaces/action/initiate_update.hpp
[15.817s] -- Up-to-date: /home/holgder-dach/VYRA/vyra_module_template/install/vyra_module_interfaces/include/vyra_module_interfaces/vyra_module_interfaces/action/detail
[15.817s] -- Installing: /home/holgder-dach/VYRA/vyra_module_template/install/vyra_module_interfaces/include/vyra_module_interfaces/vyra_module_interfaces/action/detail/initiate_update__builder.hpp
[15.817s] -- Installing: /home/holgder-dach/VYRA/vyra_module_template/install/vyra_module_interfaces/include/vyra_module_interfaces/vyra_module_interfaces/action/detail/initiate_update__struct.hpp
[15.817s] -- Installing: /home/holgder-dach/VYRA/vyra_module_template/install/vyra_module_interfaces/include/vyra_module_interfaces/vyra_module_interfaces/action/detail/initiate_update__traits.hpp
[15.818s] -- Installing: /home/holgder-dach/VYRA/vyra_module_template/install/vyra_module_interfaces/include/vyra_module_interfaces/vyra_module_interfaces/action/detail/initiate_update__type_support.hpp
[15.818s] -- Up-to-date: /home/holgder-dach/VYRA/vyra_module_template/install/vyra_module_interfaces/include/vyra_module_interfaces/vyra_module_interfaces
[15.818s] -- Up-to-date: /home/holgder-dach/VYRA/vyra_module_template/install/vyra_module_interfaces/include/vyra_module_interfaces/vyra_module_interfaces/srv
[15.818s] -- Up-to-date: /home/holgder-dach/VYRA/vyra_module_template/install/vyra_module_interfaces/include/vyra_module_interfaces/vyra_module_interfaces/srv/detail
[15.819s] -- Installing: /home/holgder-dach/VYRA/vyra_module_template/install/vyra_module_interfaces/include/vyra_module_interfaces/vyra_module_interfaces/srv/detail/get_logs__rosidl_typesupport_fastrtps_cpp.hpp
[15.819s] -- Installing: /home/holgder-dach/VYRA/vyra_module_template/install/vyra_module_interfaces/include/vyra_module_interfaces/vyra_module_interfaces/srv/detail/trigger_transition__rosidl_typesupport_fastrtps_cpp.hpp
[15.819s] -- Installing: /home/holgder-dach/VYRA/vyra_module_template/install/vyra_module_interfaces/include/vyra_module_interfaces/vyra_module_interfaces/srv/detail/health_check__rosidl_typesupport_fastrtps_cpp.hpp
[15.819s] -- Installing: /home/holgder-dach/VYRA/vyra_module_template/install/vyra_module_interfaces/include/vyra_module_interfaces/vyra_module_interfaces/srv/detail/get_capabilities__rosidl_typesupport_fastrtps_cpp.hpp
[15.820s] -- Installing: /home/holgder-dach/VYRA/vyra_module_template/install/vyra_module_interfaces/include/vyra_module_interfaces/vyra_module_interfaces/srv/detail/dds_fastrtps
[15.820s] -- Up-to-date: /home/holgder-dach/VYRA/vyra_module_template/install/vyra_module_interfaces/include/vyra_module_interfaces/vyra_module_interfaces/msg
[15.820s] -- Installing: /home/holgder-dach/VYRA/vyra_module_template/install/vyra_module_interfaces/include/vyra_module_interfaces/vyra_module_interfaces/msg/rosidl_typesupport_fastrtps_cpp__visibility_control.h
[15.820s] -- Up-to-date: /home/holgder-dach/VYRA/vyra_module_template/install/vyra_module_interfaces/include/vyra_module_interfaces/vyra_module_interfaces/msg/detail
[15.821s] -- Installing: /home/holgder-dach/VYRA/vyra_module_template/install/vyra_module_interfaces/include/vyra_module_interfaces/vyra_module_interfaces/msg/detail/news_feed__rosidl_typesupport_fastrtps_cpp.hpp
[15.821s] -- Installing: /home/holgder-dach/VYRA/vyra_module_template/install/vyra_module_interfaces/include/vyra_module_interfaces/vyra_module_interfaces/msg/detail/error_feed__rosidl_typesupport_fastrtps_cpp.hpp
[15.821s] -- Installing: /home/holgder-dach/VYRA/vyra_module_template/install/vyra_module_interfaces/include/vyra_module_interfaces/vyra_module_interfaces/msg/detail/state_feed__rosidl_typesupport_fastrtps_cpp.hpp
[15.821s] -- Installing: /home/holgder-dach/VYRA/vyra_module_template/install/vyra_module_interfaces/include/vyra_module_interfaces/vyra_module_interfaces/msg/detail/logger_stream__rosidl_typesupport_fastrtps_cpp.hpp
[15.822s] -- Installing: /home/holgder-dach/VYRA/vyra_module_template/install/vyra_module_interfaces/include/vyra_module_interfaces/vyra_module_interfaces/msg/detail/dds_fastrtps
[15.822s] -- Up-to-date: /home/holgder-dach/VYRA/vyra_module_template/install/vyra_module_interfaces/include/vyra_module_interfaces/vyra_module_interfaces/action
[15.822s] -- Up-to-date: /home/holgder-dach/VYRA/vyra_module_template/install/vyra_module_interfaces/include/vyra_module_interfaces/vyra_module_interfaces/action/detail
[15.823s] -- Installing: /home/holgder-dach/VYRA/vyra_module_template/install/vyra_module_interfaces/include/vyra_module_interfaces/vyra_module_interfaces/action/detail/initiate_update__rosidl_typesupport_fastrtps_cpp.hpp
[15.823s] -- Installing: /home/holgder-dach/VYRA/vyra_module_template/install/vyra_module_interfaces/include/vyra_module_interfaces/vyra_module_interfaces/action/detail/dds_fastrtps
[15.823s] -- Installing: /home/holgder-dach/VYRA/vyra_module_template/install/vyra_module_interfaces/lib/libvyra_module_interfaces__rosidl_typesupport_fastrtps_cpp.so
[15.823s] -- Set non-toolchain portion of runtime path of "/home/holgder-dach/VYRA/vyra_module_template/install/vyra_module_interfaces/lib/libvyra_module_interfaces__rosidl_typesupport_fastrtps_cpp.so" to ""
[15.823s] -- Up-to-date: /home/holgder-dach/VYRA/vyra_module_template/install/vyra_module_interfaces/include/vyra_module_interfaces/vyra_module_interfaces
[15.824s] -- Up-to-date: /home/holgder-dach/VYRA/vyra_module_template/install/vyra_module_interfaces/include/vyra_module_interfaces/vyra_module_interfaces/srv
[15.824s] -- Up-to-date: /home/holgder-dach/VYRA/vyra_module_template/install/vyra_module_interfaces/include/vyra_module_interfaces/vyra_module_interfaces/srv/detail
[15.824s] -- Installing: /home/holgder-dach/VYRA/vyra_module_template/install/vyra_module_interfaces/include/vyra_module_interfaces/vyra_module_interfaces/srv/detail/health_check__type_support.cpp
[15.824s] -- Installing: /home/holgder-dach/VYRA/vyra_module_template/install/vyra_module_interfaces/include/vyra_module_interfaces/vyra_module_interfaces/srv/detail/trigger_transition__rosidl_typesupport_introspection_cpp.hpp
[15.825s] -- Installing: /home/holgder-dach/VYRA/vyra_module_template/install/vyra_module_interfaces/include/vyra_module_interfaces/vyra_module_interfaces/srv/detail/get_capabilities__type_support.cpp
[15.825s] -- Installing: /home/holgder-dach/VYRA/vyra_module_template/install/vyra_module_interfaces/include/vyra_module_interfaces/vyra_module_interfaces/srv/detail/get_logs__type_support.cpp
[15.825s] -- Installing: /home/holgder-dach/VYRA/vyra_module_template/install/vyra_module_interfaces/include/vyra_module_interfaces/vyra_module_interfaces/srv/detail/trigger_transition__type_support.cpp
[15.825s] -- Installing: /home/holgder-dach/VYRA/vyra_module_template/install/vyra_module_interfaces/include/vyra_module_interfaces/vyra_module_interfaces/srv/detail/health_check__rosidl_typesupport_introspection_cpp.hpp
[15.826s] -- Installing: /home/holgder-dach/VYRA/vyra_module_template/install/vyra_module_interfaces/include/vyra_module_interfaces/vyra_module_interfaces/srv/detail/get_capabilities__rosidl_typesupport_introspection_cpp.hpp
[15.826s] -- Installing: /home/holgder-dach/VYRA/vyra_module_template/install/vyra_module_interfaces/include/vyra_module_interfaces/vyra_module_interfaces/srv/detail/get_logs__rosidl_typesupport_introspection_cpp.hpp
[15.826s] -- Up-to-date: /home/holgder-dach/VYRA/vyra_module_template/install/vyra_module_interfaces/include/vyra_module_interfaces/vyra_module_interfaces/msg
[15.826s] -- Up-to-date: /home/holgder-dach/VYRA/vyra_module_template/install/vyra_module_interfaces/include/vyra_module_interfaces/vyra_module_interfaces/msg/detail
[15.827s] -- Installing: /home/holgder-dach/VYRA/vyra_module_template/install/vyra_module_interfaces/include/vyra_module_interfaces/vyra_module_interfaces/msg/detail/logger_stream__type_support.cpp
[15.827s] -- Installing: /home/holgder-dach/VYRA/vyra_module_template/install/vyra_module_interfaces/include/vyra_module_interfaces/vyra_module_interfaces/msg/detail/error_feed__type_support.cpp
[15.827s] -- Installing: /home/holgder-dach/VYRA/vyra_module_template/install/vyra_module_interfaces/include/vyra_module_interfaces/vyra_module_interfaces/msg/detail/state_feed__rosidl_typesupport_introspection_cpp.hpp
[15.827s] -- Installing: /home/holgder-dach/VYRA/vyra_module_template/install/vyra_module_interfaces/include/vyra_module_interfaces/vyra_module_interfaces/msg/detail/logger_stream__rosidl_typesupport_introspection_cpp.hpp
[15.828s] -- Installing: /home/holgder-dach/VYRA/vyra_module_template/install/vyra_module_interfaces/include/vyra_module_interfaces/vyra_module_interfaces/msg/detail/error_feed__rosidl_typesupport_introspection_cpp.hpp
[15.828s] -- Installing: /home/holgder-dach/VYRA/vyra_module_template/install/vyra_module_interfaces/include/vyra_module_interfaces/vyra_module_interfaces/msg/detail/news_feed__rosidl_typesupport_introspection_cpp.hpp
[15.828s] -- Installing: /home/holgder-dach/VYRA/vyra_module_template/install/vyra_module_interfaces/include/vyra_module_interfaces/vyra_module_interfaces/msg/detail/news_feed__type_support.cpp
[15.828s] -- Installing: /home/holgder-dach/VYRA/vyra_module_template/install/vyra_module_interfaces/include/vyra_module_interfaces/vyra_module_interfaces/msg/detail/state_feed__type_support.cpp
[15.829s] -- Up-to-date: /home/holgder-dach/VYRA/vyra_module_template/install/vyra_module_interfaces/include/vyra_module_interfaces/vyra_module_interfaces/action
[15.829s] -- Up-to-date: /home/holgder-dach/VYRA/vyra_module_template/install/vyra_module_interfaces/include/vyra_module_interfaces/vyra_module_interfaces/action/detail
[15.829s] -- Installing: /home/holgder-dach/VYRA/vyra_module_template/install/vyra_module_interfaces/include/vyra_module_interfaces/vyra_module_interfaces/action/detail/initiate_update__type_support.cpp
[15.829s] -- Installing: /home/holgder-dach/VYRA/vyra_module_template/install/vyra_module_interfaces/include/vyra_module_interfaces/vyra_module_interfaces/action/detail/initiate_update__rosidl_typesupport_introspection_cpp.hpp
[15.830s] -- Installing: /home/holgder-dach/VYRA/vyra_module_template/install/vyra_module_interfaces/lib/libvyra_module_interfaces__rosidl_typesupport_introspection_cpp.so
[15.830s] -- Set non-toolchain portion of runtime path of "/home/holgder-dach/VYRA/vyra_module_template/install/vyra_module_interfaces/lib/libvyra_module_interfaces__rosidl_typesupport_introspection_cpp.so" to ""
[15.830s] -- Installing: /home/holgder-dach/VYRA/vyra_module_template/install/vyra_module_interfaces/lib/libvyra_module_interfaces__rosidl_typesupport_cpp.so
[15.830s] -- Set non-toolchain portion of runtime path of "/home/holgder-dach/VYRA/vyra_module_template/install/vyra_module_interfaces/lib/libvyra_module_interfaces__rosidl_typesupport_cpp.so" to ""
[15.831s] -- Installing: /home/holgder-dach/VYRA/vyra_module_template/install/vyra_module_interfaces/share/vyra_module_interfaces/environment/pythonpath.sh
[15.831s] -- Installing: /home/holgder-dach/VYRA/vyra_module_template/install/vyra_module_interfaces/share/vyra_module_interfaces/environment/pythonpath.dsv
[15.831s] -- Installing: /home/holgder-dach/VYRA/vyra_module_template/install/vyra_module_interfaces/lib/python3.12/site-packages/vyra_module_interfaces-0.1.0-py3.12.egg-info
[15.832s] -- Installing: /home/holgder-dach/VYRA/vyra_module_template/install/vyra_module_interfaces/lib/python3.12/site-packages/vyra_module_interfaces-0.1.0-py3.12.egg-info/PKG-INFO
[15.832s] -- Installing: /home/holgder-dach/VYRA/vyra_module_template/install/vyra_module_interfaces/lib/python3.12/site-packages/vyra_module_interfaces-0.1.0-py3.12.egg-info/top_level.txt
[15.832s] -- Installing: /home/holgder-dach/VYRA/vyra_module_template/install/vyra_module_interfaces/lib/python3.12/site-packages/vyra_module_interfaces-0.1.0-py3.12.egg-info/SOURCES.txt
[15.832s] -- Installing: /home/holgder-dach/VYRA/vyra_module_template/install/vyra_module_interfaces/lib/python3.12/site-packages/vyra_module_interfaces-0.1.0-py3.12.egg-info/dependency_links.txt
[15.833s] -- Installing: /home/holgder-dach/VYRA/vyra_module_template/install/vyra_module_interfaces/lib/python3.12/site-packages/vyra_module_interfaces
[15.833s] -- Installing: /home/holgder-dach/VYRA/vyra_module_template/install/vyra_module_interfaces/lib/python3.12/site-packages/vyra_module_interfaces/vyra_module_interfaces_s__rosidl_typesupport_fastrtps_c.so
[15.833s] -- Installing: /home/holgder-dach/VYRA/vyra_module_template/install/vyra_module_interfaces/lib/python3.12/site-packages/vyra_module_interfaces/srv
[15.833s] -- Installing: /home/holgder-dach/VYRA/vyra_module_template/install/vyra_module_interfaces/lib/python3.12/site-packages/vyra_module_interfaces/srv/_trigger_transition.py
[15.833s] -- Installing: /home/holgder-dach/VYRA/vyra_module_template/install/vyra_module_interfaces/lib/python3.12/site-packages/vyra_module_interfaces/srv/_trigger_transition_s.c
[15.834s] -- Installing: /home/holgder-dach/VYRA/vyra_module_template/install/vyra_module_interfaces/lib/python3.12/site-packages/vyra_module_interfaces/srv/_get_capabilities_s.c
[15.834s] -- Installing: /home/holgder-dach/VYRA/vyra_module_template/install/vyra_module_interfaces/lib/python3.12/site-packages/vyra_module_interfaces/srv/_get_logs.py
[15.834s] -- Installing: /home/holgder-dach/VYRA/vyra_module_template/install/vyra_module_interfaces/lib/python3.12/site-packages/vyra_module_interfaces/srv/_get_logs_s.c
[15.834s] -- Installing: /home/holgder-dach/VYRA/vyra_module_template/install/vyra_module_interfaces/lib/python3.12/site-packages/vyra_module_interfaces/srv/_health_check.py
[15.834s] -- Installing: /home/holgder-dach/VYRA/vyra_module_template/install/vyra_module_interfaces/lib/python3.12/site-packages/vyra_module_interfaces/srv/_health_check_s.c
[15.835s] -- Installing: /home/holgder-dach/VYRA/vyra_module_template/install/vyra_module_interfaces/lib/python3.12/site-packages/vyra_module_interfaces/srv/__init__.py
[15.835s] -- Installing: /home/holgder-dach/VYRA/vyra_module_template/install/vyra_module_interfaces/lib/python3.12/site-packages/vyra_module_interfaces/srv/_get_capabilities.py
[15.835s] -- Installing: /home/holgder-dach/VYRA/vyra_module_template/install/vyra_module_interfaces/lib/python3.12/site-packages/vyra_module_interfaces/msg
[15.835s] -- Installing: /home/holgder-dach/VYRA/vyra_module_template/install/vyra_module_interfaces/lib/python3.12/site-packages/vyra_module_interfaces/msg/_state_feed_s.c
[15.836s] -- Installing: /home/holgder-dach/VYRA/vyra_module_template/install/vyra_module_interfaces/lib/python3.12/site-packages/vyra_module_interfaces/msg/_state_feed.py
[15.836s] -- Installing: /home/holgder-dach/VYRA/vyra_module_template/install/vyra_module_interfaces/lib/python3.12/site-packages/vyra_module_interfaces/msg/_error_feed.py
[15.836s] -- Installing: /home/holgder-dach/VYRA/vyra_module_template/install/vyra_module_interfaces/lib/python3.12/site-packages/vyra_module_interfaces/msg/_logger_stream.py
[15.836s] -- Installing: /home/holgder-dach/VYRA/vyra_module_template/install/vyra_module_interfaces/lib/python3.12/site-packages/vyra_module_interfaces/msg/_news_feed.py
[15.836s] -- Installing: /home/holgder-dach/VYRA/vyra_module_template/install/vyra_module_interfaces/lib/python3.12/site-packages/vyra_module_interfaces/msg/_news_feed_s.c
[15.837s] -- Installing: /home/holgder-dach/VYRA/vyra_module_template/install/vyra_module_interfaces/lib/python3.12/site-packages/vyra_module_interfaces/msg/_logger_stream_s.c
[15.837s] -- Installing: /home/holgder-dach/VYRA/vyra_module_template/install/vyra_module_interfaces/lib/python3.12/site-packages/vyra_module_interfaces/msg/__init__.py
[15.837s] -- Installing: /home/holgder-dach/VYRA/vyra_module_template/install/vyra_module_interfaces/lib/python3.12/site-packages/vyra_module_interfaces/msg/_error_feed_s.c
[15.837s] -- Installing: /home/holgder-dach/VYRA/vyra_module_template/install/vyra_module_interfaces/lib/python3.12/site-packages/vyra_module_interfaces/_vyra_module_interfaces_s.ep.rosidl_typesupport_introspection_c.c
[15.838s] -- Installing: /home/holgder-dach/VYRA/vyra_module_template/install/vyra_module_interfaces/lib/python3.12/site-packages/vyra_module_interfaces/_vyra_module_interfaces_s.ep.rosidl_typesupport_c.c
[15.838s] -- Installing: /home/holgder-dach/VYRA/vyra_module_template/install/vyra_module_interfaces/lib/python3.12/site-packages/vyra_module_interfaces/_vyra_module_interfaces_s.ep.rosidl_typesupport_fastrtps_c.c
[15.838s] -- Installing: /home/holgder-dach/VYRA/vyra_module_template/install/vyra_module_interfaces/lib/python3.12/site-packages/vyra_module_interfaces/vyra_module_interfaces_s__rosidl_typesupport_c.so
[15.838s] -- Installing: /home/holgder-dach/VYRA/vyra_module_template/install/vyra_module_interfaces/lib/python3.12/site-packages/vyra_module_interfaces/__init__.py
[15.838s] -- Installing: /home/holgder-dach/VYRA/vyra_module_template/install/vyra_module_interfaces/lib/python3.12/site-packages/vyra_module_interfaces/action
[15.839s] -- Installing: /home/holgder-dach/VYRA/vyra_module_template/install/vyra_module_interfaces/lib/python3.12/site-packages/vyra_module_interfaces/action/_initiate_update.py
[15.839s] -- Installing: /home/holgder-dach/VYRA/vyra_module_template/install/vyra_module_interfaces/lib/python3.12/site-packages/vyra_module_interfaces/action/_initiate_update_s.c
[15.839s] -- Installing: /home/holgder-dach/VYRA/vyra_module_template/install/vyra_module_interfaces/lib/python3.12/site-packages/vyra_module_interfaces/action/__init__.py
[15.839s] -- Installing: /home/holgder-dach/VYRA/vyra_module_template/install/vyra_module_interfaces/lib/python3.12/site-packages/vyra_module_interfaces/vyra_module_interfaces_s__rosidl_typesupport_introspection_c.so
[15.918s] Listing '/home/holgder-dach/VYRA/vyra_module_template/install/vyra_module_interfaces/lib/python3.12/site-packages/vyra_module_interfaces'...
[15.918s] Compiling '/home/holgder-dach/VYRA/vyra_module_template/install/vyra_module_interfaces/lib/python3.12/site-packages/vyra_module_interfaces/__init__.py'...
[15.918s] Listing '/home/holgder-dach/VYRA/vyra_module_template/install/vyra_module_interfaces/lib/python3.12/site-packages/vyra_module_interfaces/action'...
[15.919s] Compiling '/home/holgder-dach/VYRA/vyra_module_template/install/vyra_module_interfaces/lib/python3.12/site-packages/vyra_module_interfaces/action/__init__.py'...
[15.919s] Compiling '/home/holgder-dach/VYRA/vyra_module_template/install/vyra_module_interfaces/lib/python3.12/site-packages/vyra_module_interfaces/action/_initiate_update.py'...
[15.919s] Listing '/home/holgder-dach/VYRA/vyra_module_template/install/vyra_module_interfaces/lib/python3.12/site-packages/vyra_module_interfaces/msg'...
[15.919s] Compiling '/home/holgder-dach/VYRA/vyra_module_template/install/vyra_module_interfaces/lib/python3.12/site-packages/vyra_module_interfaces/msg/__init__.py'...
[15.920s] Compiling '/home/holgder-dach/VYRA/vyra_module_template/install/vyra_module_interfaces/lib/python3.12/site-packages/vyra_module_interfaces/msg/_error_feed.py'...
[15.920s] Compiling '/home/holgder-dach/VYRA/vyra_module_template/install/vyra_module_interfaces/lib/python3.12/site-packages/vyra_module_interfaces/msg/_logger_stream.py'...
[15.920s] Compiling '/home/holgder-dach/VYRA/vyra_module_template/install/vyra_module_interfaces/lib/python3.12/site-packages/vyra_module_interfaces/msg/_news_feed.py'...
[15.920s] Compiling '/home/holgder-dach/VYRA/vyra_module_template/install/vyra_module_interfaces/lib/python3.12/site-packages/vyra_module_interfaces/msg/_state_feed.py'...
[15.920s] Listing '/home/holgder-dach/VYRA/vyra_module_template/install/vyra_module_interfaces/lib/python3.12/site-packages/vyra_module_interfaces/srv'...
[15.921s] Compiling '/home/holgder-dach/VYRA/vyra_module_template/install/vyra_module_interfaces/lib/python3.12/site-packages/vyra_module_interfaces/srv/__init__.py'...
[15.921s] Compiling '/home/holgder-dach/VYRA/vyra_module_template/install/vyra_module_interfaces/lib/python3.12/site-packages/vyra_module_interfaces/srv/_get_capabilities.py'...
[15.921s] Compiling '/home/holgder-dach/VYRA/vyra_module_template/install/vyra_module_interfaces/lib/python3.12/site-packages/vyra_module_interfaces/srv/_get_logs.py'...
[15.921s] Compiling '/home/holgder-dach/VYRA/vyra_module_template/install/vyra_module_interfaces/lib/python3.12/site-packages/vyra_module_interfaces/srv/_health_check.py'...
[15.921s] Compiling '/home/holgder-dach/VYRA/vyra_module_template/install/vyra_module_interfaces/lib/python3.12/site-packages/vyra_module_interfaces/srv/_trigger_transition.py'...
[15.925s] -- Installing: /home/holgder-dach/VYRA/vyra_module_template/install/vyra_module_interfaces/lib/python3.12/site-packages/vyra_module_interfaces/vyra_module_interfaces_s__rosidl_typesupport_fastrtps_c.so
[15.925s] -- Set non-toolchain portion of runtime path of "/home/holgder-dach/VYRA/vyra_module_template/install/vyra_module_interfaces/lib/python3.12/site-packages/vyra_module_interfaces/vyra_module_interfaces_s__rosidl_typesupport_fastrtps_c.so" to ""
[15.926s] -- Installing: /home/holgder-dach/VYRA/vyra_module_template/install/vyra_module_interfaces/lib/python3.12/site-packages/vyra_module_interfaces/vyra_module_interfaces_s__rosidl_typesupport_introspection_c.so
[15.926s] -- Set non-toolchain portion of runtime path of "/home/holgder-dach/VYRA/vyra_module_template/install/vyra_module_interfaces/lib/python3.12/site-packages/vyra_module_interfaces/vyra_module_interfaces_s__rosidl_typesupport_introspection_c.so" to ""
[15.926s] -- Installing: /home/holgder-dach/VYRA/vyra_module_template/install/vyra_module_interfaces/lib/python3.12/site-packages/vyra_module_interfaces/vyra_module_interfaces_s__rosidl_typesupport_c.so
[15.927s] -- Set non-toolchain portion of runtime path of "/home/holgder-dach/VYRA/vyra_module_template/install/vyra_module_interfaces/lib/python3.12/site-packages/vyra_module_interfaces/vyra_module_interfaces_s__rosidl_typesupport_c.so" to ""
[15.927s] -- Installing: /home/holgder-dach/VYRA/vyra_module_template/install/vyra_module_interfaces/lib/libvyra_module_interfaces__rosidl_generator_py.so
[15.928s] -- Set non-toolchain portion of runtime path of "/home/holgder-dach/VYRA/vyra_module_template/install/vyra_module_interfaces/lib/libvyra_module_interfaces__rosidl_generator_py.so" to ""
[15.928s] -- Installing: /home/holgder-dach/VYRA/vyra_module_template/install/vyra_module_interfaces/share/vyra_module_interfaces/msg/NewsFeed.idl
[15.928s] -- Installing: /home/holgder-dach/VYRA/vyra_module_template/install/vyra_module_interfaces/share/vyra_module_interfaces/msg/ErrorFeed.idl
[15.929s] -- Installing: /home/holgder-dach/VYRA/vyra_module_template/install/vyra_module_interfaces/share/vyra_module_interfaces/msg/LoggerStream.idl
[15.929s] -- Installing: /home/holgder-dach/VYRA/vyra_module_template/install/vyra_module_interfaces/share/vyra_module_interfaces/msg/StateFeed.idl
[15.929s] -- Installing: /home/holgder-dach/VYRA/vyra_module_template/install/vyra_module_interfaces/share/vyra_module_interfaces/srv/HealthCheck.idl
[15.930s] -- Installing: /home/holgder-dach/VYRA/vyra_module_template/install/vyra_module_interfaces/share/vyra_module_interfaces/srv/GetCapabilities.idl
[15.930s] -- Installing: /home/holgder-dach/VYRA/vyra_module_template/install/vyra_module_interfaces/share/vyra_module_interfaces/srv/TriggerTransition.idl
[15.930s] -- Installing: /home/holgder-dach/VYRA/vyra_module_template/install/vyra_module_interfaces/share/vyra_module_interfaces/srv/GetLogs.idl
[15.930s] -- Installing: /home/holgder-dach/VYRA/vyra_module_template/install/vyra_module_interfaces/share/vyra_module_interfaces/action/InitiateUpdate.idl
[15.931s] -- Installing: /home/holgder-dach/VYRA/vyra_module_template/install/vyra_module_interfaces/share/vyra_module_interfaces/msg/NewsFeed.msg
[15.931s] -- Installing: /home/holgder-dach/VYRA/vyra_module_template/install/vyra_module_interfaces/share/vyra_module_interfaces/msg/ErrorFeed.msg
[15.931s] -- Installing: /home/holgder-dach/VYRA/vyra_module_template/install/vyra_module_interfaces/share/vyra_module_interfaces/msg/LoggerStream.msg
[15.931s] -- Installing: /home/holgder-dach/VYRA/vyra_module_template/install/vyra_module_interfaces/share/vyra_module_interfaces/msg/StateFeed.msg
[15.932s] -- Installing: /home/holgder-dach/VYRA/vyra_module_template/install/vyra_module_interfaces/share/vyra_module_interfaces/srv/HealthCheck.srv
[15.932s] -- Installing: /home/holgder-dach/VYRA/vyra_module_template/install/vyra_module_interfaces/share/vyra_module_interfaces/srv/GetCapabilities.srv
[15.932s] -- Installing: /home/holgder-dach/VYRA/vyra_module_template/install/vyra_module_interfaces/share/vyra_module_interfaces/srv/TriggerTransition.srv
[15.932s] -- Installing: /home/holgder-dach/VYRA/vyra_module_template/install/vyra_module_interfaces/share/vyra_module_interfaces/srv/GetLogs.srv
[15.933s] -- Installing: /home/holgder-dach/VYRA/vyra_module_template/install/vyra_module_interfaces/share/vyra_module_interfaces/action/InitiateUpdate.action
[15.933s] -- Installing: /home/holgder-dach/VYRA/vyra_module_template/install/vyra_module_interfaces/share/vyra_module_interfaces/config
[15.933s] -- Installing: /home/holgder-dach/VYRA/vyra_module_template/install/vyra_module_interfaces/share/vyra_module_interfaces/config/base_metadata.config
[15.933s] -- Installing: /home/holgder-dach/VYRA/vyra_module_template/install/vyra_module_interfaces/share/ament_index/resource_index/package_run_dependencies/vyra_module_interfaces
[15.934s] -- Installing: /home/holgder-dach/VYRA/vyra_module_template/install/vyra_module_interfaces/share/ament_index/resource_index/parent_prefix_path/vyra_module_interfaces
[15.934s] -- Installing: /home/holgder-dach/VYRA/vyra_module_template/install/vyra_module_interfaces/share/vyra_module_interfaces/environment/ament_prefix_path.sh
[15.934s] -- Installing: /home/holgder-dach/VYRA/vyra_module_template/install/vyra_module_interfaces/share/vyra_module_interfaces/environment/ament_prefix_path.dsv
[15.934s] -- Installing: /home/holgder-dach/VYRA/vyra_module_template/install/vyra_module_interfaces/share/vyra_module_interfaces/environment/path.sh
[15.935s] -- Installing: /home/holgder-dach/VYRA/vyra_module_template/install/vyra_module_interfaces/share/vyra_module_interfaces/environment/path.dsv
[15.935s] -- Installing: /home/holgder-dach/VYRA/vyra_module_template/install/vyra_module_interfaces/share/vyra_module_interfaces/local_setup.bash
[15.935s] -- Installing: /home/holgder-dach/VYRA/vyra_module_template/install/vyra_module_interfaces/share/vyra_module_interfaces/local_setup.sh
[15.935s] -- Installing: /home/holgder-dach/VYRA/vyra_module_template/install/vyra_module_interfaces/share/vyra_module_interfaces/local_setup.zsh
[15.936s] -- Installing: /home/holgder-dach/VYRA/vyra_module_template/install/vyra_module_interfaces/share/vyra_module_interfaces/local_setup.dsv
[15.936s] -- Installing: /home/holgder-dach/VYRA/vyra_module_template/install/vyra_module_interfaces/share/vyra_module_interfaces/package.dsv
[15.936s] -- Installing: /home/holgder-dach/VYRA/vyra_module_template/install/vyra_module_interfaces/share/ament_index/resource_index/packages/vyra_module_interfaces
[15.936s] -- Installing: /home/holgder-dach/VYRA/vyra_module_template/install/vyra_module_interfaces/share/vyra_module_interfaces/cmake/export_vyra_module_interfaces__rosidl_generator_cExport.cmake
[15.937s] -- Installing: /home/holgder-dach/VYRA/vyra_module_template/install/vyra_module_interfaces/share/vyra_module_interfaces/cmake/export_vyra_module_interfaces__rosidl_generator_cExport-noconfig.cmake
[15.937s] -- Installing: /home/holgder-dach/VYRA/vyra_module_template/install/vyra_module_interfaces/share/vyra_module_interfaces/cmake/export_vyra_module_interfaces__rosidl_typesupport_fastrtps_cExport.cmake
[15.937s] -- Installing: /home/holgder-dach/VYRA/vyra_module_template/install/vyra_module_interfaces/share/vyra_module_interfaces/cmake/export_vyra_module_interfaces__rosidl_typesupport_fastrtps_cExport-noconfig.cmake
[15.937s] -- Installing: /home/holgder-dach/VYRA/vyra_module_template/install/vyra_module_interfaces/share/vyra_module_interfaces/cmake/vyra_module_interfaces__rosidl_typesupport_introspection_cExport.cmake
[15.938s] -- Installing: /home/holgder-dach/VYRA/vyra_module_template/install/vyra_module_interfaces/share/vyra_module_interfaces/cmake/vyra_module_interfaces__rosidl_typesupport_introspection_cExport-noconfig.cmake
[15.938s] -- Installing: /home/holgder-dach/VYRA/vyra_module_template/install/vyra_module_interfaces/share/vyra_module_interfaces/cmake/vyra_module_interfaces__rosidl_typesupport_cExport.cmake
[15.938s] -- Installing: /home/holgder-dach/VYRA/vyra_module_template/install/vyra_module_interfaces/share/vyra_module_interfaces/cmake/vyra_module_interfaces__rosidl_typesupport_cExport-noconfig.cmake
[15.938s] -- Installing: /home/holgder-dach/VYRA/vyra_module_template/install/vyra_module_interfaces/share/vyra_module_interfaces/cmake/export_vyra_module_interfaces__rosidl_generator_cppExport.cmake
[15.939s] -- Installing: /home/holgder-dach/VYRA/vyra_module_template/install/vyra_module_interfaces/share/vyra_module_interfaces/cmake/export_vyra_module_interfaces__rosidl_typesupport_fastrtps_cppExport.cmake
[15.939s] -- Installing: /home/holgder-dach/VYRA/vyra_module_template/install/vyra_module_interfaces/share/vyra_module_interfaces/cmake/export_vyra_module_interfaces__rosidl_typesupport_fastrtps_cppExport-noconfig.cmake
[15.939s] -- Installing: /home/holgder-dach/VYRA/vyra_module_template/install/vyra_module_interfaces/share/vyra_module_interfaces/cmake/vyra_module_interfaces__rosidl_typesupport_introspection_cppExport.cmake
[15.939s] -- Installing: /home/holgder-dach/VYRA/vyra_module_template/install/vyra_module_interfaces/share/vyra_module_interfaces/cmake/vyra_module_interfaces__rosidl_typesupport_introspection_cppExport-noconfig.cmake
[15.940s] -- Installing: /home/holgder-dach/VYRA/vyra_module_template/install/vyra_module_interfaces/share/vyra_module_interfaces/cmake/vyra_module_interfaces__rosidl_typesupport_cppExport.cmake
[15.940s] -- Installing: /home/holgder-dach/VYRA/vyra_module_template/install/vyra_module_interfaces/share/vyra_module_interfaces/cmake/vyra_module_interfaces__rosidl_typesupport_cppExport-noconfig.cmake
[15.940s] -- Installing: /home/holgder-dach/VYRA/vyra_module_template/install/vyra_module_interfaces/share/vyra_module_interfaces/cmake/export_vyra_module_interfaces__rosidl_generator_pyExport.cmake
[15.940s] -- Installing: /home/holgder-dach/VYRA/vyra_module_template/install/vyra_module_interfaces/share/vyra_module_interfaces/cmake/export_vyra_module_interfaces__rosidl_generator_pyExport-noconfig.cmake
[15.941s] -- Installing: /home/holgder-dach/VYRA/vyra_module_template/install/vyra_module_interfaces/share/vyra_module_interfaces/cmake/rosidl_cmake-extras.cmake
[15.941s] -- Installing: /home/holgder-dach/VYRA/vyra_module_template/install/vyra_module_interfaces/share/vyra_module_interfaces/cmake/ament_cmake_export_dependencies-extras.cmake
[15.941s] -- Installing: /home/holgder-dach/VYRA/vyra_module_template/install/vyra_module_interfaces/share/vyra_module_interfaces/cmake/ament_cmake_export_include_directories-extras.cmake
[15.941s] -- Installing: /home/holgder-dach/VYRA/vyra_module_template/install/vyra_module_interfaces/share/vyra_module_interfaces/cmake/ament_cmake_export_libraries-extras.cmake
[15.942s] -- Installing: /home/holgder-dach/VYRA/vyra_module_template/install/vyra_module_interfaces/share/vyra_module_interfaces/cmake/ament_cmake_export_targets-extras.cmake
[15.942s] -- Installing: /home/holgder-dach/VYRA/vyra_module_template/install/vyra_module_interfaces/share/vyra_module_interfaces/cmake/rosidl_cmake_export_typesupport_targets-extras.cmake
[15.942s] -- Installing: /home/holgder-dach/VYRA/vyra_module_template/install/vyra_module_interfaces/share/vyra_module_interfaces/cmake/rosidl_cmake_export_typesupport_libraries-extras.cmake
[15.942s] -- Installing: /home/holgder-dach/VYRA/vyra_module_template/install/vyra_module_interfaces/share/vyra_module_interfaces/cmake/vyra_module_interfacesConfig.cmake
[15.942s] -- Installing: /home/holgder-dach/VYRA/vyra_module_template/install/vyra_module_interfaces/share/vyra_module_interfaces/cmake/vyra_module_interfacesConfig-version.cmake
[15.943s] -- Installing: /home/holgder-dach/VYRA/vyra_module_template/install/vyra_module_interfaces/share/vyra_module_interfaces/package.xml
[15.945s] Invoked command in '/home/holgder-dach/VYRA/vyra_module_template/build/vyra_module_interfaces' returned '0': CMAKE_PREFIX_PATH=${CMAKE_PREFIX_PATH}:/opt/ros/kilted /usr/bin/cmake --install /home/holgder-dach/VYRA/vyra_module_template/build/vyra_module_interfaces
