-- The C compiler identification is GNU 11.4.0
-- The CXX compiler identification is GNU 11.4.0
-- Detecting C compiler ABI info
-- Detecting C compiler ABI info - done
-- Check for working C compiler: /usr/bin/cc - skipped
-- Detecting C compile features
-- Detecting C compile features - done
-- Detecting CXX compiler ABI info
-- Detecting CXX compiler ABI info - done
-- Check for working CXX compiler: /usr/bin/c++ - skipped
-- Detecting CXX compile features
-- Detecting CXX compile features - done
-- Found ament_cmake: 1.3.11 (/opt/ros/humble/share/ament_cmake/cmake)
-- Found Python3: /usr/bin/python3 (found version "3.10.12") found components: Interpreter 
-- Found rosidl_default_generators: 1.2.0 (/opt/ros/humble/share/rosidl_default_generators/cmake)
-- Using all available rosidl_typesupport_c: rosidl_typesupport_fastrtps_c;rosidl_typesupport_introspection_c
-- Found rosidl_adapter: 3.1.6 (/opt/ros/humble/share/rosidl_adapter/cmake)
-- Using all available rosidl_typesupport_cpp: rosidl_typesupport_fastrtps_cpp;rosidl_typesupport_introspection_cpp
-- Found std_msgs: 4.8.0 (/opt/ros/humble/share/std_msgs/cmake)
-- Found ament_cmake_ros: 0.10.0 (/opt/ros/humble/share/ament_cmake_ros/cmake)
-- Using all available rosidl_typesupport_c: rosidl_typesupport_fastrtps_c;rosidl_typesupport_introspection_c
-- Using all available rosidl_typesupport_cpp: rosidl_typesupport_fastrtps_cpp;rosidl_typesupport_introspection_cpp
-- Found PythonInterp: /usr/bin/python3 (found suitable version "3.10.12", minimum required is "3.6") 
-- Found python_cmake_module: 0.10.0 (/opt/ros/humble/share/python_cmake_module/cmake)
-- Found PythonLibs: /usr/lib/x86_64-linux-gnu/libpython3.10.so (found suitable version "3.10.12", minimum required is "3.5") 
-- Using PYTHON_EXECUTABLE: /usr/bin/python3
-- Using PYTHON_INCLUDE_DIRS: /usr/include/python3.10
-- Using PYTHON_LIBRARIES: /usr/lib/x86_64-linux-gnu/libpython3.10.so
-- Found PythonExtra: .so  
-- Configuring done
-- Generating done
-- Build files have been written to: /workspace/build/vos_module_interfaces
[  1%] [34m[1mGenerating C code for ROS interfaces[0m
[  2%] [34m[1mGenerating C++ code for ROS interfaces[0m
[  2%] Built target ament_cmake_python_copy_vos_module_interfaces
running egg_info
creating vos_module_interfaces.egg-info
writing vos_module_interfaces.egg-info/PKG-INFO
writing dependency_links to vos_module_interfaces.egg-info/dependency_links.txt
writing top-level names to vos_module_interfaces.egg-info/top_level.txt
writing manifest file 'vos_module_interfaces.egg-info/SOURCES.txt'
reading manifest file 'vos_module_interfaces.egg-info/SOURCES.txt'
writing manifest file 'vos_module_interfaces.egg-info/SOURCES.txt'
[  2%] Built target ament_cmake_python_build_vos_module_interfaces_egg
[  2%] Built target vos_module_interfaces__cpp
[  3%] [34m[1mGenerating C++ type support dispatch for ROS interfaces[0m
[  4%] [34m[1mGenerating C++ type support for eProsima Fast-RTPS[0m
[  5%] [34m[1mGenerating C++ introspection for ROS interfaces[0m
[  8%] [32mBuilding C object CMakeFiles/vos_module_interfaces__rosidl_generator_c.dir/rosidl_generator_c/vos_module_interfaces/msg/detail/news_feed__functions.c.o[0m
[  8%] [32mBuilding C object CMakeFiles/vos_module_interfaces__rosidl_generator_c.dir/rosidl_generator_c/vos_module_interfaces/msg/detail/logger_stream__functions.c.o[0m
[  9%] [32mBuilding C object CMakeFiles/vos_module_interfaces__rosidl_generator_c.dir/rosidl_generator_c/vos_module_interfaces/msg/detail/state_feed__functions.c.o[0m
[ 11%] [32mBuilding C object CMakeFiles/vos_module_interfaces__rosidl_generator_c.dir/rosidl_generator_c/vos_module_interfaces/srv/detail/trigger_transition__functions.c.o[0m
[ 10%] [32mBuilding C object CMakeFiles/vos_module_interfaces__rosidl_generator_c.dir/rosidl_generator_c/vos_module_interfaces/srv/detail/get_capabilities__functions.c.o[0m
[ 12%] [32mBuilding C object CMakeFiles/vos_module_interfaces__rosidl_generator_c.dir/rosidl_generator_c/vos_module_interfaces/action/detail/initiate_update__functions.c.o[0m
[  8%] [32mBuilding C object CMakeFiles/vos_module_interfaces__rosidl_generator_c.dir/rosidl_generator_c/vos_module_interfaces/msg/detail/error_feed__functions.c.o[0m
[ 13%] [32mBuilding C object CMakeFiles/vos_module_interfaces__rosidl_generator_c.dir/rosidl_generator_c/vos_module_interfaces/srv/detail/get_logs__functions.c.o[0m
[ 14%] [32mBuilding C object CMakeFiles/vos_module_interfaces__rosidl_generator_c.dir/rosidl_generator_c/vos_module_interfaces/srv/detail/health_check__functions.c.o[0m
[ 15%] [32m[1mLinking C shared library libvos_module_interfaces__rosidl_generator_c.so[0m
[ 15%] Built target vos_module_interfaces__rosidl_generator_c
[ 17%] [34m[1mGenerating C type support for eProsima Fast-RTPS[0m
[ 17%] [34m[1mGenerating C introspection for ROS interfaces[0m
[ 18%] [34m[1mGenerating C type support dispatch for ROS interfaces[0m
[ 22%] [32mBuilding CXX object CMakeFiles/vos_module_interfaces__rosidl_typesupport_cpp.dir/rosidl_typesupport_cpp/vos_module_interfaces/msg/error_feed__type_support.cpp.o[0m
[ 22%] [32mBuilding CXX object CMakeFiles/vos_module_interfaces__rosidl_typesupport_cpp.dir/rosidl_typesupport_cpp/vos_module_interfaces/msg/news_feed__type_support.cpp.o[0m
[ 23%] [32mBuilding CXX object CMakeFiles/vos_module_interfaces__rosidl_typesupport_cpp.dir/rosidl_typesupport_cpp/vos_module_interfaces/srv/health_check__type_support.cpp.o[0m
[ 24%] [32mBuilding CXX object CMakeFiles/vos_module_interfaces__rosidl_typesupport_cpp.dir/rosidl_typesupport_cpp/vos_module_interfaces/srv/trigger_transition__type_support.cpp.o[0m
[ 25%] [32mBuilding CXX object CMakeFiles/vos_module_interfaces__rosidl_typesupport_cpp.dir/rosidl_typesupport_cpp/vos_module_interfaces/srv/get_capabilities__type_support.cpp.o[0m
[ 26%] [32mBuilding CXX object CMakeFiles/vos_module_interfaces__rosidl_typesupport_cpp.dir/rosidl_typesupport_cpp/vos_module_interfaces/msg/logger_stream__type_support.cpp.o[0m
[ 26%] [32mBuilding CXX object CMakeFiles/vos_module_interfaces__rosidl_typesupport_cpp.dir/rosidl_typesupport_cpp/vos_module_interfaces/msg/state_feed__type_support.cpp.o[0m
[ 27%] [32mBuilding CXX object CMakeFiles/vos_module_interfaces__rosidl_typesupport_cpp.dir/rosidl_typesupport_cpp/vos_module_interfaces/srv/get_logs__type_support.cpp.o[0m
[ 28%] [32mBuilding CXX object CMakeFiles/vos_module_interfaces__rosidl_typesupport_cpp.dir/rosidl_typesupport_cpp/vos_module_interfaces/action/initiate_update__type_support.cpp.o[0m
[ 30%] [32mBuilding CXX object CMakeFiles/vos_module_interfaces__rosidl_typesupport_c.dir/rosidl_typesupport_c/vos_module_interfaces/msg/state_feed__type_support.cpp.o[0m
[ 30%] [32mBuilding CXX object CMakeFiles/vos_module_interfaces__rosidl_typesupport_c.dir/rosidl_typesupport_c/vos_module_interfaces/msg/error_feed__type_support.cpp.o[0m
[ 31%] [32mBuilding CXX object CMakeFiles/vos_module_interfaces__rosidl_typesupport_c.dir/rosidl_typesupport_c/vos_module_interfaces/msg/logger_stream__type_support.cpp.o[0m
[ 32%] [32mBuilding CXX object CMakeFiles/vos_module_interfaces__rosidl_typesupport_c.dir/rosidl_typesupport_c/vos_module_interfaces/msg/news_feed__type_support.cpp.o[0m
[ 33%] [32mBuilding CXX object CMakeFiles/vos_module_interfaces__rosidl_typesupport_c.dir/rosidl_typesupport_c/vos_module_interfaces/srv/health_check__type_support.cpp.o[0m
[ 34%] [32mBuilding CXX object CMakeFiles/vos_module_interfaces__rosidl_typesupport_introspection_cpp.dir/rosidl_typesupport_introspection_cpp/vos_module_interfaces/msg/detail/news_feed__type_support.cpp.o[0m
[ 35%] [32mBuilding CXX object CMakeFiles/vos_module_interfaces__rosidl_typesupport_introspection_cpp.dir/rosidl_typesupport_introspection_cpp/vos_module_interfaces/msg/detail/error_feed__type_support.cpp.o[0m
[ 37%] [32mBuilding CXX object CMakeFiles/vos_module_interfaces__rosidl_typesupport_introspection_cpp.dir/rosidl_typesupport_introspection_cpp/vos_module_interfaces/msg/detail/logger_stream__type_support.cpp.o[0m
[ 37%] [32mBuilding CXX object CMakeFiles/vos_module_interfaces__rosidl_typesupport_c.dir/rosidl_typesupport_c/vos_module_interfaces/srv/get_capabilities__type_support.cpp.o[0m
[ 38%] [32mBuilding CXX object CMakeFiles/vos_module_interfaces__rosidl_typesupport_c.dir/rosidl_typesupport_c/vos_module_interfaces/srv/trigger_transition__type_support.cpp.o[0m
[ 40%] [32mBuilding CXX object CMakeFiles/vos_module_interfaces__rosidl_typesupport_introspection_cpp.dir/rosidl_typesupport_introspection_cpp/vos_module_interfaces/msg/detail/state_feed__type_support.cpp.o[0m
[ 41%] [32mBuilding CXX object CMakeFiles/vos_module_interfaces__rosidl_typesupport_introspection_cpp.dir/rosidl_typesupport_introspection_cpp/vos_module_interfaces/srv/detail/health_check__type_support.cpp.o[0m
[ 42%] [32mBuilding CXX object CMakeFiles/vos_module_interfaces__rosidl_typesupport_c.dir/rosidl_typesupport_c/vos_module_interfaces/srv/get_logs__type_support.cpp.o[0m
[ 43%] [32mBuilding CXX object CMakeFiles/vos_module_interfaces__rosidl_typesupport_introspection_cpp.dir/rosidl_typesupport_introspection_cpp/vos_module_interfaces/srv/detail/get_capabilities__type_support.cpp.o[0m
[ 44%] [32mBuilding CXX object CMakeFiles/vos_module_interfaces__rosidl_typesupport_c.dir/rosidl_typesupport_c/vos_module_interfaces/action/initiate_update__type_support.cpp.o[0m
[ 45%] [32m[1mLinking CXX shared library libvos_module_interfaces__rosidl_typesupport_c.so[0m
[ 46%] [32mBuilding CXX object CMakeFiles/vos_module_interfaces__rosidl_typesupport_fastrtps_cpp.dir/rosidl_typesupport_fastrtps_cpp/vos_module_interfaces/msg/detail/dds_fastrtps/news_feed__type_support.cpp.o[0m
[ 46%] Built target vos_module_interfaces__rosidl_typesupport_c
[ 47%] [32mBuilding CXX object CMakeFiles/vos_module_interfaces__rosidl_typesupport_introspection_cpp.dir/rosidl_typesupport_introspection_cpp/vos_module_interfaces/srv/detail/trigger_transition__type_support.cpp.o[0m
[ 48%] [32mBuilding CXX object CMakeFiles/vos_module_interfaces__rosidl_typesupport_fastrtps_cpp.dir/rosidl_typesupport_fastrtps_cpp/vos_module_interfaces/msg/detail/dds_fastrtps/error_feed__type_support.cpp.o[0m
[ 49%] [32mBuilding C object CMakeFiles/vos_module_interfaces__rosidl_typesupport_introspection_c.dir/rosidl_typesupport_introspection_c/vos_module_interfaces/msg/detail/news_feed__type_support.c.o[0m
[ 50%] [32mBuilding CXX object CMakeFiles/vos_module_interfaces__rosidl_typesupport_fastrtps_c.dir/rosidl_typesupport_fastrtps_c/vos_module_interfaces/msg/detail/news_feed__type_support_c.cpp.o[0m
[ 51%] [32mBuilding C object CMakeFiles/vos_module_interfaces__rosidl_typesupport_introspection_c.dir/rosidl_typesupport_introspection_c/vos_module_interfaces/msg/detail/error_feed__type_support.c.o[0m
[ 52%] [32mBuilding C object CMakeFiles/vos_module_interfaces__rosidl_typesupport_introspection_c.dir/rosidl_typesupport_introspection_c/vos_module_interfaces/msg/detail/logger_stream__type_support.c.o[0m
[ 53%] [32mBuilding CXX object CMakeFiles/vos_module_interfaces__rosidl_typesupport_fastrtps_cpp.dir/rosidl_typesupport_fastrtps_cpp/vos_module_interfaces/msg/detail/dds_fastrtps/logger_stream__type_support.cpp.o[0m
[ 54%] [32mBuilding CXX object CMakeFiles/vos_module_interfaces__rosidl_typesupport_fastrtps_cpp.dir/rosidl_typesupport_fastrtps_cpp/vos_module_interfaces/msg/detail/dds_fastrtps/state_feed__type_support.cpp.o[0m
[ 55%] [32m[1mLinking CXX shared library libvos_module_interfaces__rosidl_typesupport_cpp.so[0m
[ 56%] [32mBuilding C object CMakeFiles/vos_module_interfaces__rosidl_typesupport_introspection_c.dir/rosidl_typesupport_introspection_c/vos_module_interfaces/msg/detail/state_feed__type_support.c.o[0m
[ 57%] [32mBuilding CXX object CMakeFiles/vos_module_interfaces__rosidl_typesupport_fastrtps_cpp.dir/rosidl_typesupport_fastrtps_cpp/vos_module_interfaces/srv/detail/dds_fastrtps/health_check__type_support.cpp.o[0m
[ 58%] [32mBuilding C object CMakeFiles/vos_module_interfaces__rosidl_typesupport_introspection_c.dir/rosidl_typesupport_introspection_c/vos_module_interfaces/srv/detail/health_check__type_support.c.o[0m
[ 60%] [32mBuilding CXX object CMakeFiles/vos_module_interfaces__rosidl_typesupport_fastrtps_c.dir/rosidl_typesupport_fastrtps_c/vos_module_interfaces/msg/detail/error_feed__type_support_c.cpp.o[0m
[ 60%] Built target vos_module_interfaces__rosidl_typesupport_cpp
[ 61%] [32mBuilding CXX object CMakeFiles/vos_module_interfaces__rosidl_typesupport_fastrtps_c.dir/rosidl_typesupport_fastrtps_c/vos_module_interfaces/msg/detail/logger_stream__type_support_c.cpp.o[0m
[ 62%] [32mBuilding CXX object CMakeFiles/vos_module_interfaces__rosidl_typesupport_fastrtps_c.dir/rosidl_typesupport_fastrtps_c/vos_module_interfaces/msg/detail/state_feed__type_support_c.cpp.o[0m
[ 63%] [32mBuilding CXX object CMakeFiles/vos_module_interfaces__rosidl_typesupport_fastrtps_cpp.dir/rosidl_typesupport_fastrtps_cpp/vos_module_interfaces/srv/detail/dds_fastrtps/get_capabilities__type_support.cpp.o[0m
[ 64%] [32mBuilding C object CMakeFiles/vos_module_interfaces__rosidl_typesupport_introspection_c.dir/rosidl_typesupport_introspection_c/vos_module_interfaces/srv/detail/get_capabilities__type_support.c.o[0m
[ 65%] [32mBuilding C object CMakeFiles/vos_module_interfaces__rosidl_typesupport_introspection_c.dir/rosidl_typesupport_introspection_c/vos_module_interfaces/srv/detail/trigger_transition__type_support.c.o[0m
[ 66%] [32mBuilding C object CMakeFiles/vos_module_interfaces__rosidl_typesupport_introspection_c.dir/rosidl_typesupport_introspection_c/vos_module_interfaces/srv/detail/get_logs__type_support.c.o[0m
[ 67%] [32mBuilding CXX object CMakeFiles/vos_module_interfaces__rosidl_typesupport_introspection_cpp.dir/rosidl_typesupport_introspection_cpp/vos_module_interfaces/srv/detail/get_logs__type_support.cpp.o[0m
[ 68%] [32mBuilding C object CMakeFiles/vos_module_interfaces__rosidl_typesupport_introspection_c.dir/rosidl_typesupport_introspection_c/vos_module_interfaces/action/detail/initiate_update__type_support.c.o[0m
[ 69%] [32mBuilding CXX object CMakeFiles/vos_module_interfaces__rosidl_typesupport_fastrtps_c.dir/rosidl_typesupport_fastrtps_c/vos_module_interfaces/srv/detail/health_check__type_support_c.cpp.o[0m
[ 70%] [32mBuilding CXX object CMakeFiles/vos_module_interfaces__rosidl_typesupport_fastrtps_c.dir/rosidl_typesupport_fastrtps_c/vos_module_interfaces/srv/detail/get_capabilities__type_support_c.cpp.o[0m
[ 71%] [32m[1mLinking C shared library libvos_module_interfaces__rosidl_typesupport_introspection_c.so[0m
[ 71%] Built target vos_module_interfaces__rosidl_typesupport_introspection_c
[ 72%] [32mBuilding CXX object CMakeFiles/vos_module_interfaces__rosidl_typesupport_introspection_cpp.dir/rosidl_typesupport_introspection_cpp/vos_module_interfaces/action/detail/initiate_update__type_support.cpp.o[0m
[ 73%] [32mBuilding CXX object CMakeFiles/vos_module_interfaces__rosidl_typesupport_fastrtps_c.dir/rosidl_typesupport_fastrtps_c/vos_module_interfaces/srv/detail/trigger_transition__type_support_c.cpp.o[0m
[ 74%] [32mBuilding CXX object CMakeFiles/vos_module_interfaces__rosidl_typesupport_fastrtps_c.dir/rosidl_typesupport_fastrtps_c/vos_module_interfaces/srv/detail/get_logs__type_support_c.cpp.o[0m
[ 75%] [32mBuilding CXX object CMakeFiles/vos_module_interfaces__rosidl_typesupport_fastrtps_cpp.dir/rosidl_typesupport_fastrtps_cpp/vos_module_interfaces/srv/detail/dds_fastrtps/trigger_transition__type_support.cpp.o[0m
[ 76%] [32mBuilding CXX object CMakeFiles/vos_module_interfaces__rosidl_typesupport_fastrtps_cpp.dir/rosidl_typesupport_fastrtps_cpp/vos_module_interfaces/srv/detail/dds_fastrtps/get_logs__type_support.cpp.o[0m
[ 77%] [32mBuilding CXX object CMakeFiles/vos_module_interfaces__rosidl_typesupport_fastrtps_cpp.dir/rosidl_typesupport_fastrtps_cpp/vos_module_interfaces/action/detail/dds_fastrtps/initiate_update__type_support.cpp.o[0m
[ 78%] [32mBuilding CXX object CMakeFiles/vos_module_interfaces__rosidl_typesupport_fastrtps_c.dir/rosidl_typesupport_fastrtps_c/vos_module_interfaces/action/detail/initiate_update__type_support_c.cpp.o[0m
[ 80%] [32m[1mLinking CXX shared library libvos_module_interfaces__rosidl_typesupport_fastrtps_c.so[0m
[ 81%] [32m[1mLinking CXX shared library libvos_module_interfaces__rosidl_typesupport_introspection_cpp.so[0m
[ 81%] Built target vos_module_interfaces__rosidl_typesupport_fastrtps_c
[ 81%] Built target vos_module_interfaces__rosidl_typesupport_introspection_cpp
[ 82%] [32m[1mLinking CXX shared library libvos_module_interfaces__rosidl_typesupport_fastrtps_cpp.so[0m
[ 82%] Built target vos_module_interfaces__rosidl_typesupport_fastrtps_cpp
[ 82%] Built target vos_module_interfaces
[ 83%] [34m[1mGenerating Python code for ROS interfaces[0m
[ 83%] Built target vos_module_interfaces__py
[ 85%] [32mBuilding C object CMakeFiles/vos_module_interfaces__rosidl_generator_py.dir/rosidl_generator_py/vos_module_interfaces/srv/_health_check_s.c.o[0m
[ 85%] [32mBuilding C object CMakeFiles/vos_module_interfaces__rosidl_generator_py.dir/rosidl_generator_py/vos_module_interfaces/msg/_state_feed_s.c.o[0m
[ 86%] [32mBuilding C object CMakeFiles/vos_module_interfaces__rosidl_generator_py.dir/rosidl_generator_py/vos_module_interfaces/msg/_news_feed_s.c.o[0m
[ 89%] [32mBuilding C object CMakeFiles/vos_module_interfaces__rosidl_generator_py.dir/rosidl_generator_py/vos_module_interfaces/srv/_get_logs_s.c.o[0m
[ 89%] [32mBuilding C object CMakeFiles/vos_module_interfaces__rosidl_generator_py.dir/rosidl_generator_py/vos_module_interfaces/msg/_error_feed_s.c.o[0m
[ 89%] [32mBuilding C object CMakeFiles/vos_module_interfaces__rosidl_generator_py.dir/rosidl_generator_py/vos_module_interfaces/msg/_logger_stream_s.c.o[0m
[ 91%] [32mBuilding C object CMakeFiles/vos_module_interfaces__rosidl_generator_py.dir/rosidl_generator_py/vos_module_interfaces/srv/_get_capabilities_s.c.o[0m
[ 91%] [32mBuilding C object CMakeFiles/vos_module_interfaces__rosidl_generator_py.dir/rosidl_generator_py/vos_module_interfaces/srv/_trigger_transition_s.c.o[0m
[ 92%] [32mBuilding C object CMakeFiles/vos_module_interfaces__rosidl_generator_py.dir/rosidl_generator_py/vos_module_interfaces/action/_initiate_update_s.c.o[0m
[ 93%] [32m[1mLinking C shared library rosidl_generator_py/vos_module_interfaces/libvos_module_interfaces__rosidl_generator_py.so[0m
[ 93%] Built target vos_module_interfaces__rosidl_generator_py
[ 94%] [32mBuilding C object CMakeFiles/vos_module_interfaces__rosidl_typesupport_introspection_c__pyext.dir/rosidl_generator_py/vos_module_interfaces/_vos_module_interfaces_s.ep.rosidl_typesupport_introspection_c.c.o[0m
[ 95%] [32mBuilding C object CMakeFiles/vos_module_interfaces__rosidl_typesupport_c__pyext.dir/rosidl_generator_py/vos_module_interfaces/_vos_module_interfaces_s.ep.rosidl_typesupport_c.c.o[0m
[ 96%] [32mBuilding C object CMakeFiles/vos_module_interfaces__rosidl_typesupport_fastrtps_c__pyext.dir/rosidl_generator_py/vos_module_interfaces/_vos_module_interfaces_s.ep.rosidl_typesupport_fastrtps_c.c.o[0m
[ 97%] [32m[1mLinking C shared library rosidl_generator_py/vos_module_interfaces/vos_module_interfaces_s__rosidl_typesupport_fastrtps_c.cpython-310-x86_64-linux-gnu.so[0m
[ 98%] [32m[1mLinking C shared library rosidl_generator_py/vos_module_interfaces/vos_module_interfaces_s__rosidl_typesupport_c.cpython-310-x86_64-linux-gnu.so[0m
[100%] [32m[1mLinking C shared library rosidl_generator_py/vos_module_interfaces/vos_module_interfaces_s__rosidl_typesupport_introspection_c.cpython-310-x86_64-linux-gnu.so[0m
[100%] Built target vos_module_interfaces__rosidl_typesupport_introspection_c__pyext
[100%] Built target vos_module_interfaces__rosidl_typesupport_fastrtps_c__pyext
[100%] Built target vos_module_interfaces__rosidl_typesupport_c__pyext
-- Install configuration: ""
-- Installing: /workspace/install/vos_module_interfaces/share/ament_index/resource_index/rosidl_interfaces/vos_module_interfaces
-- Installing: /workspace/install/vos_module_interfaces/include/vos_module_interfaces/vos_module_interfaces
-- Installing: /workspace/install/vos_module_interfaces/include/vos_module_interfaces/vos_module_interfaces/srv
-- Installing: /workspace/install/vos_module_interfaces/include/vos_module_interfaces/vos_module_interfaces/srv/get_logs.h
-- Installing: /workspace/install/vos_module_interfaces/include/vos_module_interfaces/vos_module_interfaces/srv/health_check.h
-- Installing: /workspace/install/vos_module_interfaces/include/vos_module_interfaces/vos_module_interfaces/srv/detail
-- Installing: /workspace/install/vos_module_interfaces/include/vos_module_interfaces/vos_module_interfaces/srv/detail/get_capabilities__functions.c
-- Installing: /workspace/install/vos_module_interfaces/include/vos_module_interfaces/vos_module_interfaces/srv/detail/get_logs__struct.h
-- Installing: /workspace/install/vos_module_interfaces/include/vos_module_interfaces/vos_module_interfaces/srv/detail/get_logs__functions.c
-- Installing: /workspace/install/vos_module_interfaces/include/vos_module_interfaces/vos_module_interfaces/srv/detail/health_check__functions.h
-- Installing: /workspace/install/vos_module_interfaces/include/vos_module_interfaces/vos_module_interfaces/srv/detail/health_check__functions.c
-- Installing: /workspace/install/vos_module_interfaces/include/vos_module_interfaces/vos_module_interfaces/srv/detail/health_check__struct.h
-- Installing: /workspace/install/vos_module_interfaces/include/vos_module_interfaces/vos_module_interfaces/srv/detail/get_logs__type_support.h
-- Installing: /workspace/install/vos_module_interfaces/include/vos_module_interfaces/vos_module_interfaces/srv/detail/get_capabilities__struct.h
-- Installing: /workspace/install/vos_module_interfaces/include/vos_module_interfaces/vos_module_interfaces/srv/detail/trigger_transition__functions.c
-- Installing: /workspace/install/vos_module_interfaces/include/vos_module_interfaces/vos_module_interfaces/srv/detail/trigger_transition__functions.h
-- Installing: /workspace/install/vos_module_interfaces/include/vos_module_interfaces/vos_module_interfaces/srv/detail/get_capabilities__type_support.h
-- Installing: /workspace/install/vos_module_interfaces/include/vos_module_interfaces/vos_module_interfaces/srv/detail/get_capabilities__functions.h
-- Installing: /workspace/install/vos_module_interfaces/include/vos_module_interfaces/vos_module_interfaces/srv/detail/health_check__type_support.h
-- Installing: /workspace/install/vos_module_interfaces/include/vos_module_interfaces/vos_module_interfaces/srv/detail/trigger_transition__type_support.h
-- Installing: /workspace/install/vos_module_interfaces/include/vos_module_interfaces/vos_module_interfaces/srv/detail/get_logs__functions.h
-- Installing: /workspace/install/vos_module_interfaces/include/vos_module_interfaces/vos_module_interfaces/srv/detail/trigger_transition__struct.h
-- Installing: /workspace/install/vos_module_interfaces/include/vos_module_interfaces/vos_module_interfaces/srv/trigger_transition.h
-- Installing: /workspace/install/vos_module_interfaces/include/vos_module_interfaces/vos_module_interfaces/srv/get_capabilities.h
-- Installing: /workspace/install/vos_module_interfaces/include/vos_module_interfaces/vos_module_interfaces/msg
-- Installing: /workspace/install/vos_module_interfaces/include/vos_module_interfaces/vos_module_interfaces/msg/news_feed.h
-- Installing: /workspace/install/vos_module_interfaces/include/vos_module_interfaces/vos_module_interfaces/msg/rosidl_generator_c__visibility_control.h
-- Installing: /workspace/install/vos_module_interfaces/include/vos_module_interfaces/vos_module_interfaces/msg/error_feed.h
-- Installing: /workspace/install/vos_module_interfaces/include/vos_module_interfaces/vos_module_interfaces/msg/state_feed.h
-- Installing: /workspace/install/vos_module_interfaces/include/vos_module_interfaces/vos_module_interfaces/msg/logger_stream.h
-- Installing: /workspace/install/vos_module_interfaces/include/vos_module_interfaces/vos_module_interfaces/msg/detail
-- Installing: /workspace/install/vos_module_interfaces/include/vos_module_interfaces/vos_module_interfaces/msg/detail/error_feed__functions.h
-- Installing: /workspace/install/vos_module_interfaces/include/vos_module_interfaces/vos_module_interfaces/msg/detail/logger_stream__functions.c
-- Installing: /workspace/install/vos_module_interfaces/include/vos_module_interfaces/vos_module_interfaces/msg/detail/error_feed__struct.h
-- Installing: /workspace/install/vos_module_interfaces/include/vos_module_interfaces/vos_module_interfaces/msg/detail/news_feed__struct.h
-- Installing: /workspace/install/vos_module_interfaces/include/vos_module_interfaces/vos_module_interfaces/msg/detail/logger_stream__functions.h
-- Installing: /workspace/install/vos_module_interfaces/include/vos_module_interfaces/vos_module_interfaces/msg/detail/state_feed__functions.h
-- Installing: /workspace/install/vos_module_interfaces/include/vos_module_interfaces/vos_module_interfaces/msg/detail/news_feed__functions.c
-- Installing: /workspace/install/vos_module_interfaces/include/vos_module_interfaces/vos_module_interfaces/msg/detail/state_feed__struct.h
-- Installing: /workspace/install/vos_module_interfaces/include/vos_module_interfaces/vos_module_interfaces/msg/detail/news_feed__type_support.h
-- Installing: /workspace/install/vos_module_interfaces/include/vos_module_interfaces/vos_module_interfaces/msg/detail/logger_stream__type_support.h
-- Installing: /workspace/install/vos_module_interfaces/include/vos_module_interfaces/vos_module_interfaces/msg/detail/error_feed__functions.c
-- Installing: /workspace/install/vos_module_interfaces/include/vos_module_interfaces/vos_module_interfaces/msg/detail/logger_stream__struct.h
-- Installing: /workspace/install/vos_module_interfaces/include/vos_module_interfaces/vos_module_interfaces/msg/detail/error_feed__type_support.h
-- Installing: /workspace/install/vos_module_interfaces/include/vos_module_interfaces/vos_module_interfaces/msg/detail/state_feed__type_support.h
-- Installing: /workspace/install/vos_module_interfaces/include/vos_module_interfaces/vos_module_interfaces/msg/detail/news_feed__functions.h
-- Installing: /workspace/install/vos_module_interfaces/include/vos_module_interfaces/vos_module_interfaces/msg/detail/state_feed__functions.c
-- Installing: /workspace/install/vos_module_interfaces/include/vos_module_interfaces/vos_module_interfaces/action
-- Installing: /workspace/install/vos_module_interfaces/include/vos_module_interfaces/vos_module_interfaces/action/initiate_update.h
-- Installing: /workspace/install/vos_module_interfaces/include/vos_module_interfaces/vos_module_interfaces/action/detail
-- Installing: /workspace/install/vos_module_interfaces/include/vos_module_interfaces/vos_module_interfaces/action/detail/initiate_update__functions.c
-- Installing: /workspace/install/vos_module_interfaces/include/vos_module_interfaces/vos_module_interfaces/action/detail/initiate_update__struct.h
-- Installing: /workspace/install/vos_module_interfaces/include/vos_module_interfaces/vos_module_interfaces/action/detail/initiate_update__type_support.h
-- Installing: /workspace/install/vos_module_interfaces/include/vos_module_interfaces/vos_module_interfaces/action/detail/initiate_update__functions.h
-- Installing: /workspace/install/vos_module_interfaces/share/vos_module_interfaces/environment/library_path.sh
-- Installing: /workspace/install/vos_module_interfaces/share/vos_module_interfaces/environment/library_path.dsv
-- Installing: /workspace/install/vos_module_interfaces/lib/libvos_module_interfaces__rosidl_generator_c.so
-- Set runtime path of "/workspace/install/vos_module_interfaces/lib/libvos_module_interfaces__rosidl_generator_c.so" to ""
-- Up-to-date: /workspace/install/vos_module_interfaces/include/vos_module_interfaces/vos_module_interfaces
-- Up-to-date: /workspace/install/vos_module_interfaces/include/vos_module_interfaces/vos_module_interfaces/srv
-- Up-to-date: /workspace/install/vos_module_interfaces/include/vos_module_interfaces/vos_module_interfaces/srv/detail
-- Installing: /workspace/install/vos_module_interfaces/include/vos_module_interfaces/vos_module_interfaces/srv/detail/health_check__rosidl_typesupport_fastrtps_c.h
-- Installing: /workspace/install/vos_module_interfaces/include/vos_module_interfaces/vos_module_interfaces/srv/detail/get_capabilities__rosidl_typesupport_fastrtps_c.h
-- Installing: /workspace/install/vos_module_interfaces/include/vos_module_interfaces/vos_module_interfaces/srv/detail/get_logs__rosidl_typesupport_fastrtps_c.h
-- Installing: /workspace/install/vos_module_interfaces/include/vos_module_interfaces/vos_module_interfaces/srv/detail/trigger_transition__rosidl_typesupport_fastrtps_c.h
-- Up-to-date: /workspace/install/vos_module_interfaces/include/vos_module_interfaces/vos_module_interfaces/msg
-- Installing: /workspace/install/vos_module_interfaces/include/vos_module_interfaces/vos_module_interfaces/msg/rosidl_typesupport_fastrtps_c__visibility_control.h
-- Up-to-date: /workspace/install/vos_module_interfaces/include/vos_module_interfaces/vos_module_interfaces/msg/detail
-- Installing: /workspace/install/vos_module_interfaces/include/vos_module_interfaces/vos_module_interfaces/msg/detail/logger_stream__rosidl_typesupport_fastrtps_c.h
-- Installing: /workspace/install/vos_module_interfaces/include/vos_module_interfaces/vos_module_interfaces/msg/detail/news_feed__rosidl_typesupport_fastrtps_c.h
-- Installing: /workspace/install/vos_module_interfaces/include/vos_module_interfaces/vos_module_interfaces/msg/detail/error_feed__rosidl_typesupport_fastrtps_c.h
-- Installing: /workspace/install/vos_module_interfaces/include/vos_module_interfaces/vos_module_interfaces/msg/detail/state_feed__rosidl_typesupport_fastrtps_c.h
-- Up-to-date: /workspace/install/vos_module_interfaces/include/vos_module_interfaces/vos_module_interfaces/action
-- Up-to-date: /workspace/install/vos_module_interfaces/include/vos_module_interfaces/vos_module_interfaces/action/detail
-- Installing: /workspace/install/vos_module_interfaces/include/vos_module_interfaces/vos_module_interfaces/action/detail/initiate_update__rosidl_typesupport_fastrtps_c.h
-- Installing: /workspace/install/vos_module_interfaces/lib/libvos_module_interfaces__rosidl_typesupport_fastrtps_c.so
-- Set runtime path of "/workspace/install/vos_module_interfaces/lib/libvos_module_interfaces__rosidl_typesupport_fastrtps_c.so" to ""
-- Up-to-date: /workspace/install/vos_module_interfaces/include/vos_module_interfaces/vos_module_interfaces
-- Up-to-date: /workspace/install/vos_module_interfaces/include/vos_module_interfaces/vos_module_interfaces/srv
-- Up-to-date: /workspace/install/vos_module_interfaces/include/vos_module_interfaces/vos_module_interfaces/srv/detail
-- Installing: /workspace/install/vos_module_interfaces/include/vos_module_interfaces/vos_module_interfaces/srv/detail/trigger_transition__rosidl_typesupport_introspection_c.h
-- Installing: /workspace/install/vos_module_interfaces/include/vos_module_interfaces/vos_module_interfaces/srv/detail/get_logs__type_support.c
-- Installing: /workspace/install/vos_module_interfaces/include/vos_module_interfaces/vos_module_interfaces/srv/detail/trigger_transition__type_support.c
-- Installing: /workspace/install/vos_module_interfaces/include/vos_module_interfaces/vos_module_interfaces/srv/detail/get_capabilities__type_support.c
-- Installing: /workspace/install/vos_module_interfaces/include/vos_module_interfaces/vos_module_interfaces/srv/detail/health_check__rosidl_typesupport_introspection_c.h
-- Installing: /workspace/install/vos_module_interfaces/include/vos_module_interfaces/vos_module_interfaces/srv/detail/get_logs__rosidl_typesupport_introspection_c.h
-- Installing: /workspace/install/vos_module_interfaces/include/vos_module_interfaces/vos_module_interfaces/srv/detail/get_capabilities__rosidl_typesupport_introspection_c.h
-- Installing: /workspace/install/vos_module_interfaces/include/vos_module_interfaces/vos_module_interfaces/srv/detail/health_check__type_support.c
-- Up-to-date: /workspace/install/vos_module_interfaces/include/vos_module_interfaces/vos_module_interfaces/msg
-- Installing: /workspace/install/vos_module_interfaces/include/vos_module_interfaces/vos_module_interfaces/msg/rosidl_typesupport_introspection_c__visibility_control.h
-- Up-to-date: /workspace/install/vos_module_interfaces/include/vos_module_interfaces/vos_module_interfaces/msg/detail
-- Installing: /workspace/install/vos_module_interfaces/include/vos_module_interfaces/vos_module_interfaces/msg/detail/error_feed__type_support.c
-- Installing: /workspace/install/vos_module_interfaces/include/vos_module_interfaces/vos_module_interfaces/msg/detail/logger_stream__type_support.c
-- Installing: /workspace/install/vos_module_interfaces/include/vos_module_interfaces/vos_module_interfaces/msg/detail/error_feed__rosidl_typesupport_introspection_c.h
-- Installing: /workspace/install/vos_module_interfaces/include/vos_module_interfaces/vos_module_interfaces/msg/detail/news_feed__type_support.c
-- Installing: /workspace/install/vos_module_interfaces/include/vos_module_interfaces/vos_module_interfaces/msg/detail/news_feed__rosidl_typesupport_introspection_c.h
-- Installing: /workspace/install/vos_module_interfaces/include/vos_module_interfaces/vos_module_interfaces/msg/detail/state_feed__type_support.c
-- Installing: /workspace/install/vos_module_interfaces/include/vos_module_interfaces/vos_module_interfaces/msg/detail/logger_stream__rosidl_typesupport_introspection_c.h
-- Installing: /workspace/install/vos_module_interfaces/include/vos_module_interfaces/vos_module_interfaces/msg/detail/state_feed__rosidl_typesupport_introspection_c.h
-- Up-to-date: /workspace/install/vos_module_interfaces/include/vos_module_interfaces/vos_module_interfaces/action
-- Up-to-date: /workspace/install/vos_module_interfaces/include/vos_module_interfaces/vos_module_interfaces/action/detail
-- Installing: /workspace/install/vos_module_interfaces/include/vos_module_interfaces/vos_module_interfaces/action/detail/initiate_update__rosidl_typesupport_introspection_c.h
-- Installing: /workspace/install/vos_module_interfaces/include/vos_module_interfaces/vos_module_interfaces/action/detail/initiate_update__type_support.c
-- Installing: /workspace/install/vos_module_interfaces/lib/libvos_module_interfaces__rosidl_typesupport_introspection_c.so
-- Set runtime path of "/workspace/install/vos_module_interfaces/lib/libvos_module_interfaces__rosidl_typesupport_introspection_c.so" to ""
-- Installing: /workspace/install/vos_module_interfaces/lib/libvos_module_interfaces__rosidl_typesupport_c.so
-- Set runtime path of "/workspace/install/vos_module_interfaces/lib/libvos_module_interfaces__rosidl_typesupport_c.so" to ""
-- Up-to-date: /workspace/install/vos_module_interfaces/include/vos_module_interfaces/vos_module_interfaces
-- Up-to-date: /workspace/install/vos_module_interfaces/include/vos_module_interfaces/vos_module_interfaces/srv
-- Installing: /workspace/install/vos_module_interfaces/include/vos_module_interfaces/vos_module_interfaces/srv/get_capabilities.hpp
-- Installing: /workspace/install/vos_module_interfaces/include/vos_module_interfaces/vos_module_interfaces/srv/get_logs.hpp
-- Installing: /workspace/install/vos_module_interfaces/include/vos_module_interfaces/vos_module_interfaces/srv/trigger_transition.hpp
-- Installing: /workspace/install/vos_module_interfaces/include/vos_module_interfaces/vos_module_interfaces/srv/health_check.hpp
-- Up-to-date: /workspace/install/vos_module_interfaces/include/vos_module_interfaces/vos_module_interfaces/srv/detail
-- Installing: /workspace/install/vos_module_interfaces/include/vos_module_interfaces/vos_module_interfaces/srv/detail/get_logs__builder.hpp
-- Installing: /workspace/install/vos_module_interfaces/include/vos_module_interfaces/vos_module_interfaces/srv/detail/trigger_transition__traits.hpp
-- Installing: /workspace/install/vos_module_interfaces/include/vos_module_interfaces/vos_module_interfaces/srv/detail/health_check__traits.hpp
-- Installing: /workspace/install/vos_module_interfaces/include/vos_module_interfaces/vos_module_interfaces/srv/detail/trigger_transition__builder.hpp
-- Installing: /workspace/install/vos_module_interfaces/include/vos_module_interfaces/vos_module_interfaces/srv/detail/get_capabilities__struct.hpp
-- Installing: /workspace/install/vos_module_interfaces/include/vos_module_interfaces/vos_module_interfaces/srv/detail/get_logs__struct.hpp
-- Installing: /workspace/install/vos_module_interfaces/include/vos_module_interfaces/vos_module_interfaces/srv/detail/health_check__type_support.hpp
-- Installing: /workspace/install/vos_module_interfaces/include/vos_module_interfaces/vos_module_interfaces/srv/detail/get_logs__traits.hpp
-- Installing: /workspace/install/vos_module_interfaces/include/vos_module_interfaces/vos_module_interfaces/srv/detail/get_capabilities__traits.hpp
-- Installing: /workspace/install/vos_module_interfaces/include/vos_module_interfaces/vos_module_interfaces/srv/detail/trigger_transition__type_support.hpp
-- Installing: /workspace/install/vos_module_interfaces/include/vos_module_interfaces/vos_module_interfaces/srv/detail/get_logs__type_support.hpp
-- Installing: /workspace/install/vos_module_interfaces/include/vos_module_interfaces/vos_module_interfaces/srv/detail/get_capabilities__builder.hpp
-- Installing: /workspace/install/vos_module_interfaces/include/vos_module_interfaces/vos_module_interfaces/srv/detail/trigger_transition__struct.hpp
-- Installing: /workspace/install/vos_module_interfaces/include/vos_module_interfaces/vos_module_interfaces/srv/detail/get_capabilities__type_support.hpp
-- Installing: /workspace/install/vos_module_interfaces/include/vos_module_interfaces/vos_module_interfaces/srv/detail/health_check__builder.hpp
-- Installing: /workspace/install/vos_module_interfaces/include/vos_module_interfaces/vos_module_interfaces/srv/detail/health_check__struct.hpp
-- Up-to-date: /workspace/install/vos_module_interfaces/include/vos_module_interfaces/vos_module_interfaces/msg
-- Installing: /workspace/install/vos_module_interfaces/include/vos_module_interfaces/vos_module_interfaces/msg/rosidl_generator_cpp__visibility_control.hpp
-- Installing: /workspace/install/vos_module_interfaces/include/vos_module_interfaces/vos_module_interfaces/msg/logger_stream.hpp
-- Installing: /workspace/install/vos_module_interfaces/include/vos_module_interfaces/vos_module_interfaces/msg/state_feed.hpp
-- Installing: /workspace/install/vos_module_interfaces/include/vos_module_interfaces/vos_module_interfaces/msg/news_feed.hpp
-- Up-to-date: /workspace/install/vos_module_interfaces/include/vos_module_interfaces/vos_module_interfaces/msg/detail
-- Installing: /workspace/install/vos_module_interfaces/include/vos_module_interfaces/vos_module_interfaces/msg/detail/news_feed__struct.hpp
-- Installing: /workspace/install/vos_module_interfaces/include/vos_module_interfaces/vos_module_interfaces/msg/detail/error_feed__traits.hpp
-- Installing: /workspace/install/vos_module_interfaces/include/vos_module_interfaces/vos_module_interfaces/msg/detail/state_feed__builder.hpp
-- Installing: /workspace/install/vos_module_interfaces/include/vos_module_interfaces/vos_module_interfaces/msg/detail/logger_stream__traits.hpp
-- Installing: /workspace/install/vos_module_interfaces/include/vos_module_interfaces/vos_module_interfaces/msg/detail/news_feed__builder.hpp
-- Installing: /workspace/install/vos_module_interfaces/include/vos_module_interfaces/vos_module_interfaces/msg/detail/news_feed__type_support.hpp
-- Installing: /workspace/install/vos_module_interfaces/include/vos_module_interfaces/vos_module_interfaces/msg/detail/logger_stream__type_support.hpp
-- Installing: /workspace/install/vos_module_interfaces/include/vos_module_interfaces/vos_module_interfaces/msg/detail/error_feed__type_support.hpp
-- Installing: /workspace/install/vos_module_interfaces/include/vos_module_interfaces/vos_module_interfaces/msg/detail/error_feed__builder.hpp
-- Installing: /workspace/install/vos_module_interfaces/include/vos_module_interfaces/vos_module_interfaces/msg/detail/state_feed__struct.hpp
-- Installing: /workspace/install/vos_module_interfaces/include/vos_module_interfaces/vos_module_interfaces/msg/detail/error_feed__struct.hpp
-- Installing: /workspace/install/vos_module_interfaces/include/vos_module_interfaces/vos_module_interfaces/msg/detail/logger_stream__struct.hpp
-- Installing: /workspace/install/vos_module_interfaces/include/vos_module_interfaces/vos_module_interfaces/msg/detail/news_feed__traits.hpp
-- Installing: /workspace/install/vos_module_interfaces/include/vos_module_interfaces/vos_module_interfaces/msg/detail/state_feed__type_support.hpp
-- Installing: /workspace/install/vos_module_interfaces/include/vos_module_interfaces/vos_module_interfaces/msg/detail/logger_stream__builder.hpp
-- Installing: /workspace/install/vos_module_interfaces/include/vos_module_interfaces/vos_module_interfaces/msg/detail/state_feed__traits.hpp
-- Installing: /workspace/install/vos_module_interfaces/include/vos_module_interfaces/vos_module_interfaces/msg/error_feed.hpp
-- Up-to-date: /workspace/install/vos_module_interfaces/include/vos_module_interfaces/vos_module_interfaces/action
-- Installing: /workspace/install/vos_module_interfaces/include/vos_module_interfaces/vos_module_interfaces/action/initiate_update.hpp
-- Up-to-date: /workspace/install/vos_module_interfaces/include/vos_module_interfaces/vos_module_interfaces/action/detail
-- Installing: /workspace/install/vos_module_interfaces/include/vos_module_interfaces/vos_module_interfaces/action/detail/initiate_update__builder.hpp
-- Installing: /workspace/install/vos_module_interfaces/include/vos_module_interfaces/vos_module_interfaces/action/detail/initiate_update__struct.hpp
-- Installing: /workspace/install/vos_module_interfaces/include/vos_module_interfaces/vos_module_interfaces/action/detail/initiate_update__traits.hpp
-- Installing: /workspace/install/vos_module_interfaces/include/vos_module_interfaces/vos_module_interfaces/action/detail/initiate_update__type_support.hpp
-- Up-to-date: /workspace/install/vos_module_interfaces/include/vos_module_interfaces/vos_module_interfaces
-- Up-to-date: /workspace/install/vos_module_interfaces/include/vos_module_interfaces/vos_module_interfaces/srv
-- Up-to-date: /workspace/install/vos_module_interfaces/include/vos_module_interfaces/vos_module_interfaces/srv/detail
-- Installing: /workspace/install/vos_module_interfaces/include/vos_module_interfaces/vos_module_interfaces/srv/detail/get_logs__rosidl_typesupport_fastrtps_cpp.hpp
-- Installing: /workspace/install/vos_module_interfaces/include/vos_module_interfaces/vos_module_interfaces/srv/detail/trigger_transition__rosidl_typesupport_fastrtps_cpp.hpp
-- Installing: /workspace/install/vos_module_interfaces/include/vos_module_interfaces/vos_module_interfaces/srv/detail/health_check__rosidl_typesupport_fastrtps_cpp.hpp
-- Installing: /workspace/install/vos_module_interfaces/include/vos_module_interfaces/vos_module_interfaces/srv/detail/get_capabilities__rosidl_typesupport_fastrtps_cpp.hpp
-- Installing: /workspace/install/vos_module_interfaces/include/vos_module_interfaces/vos_module_interfaces/srv/detail/dds_fastrtps
-- Up-to-date: /workspace/install/vos_module_interfaces/include/vos_module_interfaces/vos_module_interfaces/msg
-- Installing: /workspace/install/vos_module_interfaces/include/vos_module_interfaces/vos_module_interfaces/msg/rosidl_typesupport_fastrtps_cpp__visibility_control.h
-- Up-to-date: /workspace/install/vos_module_interfaces/include/vos_module_interfaces/vos_module_interfaces/msg/detail
-- Installing: /workspace/install/vos_module_interfaces/include/vos_module_interfaces/vos_module_interfaces/msg/detail/news_feed__rosidl_typesupport_fastrtps_cpp.hpp
-- Installing: /workspace/install/vos_module_interfaces/include/vos_module_interfaces/vos_module_interfaces/msg/detail/error_feed__rosidl_typesupport_fastrtps_cpp.hpp
-- Installing: /workspace/install/vos_module_interfaces/include/vos_module_interfaces/vos_module_interfaces/msg/detail/state_feed__rosidl_typesupport_fastrtps_cpp.hpp
-- Installing: /workspace/install/vos_module_interfaces/include/vos_module_interfaces/vos_module_interfaces/msg/detail/logger_stream__rosidl_typesupport_fastrtps_cpp.hpp
-- Installing: /workspace/install/vos_module_interfaces/include/vos_module_interfaces/vos_module_interfaces/msg/detail/dds_fastrtps
-- Up-to-date: /workspace/install/vos_module_interfaces/include/vos_module_interfaces/vos_module_interfaces/action
-- Up-to-date: /workspace/install/vos_module_interfaces/include/vos_module_interfaces/vos_module_interfaces/action/detail
-- Installing: /workspace/install/vos_module_interfaces/include/vos_module_interfaces/vos_module_interfaces/action/detail/initiate_update__rosidl_typesupport_fastrtps_cpp.hpp
-- Installing: /workspace/install/vos_module_interfaces/include/vos_module_interfaces/vos_module_interfaces/action/detail/dds_fastrtps
-- Installing: /workspace/install/vos_module_interfaces/lib/libvos_module_interfaces__rosidl_typesupport_fastrtps_cpp.so
-- Set runtime path of "/workspace/install/vos_module_interfaces/lib/libvos_module_interfaces__rosidl_typesupport_fastrtps_cpp.so" to ""
-- Up-to-date: /workspace/install/vos_module_interfaces/include/vos_module_interfaces/vos_module_interfaces
-- Up-to-date: /workspace/install/vos_module_interfaces/include/vos_module_interfaces/vos_module_interfaces/srv
-- Up-to-date: /workspace/install/vos_module_interfaces/include/vos_module_interfaces/vos_module_interfaces/srv/detail
-- Installing: /workspace/install/vos_module_interfaces/include/vos_module_interfaces/vos_module_interfaces/srv/detail/health_check__type_support.cpp
-- Installing: /workspace/install/vos_module_interfaces/include/vos_module_interfaces/vos_module_interfaces/srv/detail/trigger_transition__rosidl_typesupport_introspection_cpp.hpp
-- Installing: /workspace/install/vos_module_interfaces/include/vos_module_interfaces/vos_module_interfaces/srv/detail/get_capabilities__type_support.cpp
-- Installing: /workspace/install/vos_module_interfaces/include/vos_module_interfaces/vos_module_interfaces/srv/detail/get_logs__type_support.cpp
-- Installing: /workspace/install/vos_module_interfaces/include/vos_module_interfaces/vos_module_interfaces/srv/detail/trigger_transition__type_support.cpp
-- Installing: /workspace/install/vos_module_interfaces/include/vos_module_interfaces/vos_module_interfaces/srv/detail/health_check__rosidl_typesupport_introspection_cpp.hpp
-- Installing: /workspace/install/vos_module_interfaces/include/vos_module_interfaces/vos_module_interfaces/srv/detail/get_capabilities__rosidl_typesupport_introspection_cpp.hpp
-- Installing: /workspace/install/vos_module_interfaces/include/vos_module_interfaces/vos_module_interfaces/srv/detail/get_logs__rosidl_typesupport_introspection_cpp.hpp
-- Up-to-date: /workspace/install/vos_module_interfaces/include/vos_module_interfaces/vos_module_interfaces/msg
-- Up-to-date: /workspace/install/vos_module_interfaces/include/vos_module_interfaces/vos_module_interfaces/msg/detail
-- Installing: /workspace/install/vos_module_interfaces/include/vos_module_interfaces/vos_module_interfaces/msg/detail/logger_stream__type_support.cpp
-- Installing: /workspace/install/vos_module_interfaces/include/vos_module_interfaces/vos_module_interfaces/msg/detail/error_feed__type_support.cpp
-- Installing: /workspace/install/vos_module_interfaces/include/vos_module_interfaces/vos_module_interfaces/msg/detail/state_feed__rosidl_typesupport_introspection_cpp.hpp
-- Installing: /workspace/install/vos_module_interfaces/include/vos_module_interfaces/vos_module_interfaces/msg/detail/logger_stream__rosidl_typesupport_introspection_cpp.hpp
-- Installing: /workspace/install/vos_module_interfaces/include/vos_module_interfaces/vos_module_interfaces/msg/detail/error_feed__rosidl_typesupport_introspection_cpp.hpp
-- Installing: /workspace/install/vos_module_interfaces/include/vos_module_interfaces/vos_module_interfaces/msg/detail/news_feed__rosidl_typesupport_introspection_cpp.hpp
-- Installing: /workspace/install/vos_module_interfaces/include/vos_module_interfaces/vos_module_interfaces/msg/detail/news_feed__type_support.cpp
-- Installing: /workspace/install/vos_module_interfaces/include/vos_module_interfaces/vos_module_interfaces/msg/detail/state_feed__type_support.cpp
-- Up-to-date: /workspace/install/vos_module_interfaces/include/vos_module_interfaces/vos_module_interfaces/action
-- Up-to-date: /workspace/install/vos_module_interfaces/include/vos_module_interfaces/vos_module_interfaces/action/detail
-- Installing: /workspace/install/vos_module_interfaces/include/vos_module_interfaces/vos_module_interfaces/action/detail/initiate_update__type_support.cpp
-- Installing: /workspace/install/vos_module_interfaces/include/vos_module_interfaces/vos_module_interfaces/action/detail/initiate_update__rosidl_typesupport_introspection_cpp.hpp
-- Installing: /workspace/install/vos_module_interfaces/lib/libvos_module_interfaces__rosidl_typesupport_introspection_cpp.so
-- Set runtime path of "/workspace/install/vos_module_interfaces/lib/libvos_module_interfaces__rosidl_typesupport_introspection_cpp.so" to ""
-- Installing: /workspace/install/vos_module_interfaces/lib/libvos_module_interfaces__rosidl_typesupport_cpp.so
-- Set runtime path of "/workspace/install/vos_module_interfaces/lib/libvos_module_interfaces__rosidl_typesupport_cpp.so" to ""
-- Installing: /workspace/install/vos_module_interfaces/share/vos_module_interfaces/environment/pythonpath.sh
-- Installing: /workspace/install/vos_module_interfaces/share/vos_module_interfaces/environment/pythonpath.dsv
-- Installing: /workspace/install/vos_module_interfaces/local/lib/python3.10/dist-packages/vos_module_interfaces-0.1.0-py3.10.egg-info
-- Installing: /workspace/install/vos_module_interfaces/local/lib/python3.10/dist-packages/vos_module_interfaces-0.1.0-py3.10.egg-info/PKG-INFO
-- Installing: /workspace/install/vos_module_interfaces/local/lib/python3.10/dist-packages/vos_module_interfaces-0.1.0-py3.10.egg-info/top_level.txt
-- Installing: /workspace/install/vos_module_interfaces/local/lib/python3.10/dist-packages/vos_module_interfaces-0.1.0-py3.10.egg-info/SOURCES.txt
-- Installing: /workspace/install/vos_module_interfaces/local/lib/python3.10/dist-packages/vos_module_interfaces-0.1.0-py3.10.egg-info/dependency_links.txt
-- Installing: /workspace/install/vos_module_interfaces/local/lib/python3.10/dist-packages/vos_module_interfaces
-- Installing: /workspace/install/vos_module_interfaces/local/lib/python3.10/dist-packages/vos_module_interfaces/srv
-- Installing: /workspace/install/vos_module_interfaces/local/lib/python3.10/dist-packages/vos_module_interfaces/srv/_trigger_transition.py
-- Installing: /workspace/install/vos_module_interfaces/local/lib/python3.10/dist-packages/vos_module_interfaces/srv/_trigger_transition_s.c
-- Installing: /workspace/install/vos_module_interfaces/local/lib/python3.10/dist-packages/vos_module_interfaces/srv/_get_capabilities_s.c
-- Installing: /workspace/install/vos_module_interfaces/local/lib/python3.10/dist-packages/vos_module_interfaces/srv/_get_logs.py
-- Installing: /workspace/install/vos_module_interfaces/local/lib/python3.10/dist-packages/vos_module_interfaces/srv/_get_logs_s.c
-- Installing: /workspace/install/vos_module_interfaces/local/lib/python3.10/dist-packages/vos_module_interfaces/srv/_health_check.py
-- Installing: /workspace/install/vos_module_interfaces/local/lib/python3.10/dist-packages/vos_module_interfaces/srv/_health_check_s.c
-- Installing: /workspace/install/vos_module_interfaces/local/lib/python3.10/dist-packages/vos_module_interfaces/srv/__init__.py
-- Installing: /workspace/install/vos_module_interfaces/local/lib/python3.10/dist-packages/vos_module_interfaces/srv/_get_capabilities.py
-- Installing: /workspace/install/vos_module_interfaces/local/lib/python3.10/dist-packages/vos_module_interfaces/vos_module_interfaces_s__rosidl_typesupport_fastrtps_c.cpython-310-x86_64-linux-gnu.so
-- Installing: /workspace/install/vos_module_interfaces/local/lib/python3.10/dist-packages/vos_module_interfaces/msg
-- Installing: /workspace/install/vos_module_interfaces/local/lib/python3.10/dist-packages/vos_module_interfaces/msg/_state_feed_s.c
-- Installing: /workspace/install/vos_module_interfaces/local/lib/python3.10/dist-packages/vos_module_interfaces/msg/_state_feed.py
-- Installing: /workspace/install/vos_module_interfaces/local/lib/python3.10/dist-packages/vos_module_interfaces/msg/_error_feed.py
-- Installing: /workspace/install/vos_module_interfaces/local/lib/python3.10/dist-packages/vos_module_interfaces/msg/_logger_stream.py
-- Installing: /workspace/install/vos_module_interfaces/local/lib/python3.10/dist-packages/vos_module_interfaces/msg/_news_feed.py
-- Installing: /workspace/install/vos_module_interfaces/local/lib/python3.10/dist-packages/vos_module_interfaces/msg/_news_feed_s.c
-- Installing: /workspace/install/vos_module_interfaces/local/lib/python3.10/dist-packages/vos_module_interfaces/msg/_logger_stream_s.c
-- Installing: /workspace/install/vos_module_interfaces/local/lib/python3.10/dist-packages/vos_module_interfaces/msg/__init__.py
-- Installing: /workspace/install/vos_module_interfaces/local/lib/python3.10/dist-packages/vos_module_interfaces/msg/_error_feed_s.c
-- Installing: /workspace/install/vos_module_interfaces/local/lib/python3.10/dist-packages/vos_module_interfaces/libvos_module_interfaces__rosidl_generator_py.so
-- Installing: /workspace/install/vos_module_interfaces/local/lib/python3.10/dist-packages/vos_module_interfaces/_vos_module_interfaces_s.ep.rosidl_typesupport_fastrtps_c.c
-- Installing: /workspace/install/vos_module_interfaces/local/lib/python3.10/dist-packages/vos_module_interfaces/_vos_module_interfaces_s.ep.rosidl_typesupport_introspection_c.c
-- Installing: /workspace/install/vos_module_interfaces/local/lib/python3.10/dist-packages/vos_module_interfaces/vos_module_interfaces_s__rosidl_typesupport_c.cpython-310-x86_64-linux-gnu.so
-- Installing: /workspace/install/vos_module_interfaces/local/lib/python3.10/dist-packages/vos_module_interfaces/vos_module_interfaces_s__rosidl_typesupport_introspection_c.cpython-310-x86_64-linux-gnu.so
-- Installing: /workspace/install/vos_module_interfaces/local/lib/python3.10/dist-packages/vos_module_interfaces/__init__.py
-- Installing: /workspace/install/vos_module_interfaces/local/lib/python3.10/dist-packages/vos_module_interfaces/_vos_module_interfaces_s.ep.rosidl_typesupport_c.c
-- Installing: /workspace/install/vos_module_interfaces/local/lib/python3.10/dist-packages/vos_module_interfaces/action
-- Installing: /workspace/install/vos_module_interfaces/local/lib/python3.10/dist-packages/vos_module_interfaces/action/_initiate_update.py
-- Installing: /workspace/install/vos_module_interfaces/local/lib/python3.10/dist-packages/vos_module_interfaces/action/_initiate_update_s.c
-- Installing: /workspace/install/vos_module_interfaces/local/lib/python3.10/dist-packages/vos_module_interfaces/action/__init__.py
Listing '/workspace/install/vos_module_interfaces/local/lib/python3.10/dist-packages/vos_module_interfaces'...
Compiling '/workspace/install/vos_module_interfaces/local/lib/python3.10/dist-packages/vos_module_interfaces/__init__.py'...
Listing '/workspace/install/vos_module_interfaces/local/lib/python3.10/dist-packages/vos_module_interfaces/action'...
Compiling '/workspace/install/vos_module_interfaces/local/lib/python3.10/dist-packages/vos_module_interfaces/action/__init__.py'...
Compiling '/workspace/install/vos_module_interfaces/local/lib/python3.10/dist-packages/vos_module_interfaces/action/_initiate_update.py'...
Listing '/workspace/install/vos_module_interfaces/local/lib/python3.10/dist-packages/vos_module_interfaces/msg'...
Compiling '/workspace/install/vos_module_interfaces/local/lib/python3.10/dist-packages/vos_module_interfaces/msg/__init__.py'...
Compiling '/workspace/install/vos_module_interfaces/local/lib/python3.10/dist-packages/vos_module_interfaces/msg/_error_feed.py'...
Compiling '/workspace/install/vos_module_interfaces/local/lib/python3.10/dist-packages/vos_module_interfaces/msg/_logger_stream.py'...
Compiling '/workspace/install/vos_module_interfaces/local/lib/python3.10/dist-packages/vos_module_interfaces/msg/_news_feed.py'...
Compiling '/workspace/install/vos_module_interfaces/local/lib/python3.10/dist-packages/vos_module_interfaces/msg/_state_feed.py'...
Listing '/workspace/install/vos_module_interfaces/local/lib/python3.10/dist-packages/vos_module_interfaces/srv'...
Compiling '/workspace/install/vos_module_interfaces/local/lib/python3.10/dist-packages/vos_module_interfaces/srv/__init__.py'...
Compiling '/workspace/install/vos_module_interfaces/local/lib/python3.10/dist-packages/vos_module_interfaces/srv/_get_capabilities.py'...
Compiling '/workspace/install/vos_module_interfaces/local/lib/python3.10/dist-packages/vos_module_interfaces/srv/_get_logs.py'...
Compiling '/workspace/install/vos_module_interfaces/local/lib/python3.10/dist-packages/vos_module_interfaces/srv/_health_check.py'...
Compiling '/workspace/install/vos_module_interfaces/local/lib/python3.10/dist-packages/vos_module_interfaces/srv/_trigger_transition.py'...
-- Installing: /workspace/install/vos_module_interfaces/local/lib/python3.10/dist-packages/vos_module_interfaces/vos_module_interfaces_s__rosidl_typesupport_fastrtps_c.cpython-310-x86_64-linux-gnu.so
-- Set runtime path of "/workspace/install/vos_module_interfaces/local/lib/python3.10/dist-packages/vos_module_interfaces/vos_module_interfaces_s__rosidl_typesupport_fastrtps_c.cpython-310-x86_64-linux-gnu.so" to ""
-- Installing: /workspace/install/vos_module_interfaces/local/lib/python3.10/dist-packages/vos_module_interfaces/vos_module_interfaces_s__rosidl_typesupport_introspection_c.cpython-310-x86_64-linux-gnu.so
-- Set runtime path of "/workspace/install/vos_module_interfaces/local/lib/python3.10/dist-packages/vos_module_interfaces/vos_module_interfaces_s__rosidl_typesupport_introspection_c.cpython-310-x86_64-linux-gnu.so" to ""
-- Installing: /workspace/install/vos_module_interfaces/local/lib/python3.10/dist-packages/vos_module_interfaces/vos_module_interfaces_s__rosidl_typesupport_c.cpython-310-x86_64-linux-gnu.so
-- Set runtime path of "/workspace/install/vos_module_interfaces/local/lib/python3.10/dist-packages/vos_module_interfaces/vos_module_interfaces_s__rosidl_typesupport_c.cpython-310-x86_64-linux-gnu.so" to ""
-- Installing: /workspace/install/vos_module_interfaces/lib/libvos_module_interfaces__rosidl_generator_py.so
-- Set runtime path of "/workspace/install/vos_module_interfaces/lib/libvos_module_interfaces__rosidl_generator_py.so" to ""
-- Installing: /workspace/install/vos_module_interfaces/share/vos_module_interfaces/msg/NewsFeed.idl
-- Installing: /workspace/install/vos_module_interfaces/share/vos_module_interfaces/msg/ErrorFeed.idl
-- Installing: /workspace/install/vos_module_interfaces/share/vos_module_interfaces/msg/LoggerStream.idl
-- Installing: /workspace/install/vos_module_interfaces/share/vos_module_interfaces/msg/StateFeed.idl
-- Installing: /workspace/install/vos_module_interfaces/share/vos_module_interfaces/srv/HealthCheck.idl
-- Installing: /workspace/install/vos_module_interfaces/share/vos_module_interfaces/srv/GetCapabilities.idl
-- Installing: /workspace/install/vos_module_interfaces/share/vos_module_interfaces/srv/TriggerTransition.idl
-- Installing: /workspace/install/vos_module_interfaces/share/vos_module_interfaces/srv/GetLogs.idl
-- Installing: /workspace/install/vos_module_interfaces/share/vos_module_interfaces/action/InitiateUpdate.idl
-- Installing: /workspace/install/vos_module_interfaces/share/vos_module_interfaces/msg/NewsFeed.msg
-- Installing: /workspace/install/vos_module_interfaces/share/vos_module_interfaces/msg/ErrorFeed.msg
-- Installing: /workspace/install/vos_module_interfaces/share/vos_module_interfaces/msg/LoggerStream.msg
-- Installing: /workspace/install/vos_module_interfaces/share/vos_module_interfaces/msg/StateFeed.msg
-- Installing: /workspace/install/vos_module_interfaces/share/vos_module_interfaces/srv/HealthCheck.srv
-- Installing: /workspace/install/vos_module_interfaces/share/vos_module_interfaces/srv/HealthCheck_Request.msg
-- Installing: /workspace/install/vos_module_interfaces/share/vos_module_interfaces/srv/HealthCheck_Response.msg
-- Installing: /workspace/install/vos_module_interfaces/share/vos_module_interfaces/srv/GetCapabilities.srv
-- Installing: /workspace/install/vos_module_interfaces/share/vos_module_interfaces/srv/GetCapabilities_Request.msg
-- Installing: /workspace/install/vos_module_interfaces/share/vos_module_interfaces/srv/GetCapabilities_Response.msg
-- Installing: /workspace/install/vos_module_interfaces/share/vos_module_interfaces/srv/TriggerTransition.srv
-- Installing: /workspace/install/vos_module_interfaces/share/vos_module_interfaces/srv/TriggerTransition_Request.msg
-- Installing: /workspace/install/vos_module_interfaces/share/vos_module_interfaces/srv/TriggerTransition_Response.msg
-- Installing: /workspace/install/vos_module_interfaces/share/vos_module_interfaces/srv/GetLogs.srv
-- Installing: /workspace/install/vos_module_interfaces/share/vos_module_interfaces/srv/GetLogs_Request.msg
-- Installing: /workspace/install/vos_module_interfaces/share/vos_module_interfaces/srv/GetLogs_Response.msg
-- Installing: /workspace/install/vos_module_interfaces/share/vos_module_interfaces/action/InitiateUpdate.action
-- Installing: /workspace/install/vos_module_interfaces/share/vos_module_interfaces/config
-- Installing: /workspace/install/vos_module_interfaces/share/vos_module_interfaces/config/base_metadata.config
-- Installing: /workspace/install/vos_module_interfaces/share/ament_index/resource_index/package_run_dependencies/vos_module_interfaces
-- Installing: /workspace/install/vos_module_interfaces/share/ament_index/resource_index/parent_prefix_path/vos_module_interfaces
-- Installing: /workspace/install/vos_module_interfaces/share/vos_module_interfaces/environment/ament_prefix_path.sh
-- Installing: /workspace/install/vos_module_interfaces/share/vos_module_interfaces/environment/ament_prefix_path.dsv
-- Installing: /workspace/install/vos_module_interfaces/share/vos_module_interfaces/environment/path.sh
-- Installing: /workspace/install/vos_module_interfaces/share/vos_module_interfaces/environment/path.dsv
-- Installing: /workspace/install/vos_module_interfaces/share/vos_module_interfaces/local_setup.bash
-- Installing: /workspace/install/vos_module_interfaces/share/vos_module_interfaces/local_setup.sh
-- Installing: /workspace/install/vos_module_interfaces/share/vos_module_interfaces/local_setup.zsh
-- Installing: /workspace/install/vos_module_interfaces/share/vos_module_interfaces/local_setup.dsv
-- Installing: /workspace/install/vos_module_interfaces/share/vos_module_interfaces/package.dsv
-- Installing: /workspace/install/vos_module_interfaces/share/ament_index/resource_index/packages/vos_module_interfaces
-- Installing: /workspace/install/vos_module_interfaces/share/vos_module_interfaces/cmake/export_vos_module_interfaces__rosidl_generator_cExport.cmake
-- Installing: /workspace/install/vos_module_interfaces/share/vos_module_interfaces/cmake/export_vos_module_interfaces__rosidl_generator_cExport-noconfig.cmake
-- Installing: /workspace/install/vos_module_interfaces/share/vos_module_interfaces/cmake/export_vos_module_interfaces__rosidl_typesupport_fastrtps_cExport.cmake
-- Installing: /workspace/install/vos_module_interfaces/share/vos_module_interfaces/cmake/export_vos_module_interfaces__rosidl_typesupport_fastrtps_cExport-noconfig.cmake
-- Installing: /workspace/install/vos_module_interfaces/share/vos_module_interfaces/cmake/vos_module_interfaces__rosidl_typesupport_introspection_cExport.cmake
-- Installing: /workspace/install/vos_module_interfaces/share/vos_module_interfaces/cmake/vos_module_interfaces__rosidl_typesupport_introspection_cExport-noconfig.cmake
-- Installing: /workspace/install/vos_module_interfaces/share/vos_module_interfaces/cmake/vos_module_interfaces__rosidl_typesupport_cExport.cmake
-- Installing: /workspace/install/vos_module_interfaces/share/vos_module_interfaces/cmake/vos_module_interfaces__rosidl_typesupport_cExport-noconfig.cmake
-- Installing: /workspace/install/vos_module_interfaces/share/vos_module_interfaces/cmake/export_vos_module_interfaces__rosidl_generator_cppExport.cmake
-- Installing: /workspace/install/vos_module_interfaces/share/vos_module_interfaces/cmake/export_vos_module_interfaces__rosidl_typesupport_fastrtps_cppExport.cmake
-- Installing: /workspace/install/vos_module_interfaces/share/vos_module_interfaces/cmake/export_vos_module_interfaces__rosidl_typesupport_fastrtps_cppExport-noconfig.cmake
-- Installing: /workspace/install/vos_module_interfaces/share/vos_module_interfaces/cmake/vos_module_interfaces__rosidl_typesupport_introspection_cppExport.cmake
-- Installing: /workspace/install/vos_module_interfaces/share/vos_module_interfaces/cmake/vos_module_interfaces__rosidl_typesupport_introspection_cppExport-noconfig.cmake
-- Installing: /workspace/install/vos_module_interfaces/share/vos_module_interfaces/cmake/vos_module_interfaces__rosidl_typesupport_cppExport.cmake
-- Installing: /workspace/install/vos_module_interfaces/share/vos_module_interfaces/cmake/vos_module_interfaces__rosidl_typesupport_cppExport-noconfig.cmake
-- Installing: /workspace/install/vos_module_interfaces/share/vos_module_interfaces/cmake/export_vos_module_interfaces__rosidl_generator_pyExport.cmake
-- Installing: /workspace/install/vos_module_interfaces/share/vos_module_interfaces/cmake/export_vos_module_interfaces__rosidl_generator_pyExport-noconfig.cmake
-- Installing: /workspace/install/vos_module_interfaces/share/vos_module_interfaces/cmake/rosidl_cmake-extras.cmake
-- Installing: /workspace/install/vos_module_interfaces/share/vos_module_interfaces/cmake/ament_cmake_export_dependencies-extras.cmake
-- Installing: /workspace/install/vos_module_interfaces/share/vos_module_interfaces/cmake/ament_cmake_export_include_directories-extras.cmake
-- Installing: /workspace/install/vos_module_interfaces/share/vos_module_interfaces/cmake/ament_cmake_export_libraries-extras.cmake
-- Installing: /workspace/install/vos_module_interfaces/share/vos_module_interfaces/cmake/ament_cmake_export_targets-extras.cmake
-- Installing: /workspace/install/vos_module_interfaces/share/vos_module_interfaces/cmake/rosidl_cmake_export_typesupport_targets-extras.cmake
-- Installing: /workspace/install/vos_module_interfaces/share/vos_module_interfaces/cmake/rosidl_cmake_export_typesupport_libraries-extras.cmake
-- Installing: /workspace/install/vos_module_interfaces/share/vos_module_interfaces/cmake/vos_module_interfacesConfig.cmake
-- Installing: /workspace/install/vos_module_interfaces/share/vos_module_interfaces/cmake/vos_module_interfacesConfig-version.cmake
-- Installing: /workspace/install/vos_module_interfaces/share/vos_module_interfaces/package.xml
