[0.637s] Invoking command in '/workspace/src/vyra_module_template': PYTHONPATH=/workspace/build/vyra_module_template/prefix_override:/usr/lib/python3/dist-packages/colcon_core/task/python/colcon_distutils_commands:/workspace/install/vyra_module_template/lib/python3.10/site-packages:${PYTHONPATH} /usr/bin/python3 -W ignore:setup.py install is deprecated -W ignore:easy_install command is deprecated setup.py egg_info --egg-base ../../build/vyra_module_template build --build-base /workspace/build/vyra_module_template/build install --record /workspace/build/vyra_module_template/install.log --single-version-externally-managed install_data
[0.886s] running egg_info
[0.899s] writing ../../build/vyra_module_template/vyra_module_template.egg-info/PKG-INFO
[0.899s] writing dependency_links to ../../build/vyra_module_template/vyra_module_template.egg-info/dependency_links.txt
[0.900s] writing entry points to ../../build/vyra_module_template/vyra_module_template.egg-info/entry_points.txt
[0.900s] writing requirements to ../../build/vyra_module_template/vyra_module_template.egg-info/requires.txt
[0.900s] writing top-level names to ../../build/vyra_module_template/vyra_module_template.egg-info/top_level.txt
[0.929s] reading manifest file '../../build/vyra_module_template/vyra_module_template.egg-info/SOURCES.txt'
[0.931s] writing manifest file '../../build/vyra_module_template/vyra_module_template.egg-info/SOURCES.txt'
[0.931s] running build
[0.932s] running build_py
[0.932s] copying vyra_module_template/Core.py -> /workspace/build/vyra_module_template/build/lib/vyra_module_template
[0.932s] copying vyra_module_template/PublisherNode.py -> /workspace/build/vyra_module_template/build/lib/vyra_module_template
[0.932s] copying vyra_module_template/__init__.py -> /workspace/build/vyra_module_template/build/lib/vyra_module_template
[0.933s] copying vyra_module_template/SubscriberNode.py -> /workspace/build/vyra_module_template/build/lib/vyra_module_template
[0.933s] copying vyra_module_template/Template.py -> /workspace/build/vyra_module_template/build/lib/vyra_module_template
[0.933s] running install
[0.937s] running install_lib
[0.952s] running install_data
[0.952s] copying resource/vyra_module_template -> /workspace/install/vyra_module_template/share/ament_index/resource_index/packages
[0.952s] copying package.xml -> /workspace/install/vyra_module_template/share/vyra_module_template
[0.953s] running install_egg_info
[0.968s] removing '/workspace/install/vyra_module_template/lib/python3.10/site-packages/vyra_module_template-0.1.0-py3.10.egg-info' (and everything under it)
[0.968s] Copying ../../build/vyra_module_template/vyra_module_template.egg-info to /workspace/install/vyra_module_template/lib/python3.10/site-packages/vyra_module_template-0.1.0-py3.10.egg-info
[0.969s] running install_scripts
[0.998s] Installing core script to /workspace/install/vyra_module_template/lib/vyra_module_template
[0.999s] Installing listener script to /workspace/install/vyra_module_template/lib/vyra_module_template
[0.999s] Installing talker script to /workspace/install/vyra_module_template/lib/vyra_module_template
[0.999s] writing list of installed files to '/workspace/build/vyra_module_template/install.log'
[1.025s] Invoked command in '/workspace/src/vyra_module_template' returned '0': PYTHONPATH=/workspace/build/vyra_module_template/prefix_override:/usr/lib/python3/dist-packages/colcon_core/task/python/colcon_distutils_commands:/workspace/install/vyra_module_template/lib/python3.10/site-packages:${PYTHONPATH} /usr/bin/python3 -W ignore:setup.py install is deprecated -W ignore:easy_install command is deprecated setup.py egg_info --egg-base ../../build/vyra_module_template build --build-base /workspace/build/vyra_module_template/build install --record /workspace/build/vyra_module_template/install.log --single-version-externally-managed install_data
