[0.134s] DEBUG:colcon:Command line arguments: ['/usr/bin/colcon', 'build']
[0.134s] DEBUG:colcon:Parsed command line arguments: Namespace(log_base=None, log_level=None, verb_name='build', build_base='build', install_base='install', merge_install=False, symlink_install=False, test_result_base=None, continue_on_error=False, executor='parallel', parallel_workers=12, event_handlers=None, ignore_user_meta=False, metas=['./colcon.meta'], base_paths=['.'], packages_ignore=None, packages_ignore_regex=None, paths=None, packages_up_to=None, packages_up_to_regex=None, packages_above=None, packages_above_and_dependencies=None, packages_above_depth=None, packages_select_by_dep=None, packages_skip_by_dep=None, packages_skip_up_to=None, packages_select_build_failed=False, packages_skip_build_finished=False, packages_select_test_failures=False, packages_skip_test_passed=False, packages_select=None, packages_skip=None, packages_select_regex=None, packages_skip_regex=None, packages_start=None, packages_end=None, cmake_args=None, cmake_target=None, cmake_target_skip_unavailable=False, cmake_clean_cache=False, cmake_clean_first=False, cmake_force_configure=False, ament_cmake_args=None, catkin_cmake_args=None, catkin_skip_building_tests=False, mixin_files=None, mixin=None, verb_parser=<colcon_mixin.mixin.mixin_argument.MixinArgumentDecorator object at 0x71008e3c7370>, verb_extension=<colcon_core.verb.build.BuildVerb object at 0x71008e3c69b0>, main=<bound method BuildVerb.main of <colcon_core.verb.build.BuildVerb object at 0x71008e3c69b0>>, mixin_verb=('build',))
[0.181s] Level 1:colcon.colcon_core.package_discovery:discover_packages(colcon_meta) check parameters
[0.182s] INFO:colcon.colcon_metadata.package_discovery.colcon_meta:Using configuration from '/root/.colcon/metadata/default/Gazebo.meta'
[0.183s] INFO:colcon.colcon_metadata.package_discovery.colcon_meta:Using configuration from '/root/.colcon/metadata/default/fastdds.meta'
[0.183s] INFO:colcon.colcon_metadata.package_discovery.colcon_meta:Using configuration from '/root/.colcon/metadata/default/fastrtps.meta'
[0.183s] Level 1:colcon.colcon_core.package_discovery:discover_packages(recursive) check parameters
[0.183s] Level 1:colcon.colcon_core.package_discovery:discover_packages(ignore) check parameters
[0.183s] Level 1:colcon.colcon_core.package_discovery:discover_packages(path) check parameters
[0.183s] Level 1:colcon.colcon_core.package_discovery:discover_packages(colcon_meta) discover
[0.184s] Level 1:colcon.colcon_core.package_discovery:discover_packages(recursive) discover
[0.184s] INFO:colcon.colcon_core.package_discovery:Crawling recursively for packages in '/workspace'
[0.184s] Level 1:colcon.colcon_core.package_identification:_identify(.) by extensions ['ignore', 'ignore_ament_install']
[0.184s] Level 1:colcon.colcon_core.package_identification:_identify(.) by extension 'ignore'
[0.184s] Level 1:colcon.colcon_core.package_identification:_identify(.) by extension 'ignore_ament_install'
[0.184s] Level 1:colcon.colcon_core.package_identification:_identify(.) by extensions ['colcon_pkg']
[0.184s] Level 1:colcon.colcon_core.package_identification:_identify(.) by extension 'colcon_pkg'
[0.184s] Level 1:colcon.colcon_core.package_identification:_identify(.) by extensions ['colcon_meta']
[0.184s] Level 1:colcon.colcon_core.package_identification:_identify(.) by extension 'colcon_meta'
[0.184s] Level 1:colcon.colcon_core.package_identification:_identify(.) by extensions ['ros']
[0.184s] Level 1:colcon.colcon_core.package_identification:_identify(.) by extension 'ros'
[0.201s] Level 1:colcon.colcon_core.package_identification:_identify(.) by extensions ['cmake', 'python']
[0.202s] Level 1:colcon.colcon_core.package_identification:_identify(.) by extension 'cmake'
[0.202s] Level 1:colcon.colcon_core.package_identification:_identify(.) by extension 'python'
[0.202s] Level 1:colcon.colcon_core.package_identification:_identify(.) by extensions ['python_setup_py']
[0.202s] Level 1:colcon.colcon_core.package_identification:_identify(.) by extension 'python_setup_py'
[0.202s] Level 1:colcon.colcon_core.package_identification:_identify(build) by extensions ['ignore', 'ignore_ament_install']
[0.202s] Level 1:colcon.colcon_core.package_identification:_identify(build) by extension 'ignore'
[0.202s] Level 1:colcon.colcon_core.package_identification:_identify(build) ignored
[0.202s] Level 1:colcon.colcon_core.package_identification:_identify(install) by extensions ['ignore', 'ignore_ament_install']
[0.202s] Level 1:colcon.colcon_core.package_identification:_identify(install) by extension 'ignore'
[0.202s] Level 1:colcon.colcon_core.package_identification:_identify(install) ignored
[0.202s] Level 1:colcon.colcon_core.package_identification:_identify(log) by extensions ['ignore', 'ignore_ament_install']
[0.203s] Level 1:colcon.colcon_core.package_identification:_identify(log) by extension 'ignore'
[0.203s] Level 1:colcon.colcon_core.package_identification:_identify(log) ignored
[0.203s] Level 1:colcon.colcon_core.package_identification:_identify(src) by extensions ['ignore', 'ignore_ament_install']
[0.203s] Level 1:colcon.colcon_core.package_identification:_identify(src) by extension 'ignore'
[0.203s] Level 1:colcon.colcon_core.package_identification:_identify(src) by extension 'ignore_ament_install'
[0.203s] Level 1:colcon.colcon_core.package_identification:_identify(src) by extensions ['colcon_pkg']
[0.203s] Level 1:colcon.colcon_core.package_identification:_identify(src) by extension 'colcon_pkg'
[0.203s] Level 1:colcon.colcon_core.package_identification:_identify(src) by extensions ['colcon_meta']
[0.203s] Level 1:colcon.colcon_core.package_identification:_identify(src) by extension 'colcon_meta'
[0.203s] Level 1:colcon.colcon_core.package_identification:_identify(src) by extensions ['ros']
[0.203s] Level 1:colcon.colcon_core.package_identification:_identify(src) by extension 'ros'
[0.203s] Level 1:colcon.colcon_core.package_identification:_identify(src) by extensions ['cmake', 'python']
[0.203s] Level 1:colcon.colcon_core.package_identification:_identify(src) by extension 'cmake'
[0.203s] Level 1:colcon.colcon_core.package_identification:_identify(src) by extension 'python'
[0.203s] Level 1:colcon.colcon_core.package_identification:_identify(src) by extensions ['python_setup_py']
[0.203s] Level 1:colcon.colcon_core.package_identification:_identify(src) by extension 'python_setup_py'
[0.203s] Level 1:colcon.colcon_core.package_identification:_identify(src/vyra_module_interfaces) by extensions ['ignore', 'ignore_ament_install']
[0.204s] Level 1:colcon.colcon_core.package_identification:_identify(src/vyra_module_interfaces) by extension 'ignore'
[0.204s] Level 1:colcon.colcon_core.package_identification:_identify(src/vyra_module_interfaces) by extension 'ignore_ament_install'
[0.204s] Level 1:colcon.colcon_core.package_identification:_identify(src/vyra_module_interfaces) by extensions ['colcon_pkg']
[0.204s] Level 1:colcon.colcon_core.package_identification:_identify(src/vyra_module_interfaces) by extension 'colcon_pkg'
[0.204s] Level 1:colcon.colcon_core.package_identification:_identify(src/vyra_module_interfaces) by extensions ['colcon_meta']
[0.204s] Level 1:colcon.colcon_core.package_identification:_identify(src/vyra_module_interfaces) by extension 'colcon_meta'
[0.204s] Level 1:colcon.colcon_core.package_identification:_identify(src/vyra_module_interfaces) by extensions ['ros']
[0.204s] Level 1:colcon.colcon_core.package_identification:_identify(src/vyra_module_interfaces) by extension 'ros'
[0.207s] DEBUG:colcon.colcon_core.package_identification:Package 'src/vyra_module_interfaces' with type 'ros.ament_cmake' and name 'vyra_module_interfaces'
[0.207s] Level 1:colcon.colcon_core.package_identification:_identify(src/vyra_module_template) by extensions ['ignore', 'ignore_ament_install']
[0.207s] Level 1:colcon.colcon_core.package_identification:_identify(src/vyra_module_template) by extension 'ignore'
[0.207s] Level 1:colcon.colcon_core.package_identification:_identify(src/vyra_module_template) by extension 'ignore_ament_install'
[0.207s] Level 1:colcon.colcon_core.package_identification:_identify(src/vyra_module_template) by extensions ['colcon_pkg']
[0.207s] Level 1:colcon.colcon_core.package_identification:_identify(src/vyra_module_template) by extension 'colcon_pkg'
[0.207s] Level 1:colcon.colcon_core.package_identification:_identify(src/vyra_module_template) by extensions ['colcon_meta']
[0.207s] Level 1:colcon.colcon_core.package_identification:_identify(src/vyra_module_template) by extension 'colcon_meta'
[0.207s] Level 1:colcon.colcon_core.package_identification:_identify(src/vyra_module_template) by extensions ['ros']
[0.207s] Level 1:colcon.colcon_core.package_identification:_identify(src/vyra_module_template) by extension 'ros'
[0.208s] DEBUG:colcon.colcon_core.package_identification:Package 'src/vyra_module_template' with type 'ros.ament_python' and name 'vyra_module_template'
[0.208s] Level 1:colcon.colcon_core.package_identification:_identify(tools) by extensions ['ignore', 'ignore_ament_install']
[0.208s] Level 1:colcon.colcon_core.package_identification:_identify(tools) by extension 'ignore'
[0.208s] Level 1:colcon.colcon_core.package_identification:_identify(tools) by extension 'ignore_ament_install'
[0.208s] Level 1:colcon.colcon_core.package_identification:_identify(tools) by extensions ['colcon_pkg']
[0.208s] Level 1:colcon.colcon_core.package_identification:_identify(tools) by extension 'colcon_pkg'
[0.208s] Level 1:colcon.colcon_core.package_identification:_identify(tools) by extensions ['colcon_meta']
[0.208s] Level 1:colcon.colcon_core.package_identification:_identify(tools) by extension 'colcon_meta'
[0.208s] Level 1:colcon.colcon_core.package_identification:_identify(tools) by extensions ['ros']
[0.209s] Level 1:colcon.colcon_core.package_identification:_identify(tools) by extension 'ros'
[0.209s] Level 1:colcon.colcon_core.package_identification:_identify(tools) by extensions ['cmake', 'python']
[0.209s] Level 1:colcon.colcon_core.package_identification:_identify(tools) by extension 'cmake'
[0.209s] Level 1:colcon.colcon_core.package_identification:_identify(tools) by extension 'python'
[0.209s] Level 1:colcon.colcon_core.package_identification:_identify(tools) by extensions ['python_setup_py']
[0.209s] Level 1:colcon.colcon_core.package_identification:_identify(tools) by extension 'python_setup_py'
[0.209s] Level 1:colcon.colcon_core.package_identification:_identify(wheels) by extensions ['ignore', 'ignore_ament_install']
[0.209s] Level 1:colcon.colcon_core.package_identification:_identify(wheels) by extension 'ignore'
[0.209s] Level 1:colcon.colcon_core.package_identification:_identify(wheels) by extension 'ignore_ament_install'
[0.209s] Level 1:colcon.colcon_core.package_identification:_identify(wheels) by extensions ['colcon_pkg']
[0.209s] Level 1:colcon.colcon_core.package_identification:_identify(wheels) by extension 'colcon_pkg'
[0.209s] Level 1:colcon.colcon_core.package_identification:_identify(wheels) by extensions ['colcon_meta']
[0.209s] Level 1:colcon.colcon_core.package_identification:_identify(wheels) by extension 'colcon_meta'
[0.209s] Level 1:colcon.colcon_core.package_identification:_identify(wheels) by extensions ['ros']
[0.209s] Level 1:colcon.colcon_core.package_identification:_identify(wheels) by extension 'ros'
[0.209s] Level 1:colcon.colcon_core.package_identification:_identify(wheels) by extensions ['cmake', 'python']
[0.209s] Level 1:colcon.colcon_core.package_identification:_identify(wheels) by extension 'cmake'
[0.209s] Level 1:colcon.colcon_core.package_identification:_identify(wheels) by extension 'python'
[0.210s] Level 1:colcon.colcon_core.package_identification:_identify(wheels) by extensions ['python_setup_py']
[0.210s] Level 1:colcon.colcon_core.package_identification:_identify(wheels) by extension 'python_setup_py'
[0.210s] Level 1:colcon.colcon_core.package_discovery:discover_packages(recursive) using defaults
[0.210s] Level 1:colcon.colcon_core.package_discovery:discover_packages(ignore) discover
[0.210s] Level 1:colcon.colcon_core.package_discovery:discover_packages(ignore) using defaults
[0.210s] Level 1:colcon.colcon_core.package_discovery:discover_packages(path) discover
[0.210s] Level 1:colcon.colcon_core.package_discovery:discover_packages(path) using defaults
[0.233s] Level 5:colcon.colcon_core.verb:set package 'vyra_module_interfaces' build argument 'cmake_args' from command line to 'None'
[0.233s] Level 5:colcon.colcon_core.verb:set package 'vyra_module_interfaces' build argument 'cmake_target' from command line to 'None'
[0.233s] Level 5:colcon.colcon_core.verb:set package 'vyra_module_interfaces' build argument 'cmake_target_skip_unavailable' from command line to 'False'
[0.233s] Level 5:colcon.colcon_core.verb:set package 'vyra_module_interfaces' build argument 'cmake_clean_cache' from command line to 'False'
[0.233s] Level 5:colcon.colcon_core.verb:set package 'vyra_module_interfaces' build argument 'cmake_clean_first' from command line to 'False'
[0.233s] Level 5:colcon.colcon_core.verb:set package 'vyra_module_interfaces' build argument 'cmake_force_configure' from command line to 'False'
[0.233s] Level 5:colcon.colcon_core.verb:set package 'vyra_module_interfaces' build argument 'ament_cmake_args' from command line to 'None'
[0.233s] Level 5:colcon.colcon_core.verb:set package 'vyra_module_interfaces' build argument 'catkin_cmake_args' from command line to 'None'
[0.233s] Level 5:colcon.colcon_core.verb:set package 'vyra_module_interfaces' build argument 'catkin_skip_building_tests' from command line to 'False'
[0.233s] DEBUG:colcon.colcon_core.verb:Building package 'vyra_module_interfaces' with the following arguments: {'ament_cmake_args': None, 'build_base': '/workspace/build/vyra_module_interfaces', 'catkin_cmake_args': None, 'catkin_skip_building_tests': False, 'cmake_args': None, 'cmake_clean_cache': False, 'cmake_clean_first': False, 'cmake_force_configure': False, 'cmake_target': None, 'cmake_target_skip_unavailable': False, 'install_base': '/workspace/install/vyra_module_interfaces', 'merge_install': False, 'path': '/workspace/src/vyra_module_interfaces', 'symlink_install': False, 'test_result_base': None}
[0.233s] Level 5:colcon.colcon_core.verb:set package 'vyra_module_template' build argument 'cmake_args' from command line to 'None'
[0.233s] Level 5:colcon.colcon_core.verb:set package 'vyra_module_template' build argument 'cmake_target' from command line to 'None'
[0.233s] Level 5:colcon.colcon_core.verb:set package 'vyra_module_template' build argument 'cmake_target_skip_unavailable' from command line to 'False'
[0.233s] Level 5:colcon.colcon_core.verb:set package 'vyra_module_template' build argument 'cmake_clean_cache' from command line to 'False'
[0.233s] Level 5:colcon.colcon_core.verb:set package 'vyra_module_template' build argument 'cmake_clean_first' from command line to 'False'
[0.233s] Level 5:colcon.colcon_core.verb:set package 'vyra_module_template' build argument 'cmake_force_configure' from command line to 'False'
[0.233s] Level 5:colcon.colcon_core.verb:set package 'vyra_module_template' build argument 'ament_cmake_args' from command line to 'None'
[0.233s] Level 5:colcon.colcon_core.verb:set package 'vyra_module_template' build argument 'catkin_cmake_args' from command line to 'None'
[0.234s] Level 5:colcon.colcon_core.verb:set package 'vyra_module_template' build argument 'catkin_skip_building_tests' from command line to 'False'
[0.234s] DEBUG:colcon.colcon_core.verb:Building package 'vyra_module_template' with the following arguments: {'ament_cmake_args': None, 'build_base': '/workspace/build/vyra_module_template', 'catkin_cmake_args': None, 'catkin_skip_building_tests': False, 'cmake_args': None, 'cmake_clean_cache': False, 'cmake_clean_first': False, 'cmake_force_configure': False, 'cmake_target': None, 'cmake_target_skip_unavailable': False, 'install_base': '/workspace/install/vyra_module_template', 'merge_install': False, 'path': '/workspace/src/vyra_module_template', 'symlink_install': False, 'test_result_base': None}
[0.234s] INFO:colcon.colcon_core.executor:Executing jobs using 'parallel' executor
[0.235s] DEBUG:colcon.colcon_parallel_executor.executor.parallel:run_until_complete
[0.235s] INFO:colcon.colcon_ros.task.ament_cmake.build:Building ROS package in '/workspace/src/vyra_module_interfaces' with build type 'ament_cmake'
[0.235s] INFO:colcon.colcon_cmake.task.cmake.build:Building CMake package in '/workspace/src/vyra_module_interfaces'
[0.239s] INFO:colcon.colcon_core.plugin_system:Skipping extension 'colcon_core.shell.bat': Not used on non-Windows systems
[0.239s] INFO:colcon.colcon_core.shell:Skip shell extension 'powershell' for command environment: Not usable outside of PowerShell
[0.239s] DEBUG:colcon.colcon_core.shell:Skip shell extension 'dsv' for command environment
[0.240s] WARNING:colcon.colcon_ros.prefix_path.ament:The path '/workspace/install/vyra_module_template' in the environment variable AMENT_PREFIX_PATH doesn't exist
[0.240s] WARNING:colcon.colcon_ros.prefix_path.ament:The path '/workspace/install/vyra_module_interfaces' in the environment variable AMENT_PREFIX_PATH doesn't exist
[0.241s] WARNING:colcon.colcon_ros.prefix_path.catkin:The path '/workspace/install/vyra_module_interfaces' in the environment variable CMAKE_PREFIX_PATH doesn't exist
[0.254s] DEBUG:colcon.colcon_core.event_handler.log_command:Invoking command in '/workspace/build/vyra_module_interfaces': CMAKE_PREFIX_PATH=${CMAKE_PREFIX_PATH}:/workspace/install/vyra_module_template:/opt/ros/humble /usr/bin/cmake /workspace/src/vyra_module_interfaces -DCMAKE_INSTALL_PREFIX=/workspace/install/vyra_module_interfaces
[2.993s] DEBUG:colcon.colcon_core.event_handler.log_command:Invoked command in '/workspace/build/vyra_module_interfaces' returned '0': CMAKE_PREFIX_PATH=${CMAKE_PREFIX_PATH}:/workspace/install/vyra_module_template:/opt/ros/humble /usr/bin/cmake /workspace/src/vyra_module_interfaces -DCMAKE_INSTALL_PREFIX=/workspace/install/vyra_module_interfaces
[2.995s] DEBUG:colcon.colcon_core.event_handler.log_command:Invoking command in '/workspace/build/vyra_module_interfaces': CMAKE_PREFIX_PATH=${CMAKE_PREFIX_PATH}:/workspace/install/vyra_module_template:/opt/ros/humble /usr/bin/cmake --build /workspace/build/vyra_module_interfaces -- -j12 -l12
[11.294s] DEBUG:colcon.colcon_core.event_handler.log_command:Invoked command in '/workspace/build/vyra_module_interfaces' returned '0': CMAKE_PREFIX_PATH=${CMAKE_PREFIX_PATH}:/workspace/install/vyra_module_template:/opt/ros/humble /usr/bin/cmake --build /workspace/build/vyra_module_interfaces -- -j12 -l12
[11.317s] DEBUG:colcon.colcon_core.event_handler.log_command:Invoking command in '/workspace/build/vyra_module_interfaces': CMAKE_PREFIX_PATH=${CMAKE_PREFIX_PATH}:/workspace/install/vyra_module_template:/opt/ros/humble /usr/bin/cmake --install /workspace/build/vyra_module_interfaces
[11.477s] Level 1:colcon.colcon_core.environment:create_environment_scripts_only(vyra_module_interfaces)
[11.478s] DEBUG:colcon.colcon_core.event_handler.log_command:Invoked command in '/workspace/build/vyra_module_interfaces' returned '0': CMAKE_PREFIX_PATH=${CMAKE_PREFIX_PATH}:/workspace/install/vyra_module_template:/opt/ros/humble /usr/bin/cmake --install /workspace/build/vyra_module_interfaces
[11.480s] Level 1:colcon.colcon_core.environment:checking '/workspace/install/vyra_module_interfaces' for CMake module files
[11.481s] Level 1:colcon.colcon_core.environment:checking '/workspace/install/vyra_module_interfaces' for CMake config files
[11.482s] Level 1:colcon.colcon_core.shell:create_environment_hook('vyra_module_interfaces', 'cmake_prefix_path')
[11.482s] INFO:colcon.colcon_core.shell:Creating environment hook '/workspace/install/vyra_module_interfaces/share/vyra_module_interfaces/hook/cmake_prefix_path.ps1'
[11.483s] INFO:colcon.colcon_core.shell:Creating environment descriptor '/workspace/install/vyra_module_interfaces/share/vyra_module_interfaces/hook/cmake_prefix_path.dsv'
[11.483s] INFO:colcon.colcon_core.shell:Creating environment hook '/workspace/install/vyra_module_interfaces/share/vyra_module_interfaces/hook/cmake_prefix_path.sh'
[11.484s] Level 1:colcon.colcon_core.environment:checking '/workspace/install/vyra_module_interfaces/lib'
[11.484s] Level 1:colcon.colcon_core.shell:create_environment_hook('vyra_module_interfaces', 'ld_library_path_lib')
[11.485s] INFO:colcon.colcon_core.shell:Creating environment hook '/workspace/install/vyra_module_interfaces/share/vyra_module_interfaces/hook/ld_library_path_lib.ps1'
[11.485s] INFO:colcon.colcon_core.shell:Creating environment descriptor '/workspace/install/vyra_module_interfaces/share/vyra_module_interfaces/hook/ld_library_path_lib.dsv'
[11.485s] INFO:colcon.colcon_core.shell:Creating environment hook '/workspace/install/vyra_module_interfaces/share/vyra_module_interfaces/hook/ld_library_path_lib.sh'
[11.486s] Level 1:colcon.colcon_core.environment:checking '/workspace/install/vyra_module_interfaces/bin'
[11.486s] Level 1:colcon.colcon_core.environment:checking '/workspace/install/vyra_module_interfaces/lib/pkgconfig/vyra_module_interfaces.pc'
[11.487s] Level 1:colcon.colcon_core.environment:checking '/workspace/install/vyra_module_interfaces/lib/python3.10/site-packages'
[11.487s] Level 1:colcon.colcon_core.environment:checking '/workspace/install/vyra_module_interfaces/bin'
[11.487s] INFO:colcon.colcon_core.shell:Creating package script '/workspace/install/vyra_module_interfaces/share/vyra_module_interfaces/package.ps1'
[11.488s] INFO:colcon.colcon_core.shell:Creating package descriptor '/workspace/install/vyra_module_interfaces/share/vyra_module_interfaces/package.dsv'
[11.489s] INFO:colcon.colcon_core.shell:Creating package script '/workspace/install/vyra_module_interfaces/share/vyra_module_interfaces/package.sh'
[11.490s] INFO:colcon.colcon_core.shell:Creating package script '/workspace/install/vyra_module_interfaces/share/vyra_module_interfaces/package.bash'
[11.491s] INFO:colcon.colcon_core.shell:Creating package script '/workspace/install/vyra_module_interfaces/share/vyra_module_interfaces/package.zsh'
[11.491s] Level 1:colcon.colcon_core.environment:create_file_with_runtime_dependencies(/workspace/install/vyra_module_interfaces/share/colcon-core/packages/vyra_module_interfaces)
[11.492s] Level 1:colcon.colcon_core.environment:create_environment_scripts_only(vyra_module_interfaces)
[11.492s] Level 1:colcon.colcon_core.environment:checking '/workspace/install/vyra_module_interfaces' for CMake module files
[11.493s] Level 1:colcon.colcon_core.environment:checking '/workspace/install/vyra_module_interfaces' for CMake config files
[11.494s] Level 1:colcon.colcon_core.shell:create_environment_hook('vyra_module_interfaces', 'cmake_prefix_path')
[11.494s] INFO:colcon.colcon_core.shell:Creating environment hook '/workspace/install/vyra_module_interfaces/share/vyra_module_interfaces/hook/cmake_prefix_path.ps1'
[11.494s] INFO:colcon.colcon_core.shell:Creating environment descriptor '/workspace/install/vyra_module_interfaces/share/vyra_module_interfaces/hook/cmake_prefix_path.dsv'
[11.494s] INFO:colcon.colcon_core.shell:Creating environment hook '/workspace/install/vyra_module_interfaces/share/vyra_module_interfaces/hook/cmake_prefix_path.sh'
[11.495s] Level 1:colcon.colcon_core.environment:checking '/workspace/install/vyra_module_interfaces/lib'
[11.495s] Level 1:colcon.colcon_core.shell:create_environment_hook('vyra_module_interfaces', 'ld_library_path_lib')
[11.495s] INFO:colcon.colcon_core.shell:Creating environment hook '/workspace/install/vyra_module_interfaces/share/vyra_module_interfaces/hook/ld_library_path_lib.ps1'
[11.496s] INFO:colcon.colcon_core.shell:Creating environment descriptor '/workspace/install/vyra_module_interfaces/share/vyra_module_interfaces/hook/ld_library_path_lib.dsv'
[11.496s] INFO:colcon.colcon_core.shell:Creating environment hook '/workspace/install/vyra_module_interfaces/share/vyra_module_interfaces/hook/ld_library_path_lib.sh'
[11.496s] Level 1:colcon.colcon_core.environment:checking '/workspace/install/vyra_module_interfaces/bin'
[11.497s] Level 1:colcon.colcon_core.environment:checking '/workspace/install/vyra_module_interfaces/lib/pkgconfig/vyra_module_interfaces.pc'
[11.497s] Level 1:colcon.colcon_core.environment:checking '/workspace/install/vyra_module_interfaces/lib/python3.10/site-packages'
[11.497s] Level 1:colcon.colcon_core.environment:checking '/workspace/install/vyra_module_interfaces/bin'
[11.497s] INFO:colcon.colcon_core.shell:Creating package script '/workspace/install/vyra_module_interfaces/share/vyra_module_interfaces/package.ps1'
[11.498s] INFO:colcon.colcon_core.shell:Creating package descriptor '/workspace/install/vyra_module_interfaces/share/vyra_module_interfaces/package.dsv'
[11.498s] INFO:colcon.colcon_core.shell:Creating package script '/workspace/install/vyra_module_interfaces/share/vyra_module_interfaces/package.sh'
[11.499s] INFO:colcon.colcon_core.shell:Creating package script '/workspace/install/vyra_module_interfaces/share/vyra_module_interfaces/package.bash'
[11.499s] INFO:colcon.colcon_core.shell:Creating package script '/workspace/install/vyra_module_interfaces/share/vyra_module_interfaces/package.zsh'
[11.500s] Level 1:colcon.colcon_core.environment:create_file_with_runtime_dependencies(/workspace/install/vyra_module_interfaces/share/colcon-core/packages/vyra_module_interfaces)
[11.500s] INFO:colcon.colcon_ros.task.ament_python.build:Building ROS package in '/workspace/src/vyra_module_template' with build type 'ament_python'
[11.500s] Level 1:colcon.colcon_core.shell:create_environment_hook('vyra_module_template', 'ament_prefix_path')
[11.500s] INFO:colcon.colcon_core.shell:Creating environment hook '/workspace/install/vyra_module_template/share/vyra_module_template/hook/ament_prefix_path.ps1'
[11.502s] INFO:colcon.colcon_core.shell:Creating environment descriptor '/workspace/install/vyra_module_template/share/vyra_module_template/hook/ament_prefix_path.dsv'
[11.502s] INFO:colcon.colcon_core.shell:Creating environment hook '/workspace/install/vyra_module_template/share/vyra_module_template/hook/ament_prefix_path.sh'
[11.503s] INFO:colcon.colcon_core.shell:Skip shell extension 'powershell' for command environment: Not usable outside of PowerShell
[11.503s] DEBUG:colcon.colcon_core.shell:Skip shell extension 'dsv' for command environment
[11.750s] INFO:colcon.colcon_core.task.python.build:Building Python package in '/workspace/src/vyra_module_template'
[11.750s] INFO:colcon.colcon_core.shell:Skip shell extension 'powershell' for command environment: Not usable outside of PowerShell
[11.750s] DEBUG:colcon.colcon_core.shell:Skip shell extension 'dsv' for command environment
[12.160s] DEBUG:colcon.colcon_core.event_handler.log_command:Invoking command in '/workspace/src/vyra_module_template': PYTHONPATH=/workspace/build/vyra_module_template/prefix_override:/usr/lib/python3/dist-packages/colcon_core/task/python/colcon_distutils_commands:/workspace/install/vyra_module_template/lib/python3.10/site-packages:/workspace/install/vyra_module_interfaces/local/lib/python3.10/dist-packages:${PYTHONPATH} /usr/bin/python3 -W ignore:setup.py install is deprecated -W ignore:easy_install command is deprecated setup.py egg_info --egg-base ../../build/vyra_module_template build --build-base /workspace/build/vyra_module_template/build install --record /workspace/build/vyra_module_template/install.log --single-version-externally-managed install_data
[12.560s] Level 1:colcon.colcon_core.environment:checking '/workspace/install/vyra_module_template' for CMake module files
[12.561s] DEBUG:colcon.colcon_core.event_handler.log_command:Invoked command in '/workspace/src/vyra_module_template' returned '0': PYTHONPATH=/workspace/build/vyra_module_template/prefix_override:/usr/lib/python3/dist-packages/colcon_core/task/python/colcon_distutils_commands:/workspace/install/vyra_module_template/lib/python3.10/site-packages:/workspace/install/vyra_module_interfaces/local/lib/python3.10/dist-packages:${PYTHONPATH} /usr/bin/python3 -W ignore:setup.py install is deprecated -W ignore:easy_install command is deprecated setup.py egg_info --egg-base ../../build/vyra_module_template build --build-base /workspace/build/vyra_module_template/build install --record /workspace/build/vyra_module_template/install.log --single-version-externally-managed install_data
[12.561s] Level 1:colcon.colcon_core.environment:checking '/workspace/install/vyra_module_template' for CMake config files
[12.563s] Level 1:colcon.colcon_core.environment:checking '/workspace/install/vyra_module_template/lib'
[12.563s] Level 1:colcon.colcon_core.environment:checking '/workspace/install/vyra_module_template/bin'
[12.563s] Level 1:colcon.colcon_core.environment:checking '/workspace/install/vyra_module_template/lib/pkgconfig/vyra_module_template.pc'
[12.564s] Level 1:colcon.colcon_core.environment:checking '/workspace/install/vyra_module_template/lib/python3.10/site-packages'
[12.564s] Level 1:colcon.colcon_core.shell:create_environment_hook('vyra_module_template', 'pythonpath')
[12.565s] INFO:colcon.colcon_core.shell:Creating environment hook '/workspace/install/vyra_module_template/share/vyra_module_template/hook/pythonpath.ps1'
[12.566s] INFO:colcon.colcon_core.shell:Creating environment descriptor '/workspace/install/vyra_module_template/share/vyra_module_template/hook/pythonpath.dsv'
[12.566s] INFO:colcon.colcon_core.shell:Creating environment hook '/workspace/install/vyra_module_template/share/vyra_module_template/hook/pythonpath.sh'
[12.568s] Level 1:colcon.colcon_core.environment:checking '/workspace/install/vyra_module_template/bin'
[12.568s] Level 1:colcon.colcon_core.environment:create_environment_scripts_only(vyra_module_template)
[12.569s] INFO:colcon.colcon_core.shell:Creating package script '/workspace/install/vyra_module_template/share/vyra_module_template/package.ps1'
[12.570s] INFO:colcon.colcon_core.shell:Creating package descriptor '/workspace/install/vyra_module_template/share/vyra_module_template/package.dsv'
[12.571s] INFO:colcon.colcon_core.shell:Creating package script '/workspace/install/vyra_module_template/share/vyra_module_template/package.sh'
[12.572s] INFO:colcon.colcon_core.shell:Creating package script '/workspace/install/vyra_module_template/share/vyra_module_template/package.bash'
[12.573s] INFO:colcon.colcon_core.shell:Creating package script '/workspace/install/vyra_module_template/share/vyra_module_template/package.zsh'
[12.574s] Level 1:colcon.colcon_core.environment:create_file_with_runtime_dependencies(/workspace/install/vyra_module_template/share/colcon-core/packages/vyra_module_template)
[12.574s] DEBUG:colcon.colcon_parallel_executor.executor.parallel:closing loop
[12.575s] DEBUG:colcon.colcon_parallel_executor.executor.parallel:loop closed
[12.575s] DEBUG:colcon.colcon_parallel_executor.executor.parallel:run_until_complete finished with '0'
[12.575s] DEBUG:colcon.colcon_core.event_reactor:joining thread
[12.589s] INFO:colcon.colcon_core.plugin_system:Skipping extension 'colcon_notification.desktop_notification.notify_send': Could not find 'notify-send'
[12.589s] INFO:colcon.colcon_core.plugin_system:Skipping extension 'colcon_notification.desktop_notification.terminal_notifier': Not used on non-Darwin systems
[12.589s] INFO:colcon.colcon_core.plugin_system:Skipping extension 'colcon_notification.desktop_notification.win32': Not used on non-Windows systems
[12.589s] INFO:colcon.colcon_notification.desktop_notification:Sending desktop notification using 'notify2'
[12.589s] DEBUG:colcon.colcon_notification.desktop_notification.notify2:Failed to initialize notify2: org.freedesktop.DBus.Error.NotSupported: Unable to autolaunch a dbus-daemon without a $DISPLAY for X11
[12.590s] DEBUG:colcon.colcon_core.event_reactor:joined thread
[12.590s] INFO:colcon.colcon_core.shell:Creating prefix script '/workspace/install/local_setup.ps1'
[12.593s] INFO:colcon.colcon_core.shell:Creating prefix util module '/workspace/install/_local_setup_util_ps1.py'
[12.596s] INFO:colcon.colcon_core.shell:Creating prefix chain script '/workspace/install/setup.ps1'
[12.599s] INFO:colcon.colcon_core.shell:Creating prefix script '/workspace/install/local_setup.sh'
[12.600s] INFO:colcon.colcon_core.shell:Creating prefix util module '/workspace/install/_local_setup_util_sh.py'
[12.602s] INFO:colcon.colcon_core.shell:Creating prefix chain script '/workspace/install/setup.sh'
[12.604s] INFO:colcon.colcon_core.shell:Creating prefix script '/workspace/install/local_setup.bash'
[12.606s] INFO:colcon.colcon_core.shell:Creating prefix chain script '/workspace/install/setup.bash'
[12.608s] INFO:colcon.colcon_core.shell:Creating prefix script '/workspace/install/local_setup.zsh'
[12.609s] INFO:colcon.colcon_core.shell:Creating prefix chain script '/workspace/install/setup.zsh'
