[0.636s] Invoking command in '/workspace/src/vyra_module_template': PYTHONPATH=/workspace/build/vyra_module_template/prefix_override:/usr/lib/python3/dist-packages/colcon_core/task/python/colcon_distutils_commands:/workspace/install/vyra_module_template/lib/python3.10/site-packages:${PYTHONPATH} /usr/bin/python3 -W ignore:setup.py install is deprecated -W ignore:easy_install command is deprecated setup.py egg_info --egg-base ../../build/vyra_module_template build --build-base /workspace/build/vyra_module_template/build install --record /workspace/build/vyra_module_template/install.log --single-version-externally-managed install_data
[0.893s] running egg_info
[0.906s] writing ../../build/vyra_module_template/vyra_module_template.egg-info/PKG-INFO
[0.907s] writing dependency_links to ../../build/vyra_module_template/vyra_module_template.egg-info/dependency_links.txt
[0.907s] writing entry points to ../../build/vyra_module_template/vyra_module_template.egg-info/entry_points.txt
[0.907s] writing requirements to ../../build/vyra_module_template/vyra_module_template.egg-info/requires.txt
[0.907s] writing top-level names to ../../build/vyra_module_template/vyra_module_template.egg-info/top_level.txt
[0.937s] reading manifest file '../../build/vyra_module_template/vyra_module_template.egg-info/SOURCES.txt'
[0.939s] writing manifest file '../../build/vyra_module_template/vyra_module_template.egg-info/SOURCES.txt'
[0.939s] running build
[0.939s] running build_py
[0.939s] copying vyra_module_template/Core.py -> /workspace/build/vyra_module_template/build/lib/vyra_module_template
[0.940s] copying vyra_module_template/PublisherNode.py -> /workspace/build/vyra_module_template/build/lib/vyra_module_template
[0.940s] copying vyra_module_template/__init__.py -> /workspace/build/vyra_module_template/build/lib/vyra_module_template
[0.940s] copying vyra_module_template/SubscriberNode.py -> /workspace/build/vyra_module_template/build/lib/vyra_module_template
[0.940s] copying vyra_module_template/Template.py -> /workspace/build/vyra_module_template/build/lib/vyra_module_template
[0.941s] running install
[0.945s] running install_lib
[0.960s] running install_data
[0.960s] copying resource/vyra_module_template -> /workspace/install/vyra_module_template/share/ament_index/resource_index/packages
[0.960s] copying package.xml -> /workspace/install/vyra_module_template/share/vyra_module_template
[0.960s] running install_egg_info
[0.976s] removing '/workspace/install/vyra_module_template/lib/python3.10/site-packages/vyra_module_template-0.1.0-py3.10.egg-info' (and everything under it)
[0.976s] Copying ../../build/vyra_module_template/vyra_module_template.egg-info to /workspace/install/vyra_module_template/lib/python3.10/site-packages/vyra_module_template-0.1.0-py3.10.egg-info
[0.978s] running install_scripts
[1.007s] Installing core script to /workspace/install/vyra_module_template/lib/vyra_module_template
[1.007s] Installing listener script to /workspace/install/vyra_module_template/lib/vyra_module_template
[1.007s] Installing talker script to /workspace/install/vyra_module_template/lib/vyra_module_template
[1.008s] writing list of installed files to '/workspace/build/vyra_module_template/install.log'
[1.033s] Invoked command in '/workspace/src/vyra_module_template' returned '0': PYTHONPATH=/workspace/build/vyra_module_template/prefix_override:/usr/lib/python3/dist-packages/colcon_core/task/python/colcon_distutils_commands:/workspace/install/vyra_module_template/lib/python3.10/site-packages:${PYTHONPATH} /usr/bin/python3 -W ignore:setup.py install is deprecated -W ignore:easy_install command is deprecated setup.py egg_info --egg-base ../../build/vyra_module_template build --build-base /workspace/build/vyra_module_template/build install --record /workspace/build/vyra_module_template/install.log --single-version-externally-managed install_data
