[0.215s] DEBUG:colcon:Command line arguments: ['/usr/bin/colcon', 'build']
[0.215s] DEBUG:colcon:Parsed command line arguments: Namespace(log_base=None, log_level=None, verb_name='build', build_base='build', install_base='install', merge_install=False, symlink_install=False, test_result_base=None, continue_on_error=False, executor='parallel', parallel_workers=12, event_handlers=None, ignore_user_meta=False, metas=['./colcon.meta'], base_paths=['.'], packages_ignore=None, packages_ignore_regex=None, paths=None, packages_up_to=None, packages_up_to_regex=None, packages_above=None, packages_above_and_dependencies=None, packages_above_depth=None, packages_select_by_dep=None, packages_skip_by_dep=None, packages_skip_up_to=None, packages_select_build_failed=False, packages_skip_build_finished=False, packages_select_test_failures=False, packages_skip_test_passed=False, packages_select=None, packages_skip=None, packages_select_regex=None, packages_skip_regex=None, packages_start=None, packages_end=None, cmake_args=None, cmake_target=None, cmake_target_skip_unavailable=False, cmake_clean_cache=False, cmake_clean_first=False, cmake_force_configure=False, ament_cmake_args=None, catkin_cmake_args=None, catkin_skip_building_tests=False, mixin_files=None, mixin=None, verb_parser=<colcon_mixin.mixin.mixin_argument.MixinArgumentDecorator object at 0x777eccf2b2e0>, verb_extension=<colcon_core.verb.build.BuildVerb object at 0x777eccf2a920>, main=<bound method BuildVerb.main of <colcon_core.verb.build.BuildVerb object at 0x777eccf2a920>>, mixin_verb=('build',))
[0.285s] Level 1:colcon.colcon_core.package_discovery:discover_packages(colcon_meta) check parameters
[0.287s] INFO:colcon.colcon_metadata.package_discovery.colcon_meta:Using configuration from '/root/.colcon/metadata/default/Gazebo.meta'
[0.287s] INFO:colcon.colcon_metadata.package_discovery.colcon_meta:Using configuration from '/root/.colcon/metadata/default/fastdds.meta'
[0.288s] INFO:colcon.colcon_metadata.package_discovery.colcon_meta:Using configuration from '/root/.colcon/metadata/default/fastrtps.meta'
[0.288s] Level 1:colcon.colcon_core.package_discovery:discover_packages(recursive) check parameters
[0.288s] Level 1:colcon.colcon_core.package_discovery:discover_packages(ignore) check parameters
[0.288s] Level 1:colcon.colcon_core.package_discovery:discover_packages(path) check parameters
[0.288s] Level 1:colcon.colcon_core.package_discovery:discover_packages(colcon_meta) discover
[0.288s] Level 1:colcon.colcon_core.package_discovery:discover_packages(recursive) discover
[0.288s] INFO:colcon.colcon_core.package_discovery:Crawling recursively for packages in '/workspace'
[0.288s] Level 1:colcon.colcon_core.package_identification:_identify(.) by extensions ['ignore', 'ignore_ament_install']
[0.289s] Level 1:colcon.colcon_core.package_identification:_identify(.) by extension 'ignore'
[0.289s] Level 1:colcon.colcon_core.package_identification:_identify(.) by extension 'ignore_ament_install'
[0.289s] Level 1:colcon.colcon_core.package_identification:_identify(.) by extensions ['colcon_pkg']
[0.289s] Level 1:colcon.colcon_core.package_identification:_identify(.) by extension 'colcon_pkg'
[0.289s] Level 1:colcon.colcon_core.package_identification:_identify(.) by extensions ['colcon_meta']
[0.289s] Level 1:colcon.colcon_core.package_identification:_identify(.) by extension 'colcon_meta'
[0.289s] Level 1:colcon.colcon_core.package_identification:_identify(.) by extensions ['ros']
[0.289s] Level 1:colcon.colcon_core.package_identification:_identify(.) by extension 'ros'
[0.311s] Level 1:colcon.colcon_core.package_identification:_identify(.) by extensions ['cmake', 'python']
[0.311s] Level 1:colcon.colcon_core.package_identification:_identify(.) by extension 'cmake'
[0.311s] Level 1:colcon.colcon_core.package_identification:_identify(.) by extension 'python'
[0.311s] Level 1:colcon.colcon_core.package_identification:_identify(.) by extensions ['python_setup_py']
[0.311s] Level 1:colcon.colcon_core.package_identification:_identify(.) by extension 'python_setup_py'
[0.311s] Level 1:colcon.colcon_core.package_identification:_identify(build) by extensions ['ignore', 'ignore_ament_install']
[0.311s] Level 1:colcon.colcon_core.package_identification:_identify(build) by extension 'ignore'
[0.311s] Level 1:colcon.colcon_core.package_identification:_identify(build) ignored
[0.311s] Level 1:colcon.colcon_core.package_identification:_identify(install) by extensions ['ignore', 'ignore_ament_install']
[0.311s] Level 1:colcon.colcon_core.package_identification:_identify(install) by extension 'ignore'
[0.312s] Level 1:colcon.colcon_core.package_identification:_identify(install) ignored
[0.312s] Level 1:colcon.colcon_core.package_identification:_identify(log) by extensions ['ignore', 'ignore_ament_install']
[0.312s] Level 1:colcon.colcon_core.package_identification:_identify(log) by extension 'ignore'
[0.312s] Level 1:colcon.colcon_core.package_identification:_identify(log) ignored
[0.312s] Level 1:colcon.colcon_core.package_identification:_identify(src) by extensions ['ignore', 'ignore_ament_install']
[0.312s] Level 1:colcon.colcon_core.package_identification:_identify(src) by extension 'ignore'
[0.312s] Level 1:colcon.colcon_core.package_identification:_identify(src) by extension 'ignore_ament_install'
[0.312s] Level 1:colcon.colcon_core.package_identification:_identify(src) by extensions ['colcon_pkg']
[0.312s] Level 1:colcon.colcon_core.package_identification:_identify(src) by extension 'colcon_pkg'
[0.312s] Level 1:colcon.colcon_core.package_identification:_identify(src) by extensions ['colcon_meta']
[0.312s] Level 1:colcon.colcon_core.package_identification:_identify(src) by extension 'colcon_meta'
[0.312s] Level 1:colcon.colcon_core.package_identification:_identify(src) by extensions ['ros']
[0.312s] Level 1:colcon.colcon_core.package_identification:_identify(src) by extension 'ros'
[0.312s] Level 1:colcon.colcon_core.package_identification:_identify(src) by extensions ['cmake', 'python']
[0.313s] Level 1:colcon.colcon_core.package_identification:_identify(src) by extension 'cmake'
[0.313s] Level 1:colcon.colcon_core.package_identification:_identify(src) by extension 'python'
[0.313s] Level 1:colcon.colcon_core.package_identification:_identify(src) by extensions ['python_setup_py']
[0.313s] Level 1:colcon.colcon_core.package_identification:_identify(src) by extension 'python_setup_py'
[0.313s] Level 1:colcon.colcon_core.package_identification:_identify(src/vyra_module_interfaces) by extensions ['ignore', 'ignore_ament_install']
[0.313s] Level 1:colcon.colcon_core.package_identification:_identify(src/vyra_module_interfaces) by extension 'ignore'
[0.313s] Level 1:colcon.colcon_core.package_identification:_identify(src/vyra_module_interfaces) by extension 'ignore_ament_install'
[0.313s] Level 1:colcon.colcon_core.package_identification:_identify(src/vyra_module_interfaces) by extensions ['colcon_pkg']
[0.313s] Level 1:colcon.colcon_core.package_identification:_identify(src/vyra_module_interfaces) by extension 'colcon_pkg'
[0.313s] Level 1:colcon.colcon_core.package_identification:_identify(src/vyra_module_interfaces) by extensions ['colcon_meta']
[0.313s] Level 1:colcon.colcon_core.package_identification:_identify(src/vyra_module_interfaces) by extension 'colcon_meta'
[0.313s] Level 1:colcon.colcon_core.package_identification:_identify(src/vyra_module_interfaces) by extensions ['ros']
[0.313s] Level 1:colcon.colcon_core.package_identification:_identify(src/vyra_module_interfaces) by extension 'ros'
[0.317s] DEBUG:colcon.colcon_core.package_identification:Package 'src/vyra_module_interfaces' with type 'ros.ament_cmake' and name 'vyra_module_interfaces'
[0.317s] Level 1:colcon.colcon_core.package_identification:_identify(src/vyra_module_template) by extensions ['ignore', 'ignore_ament_install']
[0.317s] Level 1:colcon.colcon_core.package_identification:_identify(src/vyra_module_template) by extension 'ignore'
[0.317s] Level 1:colcon.colcon_core.package_identification:_identify(src/vyra_module_template) by extension 'ignore_ament_install'
[0.317s] Level 1:colcon.colcon_core.package_identification:_identify(src/vyra_module_template) by extensions ['colcon_pkg']
[0.317s] Level 1:colcon.colcon_core.package_identification:_identify(src/vyra_module_template) by extension 'colcon_pkg'
[0.317s] Level 1:colcon.colcon_core.package_identification:_identify(src/vyra_module_template) by extensions ['colcon_meta']
[0.317s] Level 1:colcon.colcon_core.package_identification:_identify(src/vyra_module_template) by extension 'colcon_meta'
[0.317s] Level 1:colcon.colcon_core.package_identification:_identify(src/vyra_module_template) by extensions ['ros']
[0.317s] Level 1:colcon.colcon_core.package_identification:_identify(src/vyra_module_template) by extension 'ros'
[0.318s] DEBUG:colcon.colcon_core.package_identification:Package 'src/vyra_module_template' with type 'ros.ament_python' and name 'vyra_module_template'
[0.318s] Level 1:colcon.colcon_core.package_identification:_identify(tools) by extensions ['ignore', 'ignore_ament_install']
[0.318s] Level 1:colcon.colcon_core.package_identification:_identify(tools) by extension 'ignore'
[0.319s] Level 1:colcon.colcon_core.package_identification:_identify(tools) by extension 'ignore_ament_install'
[0.319s] Level 1:colcon.colcon_core.package_identification:_identify(tools) by extensions ['colcon_pkg']
[0.319s] Level 1:colcon.colcon_core.package_identification:_identify(tools) by extension 'colcon_pkg'
[0.319s] Level 1:colcon.colcon_core.package_identification:_identify(tools) by extensions ['colcon_meta']
[0.319s] Level 1:colcon.colcon_core.package_identification:_identify(tools) by extension 'colcon_meta'
[0.319s] Level 1:colcon.colcon_core.package_identification:_identify(tools) by extensions ['ros']
[0.319s] Level 1:colcon.colcon_core.package_identification:_identify(tools) by extension 'ros'
[0.319s] Level 1:colcon.colcon_core.package_identification:_identify(tools) by extensions ['cmake', 'python']
[0.319s] Level 1:colcon.colcon_core.package_identification:_identify(tools) by extension 'cmake'
[0.319s] Level 1:colcon.colcon_core.package_identification:_identify(tools) by extension 'python'
[0.319s] Level 1:colcon.colcon_core.package_identification:_identify(tools) by extensions ['python_setup_py']
[0.319s] Level 1:colcon.colcon_core.package_identification:_identify(tools) by extension 'python_setup_py'
[0.319s] Level 1:colcon.colcon_core.package_identification:_identify(wheels) by extensions ['ignore', 'ignore_ament_install']
[0.319s] Level 1:colcon.colcon_core.package_identification:_identify(wheels) by extension 'ignore'
[0.319s] Level 1:colcon.colcon_core.package_identification:_identify(wheels) by extension 'ignore_ament_install'
[0.319s] Level 1:colcon.colcon_core.package_identification:_identify(wheels) by extensions ['colcon_pkg']
[0.319s] Level 1:colcon.colcon_core.package_identification:_identify(wheels) by extension 'colcon_pkg'
[0.320s] Level 1:colcon.colcon_core.package_identification:_identify(wheels) by extensions ['colcon_meta']
[0.320s] Level 1:colcon.colcon_core.package_identification:_identify(wheels) by extension 'colcon_meta'
[0.320s] Level 1:colcon.colcon_core.package_identification:_identify(wheels) by extensions ['ros']
[0.320s] Level 1:colcon.colcon_core.package_identification:_identify(wheels) by extension 'ros'
[0.320s] Level 1:colcon.colcon_core.package_identification:_identify(wheels) by extensions ['cmake', 'python']
[0.320s] Level 1:colcon.colcon_core.package_identification:_identify(wheels) by extension 'cmake'
[0.320s] Level 1:colcon.colcon_core.package_identification:_identify(wheels) by extension 'python'
[0.320s] Level 1:colcon.colcon_core.package_identification:_identify(wheels) by extensions ['python_setup_py']
[0.320s] Level 1:colcon.colcon_core.package_identification:_identify(wheels) by extension 'python_setup_py'
[0.320s] Level 1:colcon.colcon_core.package_discovery:discover_packages(recursive) using defaults
[0.320s] Level 1:colcon.colcon_core.package_discovery:discover_packages(ignore) discover
[0.320s] Level 1:colcon.colcon_core.package_discovery:discover_packages(ignore) using defaults
[0.320s] Level 1:colcon.colcon_core.package_discovery:discover_packages(path) discover
[0.320s] Level 1:colcon.colcon_core.package_discovery:discover_packages(path) using defaults
[0.347s] Level 5:colcon.colcon_core.verb:set package 'vyra_module_interfaces' build argument 'cmake_args' from command line to 'None'
[0.347s] Level 5:colcon.colcon_core.verb:set package 'vyra_module_interfaces' build argument 'cmake_target' from command line to 'None'
[0.347s] Level 5:colcon.colcon_core.verb:set package 'vyra_module_interfaces' build argument 'cmake_target_skip_unavailable' from command line to 'False'
[0.347s] Level 5:colcon.colcon_core.verb:set package 'vyra_module_interfaces' build argument 'cmake_clean_cache' from command line to 'False'
[0.347s] Level 5:colcon.colcon_core.verb:set package 'vyra_module_interfaces' build argument 'cmake_clean_first' from command line to 'False'
[0.347s] Level 5:colcon.colcon_core.verb:set package 'vyra_module_interfaces' build argument 'cmake_force_configure' from command line to 'False'
[0.347s] Level 5:colcon.colcon_core.verb:set package 'vyra_module_interfaces' build argument 'ament_cmake_args' from command line to 'None'
[0.347s] Level 5:colcon.colcon_core.verb:set package 'vyra_module_interfaces' build argument 'catkin_cmake_args' from command line to 'None'
[0.347s] Level 5:colcon.colcon_core.verb:set package 'vyra_module_interfaces' build argument 'catkin_skip_building_tests' from command line to 'False'
[0.347s] DEBUG:colcon.colcon_core.verb:Building package 'vyra_module_interfaces' with the following arguments: {'ament_cmake_args': None, 'build_base': '/workspace/build/vyra_module_interfaces', 'catkin_cmake_args': None, 'catkin_skip_building_tests': False, 'cmake_args': None, 'cmake_clean_cache': False, 'cmake_clean_first': False, 'cmake_force_configure': False, 'cmake_target': None, 'cmake_target_skip_unavailable': False, 'install_base': '/workspace/install/vyra_module_interfaces', 'merge_install': False, 'path': '/workspace/src/vyra_module_interfaces', 'symlink_install': False, 'test_result_base': None}
[0.348s] Level 5:colcon.colcon_core.verb:set package 'vyra_module_template' build argument 'cmake_args' from command line to 'None'
[0.348s] Level 5:colcon.colcon_core.verb:set package 'vyra_module_template' build argument 'cmake_target' from command line to 'None'
[0.348s] Level 5:colcon.colcon_core.verb:set package 'vyra_module_template' build argument 'cmake_target_skip_unavailable' from command line to 'False'
[0.348s] Level 5:colcon.colcon_core.verb:set package 'vyra_module_template' build argument 'cmake_clean_cache' from command line to 'False'
[0.348s] Level 5:colcon.colcon_core.verb:set package 'vyra_module_template' build argument 'cmake_clean_first' from command line to 'False'
[0.348s] Level 5:colcon.colcon_core.verb:set package 'vyra_module_template' build argument 'cmake_force_configure' from command line to 'False'
[0.348s] Level 5:colcon.colcon_core.verb:set package 'vyra_module_template' build argument 'ament_cmake_args' from command line to 'None'
[0.348s] Level 5:colcon.colcon_core.verb:set package 'vyra_module_template' build argument 'catkin_cmake_args' from command line to 'None'
[0.348s] Level 5:colcon.colcon_core.verb:set package 'vyra_module_template' build argument 'catkin_skip_building_tests' from command line to 'False'
[0.348s] DEBUG:colcon.colcon_core.verb:Building package 'vyra_module_template' with the following arguments: {'ament_cmake_args': None, 'build_base': '/workspace/build/vyra_module_template', 'catkin_cmake_args': None, 'catkin_skip_building_tests': False, 'cmake_args': None, 'cmake_clean_cache': False, 'cmake_clean_first': False, 'cmake_force_configure': False, 'cmake_target': None, 'cmake_target_skip_unavailable': False, 'install_base': '/workspace/install/vyra_module_template', 'merge_install': False, 'path': '/workspace/src/vyra_module_template', 'symlink_install': False, 'test_result_base': None}
[0.348s] INFO:colcon.colcon_core.executor:Executing jobs using 'parallel' executor
[0.349s] DEBUG:colcon.colcon_parallel_executor.executor.parallel:run_until_complete
[0.350s] INFO:colcon.colcon_ros.task.ament_cmake.build:Building ROS package in '/workspace/src/vyra_module_interfaces' with build type 'ament_cmake'
[0.350s] INFO:colcon.colcon_cmake.task.cmake.build:Building CMake package in '/workspace/src/vyra_module_interfaces'
[0.355s] INFO:colcon.colcon_core.plugin_system:Skipping extension 'colcon_core.shell.bat': Not used on non-Windows systems
[0.355s] INFO:colcon.colcon_core.shell:Skip shell extension 'powershell' for command environment: Not usable outside of PowerShell
[0.355s] DEBUG:colcon.colcon_core.shell:Skip shell extension 'dsv' for command environment
[0.374s] DEBUG:colcon.colcon_core.event_handler.log_command:Invoking command in '/workspace/build/vyra_module_interfaces': CMAKE_PREFIX_PATH=${CMAKE_PREFIX_PATH}:/workspace/install/vyra_module_template:/opt/ros/humble /usr/bin/cmake --build /workspace/build/vyra_module_interfaces -- -j12 -l12
[2.833s] DEBUG:colcon.colcon_core.event_handler.log_command:Invoked command in '/workspace/build/vyra_module_interfaces' returned '0': CMAKE_PREFIX_PATH=${CMAKE_PREFIX_PATH}:/workspace/install/vyra_module_template:/opt/ros/humble /usr/bin/cmake --build /workspace/build/vyra_module_interfaces -- -j12 -l12
[2.846s] DEBUG:colcon.colcon_core.event_handler.log_command:Invoking command in '/workspace/build/vyra_module_interfaces': CMAKE_PREFIX_PATH=${CMAKE_PREFIX_PATH}:/workspace/install/vyra_module_template:/opt/ros/humble /usr/bin/cmake --install /workspace/build/vyra_module_interfaces
[2.947s] Level 1:colcon.colcon_core.environment:create_environment_scripts_only(vyra_module_interfaces)
[2.951s] DEBUG:colcon.colcon_core.event_handler.log_command:Invoked command in '/workspace/build/vyra_module_interfaces' returned '0': CMAKE_PREFIX_PATH=${CMAKE_PREFIX_PATH}:/workspace/install/vyra_module_template:/opt/ros/humble /usr/bin/cmake --install /workspace/build/vyra_module_interfaces
[2.957s] Level 1:colcon.colcon_core.environment:checking '/workspace/install/vyra_module_interfaces' for CMake module files
[2.958s] Level 1:colcon.colcon_core.environment:checking '/workspace/install/vyra_module_interfaces' for CMake config files
[2.959s] Level 1:colcon.colcon_core.shell:create_environment_hook('vyra_module_interfaces', 'cmake_prefix_path')
[2.959s] INFO:colcon.colcon_core.shell:Creating environment hook '/workspace/install/vyra_module_interfaces/share/vyra_module_interfaces/hook/cmake_prefix_path.ps1'
[2.960s] INFO:colcon.colcon_core.shell:Creating environment descriptor '/workspace/install/vyra_module_interfaces/share/vyra_module_interfaces/hook/cmake_prefix_path.dsv'
[2.962s] INFO:colcon.colcon_core.shell:Creating environment hook '/workspace/install/vyra_module_interfaces/share/vyra_module_interfaces/hook/cmake_prefix_path.sh'
[2.965s] Level 1:colcon.colcon_core.environment:checking '/workspace/install/vyra_module_interfaces/lib'
[2.965s] Level 1:colcon.colcon_core.shell:create_environment_hook('vyra_module_interfaces', 'ld_library_path_lib')
[2.966s] INFO:colcon.colcon_core.shell:Creating environment hook '/workspace/install/vyra_module_interfaces/share/vyra_module_interfaces/hook/ld_library_path_lib.ps1'
[2.967s] INFO:colcon.colcon_core.shell:Creating environment descriptor '/workspace/install/vyra_module_interfaces/share/vyra_module_interfaces/hook/ld_library_path_lib.dsv'
[2.968s] INFO:colcon.colcon_core.shell:Creating environment hook '/workspace/install/vyra_module_interfaces/share/vyra_module_interfaces/hook/ld_library_path_lib.sh'
[2.969s] Level 1:colcon.colcon_core.environment:checking '/workspace/install/vyra_module_interfaces/bin'
[2.969s] Level 1:colcon.colcon_core.environment:checking '/workspace/install/vyra_module_interfaces/lib/pkgconfig/vyra_module_interfaces.pc'
[2.972s] Level 1:colcon.colcon_core.environment:checking '/workspace/install/vyra_module_interfaces/lib/python3.10/site-packages'
[2.973s] Level 1:colcon.colcon_core.environment:checking '/workspace/install/vyra_module_interfaces/bin'
[2.973s] INFO:colcon.colcon_core.shell:Creating package script '/workspace/install/vyra_module_interfaces/share/vyra_module_interfaces/package.ps1'
[2.977s] INFO:colcon.colcon_core.shell:Creating package descriptor '/workspace/install/vyra_module_interfaces/share/vyra_module_interfaces/package.dsv'
[2.979s] INFO:colcon.colcon_core.shell:Creating package script '/workspace/install/vyra_module_interfaces/share/vyra_module_interfaces/package.sh'
[2.982s] INFO:colcon.colcon_core.shell:Creating package script '/workspace/install/vyra_module_interfaces/share/vyra_module_interfaces/package.bash'
[2.984s] INFO:colcon.colcon_core.shell:Creating package script '/workspace/install/vyra_module_interfaces/share/vyra_module_interfaces/package.zsh'
[2.987s] Level 1:colcon.colcon_core.environment:create_file_with_runtime_dependencies(/workspace/install/vyra_module_interfaces/share/colcon-core/packages/vyra_module_interfaces)
[2.989s] Level 1:colcon.colcon_core.environment:create_environment_scripts_only(vyra_module_interfaces)
[2.989s] Level 1:colcon.colcon_core.environment:checking '/workspace/install/vyra_module_interfaces' for CMake module files
[2.991s] Level 1:colcon.colcon_core.environment:checking '/workspace/install/vyra_module_interfaces' for CMake config files
[2.993s] Level 1:colcon.colcon_core.shell:create_environment_hook('vyra_module_interfaces', 'cmake_prefix_path')
[2.993s] INFO:colcon.colcon_core.shell:Creating environment hook '/workspace/install/vyra_module_interfaces/share/vyra_module_interfaces/hook/cmake_prefix_path.ps1'
[2.995s] INFO:colcon.colcon_core.shell:Creating environment descriptor '/workspace/install/vyra_module_interfaces/share/vyra_module_interfaces/hook/cmake_prefix_path.dsv'
[2.996s] INFO:colcon.colcon_core.shell:Creating environment hook '/workspace/install/vyra_module_interfaces/share/vyra_module_interfaces/hook/cmake_prefix_path.sh'
[2.997s] Level 1:colcon.colcon_core.environment:checking '/workspace/install/vyra_module_interfaces/lib'
[2.998s] Level 1:colcon.colcon_core.shell:create_environment_hook('vyra_module_interfaces', 'ld_library_path_lib')
[2.998s] INFO:colcon.colcon_core.shell:Creating environment hook '/workspace/install/vyra_module_interfaces/share/vyra_module_interfaces/hook/ld_library_path_lib.ps1'
[3.000s] INFO:colcon.colcon_core.shell:Creating environment descriptor '/workspace/install/vyra_module_interfaces/share/vyra_module_interfaces/hook/ld_library_path_lib.dsv'
[3.001s] INFO:colcon.colcon_core.shell:Creating environment hook '/workspace/install/vyra_module_interfaces/share/vyra_module_interfaces/hook/ld_library_path_lib.sh'
[3.003s] Level 1:colcon.colcon_core.environment:checking '/workspace/install/vyra_module_interfaces/bin'
[3.003s] Level 1:colcon.colcon_core.environment:checking '/workspace/install/vyra_module_interfaces/lib/pkgconfig/vyra_module_interfaces.pc'
[3.003s] Level 1:colcon.colcon_core.environment:checking '/workspace/install/vyra_module_interfaces/lib/python3.10/site-packages'
[3.004s] Level 1:colcon.colcon_core.environment:checking '/workspace/install/vyra_module_interfaces/bin'
[3.004s] INFO:colcon.colcon_core.shell:Creating package script '/workspace/install/vyra_module_interfaces/share/vyra_module_interfaces/package.ps1'
[3.005s] INFO:colcon.colcon_core.shell:Creating package descriptor '/workspace/install/vyra_module_interfaces/share/vyra_module_interfaces/package.dsv'
[3.006s] INFO:colcon.colcon_core.shell:Creating package script '/workspace/install/vyra_module_interfaces/share/vyra_module_interfaces/package.sh'
[3.006s] INFO:colcon.colcon_core.shell:Creating package script '/workspace/install/vyra_module_interfaces/share/vyra_module_interfaces/package.bash'
[3.007s] INFO:colcon.colcon_core.shell:Creating package script '/workspace/install/vyra_module_interfaces/share/vyra_module_interfaces/package.zsh'
[3.008s] Level 1:colcon.colcon_core.environment:create_file_with_runtime_dependencies(/workspace/install/vyra_module_interfaces/share/colcon-core/packages/vyra_module_interfaces)
[3.008s] INFO:colcon.colcon_ros.task.ament_python.build:Building ROS package in '/workspace/src/vyra_module_template' with build type 'ament_python'
[3.008s] Level 1:colcon.colcon_core.shell:create_environment_hook('vyra_module_template', 'ament_prefix_path')
[3.009s] INFO:colcon.colcon_core.shell:Creating environment hook '/workspace/install/vyra_module_template/share/vyra_module_template/hook/ament_prefix_path.ps1'
[3.010s] INFO:colcon.colcon_core.shell:Creating environment descriptor '/workspace/install/vyra_module_template/share/vyra_module_template/hook/ament_prefix_path.dsv'
[3.011s] INFO:colcon.colcon_core.shell:Creating environment hook '/workspace/install/vyra_module_template/share/vyra_module_template/hook/ament_prefix_path.sh'
[3.011s] INFO:colcon.colcon_core.shell:Skip shell extension 'powershell' for command environment: Not usable outside of PowerShell
[3.011s] DEBUG:colcon.colcon_core.shell:Skip shell extension 'dsv' for command environment
[3.240s] INFO:colcon.colcon_core.task.python.build:Building Python package in '/workspace/src/vyra_module_template'
[3.241s] INFO:colcon.colcon_core.shell:Skip shell extension 'powershell' for command environment: Not usable outside of PowerShell
[3.241s] DEBUG:colcon.colcon_core.shell:Skip shell extension 'dsv' for command environment
[3.646s] DEBUG:colcon.colcon_core.event_handler.log_command:Invoking command in '/workspace/src/vyra_module_template': PYTHONPATH=/workspace/build/vyra_module_template/prefix_override:/usr/lib/python3/dist-packages/colcon_core/task/python/colcon_distutils_commands:/workspace/install/vyra_module_template/lib/python3.10/site-packages:${PYTHONPATH} /usr/bin/python3 -W ignore:setup.py install is deprecated -W ignore:easy_install command is deprecated setup.py egg_info --egg-base ../../build/vyra_module_template build --build-base /workspace/build/vyra_module_template/build install --record /workspace/build/vyra_module_template/install.log --single-version-externally-managed install_data
[4.042s] Level 1:colcon.colcon_core.environment:checking '/workspace/install/vyra_module_template' for CMake module files
[4.043s] DEBUG:colcon.colcon_core.event_handler.log_command:Invoked command in '/workspace/src/vyra_module_template' returned '0': PYTHONPATH=/workspace/build/vyra_module_template/prefix_override:/usr/lib/python3/dist-packages/colcon_core/task/python/colcon_distutils_commands:/workspace/install/vyra_module_template/lib/python3.10/site-packages:${PYTHONPATH} /usr/bin/python3 -W ignore:setup.py install is deprecated -W ignore:easy_install command is deprecated setup.py egg_info --egg-base ../../build/vyra_module_template build --build-base /workspace/build/vyra_module_template/build install --record /workspace/build/vyra_module_template/install.log --single-version-externally-managed install_data
[4.044s] Level 1:colcon.colcon_core.environment:checking '/workspace/install/vyra_module_template' for CMake config files
[4.046s] Level 1:colcon.colcon_core.environment:checking '/workspace/install/vyra_module_template/lib'
[4.046s] Level 1:colcon.colcon_core.environment:checking '/workspace/install/vyra_module_template/bin'
[4.046s] Level 1:colcon.colcon_core.environment:checking '/workspace/install/vyra_module_template/lib/pkgconfig/vyra_module_template.pc'
[4.047s] Level 1:colcon.colcon_core.environment:checking '/workspace/install/vyra_module_template/lib/python3.10/site-packages'
[4.047s] Level 1:colcon.colcon_core.shell:create_environment_hook('vyra_module_template', 'pythonpath')
[4.047s] INFO:colcon.colcon_core.shell:Creating environment hook '/workspace/install/vyra_module_template/share/vyra_module_template/hook/pythonpath.ps1'
[4.049s] INFO:colcon.colcon_core.shell:Creating environment descriptor '/workspace/install/vyra_module_template/share/vyra_module_template/hook/pythonpath.dsv'
[4.050s] INFO:colcon.colcon_core.shell:Creating environment hook '/workspace/install/vyra_module_template/share/vyra_module_template/hook/pythonpath.sh'
[4.051s] Level 1:colcon.colcon_core.environment:checking '/workspace/install/vyra_module_template/bin'
[4.051s] Level 1:colcon.colcon_core.environment:create_environment_scripts_only(vyra_module_template)
[4.052s] INFO:colcon.colcon_core.shell:Creating package script '/workspace/install/vyra_module_template/share/vyra_module_template/package.ps1'
[4.053s] INFO:colcon.colcon_core.shell:Creating package descriptor '/workspace/install/vyra_module_template/share/vyra_module_template/package.dsv'
[4.054s] INFO:colcon.colcon_core.shell:Creating package script '/workspace/install/vyra_module_template/share/vyra_module_template/package.sh'
[4.056s] INFO:colcon.colcon_core.shell:Creating package script '/workspace/install/vyra_module_template/share/vyra_module_template/package.bash'
[4.057s] INFO:colcon.colcon_core.shell:Creating package script '/workspace/install/vyra_module_template/share/vyra_module_template/package.zsh'
[4.058s] Level 1:colcon.colcon_core.environment:create_file_with_runtime_dependencies(/workspace/install/vyra_module_template/share/colcon-core/packages/vyra_module_template)
[4.058s] DEBUG:colcon.colcon_parallel_executor.executor.parallel:closing loop
[4.059s] DEBUG:colcon.colcon_parallel_executor.executor.parallel:loop closed
[4.059s] DEBUG:colcon.colcon_parallel_executor.executor.parallel:run_until_complete finished with '0'
[4.060s] DEBUG:colcon.colcon_core.event_reactor:joining thread
[4.089s] INFO:colcon.colcon_core.plugin_system:Skipping extension 'colcon_notification.desktop_notification.notify_send': Could not find 'notify-send'
[4.089s] INFO:colcon.colcon_core.plugin_system:Skipping extension 'colcon_notification.desktop_notification.terminal_notifier': Not used on non-Darwin systems
[4.089s] INFO:colcon.colcon_core.plugin_system:Skipping extension 'colcon_notification.desktop_notification.win32': Not used on non-Windows systems
[4.089s] INFO:colcon.colcon_notification.desktop_notification:Sending desktop notification using 'notify2'
[4.089s] DEBUG:colcon.colcon_notification.desktop_notification.notify2:Failed to initialize notify2: org.freedesktop.DBus.Error.NotSupported: Unable to autolaunch a dbus-daemon without a $DISPLAY for X11
[4.090s] DEBUG:colcon.colcon_core.event_reactor:joined thread
[4.090s] INFO:colcon.colcon_core.shell:Creating prefix script '/workspace/install/local_setup.ps1'
[4.093s] INFO:colcon.colcon_core.shell:Creating prefix util module '/workspace/install/_local_setup_util_ps1.py'
[4.097s] INFO:colcon.colcon_core.shell:Creating prefix chain script '/workspace/install/setup.ps1'
[4.100s] INFO:colcon.colcon_core.shell:Creating prefix script '/workspace/install/local_setup.sh'
[4.101s] INFO:colcon.colcon_core.shell:Creating prefix util module '/workspace/install/_local_setup_util_sh.py'
[4.103s] INFO:colcon.colcon_core.shell:Creating prefix chain script '/workspace/install/setup.sh'
[4.106s] INFO:colcon.colcon_core.shell:Creating prefix script '/workspace/install/local_setup.bash'
[4.107s] INFO:colcon.colcon_core.shell:Creating prefix chain script '/workspace/install/setup.bash'
[4.110s] INFO:colcon.colcon_core.shell:Creating prefix script '/workspace/install/local_setup.zsh'
[4.112s] INFO:colcon.colcon_core.shell:Creating prefix chain script '/workspace/install/setup.zsh'
