running egg_info
writing ../../build/vyra_module_template/vyra_module_template.egg-info/PKG-INFO
writing dependency_links to ../../build/vyra_module_template/vyra_module_template.egg-info/dependency_links.txt
writing entry points to ../../build/vyra_module_template/vyra_module_template.egg-info/entry_points.txt
writing requirements to ../../build/vyra_module_template/vyra_module_template.egg-info/requires.txt
writing top-level names to ../../build/vyra_module_template/vyra_module_template.egg-info/top_level.txt
reading manifest file '../../build/vyra_module_template/vyra_module_template.egg-info/SOURCES.txt'
writing manifest file '../../build/vyra_module_template/vyra_module_template.egg-info/SOURCES.txt'
running build
running build_py
creating /home/holgder-dach/VYRA/vyra_module_template/build/vyra_module_template/build
creating /home/holgder-dach/VYRA/vyra_module_template/build/vyra_module_template/build/lib
creating /home/holgder-dach/VYRA/vyra_module_template/build/vyra_module_template/build/lib/vyra_module_template
copying vyra_module_template/Core.py -> /home/holgder-dach/VYRA/vyra_module_template/build/vyra_module_template/build/lib/vyra_module_template
copying vyra_module_template/PublisherNode.py -> /home/holgder-dach/VYRA/vyra_module_template/build/vyra_module_template/build/lib/vyra_module_template
copying vyra_module_template/__init__.py -> /home/holgder-dach/VYRA/vyra_module_template/build/vyra_module_template/build/lib/vyra_module_template
copying vyra_module_template/SubscriberNode.py -> /home/holgder-dach/VYRA/vyra_module_template/build/vyra_module_template/build/lib/vyra_module_template
copying vyra_module_template/Template.py -> /home/holgder-dach/VYRA/vyra_module_template/build/vyra_module_template/build/lib/vyra_module_template
running install
running install_lib
creating /home/holgder-dach/VYRA/vyra_module_template/install/vyra_module_template/lib/python3.12/site-packages/vyra_module_template
copying /home/holgder-dach/VYRA/vyra_module_template/build/vyra_module_template/build/lib/vyra_module_template/Core.py -> /home/holgder-dach/VYRA/vyra_module_template/install/vyra_module_template/lib/python3.12/site-packages/vyra_module_template
copying /home/holgder-dach/VYRA/vyra_module_template/build/vyra_module_template/build/lib/vyra_module_template/PublisherNode.py -> /home/holgder-dach/VYRA/vyra_module_template/install/vyra_module_template/lib/python3.12/site-packages/vyra_module_template
copying /home/holgder-dach/VYRA/vyra_module_template/build/vyra_module_template/build/lib/vyra_module_template/__init__.py -> /home/holgder-dach/VYRA/vyra_module_template/install/vyra_module_template/lib/python3.12/site-packages/vyra_module_template
copying /home/holgder-dach/VYRA/vyra_module_template/build/vyra_module_template/build/lib/vyra_module_template/SubscriberNode.py -> /home/holgder-dach/VYRA/vyra_module_template/install/vyra_module_template/lib/python3.12/site-packages/vyra_module_template
copying /home/holgder-dach/VYRA/vyra_module_template/build/vyra_module_template/build/lib/vyra_module_template/Template.py -> /home/holgder-dach/VYRA/vyra_module_template/install/vyra_module_template/lib/python3.12/site-packages/vyra_module_template
byte-compiling /home/holgder-dach/VYRA/vyra_module_template/install/vyra_module_template/lib/python3.12/site-packages/vyra_module_template/Core.py to Core.cpython-312.pyc
byte-compiling /home/holgder-dach/VYRA/vyra_module_template/install/vyra_module_template/lib/python3.12/site-packages/vyra_module_template/PublisherNode.py to PublisherNode.cpython-312.pyc
byte-compiling /home/holgder-dach/VYRA/vyra_module_template/install/vyra_module_template/lib/python3.12/site-packages/vyra_module_template/__init__.py to __init__.cpython-312.pyc
byte-compiling /home/holgder-dach/VYRA/vyra_module_template/install/vyra_module_template/lib/python3.12/site-packages/vyra_module_template/SubscriberNode.py to SubscriberNode.cpython-312.pyc
byte-compiling /home/holgder-dach/VYRA/vyra_module_template/install/vyra_module_template/lib/python3.12/site-packages/vyra_module_template/Template.py to Template.cpython-312.pyc
running install_data
creating /home/holgder-dach/VYRA/vyra_module_template/install/vyra_module_template/share/ament_index
creating /home/holgder-dach/VYRA/vyra_module_template/install/vyra_module_template/share/ament_index/resource_index
creating /home/holgder-dach/VYRA/vyra_module_template/install/vyra_module_template/share/ament_index/resource_index/packages
error: can't copy 'resource/vyra_module_template': doesn't exist or not a regular file
