[1.063s] Invoking command in '/home/holgder-dach/VYRA/vyra_module_template/src/vyra_module_template': AMENT_PREFIX_PATH=/home/holgder-dach/VYRA/vyra_module_template/install/vyra_module_interfaces:${AMENT_PREFIX_PATH} CMAKE_PREFIX_PATH=/home/holgder-dach/VYRA/vyra_module_template/install/vyra_module_interfaces:${CMAKE_PREFIX_PATH} LD_LIBRARY_PATH=/home/holgder-dach/VYRA/vyra_module_template/install/vyra_module_interfaces/lib:/opt/ros/kilted/opt/zenoh_cpp_vendor/lib:/opt/ros/kilted/opt/gz_math_vendor/lib:/opt/ros/kilted/opt/gz_utils_vendor/lib:/opt/ros/kilted/opt/rviz_ogre_vendor/lib:/opt/ros/kilted/lib/x86_64-linux-gnu:/opt/ros/kilted/opt/gz_cmake_vendor/lib:/opt/ros/kilted/lib:/home/holgder-dach/Fast-DDS/install/lib PYTHONPATH=/home/holgder-dach/VYRA/vyra_module_template/build/vyra_module_template/prefix_override:/usr/lib/python3/dist-packages/colcon_core/task/python/colcon_distutils_commands:/home/holgder-dach/VYRA/vyra_module_template/install/vyra_module_template/lib/python3.12/site-packages:/home/holgder-dach/VYRA/vyra_module_template/install/vyra_module_interfaces/lib/python3.12/site-packages:${PYTHONPATH} /usr/bin/python3 -W ignore:setup.py install is deprecated -W ignore:easy_install command is deprecated setup.py egg_info --egg-base ../../build/vyra_module_template build --build-base /home/holgder-dach/VYRA/vyra_module_template/build/vyra_module_template/build install --record /home/holgder-dach/VYRA/vyra_module_template/build/vyra_module_template/install.log --single-version-externally-managed install_data
[1.427s] running egg_info
[1.455s] writing ../../build/vyra_module_template/vyra_module_template.egg-info/PKG-INFO
[1.455s] writing dependency_links to ../../build/vyra_module_template/vyra_module_template.egg-info/dependency_links.txt
[1.455s] writing entry points to ../../build/vyra_module_template/vyra_module_template.egg-info/entry_points.txt
[1.456s] writing requirements to ../../build/vyra_module_template/vyra_module_template.egg-info/requires.txt
[1.456s] writing top-level names to ../../build/vyra_module_template/vyra_module_template.egg-info/top_level.txt
[1.512s] reading manifest file '../../build/vyra_module_template/vyra_module_template.egg-info/SOURCES.txt'
[1.513s] writing manifest file '../../build/vyra_module_template/vyra_module_template.egg-info/SOURCES.txt'
[1.513s] running build
[1.513s] running build_py
[1.514s] creating /home/holgder-dach/VYRA/vyra_module_template/build/vyra_module_template/build
[1.514s] creating /home/holgder-dach/VYRA/vyra_module_template/build/vyra_module_template/build/lib
[1.514s] creating /home/holgder-dach/VYRA/vyra_module_template/build/vyra_module_template/build/lib/vyra_module_template
[1.514s] copying vyra_module_template/Core.py -> /home/holgder-dach/VYRA/vyra_module_template/build/vyra_module_template/build/lib/vyra_module_template
[1.515s] copying vyra_module_template/PublisherNode.py -> /home/holgder-dach/VYRA/vyra_module_template/build/vyra_module_template/build/lib/vyra_module_template
[1.515s] copying vyra_module_template/__init__.py -> /home/holgder-dach/VYRA/vyra_module_template/build/vyra_module_template/build/lib/vyra_module_template
[1.515s] copying vyra_module_template/SubscriberNode.py -> /home/holgder-dach/VYRA/vyra_module_template/build/vyra_module_template/build/lib/vyra_module_template
[1.515s] copying vyra_module_template/Template.py -> /home/holgder-dach/VYRA/vyra_module_template/build/vyra_module_template/build/lib/vyra_module_template
[1.516s] running install
[1.522s] running install_lib
[1.550s] creating /home/holgder-dach/VYRA/vyra_module_template/install/vyra_module_template/lib/python3.12/site-packages/vyra_module_template
[1.551s] copying /home/holgder-dach/VYRA/vyra_module_template/build/vyra_module_template/build/lib/vyra_module_template/Core.py -> /home/holgder-dach/VYRA/vyra_module_template/install/vyra_module_template/lib/python3.12/site-packages/vyra_module_template
[1.551s] copying /home/holgder-dach/VYRA/vyra_module_template/build/vyra_module_template/build/lib/vyra_module_template/PublisherNode.py -> /home/holgder-dach/VYRA/vyra_module_template/install/vyra_module_template/lib/python3.12/site-packages/vyra_module_template
[1.551s] copying /home/holgder-dach/VYRA/vyra_module_template/build/vyra_module_template/build/lib/vyra_module_template/__init__.py -> /home/holgder-dach/VYRA/vyra_module_template/install/vyra_module_template/lib/python3.12/site-packages/vyra_module_template
[1.551s] copying /home/holgder-dach/VYRA/vyra_module_template/build/vyra_module_template/build/lib/vyra_module_template/SubscriberNode.py -> /home/holgder-dach/VYRA/vyra_module_template/install/vyra_module_template/lib/python3.12/site-packages/vyra_module_template
[1.552s] copying /home/holgder-dach/VYRA/vyra_module_template/build/vyra_module_template/build/lib/vyra_module_template/Template.py -> /home/holgder-dach/VYRA/vyra_module_template/install/vyra_module_template/lib/python3.12/site-packages/vyra_module_template
[1.552s] byte-compiling /home/holgder-dach/VYRA/vyra_module_template/install/vyra_module_template/lib/python3.12/site-packages/vyra_module_template/Core.py to Core.cpython-312.pyc
[1.553s] byte-compiling /home/holgder-dach/VYRA/vyra_module_template/install/vyra_module_template/lib/python3.12/site-packages/vyra_module_template/PublisherNode.py to PublisherNode.cpython-312.pyc
[1.553s] byte-compiling /home/holgder-dach/VYRA/vyra_module_template/install/vyra_module_template/lib/python3.12/site-packages/vyra_module_template/__init__.py to __init__.cpython-312.pyc
[1.554s] byte-compiling /home/holgder-dach/VYRA/vyra_module_template/install/vyra_module_template/lib/python3.12/site-packages/vyra_module_template/SubscriberNode.py to SubscriberNode.cpython-312.pyc
[1.554s] byte-compiling /home/holgder-dach/VYRA/vyra_module_template/install/vyra_module_template/lib/python3.12/site-packages/vyra_module_template/Template.py to Template.cpython-312.pyc
[1.555s] running install_data
[1.556s] creating /home/holgder-dach/VYRA/vyra_module_template/install/vyra_module_template/share/ament_index
[1.556s] creating /home/holgder-dach/VYRA/vyra_module_template/install/vyra_module_template/share/ament_index/resource_index
[1.556s] creating /home/holgder-dach/VYRA/vyra_module_template/install/vyra_module_template/share/ament_index/resource_index/packages
[1.556s] error: can't copy 'resource/vyra_module_template': doesn't exist or not a regular file
[1.578s] Invoked command in '/home/holgder-dach/VYRA/vyra_module_template/src/vyra_module_template' returned '1': AMENT_PREFIX_PATH=/home/holgder-dach/VYRA/vyra_module_template/install/vyra_module_interfaces:${AMENT_PREFIX_PATH} CMAKE_PREFIX_PATH=/home/holgder-dach/VYRA/vyra_module_template/install/vyra_module_interfaces:${CMAKE_PREFIX_PATH} LD_LIBRARY_PATH=/home/holgder-dach/VYRA/vyra_module_template/install/vyra_module_interfaces/lib:/opt/ros/kilted/opt/zenoh_cpp_vendor/lib:/opt/ros/kilted/opt/gz_math_vendor/lib:/opt/ros/kilted/opt/gz_utils_vendor/lib:/opt/ros/kilted/opt/rviz_ogre_vendor/lib:/opt/ros/kilted/lib/x86_64-linux-gnu:/opt/ros/kilted/opt/gz_cmake_vendor/lib:/opt/ros/kilted/lib:/home/holgder-dach/Fast-DDS/install/lib PYTHONPATH=/home/holgder-dach/VYRA/vyra_module_template/build/vyra_module_template/prefix_override:/usr/lib/python3/dist-packages/colcon_core/task/python/colcon_distutils_commands:/home/holgder-dach/VYRA/vyra_module_template/install/vyra_module_template/lib/python3.12/site-packages:/home/holgder-dach/VYRA/vyra_module_template/install/vyra_module_interfaces/lib/python3.12/site-packages:${PYTHONPATH} /usr/bin/python3 -W ignore:setup.py install is deprecated -W ignore:easy_install command is deprecated setup.py egg_info --egg-base ../../build/vyra_module_template build --build-base /home/holgder-dach/VYRA/vyra_module_template/build/vyra_module_template/build install --record /home/holgder-dach/VYRA/vyra_module_template/build/vyra_module_template/install.log --single-version-externally-managed install_data
