/workspace/install/vyra_module_template/lib/python3.10/site-packages/vyra_module_template/Core.py
/workspace/install/vyra_module_template/lib/python3.10/site-packages/vyra_module_template/PublisherNode.py
/workspace/install/vyra_module_template/lib/python3.10/site-packages/vyra_module_template/__init__.py
/workspace/install/vyra_module_template/lib/python3.10/site-packages/vyra_module_template/SubscriberNode.py
/workspace/install/vyra_module_template/lib/python3.10/site-packages/vyra_module_template/Template.py
/workspace/install/vyra_module_template/lib/python3.10/site-packages/vyra_module_template/__pycache__/Core.cpython-310.pyc
/workspace/install/vyra_module_template/lib/python3.10/site-packages/vyra_module_template/__pycache__/PublisherNode.cpython-310.pyc
/workspace/install/vyra_module_template/lib/python3.10/site-packages/vyra_module_template/__pycache__/__init__.cpython-310.pyc
/workspace/install/vyra_module_template/lib/python3.10/site-packages/vyra_module_template/__pycache__/SubscriberNode.cpython-310.pyc
/workspace/install/vyra_module_template/lib/python3.10/site-packages/vyra_module_template/__pycache__/Template.cpython-310.pyc
/workspace/install/vyra_module_template/share/ament_index/resource_index/packages/vyra_module_template
/workspace/install/vyra_module_template/share/vyra_module_template/package.xml
/workspace/install/vyra_module_template/lib/python3.10/site-packages/vyra_module_template-0.1.0-py3.10.egg-info/PKG-INFO
/workspace/install/vyra_module_template/lib/python3.10/site-packages/vyra_module_template-0.1.0-py3.10.egg-info/entry_points.txt
/workspace/install/vyra_module_template/lib/python3.10/site-packages/vyra_module_template-0.1.0-py3.10.egg-info/top_level.txt
/workspace/install/vyra_module_template/lib/python3.10/site-packages/vyra_module_template-0.1.0-py3.10.egg-info/requires.txt
/workspace/install/vyra_module_template/lib/python3.10/site-packages/vyra_module_template-0.1.0-py3.10.egg-info/SOURCES.txt
/workspace/install/vyra_module_template/lib/python3.10/site-packages/vyra_module_template-0.1.0-py3.10.egg-info/zip-safe
/workspace/install/vyra_module_template/lib/python3.10/site-packages/vyra_module_template-0.1.0-py3.10.egg-info/dependency_links.txt
/workspace/install/vyra_module_template/lib/vyra_module_template/core
/workspace/install/vyra_module_template/lib/vyra_module_template/listener
/workspace/install/vyra_module_template/lib/vyra_module_template/talker
