-- Found ament_cmake: 1.3.11 (/opt/ros/humble/share/ament_cmake/cmake)
-- Found rosidl_default_generators: 1.2.0 (/opt/ros/humble/share/rosidl_default_generators/cmake)
-- Using all available rosidl_typesupport_c: rosidl_typesupport_fastrtps_c;rosidl_typesupport_introspection_c
-- Found rosidl_adapter: 3.1.6 (/opt/ros/humble/share/rosidl_adapter/cmake)
-- Using all available rosidl_typesupport_cpp: rosidl_typesupport_fastrtps_cpp;rosidl_typesupport_introspection_cpp
-- Found std_msgs: 4.8.0 (/opt/ros/humble/share/std_msgs/cmake)
-- Found ament_cmake_ros: 0.10.0 (/opt/ros/humble/share/ament_cmake_ros/cmake)
-- Using all available rosidl_typesupport_c: rosidl_typesupport_fastrtps_c;rosidl_typesupport_introspection_c
-- Using all available rosidl_typesupport_cpp: rosidl_typesupport_fastrtps_cpp;rosidl_typesupport_introspection_cpp
-- Found python_cmake_module: 0.10.0 (/opt/ros/humble/share/python_cmake_module/cmake)
-- Using PYTHON_EXECUTABLE: /usr/bin/python3
-- Using PYTHON_INCLUDE_DIRS: /usr/include/python3.10
-- Using PYTHON_LIBRARIES: /usr/lib/x86_64-linux-gnu/libpython3.10.so
-- Configuring done
-- Generating done
-- Build files have been written to: /workspace/build/vos_module_interfaces
[35m[1mConsolidate compiler generated dependencies of target vos_module_interfaces__rosidl_generator_c[0m
[ 11%] Built target vos_module_interfaces__rosidl_generator_c
[ 12%] Built target vos_module_interfaces__cpp
[ 12%] Built target ament_cmake_python_copy_vos_module_interfaces
[35m[1mConsolidate compiler generated dependencies of target vos_module_interfaces__rosidl_typesupport_introspection_c[0m
[35m[1mConsolidate compiler generated dependencies of target vos_module_interfaces__rosidl_typesupport_cpp[0m
[35m[1mConsolidate compiler generated dependencies of target vos_module_interfaces__rosidl_typesupport_c[0m
[35m[1mConsolidate compiler generated dependencies of target vos_module_interfaces__rosidl_typesupport_introspection_cpp[0m
[35m[1mConsolidate compiler generated dependencies of target vos_module_interfaces__rosidl_typesupport_fastrtps_c[0m
[35m[1mConsolidate compiler generated dependencies of target vos_module_interfaces__rosidl_typesupport_fastrtps_cpp[0m
[ 24%] Built target vos_module_interfaces__rosidl_typesupport_introspection_c
[ 35%] Built target vos_module_interfaces__rosidl_typesupport_c
[ 47%] Built target vos_module_interfaces__rosidl_typesupport_introspection_cpp
[ 58%] Built target vos_module_interfaces__rosidl_typesupport_cpp
[ 81%] Built target vos_module_interfaces__rosidl_typesupport_fastrtps_cpp
[ 82%] Built target vos_module_interfaces__rosidl_typesupport_fastrtps_c
[ 82%] Built target vos_module_interfaces
[ 83%] Built target vos_module_interfaces__py
[35m[1mConsolidate compiler generated dependencies of target vos_module_interfaces__rosidl_generator_py[0m
[ 93%] Built target vos_module_interfaces__rosidl_generator_py
[35m[1mConsolidate compiler generated dependencies of target vos_module_interfaces__rosidl_typesupport_fastrtps_c__pyext[0m
[35m[1mConsolidate compiler generated dependencies of target vos_module_interfaces__rosidl_typesupport_c__pyext[0m
[35m[1mConsolidate compiler generated dependencies of target vos_module_interfaces__rosidl_typesupport_introspection_c__pyext[0m
[ 95%] Built target vos_module_interfaces__rosidl_typesupport_fastrtps_c__pyext
[ 97%] Built target vos_module_interfaces__rosidl_typesupport_c__pyext
[100%] Built target vos_module_interfaces__rosidl_typesupport_introspection_c__pyext
running egg_info
writing vos_module_interfaces.egg-info/PKG-INFO
writing dependency_links to vos_module_interfaces.egg-info/dependency_links.txt
writing top-level names to vos_module_interfaces.egg-info/top_level.txt
reading manifest file 'vos_module_interfaces.egg-info/SOURCES.txt'
writing manifest file 'vos_module_interfaces.egg-info/SOURCES.txt'
[100%] Built target ament_cmake_python_build_vos_module_interfaces_egg
-- Install configuration: ""
-- Up-to-date: /workspace/install/vos_module_interfaces/share/ament_index/resource_index/rosidl_interfaces/vos_module_interfaces
-- Up-to-date: /workspace/install/vos_module_interfaces/include/vos_module_interfaces/vos_module_interfaces
-- Up-to-date: /workspace/install/vos_module_interfaces/include/vos_module_interfaces/vos_module_interfaces/srv
-- Up-to-date: /workspace/install/vos_module_interfaces/include/vos_module_interfaces/vos_module_interfaces/srv/get_logs.h
-- Up-to-date: /workspace/install/vos_module_interfaces/include/vos_module_interfaces/vos_module_interfaces/srv/health_check.h
-- Up-to-date: /workspace/install/vos_module_interfaces/include/vos_module_interfaces/vos_module_interfaces/srv/detail
-- Up-to-date: /workspace/install/vos_module_interfaces/include/vos_module_interfaces/vos_module_interfaces/srv/detail/get_capabilities__functions.c
-- Up-to-date: /workspace/install/vos_module_interfaces/include/vos_module_interfaces/vos_module_interfaces/srv/detail/get_logs__struct.h
-- Up-to-date: /workspace/install/vos_module_interfaces/include/vos_module_interfaces/vos_module_interfaces/srv/detail/get_logs__functions.c
-- Up-to-date: /workspace/install/vos_module_interfaces/include/vos_module_interfaces/vos_module_interfaces/srv/detail/health_check__functions.h
-- Up-to-date: /workspace/install/vos_module_interfaces/include/vos_module_interfaces/vos_module_interfaces/srv/detail/health_check__functions.c
-- Up-to-date: /workspace/install/vos_module_interfaces/include/vos_module_interfaces/vos_module_interfaces/srv/detail/health_check__struct.h
-- Up-to-date: /workspace/install/vos_module_interfaces/include/vos_module_interfaces/vos_module_interfaces/srv/detail/get_logs__type_support.h
-- Up-to-date: /workspace/install/vos_module_interfaces/include/vos_module_interfaces/vos_module_interfaces/srv/detail/get_capabilities__struct.h
-- Up-to-date: /workspace/install/vos_module_interfaces/include/vos_module_interfaces/vos_module_interfaces/srv/detail/trigger_transition__functions.c
-- Up-to-date: /workspace/install/vos_module_interfaces/include/vos_module_interfaces/vos_module_interfaces/srv/detail/trigger_transition__functions.h
-- Up-to-date: /workspace/install/vos_module_interfaces/include/vos_module_interfaces/vos_module_interfaces/srv/detail/get_capabilities__type_support.h
-- Up-to-date: /workspace/install/vos_module_interfaces/include/vos_module_interfaces/vos_module_interfaces/srv/detail/get_capabilities__functions.h
-- Up-to-date: /workspace/install/vos_module_interfaces/include/vos_module_interfaces/vos_module_interfaces/srv/detail/health_check__type_support.h
-- Up-to-date: /workspace/install/vos_module_interfaces/include/vos_module_interfaces/vos_module_interfaces/srv/detail/trigger_transition__type_support.h
-- Up-to-date: /workspace/install/vos_module_interfaces/include/vos_module_interfaces/vos_module_interfaces/srv/detail/get_logs__functions.h
-- Up-to-date: /workspace/install/vos_module_interfaces/include/vos_module_interfaces/vos_module_interfaces/srv/detail/trigger_transition__struct.h
-- Up-to-date: /workspace/install/vos_module_interfaces/include/vos_module_interfaces/vos_module_interfaces/srv/trigger_transition.h
-- Up-to-date: /workspace/install/vos_module_interfaces/include/vos_module_interfaces/vos_module_interfaces/srv/get_capabilities.h
-- Up-to-date: /workspace/install/vos_module_interfaces/include/vos_module_interfaces/vos_module_interfaces/msg
-- Up-to-date: /workspace/install/vos_module_interfaces/include/vos_module_interfaces/vos_module_interfaces/msg/news_feed.h
-- Up-to-date: /workspace/install/vos_module_interfaces/include/vos_module_interfaces/vos_module_interfaces/msg/rosidl_generator_c__visibility_control.h
-- Up-to-date: /workspace/install/vos_module_interfaces/include/vos_module_interfaces/vos_module_interfaces/msg/error_feed.h
-- Up-to-date: /workspace/install/vos_module_interfaces/include/vos_module_interfaces/vos_module_interfaces/msg/state_feed.h
-- Up-to-date: /workspace/install/vos_module_interfaces/include/vos_module_interfaces/vos_module_interfaces/msg/logger_stream.h
-- Up-to-date: /workspace/install/vos_module_interfaces/include/vos_module_interfaces/vos_module_interfaces/msg/detail
-- Up-to-date: /workspace/install/vos_module_interfaces/include/vos_module_interfaces/vos_module_interfaces/msg/detail/error_feed__functions.h
-- Up-to-date: /workspace/install/vos_module_interfaces/include/vos_module_interfaces/vos_module_interfaces/msg/detail/logger_stream__functions.c
-- Up-to-date: /workspace/install/vos_module_interfaces/include/vos_module_interfaces/vos_module_interfaces/msg/detail/error_feed__struct.h
-- Up-to-date: /workspace/install/vos_module_interfaces/include/vos_module_interfaces/vos_module_interfaces/msg/detail/news_feed__struct.h
-- Up-to-date: /workspace/install/vos_module_interfaces/include/vos_module_interfaces/vos_module_interfaces/msg/detail/logger_stream__functions.h
-- Up-to-date: /workspace/install/vos_module_interfaces/include/vos_module_interfaces/vos_module_interfaces/msg/detail/state_feed__functions.h
-- Up-to-date: /workspace/install/vos_module_interfaces/include/vos_module_interfaces/vos_module_interfaces/msg/detail/news_feed__functions.c
-- Up-to-date: /workspace/install/vos_module_interfaces/include/vos_module_interfaces/vos_module_interfaces/msg/detail/state_feed__struct.h
-- Up-to-date: /workspace/install/vos_module_interfaces/include/vos_module_interfaces/vos_module_interfaces/msg/detail/news_feed__type_support.h
-- Up-to-date: /workspace/install/vos_module_interfaces/include/vos_module_interfaces/vos_module_interfaces/msg/detail/logger_stream__type_support.h
-- Up-to-date: /workspace/install/vos_module_interfaces/include/vos_module_interfaces/vos_module_interfaces/msg/detail/error_feed__functions.c
-- Up-to-date: /workspace/install/vos_module_interfaces/include/vos_module_interfaces/vos_module_interfaces/msg/detail/logger_stream__struct.h
-- Up-to-date: /workspace/install/vos_module_interfaces/include/vos_module_interfaces/vos_module_interfaces/msg/detail/error_feed__type_support.h
-- Up-to-date: /workspace/install/vos_module_interfaces/include/vos_module_interfaces/vos_module_interfaces/msg/detail/state_feed__type_support.h
-- Up-to-date: /workspace/install/vos_module_interfaces/include/vos_module_interfaces/vos_module_interfaces/msg/detail/news_feed__functions.h
-- Up-to-date: /workspace/install/vos_module_interfaces/include/vos_module_interfaces/vos_module_interfaces/msg/detail/state_feed__functions.c
-- Up-to-date: /workspace/install/vos_module_interfaces/include/vos_module_interfaces/vos_module_interfaces/action
-- Up-to-date: /workspace/install/vos_module_interfaces/include/vos_module_interfaces/vos_module_interfaces/action/initiate_update.h
-- Up-to-date: /workspace/install/vos_module_interfaces/include/vos_module_interfaces/vos_module_interfaces/action/detail
-- Up-to-date: /workspace/install/vos_module_interfaces/include/vos_module_interfaces/vos_module_interfaces/action/detail/initiate_update__functions.c
-- Up-to-date: /workspace/install/vos_module_interfaces/include/vos_module_interfaces/vos_module_interfaces/action/detail/initiate_update__struct.h
-- Up-to-date: /workspace/install/vos_module_interfaces/include/vos_module_interfaces/vos_module_interfaces/action/detail/initiate_update__type_support.h
-- Up-to-date: /workspace/install/vos_module_interfaces/include/vos_module_interfaces/vos_module_interfaces/action/detail/initiate_update__functions.h
-- Up-to-date: /workspace/install/vos_module_interfaces/share/vos_module_interfaces/environment/library_path.sh
-- Installing: /workspace/install/vos_module_interfaces/share/vos_module_interfaces/environment/library_path.dsv
-- Up-to-date: /workspace/install/vos_module_interfaces/lib/libvos_module_interfaces__rosidl_generator_c.so
-- Up-to-date: /workspace/install/vos_module_interfaces/include/vos_module_interfaces/vos_module_interfaces
-- Up-to-date: /workspace/install/vos_module_interfaces/include/vos_module_interfaces/vos_module_interfaces/srv
-- Up-to-date: /workspace/install/vos_module_interfaces/include/vos_module_interfaces/vos_module_interfaces/srv/detail
-- Up-to-date: /workspace/install/vos_module_interfaces/include/vos_module_interfaces/vos_module_interfaces/srv/detail/health_check__rosidl_typesupport_fastrtps_c.h
-- Up-to-date: /workspace/install/vos_module_interfaces/include/vos_module_interfaces/vos_module_interfaces/srv/detail/get_capabilities__rosidl_typesupport_fastrtps_c.h
-- Up-to-date: /workspace/install/vos_module_interfaces/include/vos_module_interfaces/vos_module_interfaces/srv/detail/get_logs__rosidl_typesupport_fastrtps_c.h
-- Up-to-date: /workspace/install/vos_module_interfaces/include/vos_module_interfaces/vos_module_interfaces/srv/detail/trigger_transition__rosidl_typesupport_fastrtps_c.h
-- Up-to-date: /workspace/install/vos_module_interfaces/include/vos_module_interfaces/vos_module_interfaces/msg
-- Up-to-date: /workspace/install/vos_module_interfaces/include/vos_module_interfaces/vos_module_interfaces/msg/rosidl_typesupport_fastrtps_c__visibility_control.h
-- Up-to-date: /workspace/install/vos_module_interfaces/include/vos_module_interfaces/vos_module_interfaces/msg/detail
-- Up-to-date: /workspace/install/vos_module_interfaces/include/vos_module_interfaces/vos_module_interfaces/msg/detail/logger_stream__rosidl_typesupport_fastrtps_c.h
-- Up-to-date: /workspace/install/vos_module_interfaces/include/vos_module_interfaces/vos_module_interfaces/msg/detail/news_feed__rosidl_typesupport_fastrtps_c.h
-- Up-to-date: /workspace/install/vos_module_interfaces/include/vos_module_interfaces/vos_module_interfaces/msg/detail/error_feed__rosidl_typesupport_fastrtps_c.h
-- Up-to-date: /workspace/install/vos_module_interfaces/include/vos_module_interfaces/vos_module_interfaces/msg/detail/state_feed__rosidl_typesupport_fastrtps_c.h
-- Up-to-date: /workspace/install/vos_module_interfaces/include/vos_module_interfaces/vos_module_interfaces/action
-- Up-to-date: /workspace/install/vos_module_interfaces/include/vos_module_interfaces/vos_module_interfaces/action/detail
-- Up-to-date: /workspace/install/vos_module_interfaces/include/vos_module_interfaces/vos_module_interfaces/action/detail/initiate_update__rosidl_typesupport_fastrtps_c.h
-- Up-to-date: /workspace/install/vos_module_interfaces/lib/libvos_module_interfaces__rosidl_typesupport_fastrtps_c.so
-- Up-to-date: /workspace/install/vos_module_interfaces/include/vos_module_interfaces/vos_module_interfaces
-- Up-to-date: /workspace/install/vos_module_interfaces/include/vos_module_interfaces/vos_module_interfaces/srv
-- Up-to-date: /workspace/install/vos_module_interfaces/include/vos_module_interfaces/vos_module_interfaces/srv/detail
-- Up-to-date: /workspace/install/vos_module_interfaces/include/vos_module_interfaces/vos_module_interfaces/srv/detail/trigger_transition__rosidl_typesupport_introspection_c.h
-- Up-to-date: /workspace/install/vos_module_interfaces/include/vos_module_interfaces/vos_module_interfaces/srv/detail/get_logs__type_support.c
-- Up-to-date: /workspace/install/vos_module_interfaces/include/vos_module_interfaces/vos_module_interfaces/srv/detail/trigger_transition__type_support.c
-- Up-to-date: /workspace/install/vos_module_interfaces/include/vos_module_interfaces/vos_module_interfaces/srv/detail/get_capabilities__type_support.c
-- Up-to-date: /workspace/install/vos_module_interfaces/include/vos_module_interfaces/vos_module_interfaces/srv/detail/health_check__rosidl_typesupport_introspection_c.h
-- Up-to-date: /workspace/install/vos_module_interfaces/include/vos_module_interfaces/vos_module_interfaces/srv/detail/get_logs__rosidl_typesupport_introspection_c.h
-- Up-to-date: /workspace/install/vos_module_interfaces/include/vos_module_interfaces/vos_module_interfaces/srv/detail/get_capabilities__rosidl_typesupport_introspection_c.h
-- Up-to-date: /workspace/install/vos_module_interfaces/include/vos_module_interfaces/vos_module_interfaces/srv/detail/health_check__type_support.c
-- Up-to-date: /workspace/install/vos_module_interfaces/include/vos_module_interfaces/vos_module_interfaces/msg
-- Up-to-date: /workspace/install/vos_module_interfaces/include/vos_module_interfaces/vos_module_interfaces/msg/rosidl_typesupport_introspection_c__visibility_control.h
-- Up-to-date: /workspace/install/vos_module_interfaces/include/vos_module_interfaces/vos_module_interfaces/msg/detail
-- Up-to-date: /workspace/install/vos_module_interfaces/include/vos_module_interfaces/vos_module_interfaces/msg/detail/error_feed__type_support.c
-- Up-to-date: /workspace/install/vos_module_interfaces/include/vos_module_interfaces/vos_module_interfaces/msg/detail/logger_stream__type_support.c
-- Up-to-date: /workspace/install/vos_module_interfaces/include/vos_module_interfaces/vos_module_interfaces/msg/detail/error_feed__rosidl_typesupport_introspection_c.h
-- Up-to-date: /workspace/install/vos_module_interfaces/include/vos_module_interfaces/vos_module_interfaces/msg/detail/news_feed__type_support.c
-- Up-to-date: /workspace/install/vos_module_interfaces/include/vos_module_interfaces/vos_module_interfaces/msg/detail/news_feed__rosidl_typesupport_introspection_c.h
-- Up-to-date: /workspace/install/vos_module_interfaces/include/vos_module_interfaces/vos_module_interfaces/msg/detail/state_feed__type_support.c
-- Up-to-date: /workspace/install/vos_module_interfaces/include/vos_module_interfaces/vos_module_interfaces/msg/detail/logger_stream__rosidl_typesupport_introspection_c.h
-- Up-to-date: /workspace/install/vos_module_interfaces/include/vos_module_interfaces/vos_module_interfaces/msg/detail/state_feed__rosidl_typesupport_introspection_c.h
-- Up-to-date: /workspace/install/vos_module_interfaces/include/vos_module_interfaces/vos_module_interfaces/action
-- Up-to-date: /workspace/install/vos_module_interfaces/include/vos_module_interfaces/vos_module_interfaces/action/detail
-- Up-to-date: /workspace/install/vos_module_interfaces/include/vos_module_interfaces/vos_module_interfaces/action/detail/initiate_update__rosidl_typesupport_introspection_c.h
-- Up-to-date: /workspace/install/vos_module_interfaces/include/vos_module_interfaces/vos_module_interfaces/action/detail/initiate_update__type_support.c
-- Up-to-date: /workspace/install/vos_module_interfaces/lib/libvos_module_interfaces__rosidl_typesupport_introspection_c.so
-- Up-to-date: /workspace/install/vos_module_interfaces/lib/libvos_module_interfaces__rosidl_typesupport_c.so
-- Up-to-date: /workspace/install/vos_module_interfaces/include/vos_module_interfaces/vos_module_interfaces
-- Up-to-date: /workspace/install/vos_module_interfaces/include/vos_module_interfaces/vos_module_interfaces/srv
-- Up-to-date: /workspace/install/vos_module_interfaces/include/vos_module_interfaces/vos_module_interfaces/srv/get_capabilities.hpp
-- Up-to-date: /workspace/install/vos_module_interfaces/include/vos_module_interfaces/vos_module_interfaces/srv/get_logs.hpp
-- Up-to-date: /workspace/install/vos_module_interfaces/include/vos_module_interfaces/vos_module_interfaces/srv/trigger_transition.hpp
-- Up-to-date: /workspace/install/vos_module_interfaces/include/vos_module_interfaces/vos_module_interfaces/srv/health_check.hpp
-- Up-to-date: /workspace/install/vos_module_interfaces/include/vos_module_interfaces/vos_module_interfaces/srv/detail
-- Up-to-date: /workspace/install/vos_module_interfaces/include/vos_module_interfaces/vos_module_interfaces/srv/detail/get_logs__builder.hpp
-- Up-to-date: /workspace/install/vos_module_interfaces/include/vos_module_interfaces/vos_module_interfaces/srv/detail/trigger_transition__traits.hpp
-- Up-to-date: /workspace/install/vos_module_interfaces/include/vos_module_interfaces/vos_module_interfaces/srv/detail/health_check__traits.hpp
-- Up-to-date: /workspace/install/vos_module_interfaces/include/vos_module_interfaces/vos_module_interfaces/srv/detail/trigger_transition__builder.hpp
-- Up-to-date: /workspace/install/vos_module_interfaces/include/vos_module_interfaces/vos_module_interfaces/srv/detail/get_capabilities__struct.hpp
-- Up-to-date: /workspace/install/vos_module_interfaces/include/vos_module_interfaces/vos_module_interfaces/srv/detail/get_logs__struct.hpp
-- Up-to-date: /workspace/install/vos_module_interfaces/include/vos_module_interfaces/vos_module_interfaces/srv/detail/health_check__type_support.hpp
-- Up-to-date: /workspace/install/vos_module_interfaces/include/vos_module_interfaces/vos_module_interfaces/srv/detail/get_logs__traits.hpp
-- Up-to-date: /workspace/install/vos_module_interfaces/include/vos_module_interfaces/vos_module_interfaces/srv/detail/get_capabilities__traits.hpp
-- Up-to-date: /workspace/install/vos_module_interfaces/include/vos_module_interfaces/vos_module_interfaces/srv/detail/trigger_transition__type_support.hpp
-- Up-to-date: /workspace/install/vos_module_interfaces/include/vos_module_interfaces/vos_module_interfaces/srv/detail/get_logs__type_support.hpp
-- Up-to-date: /workspace/install/vos_module_interfaces/include/vos_module_interfaces/vos_module_interfaces/srv/detail/get_capabilities__builder.hpp
-- Up-to-date: /workspace/install/vos_module_interfaces/include/vos_module_interfaces/vos_module_interfaces/srv/detail/trigger_transition__struct.hpp
-- Up-to-date: /workspace/install/vos_module_interfaces/include/vos_module_interfaces/vos_module_interfaces/srv/detail/get_capabilities__type_support.hpp
-- Up-to-date: /workspace/install/vos_module_interfaces/include/vos_module_interfaces/vos_module_interfaces/srv/detail/health_check__builder.hpp
-- Up-to-date: /workspace/install/vos_module_interfaces/include/vos_module_interfaces/vos_module_interfaces/srv/detail/health_check__struct.hpp
-- Up-to-date: /workspace/install/vos_module_interfaces/include/vos_module_interfaces/vos_module_interfaces/msg
-- Up-to-date: /workspace/install/vos_module_interfaces/include/vos_module_interfaces/vos_module_interfaces/msg/rosidl_generator_cpp__visibility_control.hpp
-- Up-to-date: /workspace/install/vos_module_interfaces/include/vos_module_interfaces/vos_module_interfaces/msg/logger_stream.hpp
-- Up-to-date: /workspace/install/vos_module_interfaces/include/vos_module_interfaces/vos_module_interfaces/msg/state_feed.hpp
-- Up-to-date: /workspace/install/vos_module_interfaces/include/vos_module_interfaces/vos_module_interfaces/msg/news_feed.hpp
-- Up-to-date: /workspace/install/vos_module_interfaces/include/vos_module_interfaces/vos_module_interfaces/msg/detail
-- Up-to-date: /workspace/install/vos_module_interfaces/include/vos_module_interfaces/vos_module_interfaces/msg/detail/news_feed__struct.hpp
-- Up-to-date: /workspace/install/vos_module_interfaces/include/vos_module_interfaces/vos_module_interfaces/msg/detail/error_feed__traits.hpp
-- Up-to-date: /workspace/install/vos_module_interfaces/include/vos_module_interfaces/vos_module_interfaces/msg/detail/state_feed__builder.hpp
-- Up-to-date: /workspace/install/vos_module_interfaces/include/vos_module_interfaces/vos_module_interfaces/msg/detail/logger_stream__traits.hpp
-- Up-to-date: /workspace/install/vos_module_interfaces/include/vos_module_interfaces/vos_module_interfaces/msg/detail/news_feed__builder.hpp
-- Up-to-date: /workspace/install/vos_module_interfaces/include/vos_module_interfaces/vos_module_interfaces/msg/detail/news_feed__type_support.hpp
-- Up-to-date: /workspace/install/vos_module_interfaces/include/vos_module_interfaces/vos_module_interfaces/msg/detail/logger_stream__type_support.hpp
-- Up-to-date: /workspace/install/vos_module_interfaces/include/vos_module_interfaces/vos_module_interfaces/msg/detail/error_feed__type_support.hpp
-- Up-to-date: /workspace/install/vos_module_interfaces/include/vos_module_interfaces/vos_module_interfaces/msg/detail/error_feed__builder.hpp
-- Up-to-date: /workspace/install/vos_module_interfaces/include/vos_module_interfaces/vos_module_interfaces/msg/detail/state_feed__struct.hpp
-- Up-to-date: /workspace/install/vos_module_interfaces/include/vos_module_interfaces/vos_module_interfaces/msg/detail/error_feed__struct.hpp
-- Up-to-date: /workspace/install/vos_module_interfaces/include/vos_module_interfaces/vos_module_interfaces/msg/detail/logger_stream__struct.hpp
-- Up-to-date: /workspace/install/vos_module_interfaces/include/vos_module_interfaces/vos_module_interfaces/msg/detail/news_feed__traits.hpp
-- Up-to-date: /workspace/install/vos_module_interfaces/include/vos_module_interfaces/vos_module_interfaces/msg/detail/state_feed__type_support.hpp
-- Up-to-date: /workspace/install/vos_module_interfaces/include/vos_module_interfaces/vos_module_interfaces/msg/detail/logger_stream__builder.hpp
-- Up-to-date: /workspace/install/vos_module_interfaces/include/vos_module_interfaces/vos_module_interfaces/msg/detail/state_feed__traits.hpp
-- Up-to-date: /workspace/install/vos_module_interfaces/include/vos_module_interfaces/vos_module_interfaces/msg/error_feed.hpp
-- Up-to-date: /workspace/install/vos_module_interfaces/include/vos_module_interfaces/vos_module_interfaces/action
-- Up-to-date: /workspace/install/vos_module_interfaces/include/vos_module_interfaces/vos_module_interfaces/action/initiate_update.hpp
-- Up-to-date: /workspace/install/vos_module_interfaces/include/vos_module_interfaces/vos_module_interfaces/action/detail
-- Up-to-date: /workspace/install/vos_module_interfaces/include/vos_module_interfaces/vos_module_interfaces/action/detail/initiate_update__builder.hpp
-- Up-to-date: /workspace/install/vos_module_interfaces/include/vos_module_interfaces/vos_module_interfaces/action/detail/initiate_update__struct.hpp
-- Up-to-date: /workspace/install/vos_module_interfaces/include/vos_module_interfaces/vos_module_interfaces/action/detail/initiate_update__traits.hpp
-- Up-to-date: /workspace/install/vos_module_interfaces/include/vos_module_interfaces/vos_module_interfaces/action/detail/initiate_update__type_support.hpp
-- Up-to-date: /workspace/install/vos_module_interfaces/include/vos_module_interfaces/vos_module_interfaces
-- Up-to-date: /workspace/install/vos_module_interfaces/include/vos_module_interfaces/vos_module_interfaces/srv
-- Up-to-date: /workspace/install/vos_module_interfaces/include/vos_module_interfaces/vos_module_interfaces/srv/detail
-- Up-to-date: /workspace/install/vos_module_interfaces/include/vos_module_interfaces/vos_module_interfaces/srv/detail/get_logs__rosidl_typesupport_fastrtps_cpp.hpp
-- Up-to-date: /workspace/install/vos_module_interfaces/include/vos_module_interfaces/vos_module_interfaces/srv/detail/trigger_transition__rosidl_typesupport_fastrtps_cpp.hpp
-- Up-to-date: /workspace/install/vos_module_interfaces/include/vos_module_interfaces/vos_module_interfaces/srv/detail/health_check__rosidl_typesupport_fastrtps_cpp.hpp
-- Up-to-date: /workspace/install/vos_module_interfaces/include/vos_module_interfaces/vos_module_interfaces/srv/detail/get_capabilities__rosidl_typesupport_fastrtps_cpp.hpp
-- Up-to-date: /workspace/install/vos_module_interfaces/include/vos_module_interfaces/vos_module_interfaces/srv/detail/dds_fastrtps
-- Up-to-date: /workspace/install/vos_module_interfaces/include/vos_module_interfaces/vos_module_interfaces/msg
-- Up-to-date: /workspace/install/vos_module_interfaces/include/vos_module_interfaces/vos_module_interfaces/msg/rosidl_typesupport_fastrtps_cpp__visibility_control.h
-- Up-to-date: /workspace/install/vos_module_interfaces/include/vos_module_interfaces/vos_module_interfaces/msg/detail
-- Up-to-date: /workspace/install/vos_module_interfaces/include/vos_module_interfaces/vos_module_interfaces/msg/detail/news_feed__rosidl_typesupport_fastrtps_cpp.hpp
-- Up-to-date: /workspace/install/vos_module_interfaces/include/vos_module_interfaces/vos_module_interfaces/msg/detail/error_feed__rosidl_typesupport_fastrtps_cpp.hpp
-- Up-to-date: /workspace/install/vos_module_interfaces/include/vos_module_interfaces/vos_module_interfaces/msg/detail/state_feed__rosidl_typesupport_fastrtps_cpp.hpp
-- Up-to-date: /workspace/install/vos_module_interfaces/include/vos_module_interfaces/vos_module_interfaces/msg/detail/logger_stream__rosidl_typesupport_fastrtps_cpp.hpp
-- Up-to-date: /workspace/install/vos_module_interfaces/include/vos_module_interfaces/vos_module_interfaces/msg/detail/dds_fastrtps
-- Up-to-date: /workspace/install/vos_module_interfaces/include/vos_module_interfaces/vos_module_interfaces/action
-- Up-to-date: /workspace/install/vos_module_interfaces/include/vos_module_interfaces/vos_module_interfaces/action/detail
-- Up-to-date: /workspace/install/vos_module_interfaces/include/vos_module_interfaces/vos_module_interfaces/action/detail/initiate_update__rosidl_typesupport_fastrtps_cpp.hpp
-- Up-to-date: /workspace/install/vos_module_interfaces/include/vos_module_interfaces/vos_module_interfaces/action/detail/dds_fastrtps
-- Up-to-date: /workspace/install/vos_module_interfaces/lib/libvos_module_interfaces__rosidl_typesupport_fastrtps_cpp.so
-- Up-to-date: /workspace/install/vos_module_interfaces/include/vos_module_interfaces/vos_module_interfaces
-- Up-to-date: /workspace/install/vos_module_interfaces/include/vos_module_interfaces/vos_module_interfaces/srv
-- Up-to-date: /workspace/install/vos_module_interfaces/include/vos_module_interfaces/vos_module_interfaces/srv/detail
-- Up-to-date: /workspace/install/vos_module_interfaces/include/vos_module_interfaces/vos_module_interfaces/srv/detail/health_check__type_support.cpp
-- Up-to-date: /workspace/install/vos_module_interfaces/include/vos_module_interfaces/vos_module_interfaces/srv/detail/trigger_transition__rosidl_typesupport_introspection_cpp.hpp
-- Up-to-date: /workspace/install/vos_module_interfaces/include/vos_module_interfaces/vos_module_interfaces/srv/detail/get_capabilities__type_support.cpp
-- Up-to-date: /workspace/install/vos_module_interfaces/include/vos_module_interfaces/vos_module_interfaces/srv/detail/get_logs__type_support.cpp
-- Up-to-date: /workspace/install/vos_module_interfaces/include/vos_module_interfaces/vos_module_interfaces/srv/detail/trigger_transition__type_support.cpp
-- Up-to-date: /workspace/install/vos_module_interfaces/include/vos_module_interfaces/vos_module_interfaces/srv/detail/health_check__rosidl_typesupport_introspection_cpp.hpp
-- Up-to-date: /workspace/install/vos_module_interfaces/include/vos_module_interfaces/vos_module_interfaces/srv/detail/get_capabilities__rosidl_typesupport_introspection_cpp.hpp
-- Up-to-date: /workspace/install/vos_module_interfaces/include/vos_module_interfaces/vos_module_interfaces/srv/detail/get_logs__rosidl_typesupport_introspection_cpp.hpp
-- Up-to-date: /workspace/install/vos_module_interfaces/include/vos_module_interfaces/vos_module_interfaces/msg
-- Up-to-date: /workspace/install/vos_module_interfaces/include/vos_module_interfaces/vos_module_interfaces/msg/detail
-- Up-to-date: /workspace/install/vos_module_interfaces/include/vos_module_interfaces/vos_module_interfaces/msg/detail/logger_stream__type_support.cpp
-- Up-to-date: /workspace/install/vos_module_interfaces/include/vos_module_interfaces/vos_module_interfaces/msg/detail/error_feed__type_support.cpp
-- Up-to-date: /workspace/install/vos_module_interfaces/include/vos_module_interfaces/vos_module_interfaces/msg/detail/state_feed__rosidl_typesupport_introspection_cpp.hpp
-- Up-to-date: /workspace/install/vos_module_interfaces/include/vos_module_interfaces/vos_module_interfaces/msg/detail/logger_stream__rosidl_typesupport_introspection_cpp.hpp
-- Up-to-date: /workspace/install/vos_module_interfaces/include/vos_module_interfaces/vos_module_interfaces/msg/detail/error_feed__rosidl_typesupport_introspection_cpp.hpp
-- Up-to-date: /workspace/install/vos_module_interfaces/include/vos_module_interfaces/vos_module_interfaces/msg/detail/news_feed__rosidl_typesupport_introspection_cpp.hpp
-- Up-to-date: /workspace/install/vos_module_interfaces/include/vos_module_interfaces/vos_module_interfaces/msg/detail/news_feed__type_support.cpp
-- Up-to-date: /workspace/install/vos_module_interfaces/include/vos_module_interfaces/vos_module_interfaces/msg/detail/state_feed__type_support.cpp
-- Up-to-date: /workspace/install/vos_module_interfaces/include/vos_module_interfaces/vos_module_interfaces/action
-- Up-to-date: /workspace/install/vos_module_interfaces/include/vos_module_interfaces/vos_module_interfaces/action/detail
-- Up-to-date: /workspace/install/vos_module_interfaces/include/vos_module_interfaces/vos_module_interfaces/action/detail/initiate_update__type_support.cpp
-- Up-to-date: /workspace/install/vos_module_interfaces/include/vos_module_interfaces/vos_module_interfaces/action/detail/initiate_update__rosidl_typesupport_introspection_cpp.hpp
-- Up-to-date: /workspace/install/vos_module_interfaces/lib/libvos_module_interfaces__rosidl_typesupport_introspection_cpp.so
-- Up-to-date: /workspace/install/vos_module_interfaces/lib/libvos_module_interfaces__rosidl_typesupport_cpp.so
-- Up-to-date: /workspace/install/vos_module_interfaces/share/vos_module_interfaces/environment/pythonpath.sh
-- Installing: /workspace/install/vos_module_interfaces/share/vos_module_interfaces/environment/pythonpath.dsv
-- Up-to-date: /workspace/install/vos_module_interfaces/local/lib/python3.10/dist-packages/vos_module_interfaces-0.1.0-py3.10.egg-info
-- Installing: /workspace/install/vos_module_interfaces/local/lib/python3.10/dist-packages/vos_module_interfaces-0.1.0-py3.10.egg-info/PKG-INFO
-- Installing: /workspace/install/vos_module_interfaces/local/lib/python3.10/dist-packages/vos_module_interfaces-0.1.0-py3.10.egg-info/top_level.txt
-- Installing: /workspace/install/vos_module_interfaces/local/lib/python3.10/dist-packages/vos_module_interfaces-0.1.0-py3.10.egg-info/SOURCES.txt
-- Installing: /workspace/install/vos_module_interfaces/local/lib/python3.10/dist-packages/vos_module_interfaces-0.1.0-py3.10.egg-info/dependency_links.txt
-- Up-to-date: /workspace/install/vos_module_interfaces/local/lib/python3.10/dist-packages/vos_module_interfaces
-- Up-to-date: /workspace/install/vos_module_interfaces/local/lib/python3.10/dist-packages/vos_module_interfaces/srv
-- Up-to-date: /workspace/install/vos_module_interfaces/local/lib/python3.10/dist-packages/vos_module_interfaces/srv/_trigger_transition.py
-- Up-to-date: /workspace/install/vos_module_interfaces/local/lib/python3.10/dist-packages/vos_module_interfaces/srv/_trigger_transition_s.c
-- Up-to-date: /workspace/install/vos_module_interfaces/local/lib/python3.10/dist-packages/vos_module_interfaces/srv/_get_capabilities_s.c
-- Up-to-date: /workspace/install/vos_module_interfaces/local/lib/python3.10/dist-packages/vos_module_interfaces/srv/_get_logs.py
-- Up-to-date: /workspace/install/vos_module_interfaces/local/lib/python3.10/dist-packages/vos_module_interfaces/srv/_get_logs_s.c
-- Up-to-date: /workspace/install/vos_module_interfaces/local/lib/python3.10/dist-packages/vos_module_interfaces/srv/_health_check.py
-- Up-to-date: /workspace/install/vos_module_interfaces/local/lib/python3.10/dist-packages/vos_module_interfaces/srv/_health_check_s.c
-- Up-to-date: /workspace/install/vos_module_interfaces/local/lib/python3.10/dist-packages/vos_module_interfaces/srv/__init__.py
-- Up-to-date: /workspace/install/vos_module_interfaces/local/lib/python3.10/dist-packages/vos_module_interfaces/srv/_get_capabilities.py
-- Up-to-date: /workspace/install/vos_module_interfaces/local/lib/python3.10/dist-packages/vos_module_interfaces/vos_module_interfaces_s__rosidl_typesupport_fastrtps_c.cpython-310-x86_64-linux-gnu.so
-- Up-to-date: /workspace/install/vos_module_interfaces/local/lib/python3.10/dist-packages/vos_module_interfaces/msg
-- Up-to-date: /workspace/install/vos_module_interfaces/local/lib/python3.10/dist-packages/vos_module_interfaces/msg/_state_feed_s.c
-- Up-to-date: /workspace/install/vos_module_interfaces/local/lib/python3.10/dist-packages/vos_module_interfaces/msg/_state_feed.py
-- Up-to-date: /workspace/install/vos_module_interfaces/local/lib/python3.10/dist-packages/vos_module_interfaces/msg/_error_feed.py
-- Up-to-date: /workspace/install/vos_module_interfaces/local/lib/python3.10/dist-packages/vos_module_interfaces/msg/_logger_stream.py
-- Up-to-date: /workspace/install/vos_module_interfaces/local/lib/python3.10/dist-packages/vos_module_interfaces/msg/_news_feed.py
-- Up-to-date: /workspace/install/vos_module_interfaces/local/lib/python3.10/dist-packages/vos_module_interfaces/msg/_news_feed_s.c
-- Up-to-date: /workspace/install/vos_module_interfaces/local/lib/python3.10/dist-packages/vos_module_interfaces/msg/_logger_stream_s.c
-- Up-to-date: /workspace/install/vos_module_interfaces/local/lib/python3.10/dist-packages/vos_module_interfaces/msg/__init__.py
-- Up-to-date: /workspace/install/vos_module_interfaces/local/lib/python3.10/dist-packages/vos_module_interfaces/msg/_error_feed_s.c
-- Up-to-date: /workspace/install/vos_module_interfaces/local/lib/python3.10/dist-packages/vos_module_interfaces/libvos_module_interfaces__rosidl_generator_py.so
-- Up-to-date: /workspace/install/vos_module_interfaces/local/lib/python3.10/dist-packages/vos_module_interfaces/_vos_module_interfaces_s.ep.rosidl_typesupport_fastrtps_c.c
-- Up-to-date: /workspace/install/vos_module_interfaces/local/lib/python3.10/dist-packages/vos_module_interfaces/_vos_module_interfaces_s.ep.rosidl_typesupport_introspection_c.c
-- Up-to-date: /workspace/install/vos_module_interfaces/local/lib/python3.10/dist-packages/vos_module_interfaces/vos_module_interfaces_s__rosidl_typesupport_c.cpython-310-x86_64-linux-gnu.so
-- Up-to-date: /workspace/install/vos_module_interfaces/local/lib/python3.10/dist-packages/vos_module_interfaces/vos_module_interfaces_s__rosidl_typesupport_introspection_c.cpython-310-x86_64-linux-gnu.so
-- Installing: /workspace/install/vos_module_interfaces/local/lib/python3.10/dist-packages/vos_module_interfaces/__init__.py
-- Up-to-date: /workspace/install/vos_module_interfaces/local/lib/python3.10/dist-packages/vos_module_interfaces/_vos_module_interfaces_s.ep.rosidl_typesupport_c.c
-- Up-to-date: /workspace/install/vos_module_interfaces/local/lib/python3.10/dist-packages/vos_module_interfaces/action
-- Up-to-date: /workspace/install/vos_module_interfaces/local/lib/python3.10/dist-packages/vos_module_interfaces/action/_initiate_update.py
-- Up-to-date: /workspace/install/vos_module_interfaces/local/lib/python3.10/dist-packages/vos_module_interfaces/action/_initiate_update_s.c
-- Up-to-date: /workspace/install/vos_module_interfaces/local/lib/python3.10/dist-packages/vos_module_interfaces/action/__init__.py
Listing '/workspace/install/vos_module_interfaces/local/lib/python3.10/dist-packages/vos_module_interfaces'...
Compiling '/workspace/install/vos_module_interfaces/local/lib/python3.10/dist-packages/vos_module_interfaces/__init__.py'...
Listing '/workspace/install/vos_module_interfaces/local/lib/python3.10/dist-packages/vos_module_interfaces/action'...
Listing '/workspace/install/vos_module_interfaces/local/lib/python3.10/dist-packages/vos_module_interfaces/msg'...
Listing '/workspace/install/vos_module_interfaces/local/lib/python3.10/dist-packages/vos_module_interfaces/srv'...
-- Up-to-date: /workspace/install/vos_module_interfaces/local/lib/python3.10/dist-packages/vos_module_interfaces/vos_module_interfaces_s__rosidl_typesupport_fastrtps_c.cpython-310-x86_64-linux-gnu.so
-- Up-to-date: /workspace/install/vos_module_interfaces/local/lib/python3.10/dist-packages/vos_module_interfaces/vos_module_interfaces_s__rosidl_typesupport_introspection_c.cpython-310-x86_64-linux-gnu.so
-- Up-to-date: /workspace/install/vos_module_interfaces/local/lib/python3.10/dist-packages/vos_module_interfaces/vos_module_interfaces_s__rosidl_typesupport_c.cpython-310-x86_64-linux-gnu.so
-- Up-to-date: /workspace/install/vos_module_interfaces/lib/libvos_module_interfaces__rosidl_generator_py.so
-- Up-to-date: /workspace/install/vos_module_interfaces/share/vos_module_interfaces/msg/NewsFeed.idl
-- Up-to-date: /workspace/install/vos_module_interfaces/share/vos_module_interfaces/msg/ErrorFeed.idl
-- Up-to-date: /workspace/install/vos_module_interfaces/share/vos_module_interfaces/msg/LoggerStream.idl
-- Up-to-date: /workspace/install/vos_module_interfaces/share/vos_module_interfaces/msg/StateFeed.idl
-- Up-to-date: /workspace/install/vos_module_interfaces/share/vos_module_interfaces/srv/HealthCheck.idl
-- Up-to-date: /workspace/install/vos_module_interfaces/share/vos_module_interfaces/srv/GetCapabilities.idl
-- Up-to-date: /workspace/install/vos_module_interfaces/share/vos_module_interfaces/srv/TriggerTransition.idl
-- Up-to-date: /workspace/install/vos_module_interfaces/share/vos_module_interfaces/srv/GetLogs.idl
-- Up-to-date: /workspace/install/vos_module_interfaces/share/vos_module_interfaces/action/InitiateUpdate.idl
-- Up-to-date: /workspace/install/vos_module_interfaces/share/vos_module_interfaces/msg/NewsFeed.msg
-- Up-to-date: /workspace/install/vos_module_interfaces/share/vos_module_interfaces/msg/ErrorFeed.msg
-- Up-to-date: /workspace/install/vos_module_interfaces/share/vos_module_interfaces/msg/LoggerStream.msg
-- Up-to-date: /workspace/install/vos_module_interfaces/share/vos_module_interfaces/msg/StateFeed.msg
-- Up-to-date: /workspace/install/vos_module_interfaces/share/vos_module_interfaces/srv/HealthCheck.srv
-- Up-to-date: /workspace/install/vos_module_interfaces/share/vos_module_interfaces/srv/HealthCheck_Request.msg
-- Up-to-date: /workspace/install/vos_module_interfaces/share/vos_module_interfaces/srv/HealthCheck_Response.msg
-- Up-to-date: /workspace/install/vos_module_interfaces/share/vos_module_interfaces/srv/GetCapabilities.srv
-- Up-to-date: /workspace/install/vos_module_interfaces/share/vos_module_interfaces/srv/GetCapabilities_Request.msg
-- Up-to-date: /workspace/install/vos_module_interfaces/share/vos_module_interfaces/srv/GetCapabilities_Response.msg
-- Up-to-date: /workspace/install/vos_module_interfaces/share/vos_module_interfaces/srv/TriggerTransition.srv
-- Up-to-date: /workspace/install/vos_module_interfaces/share/vos_module_interfaces/srv/TriggerTransition_Request.msg
-- Up-to-date: /workspace/install/vos_module_interfaces/share/vos_module_interfaces/srv/TriggerTransition_Response.msg
-- Installing: /workspace/install/vos_module_interfaces/share/vos_module_interfaces/srv/GetLogs.srv
-- Up-to-date: /workspace/install/vos_module_interfaces/share/vos_module_interfaces/srv/GetLogs_Request.msg
-- Up-to-date: /workspace/install/vos_module_interfaces/share/vos_module_interfaces/srv/GetLogs_Response.msg
-- Installing: /workspace/install/vos_module_interfaces/share/vos_module_interfaces/action/InitiateUpdate.action
-- Up-to-date: /workspace/install/vos_module_interfaces/share/vos_module_interfaces/config
-- Up-to-date: /workspace/install/vos_module_interfaces/share/vos_module_interfaces/config/base_metadata.config
-- Up-to-date: /workspace/install/vos_module_interfaces/share/ament_index/resource_index/package_run_dependencies/vos_module_interfaces
-- Up-to-date: /workspace/install/vos_module_interfaces/share/ament_index/resource_index/parent_prefix_path/vos_module_interfaces
-- Up-to-date: /workspace/install/vos_module_interfaces/share/vos_module_interfaces/environment/ament_prefix_path.sh
-- Installing: /workspace/install/vos_module_interfaces/share/vos_module_interfaces/environment/ament_prefix_path.dsv
-- Up-to-date: /workspace/install/vos_module_interfaces/share/vos_module_interfaces/environment/path.sh
-- Installing: /workspace/install/vos_module_interfaces/share/vos_module_interfaces/environment/path.dsv
-- Up-to-date: /workspace/install/vos_module_interfaces/share/vos_module_interfaces/local_setup.bash
-- Up-to-date: /workspace/install/vos_module_interfaces/share/vos_module_interfaces/local_setup.sh
-- Up-to-date: /workspace/install/vos_module_interfaces/share/vos_module_interfaces/local_setup.zsh
-- Installing: /workspace/install/vos_module_interfaces/share/vos_module_interfaces/local_setup.dsv
-- Installing: /workspace/install/vos_module_interfaces/share/vos_module_interfaces/package.dsv
-- Up-to-date: /workspace/install/vos_module_interfaces/share/ament_index/resource_index/packages/vos_module_interfaces
-- Up-to-date: /workspace/install/vos_module_interfaces/share/vos_module_interfaces/cmake/export_vos_module_interfaces__rosidl_generator_cExport.cmake
-- Up-to-date: /workspace/install/vos_module_interfaces/share/vos_module_interfaces/cmake/export_vos_module_interfaces__rosidl_generator_cExport-noconfig.cmake
-- Up-to-date: /workspace/install/vos_module_interfaces/share/vos_module_interfaces/cmake/export_vos_module_interfaces__rosidl_typesupport_fastrtps_cExport.cmake
-- Up-to-date: /workspace/install/vos_module_interfaces/share/vos_module_interfaces/cmake/export_vos_module_interfaces__rosidl_typesupport_fastrtps_cExport-noconfig.cmake
-- Up-to-date: /workspace/install/vos_module_interfaces/share/vos_module_interfaces/cmake/vos_module_interfaces__rosidl_typesupport_introspection_cExport.cmake
-- Up-to-date: /workspace/install/vos_module_interfaces/share/vos_module_interfaces/cmake/vos_module_interfaces__rosidl_typesupport_introspection_cExport-noconfig.cmake
-- Up-to-date: /workspace/install/vos_module_interfaces/share/vos_module_interfaces/cmake/vos_module_interfaces__rosidl_typesupport_cExport.cmake
-- Up-to-date: /workspace/install/vos_module_interfaces/share/vos_module_interfaces/cmake/vos_module_interfaces__rosidl_typesupport_cExport-noconfig.cmake
-- Up-to-date: /workspace/install/vos_module_interfaces/share/vos_module_interfaces/cmake/export_vos_module_interfaces__rosidl_generator_cppExport.cmake
-- Up-to-date: /workspace/install/vos_module_interfaces/share/vos_module_interfaces/cmake/export_vos_module_interfaces__rosidl_typesupport_fastrtps_cppExport.cmake
-- Up-to-date: /workspace/install/vos_module_interfaces/share/vos_module_interfaces/cmake/export_vos_module_interfaces__rosidl_typesupport_fastrtps_cppExport-noconfig.cmake
-- Up-to-date: /workspace/install/vos_module_interfaces/share/vos_module_interfaces/cmake/vos_module_interfaces__rosidl_typesupport_introspection_cppExport.cmake
-- Up-to-date: /workspace/install/vos_module_interfaces/share/vos_module_interfaces/cmake/vos_module_interfaces__rosidl_typesupport_introspection_cppExport-noconfig.cmake
-- Up-to-date: /workspace/install/vos_module_interfaces/share/vos_module_interfaces/cmake/vos_module_interfaces__rosidl_typesupport_cppExport.cmake
-- Up-to-date: /workspace/install/vos_module_interfaces/share/vos_module_interfaces/cmake/vos_module_interfaces__rosidl_typesupport_cppExport-noconfig.cmake
-- Up-to-date: /workspace/install/vos_module_interfaces/share/vos_module_interfaces/cmake/export_vos_module_interfaces__rosidl_generator_pyExport.cmake
-- Up-to-date: /workspace/install/vos_module_interfaces/share/vos_module_interfaces/cmake/export_vos_module_interfaces__rosidl_generator_pyExport-noconfig.cmake
-- Up-to-date: /workspace/install/vos_module_interfaces/share/vos_module_interfaces/cmake/rosidl_cmake-extras.cmake
-- Up-to-date: /workspace/install/vos_module_interfaces/share/vos_module_interfaces/cmake/ament_cmake_export_dependencies-extras.cmake
-- Up-to-date: /workspace/install/vos_module_interfaces/share/vos_module_interfaces/cmake/ament_cmake_export_include_directories-extras.cmake
-- Up-to-date: /workspace/install/vos_module_interfaces/share/vos_module_interfaces/cmake/ament_cmake_export_libraries-extras.cmake
-- Up-to-date: /workspace/install/vos_module_interfaces/share/vos_module_interfaces/cmake/ament_cmake_export_targets-extras.cmake
-- Up-to-date: /workspace/install/vos_module_interfaces/share/vos_module_interfaces/cmake/rosidl_cmake_export_typesupport_targets-extras.cmake
-- Up-to-date: /workspace/install/vos_module_interfaces/share/vos_module_interfaces/cmake/rosidl_cmake_export_typesupport_libraries-extras.cmake
-- Up-to-date: /workspace/install/vos_module_interfaces/share/vos_module_interfaces/cmake/vos_module_interfacesConfig.cmake
-- Up-to-date: /workspace/install/vos_module_interfaces/share/vos_module_interfaces/cmake/vos_module_interfacesConfig-version.cmake
-- Installing: /workspace/install/vos_module_interfaces/share/vos_module_interfaces/package.xml
