[0.152s] DEBUG:colcon:Command line arguments: ['/usr/bin/colcon', 'build']
[0.152s] DEBUG:colcon:Parsed command line arguments: Namespace(log_base=None, log_level=None, verb_name='build', build_base='build', install_base='install', merge_install=False, symlink_install=False, test_result_base=None, continue_on_error=False, executor='parallel', parallel_workers=12, event_handlers=None, ignore_user_meta=False, metas=['./colcon.meta'], base_paths=['.'], packages_ignore=None, packages_ignore_regex=None, paths=None, packages_up_to=None, packages_up_to_regex=None, packages_above=None, packages_above_and_dependencies=None, packages_above_depth=None, packages_select_by_dep=None, packages_skip_by_dep=None, packages_skip_up_to=None, packages_select_build_failed=False, packages_skip_build_finished=False, packages_select_test_failures=False, packages_skip_test_passed=False, packages_select=None, packages_skip=None, packages_select_regex=None, packages_skip_regex=None, packages_start=None, packages_end=None, allow_overriding=[], cmake_args=None, cmake_target=None, cmake_target_skip_unavailable=False, cmake_clean_cache=False, cmake_clean_first=False, cmake_force_configure=False, ament_cmake_args=None, catkin_cmake_args=None, catkin_skip_building_tests=False, mixin_files=None, mixin=None, verb_parser=<colcon_mixin.mixin.mixin_argument.MixinArgumentDecorator object at 0x7f83f66895e0>, verb_extension=<colcon_core.verb.build.BuildVerb object at 0x7f83f66892e0>, main=<bound method BuildVerb.main of <colcon_core.verb.build.BuildVerb object at 0x7f83f66892e0>>, mixin_verb=('build',))
[0.214s] Level 1:colcon.colcon_core.package_discovery:discover_packages(colcon_meta) check parameters
[0.214s] Level 1:colcon.colcon_core.package_discovery:discover_packages(recursive) check parameters
[0.214s] Level 1:colcon.colcon_core.package_discovery:discover_packages(ignore) check parameters
[0.214s] Level 1:colcon.colcon_core.package_discovery:discover_packages(path) check parameters
[0.214s] Level 1:colcon.colcon_core.package_discovery:discover_packages(colcon_meta) discover
[0.214s] Level 1:colcon.colcon_core.package_discovery:discover_packages(recursive) discover
[0.214s] INFO:colcon.colcon_core.package_discovery:Crawling recursively for packages in '/home/holgder-dach/VYRA/vyra_module_template'
[0.214s] Level 1:colcon.colcon_core.package_identification:_identify(.) by extensions ['ignore', 'ignore_ament_install']
[0.214s] Level 1:colcon.colcon_core.package_identification:_identify(.) by extension 'ignore'
[0.214s] Level 1:colcon.colcon_core.package_identification:_identify(.) by extension 'ignore_ament_install'
[0.214s] Level 1:colcon.colcon_core.package_identification:_identify(.) by extensions ['colcon_pkg']
[0.214s] Level 1:colcon.colcon_core.package_identification:_identify(.) by extension 'colcon_pkg'
[0.215s] Level 1:colcon.colcon_core.package_identification:_identify(.) by extensions ['colcon_meta']
[0.215s] Level 1:colcon.colcon_core.package_identification:_identify(.) by extension 'colcon_meta'
[0.215s] Level 1:colcon.colcon_core.package_identification:_identify(.) by extensions ['ros']
[0.215s] Level 1:colcon.colcon_core.package_identification:_identify(.) by extension 'ros'
[0.248s] Level 1:colcon.colcon_core.package_identification:_identify(.) by extensions ['cmake', 'python']
[0.248s] Level 1:colcon.colcon_core.package_identification:_identify(.) by extension 'cmake'
[0.248s] Level 1:colcon.colcon_core.package_identification:_identify(.) by extension 'python'
[0.248s] Level 1:colcon.colcon_core.package_identification:_identify(.) by extensions ['python_setup_py']
[0.248s] Level 1:colcon.colcon_core.package_identification:_identify(.) by extension 'python_setup_py'
[0.248s] Level 1:colcon.colcon_core.package_identification:_identify(build) by extensions ['ignore', 'ignore_ament_install']
[0.248s] Level 1:colcon.colcon_core.package_identification:_identify(build) by extension 'ignore'
[0.248s] Level 1:colcon.colcon_core.package_identification:_identify(build) ignored
[0.248s] Level 1:colcon.colcon_core.package_identification:_identify(install) by extensions ['ignore', 'ignore_ament_install']
[0.248s] Level 1:colcon.colcon_core.package_identification:_identify(install) by extension 'ignore'
[0.248s] Level 1:colcon.colcon_core.package_identification:_identify(install) ignored
[0.248s] Level 1:colcon.colcon_core.package_identification:_identify(log) by extensions ['ignore', 'ignore_ament_install']
[0.249s] Level 1:colcon.colcon_core.package_identification:_identify(log) by extension 'ignore'
[0.249s] Level 1:colcon.colcon_core.package_identification:_identify(log) ignored
[0.249s] Level 1:colcon.colcon_core.package_identification:_identify(src) by extensions ['ignore', 'ignore_ament_install']
[0.249s] Level 1:colcon.colcon_core.package_identification:_identify(src) by extension 'ignore'
[0.249s] Level 1:colcon.colcon_core.package_identification:_identify(src) by extension 'ignore_ament_install'
[0.249s] Level 1:colcon.colcon_core.package_identification:_identify(src) by extensions ['colcon_pkg']
[0.249s] Level 1:colcon.colcon_core.package_identification:_identify(src) by extension 'colcon_pkg'
[0.249s] Level 1:colcon.colcon_core.package_identification:_identify(src) by extensions ['colcon_meta']
[0.249s] Level 1:colcon.colcon_core.package_identification:_identify(src) by extension 'colcon_meta'
[0.249s] Level 1:colcon.colcon_core.package_identification:_identify(src) by extensions ['ros']
[0.249s] Level 1:colcon.colcon_core.package_identification:_identify(src) by extension 'ros'
[0.249s] Level 1:colcon.colcon_core.package_identification:_identify(src) by extensions ['cmake', 'python']
[0.249s] Level 1:colcon.colcon_core.package_identification:_identify(src) by extension 'cmake'
[0.249s] Level 1:colcon.colcon_core.package_identification:_identify(src) by extension 'python'
[0.249s] Level 1:colcon.colcon_core.package_identification:_identify(src) by extensions ['python_setup_py']
[0.249s] Level 1:colcon.colcon_core.package_identification:_identify(src) by extension 'python_setup_py'
[0.249s] Level 1:colcon.colcon_core.package_identification:_identify(src/vyra_module_interfaces) by extensions ['ignore', 'ignore_ament_install']
[0.250s] Level 1:colcon.colcon_core.package_identification:_identify(src/vyra_module_interfaces) by extension 'ignore'
[0.250s] Level 1:colcon.colcon_core.package_identification:_identify(src/vyra_module_interfaces) by extension 'ignore_ament_install'
[0.250s] Level 1:colcon.colcon_core.package_identification:_identify(src/vyra_module_interfaces) by extensions ['colcon_pkg']
[0.250s] Level 1:colcon.colcon_core.package_identification:_identify(src/vyra_module_interfaces) by extension 'colcon_pkg'
[0.250s] Level 1:colcon.colcon_core.package_identification:_identify(src/vyra_module_interfaces) by extensions ['colcon_meta']
[0.250s] Level 1:colcon.colcon_core.package_identification:_identify(src/vyra_module_interfaces) by extension 'colcon_meta'
[0.250s] Level 1:colcon.colcon_core.package_identification:_identify(src/vyra_module_interfaces) by extensions ['ros']
[0.250s] Level 1:colcon.colcon_core.package_identification:_identify(src/vyra_module_interfaces) by extension 'ros'
[0.253s] DEBUG:colcon.colcon_core.package_identification:Package 'src/vyra_module_interfaces' with type 'ros.ament_cmake' and name 'vyra_module_interfaces'
[0.253s] Level 1:colcon.colcon_core.package_identification:_identify(src/vyra_module_template) by extensions ['ignore', 'ignore_ament_install']
[0.254s] Level 1:colcon.colcon_core.package_identification:_identify(src/vyra_module_template) by extension 'ignore'
[0.254s] Level 1:colcon.colcon_core.package_identification:_identify(src/vyra_module_template) by extension 'ignore_ament_install'
[0.254s] Level 1:colcon.colcon_core.package_identification:_identify(src/vyra_module_template) by extensions ['colcon_pkg']
[0.254s] Level 1:colcon.colcon_core.package_identification:_identify(src/vyra_module_template) by extension 'colcon_pkg'
[0.254s] Level 1:colcon.colcon_core.package_identification:_identify(src/vyra_module_template) by extensions ['colcon_meta']
[0.254s] Level 1:colcon.colcon_core.package_identification:_identify(src/vyra_module_template) by extension 'colcon_meta'
[0.254s] Level 1:colcon.colcon_core.package_identification:_identify(src/vyra_module_template) by extensions ['ros']
[0.254s] Level 1:colcon.colcon_core.package_identification:_identify(src/vyra_module_template) by extension 'ros'
[0.255s] DEBUG:colcon.colcon_core.package_identification:Package 'src/vyra_module_template' with type 'ros.ament_python' and name 'vyra_module_template'
[0.255s] Level 1:colcon.colcon_core.package_identification:_identify(tools) by extensions ['ignore', 'ignore_ament_install']
[0.255s] Level 1:colcon.colcon_core.package_identification:_identify(tools) by extension 'ignore'
[0.255s] Level 1:colcon.colcon_core.package_identification:_identify(tools) by extension 'ignore_ament_install'
[0.255s] Level 1:colcon.colcon_core.package_identification:_identify(tools) by extensions ['colcon_pkg']
[0.255s] Level 1:colcon.colcon_core.package_identification:_identify(tools) by extension 'colcon_pkg'
[0.255s] Level 1:colcon.colcon_core.package_identification:_identify(tools) by extensions ['colcon_meta']
[0.255s] Level 1:colcon.colcon_core.package_identification:_identify(tools) by extension 'colcon_meta'
[0.255s] Level 1:colcon.colcon_core.package_identification:_identify(tools) by extensions ['ros']
[0.255s] Level 1:colcon.colcon_core.package_identification:_identify(tools) by extension 'ros'
[0.255s] Level 1:colcon.colcon_core.package_identification:_identify(tools) by extensions ['cmake', 'python']
[0.255s] Level 1:colcon.colcon_core.package_identification:_identify(tools) by extension 'cmake'
[0.255s] Level 1:colcon.colcon_core.package_identification:_identify(tools) by extension 'python'
[0.255s] Level 1:colcon.colcon_core.package_identification:_identify(tools) by extensions ['python_setup_py']
[0.255s] Level 1:colcon.colcon_core.package_identification:_identify(tools) by extension 'python_setup_py'
[0.255s] Level 1:colcon.colcon_core.package_identification:_identify(wheels) by extensions ['ignore', 'ignore_ament_install']
[0.255s] Level 1:colcon.colcon_core.package_identification:_identify(wheels) by extension 'ignore'
[0.256s] Level 1:colcon.colcon_core.package_identification:_identify(wheels) by extension 'ignore_ament_install'
[0.256s] Level 1:colcon.colcon_core.package_identification:_identify(wheels) by extensions ['colcon_pkg']
[0.256s] Level 1:colcon.colcon_core.package_identification:_identify(wheels) by extension 'colcon_pkg'
[0.256s] Level 1:colcon.colcon_core.package_identification:_identify(wheels) by extensions ['colcon_meta']
[0.256s] Level 1:colcon.colcon_core.package_identification:_identify(wheels) by extension 'colcon_meta'
[0.256s] Level 1:colcon.colcon_core.package_identification:_identify(wheels) by extensions ['ros']
[0.256s] Level 1:colcon.colcon_core.package_identification:_identify(wheels) by extension 'ros'
[0.256s] Level 1:colcon.colcon_core.package_identification:_identify(wheels) by extensions ['cmake', 'python']
[0.256s] Level 1:colcon.colcon_core.package_identification:_identify(wheels) by extension 'cmake'
[0.256s] Level 1:colcon.colcon_core.package_identification:_identify(wheels) by extension 'python'
[0.256s] Level 1:colcon.colcon_core.package_identification:_identify(wheels) by extensions ['python_setup_py']
[0.256s] Level 1:colcon.colcon_core.package_identification:_identify(wheels) by extension 'python_setup_py'
[0.256s] Level 1:colcon.colcon_core.package_discovery:discover_packages(recursive) using defaults
[0.256s] Level 1:colcon.colcon_core.package_discovery:discover_packages(ignore) discover
[0.256s] Level 1:colcon.colcon_core.package_discovery:discover_packages(ignore) using defaults
[0.256s] Level 1:colcon.colcon_core.package_discovery:discover_packages(path) discover
[0.256s] Level 1:colcon.colcon_core.package_discovery:discover_packages(path) using defaults
[0.279s] Level 1:colcon.colcon_core.package_discovery:discover_packages(prefix_path) check parameters
[0.279s] Level 1:colcon.colcon_core.package_discovery:discover_packages(prefix_path) discover
[0.283s] DEBUG:colcon.colcon_installed_package_information.package_discovery:Found 289 installed packages in /opt/ros/kilted
[0.284s] Level 1:colcon.colcon_core.package_discovery:discover_packages(prefix_path) using defaults
[0.336s] Level 5:colcon.colcon_core.verb:set package 'vyra_module_interfaces' build argument 'cmake_args' from command line to 'None'
[0.336s] Level 5:colcon.colcon_core.verb:set package 'vyra_module_interfaces' build argument 'cmake_target' from command line to 'None'
[0.336s] Level 5:colcon.colcon_core.verb:set package 'vyra_module_interfaces' build argument 'cmake_target_skip_unavailable' from command line to 'False'
[0.336s] Level 5:colcon.colcon_core.verb:set package 'vyra_module_interfaces' build argument 'cmake_clean_cache' from command line to 'False'
[0.336s] Level 5:colcon.colcon_core.verb:set package 'vyra_module_interfaces' build argument 'cmake_clean_first' from command line to 'False'
[0.336s] Level 5:colcon.colcon_core.verb:set package 'vyra_module_interfaces' build argument 'cmake_force_configure' from command line to 'False'
[0.336s] Level 5:colcon.colcon_core.verb:set package 'vyra_module_interfaces' build argument 'ament_cmake_args' from command line to 'None'
[0.336s] Level 5:colcon.colcon_core.verb:set package 'vyra_module_interfaces' build argument 'catkin_cmake_args' from command line to 'None'
[0.336s] Level 5:colcon.colcon_core.verb:set package 'vyra_module_interfaces' build argument 'catkin_skip_building_tests' from command line to 'False'
[0.336s] DEBUG:colcon.colcon_core.verb:Building package 'vyra_module_interfaces' with the following arguments: {'ament_cmake_args': None, 'build_base': '/home/holgder-dach/VYRA/vyra_module_template/build/vyra_module_interfaces', 'catkin_cmake_args': None, 'catkin_skip_building_tests': False, 'cmake_args': None, 'cmake_clean_cache': False, 'cmake_clean_first': False, 'cmake_force_configure': False, 'cmake_target': None, 'cmake_target_skip_unavailable': False, 'install_base': '/home/holgder-dach/VYRA/vyra_module_template/install/vyra_module_interfaces', 'merge_install': False, 'path': '/home/holgder-dach/VYRA/vyra_module_template/src/vyra_module_interfaces', 'symlink_install': False, 'test_result_base': None}
[0.337s] Level 5:colcon.colcon_core.verb:set package 'vyra_module_template' build argument 'cmake_args' from command line to 'None'
[0.337s] Level 5:colcon.colcon_core.verb:set package 'vyra_module_template' build argument 'cmake_target' from command line to 'None'
[0.337s] Level 5:colcon.colcon_core.verb:set package 'vyra_module_template' build argument 'cmake_target_skip_unavailable' from command line to 'False'
[0.337s] Level 5:colcon.colcon_core.verb:set package 'vyra_module_template' build argument 'cmake_clean_cache' from command line to 'False'
[0.337s] Level 5:colcon.colcon_core.verb:set package 'vyra_module_template' build argument 'cmake_clean_first' from command line to 'False'
[0.337s] Level 5:colcon.colcon_core.verb:set package 'vyra_module_template' build argument 'cmake_force_configure' from command line to 'False'
[0.337s] Level 5:colcon.colcon_core.verb:set package 'vyra_module_template' build argument 'ament_cmake_args' from command line to 'None'
[0.337s] Level 5:colcon.colcon_core.verb:set package 'vyra_module_template' build argument 'catkin_cmake_args' from command line to 'None'
[0.337s] Level 5:colcon.colcon_core.verb:set package 'vyra_module_template' build argument 'catkin_skip_building_tests' from command line to 'False'
[0.337s] DEBUG:colcon.colcon_core.verb:Building package 'vyra_module_template' with the following arguments: {'ament_cmake_args': None, 'build_base': '/home/holgder-dach/VYRA/vyra_module_template/build/vyra_module_template', 'catkin_cmake_args': None, 'catkin_skip_building_tests': False, 'cmake_args': None, 'cmake_clean_cache': False, 'cmake_clean_first': False, 'cmake_force_configure': False, 'cmake_target': None, 'cmake_target_skip_unavailable': False, 'install_base': '/home/holgder-dach/VYRA/vyra_module_template/install/vyra_module_template', 'merge_install': False, 'path': '/home/holgder-dach/VYRA/vyra_module_template/src/vyra_module_template', 'symlink_install': False, 'test_result_base': None}
[0.337s] INFO:colcon.colcon_core.executor:Executing jobs using 'parallel' executor
[0.338s] DEBUG:colcon.colcon_parallel_executor.executor.parallel:run_until_complete
[0.339s] INFO:colcon.colcon_ros.task.ament_cmake.build:Building ROS package in '/home/holgder-dach/VYRA/vyra_module_template/src/vyra_module_interfaces' with build type 'ament_cmake'
[0.339s] INFO:colcon.colcon_cmake.task.cmake.build:Building CMake package in '/home/holgder-dach/VYRA/vyra_module_template/src/vyra_module_interfaces'
[0.342s] INFO:colcon.colcon_core.plugin_system:Skipping extension 'colcon_core.shell.bat': Not used on non-Windows systems
[0.343s] INFO:colcon.colcon_core.shell:Skip shell extension 'powershell' for command environment: Not usable outside of PowerShell
[0.343s] DEBUG:colcon.colcon_core.shell:Skip shell extension 'dsv' for command environment
[0.354s] DEBUG:colcon.colcon_core.event_handler.log_command:Invoking command in '/home/holgder-dach/VYRA/vyra_module_template/build/vyra_module_interfaces': CMAKE_PREFIX_PATH=${CMAKE_PREFIX_PATH}:/opt/ros/kilted /usr/bin/cmake /home/holgder-dach/VYRA/vyra_module_template/src/vyra_module_interfaces -DCMAKE_INSTALL_PREFIX=/home/holgder-dach/VYRA/vyra_module_template/install/vyra_module_interfaces
[5.407s] DEBUG:colcon.colcon_core.event_handler.log_command:Invoked command in '/home/holgder-dach/VYRA/vyra_module_template/build/vyra_module_interfaces' returned '0': CMAKE_PREFIX_PATH=${CMAKE_PREFIX_PATH}:/opt/ros/kilted /usr/bin/cmake /home/holgder-dach/VYRA/vyra_module_template/src/vyra_module_interfaces -DCMAKE_INSTALL_PREFIX=/home/holgder-dach/VYRA/vyra_module_template/install/vyra_module_interfaces
[5.408s] DEBUG:colcon.colcon_core.event_handler.log_command:Invoking command in '/home/holgder-dach/VYRA/vyra_module_template/build/vyra_module_interfaces': CMAKE_PREFIX_PATH=${CMAKE_PREFIX_PATH}:/opt/ros/kilted /usr/bin/cmake --build /home/holgder-dach/VYRA/vyra_module_template/build/vyra_module_interfaces -- -j12 -l12
[16.094s] DEBUG:colcon.colcon_core.event_handler.log_command:Invoked command in '/home/holgder-dach/VYRA/vyra_module_template/build/vyra_module_interfaces' returned '0': CMAKE_PREFIX_PATH=${CMAKE_PREFIX_PATH}:/opt/ros/kilted /usr/bin/cmake --build /home/holgder-dach/VYRA/vyra_module_template/build/vyra_module_interfaces -- -j12 -l12
[16.107s] DEBUG:colcon.colcon_core.event_handler.log_command:Invoking command in '/home/holgder-dach/VYRA/vyra_module_template/build/vyra_module_interfaces': CMAKE_PREFIX_PATH=${CMAKE_PREFIX_PATH}:/opt/ros/kilted /usr/bin/cmake --install /home/holgder-dach/VYRA/vyra_module_template/build/vyra_module_interfaces
[16.284s] Level 1:colcon.colcon_core.environment:create_environment_scripts_only(vyra_module_interfaces)
[16.285s] DEBUG:colcon.colcon_core.event_handler.log_command:Invoked command in '/home/holgder-dach/VYRA/vyra_module_template/build/vyra_module_interfaces' returned '0': CMAKE_PREFIX_PATH=${CMAKE_PREFIX_PATH}:/opt/ros/kilted /usr/bin/cmake --install /home/holgder-dach/VYRA/vyra_module_template/build/vyra_module_interfaces
[16.292s] Level 1:colcon.colcon_core.environment:checking '/home/holgder-dach/VYRA/vyra_module_template/install/vyra_module_interfaces' for CMake module files
[16.295s] Level 1:colcon.colcon_core.environment:checking '/home/holgder-dach/VYRA/vyra_module_template/install/vyra_module_interfaces' for CMake config files
[16.296s] Level 1:colcon.colcon_core.shell:create_environment_hook('vyra_module_interfaces', 'cmake_prefix_path')
[16.297s] INFO:colcon.colcon_core.shell:Creating environment hook '/home/holgder-dach/VYRA/vyra_module_template/install/vyra_module_interfaces/share/vyra_module_interfaces/hook/cmake_prefix_path.ps1'
[16.298s] INFO:colcon.colcon_core.shell:Creating environment descriptor '/home/holgder-dach/VYRA/vyra_module_template/install/vyra_module_interfaces/share/vyra_module_interfaces/hook/cmake_prefix_path.dsv'
[16.300s] INFO:colcon.colcon_core.shell:Creating environment hook '/home/holgder-dach/VYRA/vyra_module_template/install/vyra_module_interfaces/share/vyra_module_interfaces/hook/cmake_prefix_path.sh'
[16.302s] Level 1:colcon.colcon_core.environment:checking '/home/holgder-dach/VYRA/vyra_module_template/install/vyra_module_interfaces/lib'
[16.302s] Level 1:colcon.colcon_core.shell:create_environment_hook('vyra_module_interfaces', 'ld_library_path_lib')
[16.303s] INFO:colcon.colcon_core.shell:Creating environment hook '/home/holgder-dach/VYRA/vyra_module_template/install/vyra_module_interfaces/share/vyra_module_interfaces/hook/ld_library_path_lib.ps1'
[16.303s] INFO:colcon.colcon_core.shell:Creating environment descriptor '/home/holgder-dach/VYRA/vyra_module_template/install/vyra_module_interfaces/share/vyra_module_interfaces/hook/ld_library_path_lib.dsv'
[16.304s] INFO:colcon.colcon_core.shell:Creating environment hook '/home/holgder-dach/VYRA/vyra_module_template/install/vyra_module_interfaces/share/vyra_module_interfaces/hook/ld_library_path_lib.sh'
[16.305s] Level 1:colcon.colcon_core.environment:checking '/home/holgder-dach/VYRA/vyra_module_template/install/vyra_module_interfaces/bin'
[16.305s] Level 1:colcon.colcon_core.environment:checking '/home/holgder-dach/VYRA/vyra_module_template/install/vyra_module_interfaces/lib/pkgconfig/vyra_module_interfaces.pc'
[16.306s] Level 1:colcon.colcon_core.environment:checking '/home/holgder-dach/VYRA/vyra_module_template/install/vyra_module_interfaces/lib/python3.12/site-packages'
[16.306s] Level 1:colcon.colcon_core.shell:create_environment_hook('vyra_module_interfaces', 'pythonpath')
[16.307s] INFO:colcon.colcon_core.shell:Creating environment hook '/home/holgder-dach/VYRA/vyra_module_template/install/vyra_module_interfaces/share/vyra_module_interfaces/hook/pythonpath.ps1'
[16.307s] INFO:colcon.colcon_core.shell:Creating environment descriptor '/home/holgder-dach/VYRA/vyra_module_template/install/vyra_module_interfaces/share/vyra_module_interfaces/hook/pythonpath.dsv'
[16.308s] INFO:colcon.colcon_core.shell:Creating environment hook '/home/holgder-dach/VYRA/vyra_module_template/install/vyra_module_interfaces/share/vyra_module_interfaces/hook/pythonpath.sh'
[16.309s] Level 1:colcon.colcon_core.environment:checking '/home/holgder-dach/VYRA/vyra_module_template/install/vyra_module_interfaces/bin'
[16.310s] INFO:colcon.colcon_core.shell:Creating package script '/home/holgder-dach/VYRA/vyra_module_template/install/vyra_module_interfaces/share/vyra_module_interfaces/package.ps1'
[16.312s] INFO:colcon.colcon_core.shell:Creating package descriptor '/home/holgder-dach/VYRA/vyra_module_template/install/vyra_module_interfaces/share/vyra_module_interfaces/package.dsv'
[16.314s] INFO:colcon.colcon_core.shell:Creating package script '/home/holgder-dach/VYRA/vyra_module_template/install/vyra_module_interfaces/share/vyra_module_interfaces/package.sh'
[16.316s] INFO:colcon.colcon_core.shell:Creating package script '/home/holgder-dach/VYRA/vyra_module_template/install/vyra_module_interfaces/share/vyra_module_interfaces/package.bash'
[16.317s] INFO:colcon.colcon_core.shell:Creating package script '/home/holgder-dach/VYRA/vyra_module_template/install/vyra_module_interfaces/share/vyra_module_interfaces/package.zsh'
[16.319s] Level 1:colcon.colcon_core.environment:create_file_with_runtime_dependencies(/home/holgder-dach/VYRA/vyra_module_template/install/vyra_module_interfaces/share/colcon-core/packages/vyra_module_interfaces)
[16.320s] Level 1:colcon.colcon_core.environment:create_environment_scripts_only(vyra_module_interfaces)
[16.321s] Level 1:colcon.colcon_core.environment:checking '/home/holgder-dach/VYRA/vyra_module_template/install/vyra_module_interfaces' for CMake module files
[16.323s] Level 1:colcon.colcon_core.environment:checking '/home/holgder-dach/VYRA/vyra_module_template/install/vyra_module_interfaces' for CMake config files
[16.325s] Level 1:colcon.colcon_core.shell:create_environment_hook('vyra_module_interfaces', 'cmake_prefix_path')
[16.325s] INFO:colcon.colcon_core.shell:Creating environment hook '/home/holgder-dach/VYRA/vyra_module_template/install/vyra_module_interfaces/share/vyra_module_interfaces/hook/cmake_prefix_path.ps1'
[16.326s] INFO:colcon.colcon_core.shell:Creating environment descriptor '/home/holgder-dach/VYRA/vyra_module_template/install/vyra_module_interfaces/share/vyra_module_interfaces/hook/cmake_prefix_path.dsv'
[16.327s] INFO:colcon.colcon_core.shell:Creating environment hook '/home/holgder-dach/VYRA/vyra_module_template/install/vyra_module_interfaces/share/vyra_module_interfaces/hook/cmake_prefix_path.sh'
[16.328s] Level 1:colcon.colcon_core.environment:checking '/home/holgder-dach/VYRA/vyra_module_template/install/vyra_module_interfaces/lib'
[16.328s] Level 1:colcon.colcon_core.shell:create_environment_hook('vyra_module_interfaces', 'ld_library_path_lib')
[16.329s] INFO:colcon.colcon_core.shell:Creating environment hook '/home/holgder-dach/VYRA/vyra_module_template/install/vyra_module_interfaces/share/vyra_module_interfaces/hook/ld_library_path_lib.ps1'
[16.330s] INFO:colcon.colcon_core.shell:Creating environment descriptor '/home/holgder-dach/VYRA/vyra_module_template/install/vyra_module_interfaces/share/vyra_module_interfaces/hook/ld_library_path_lib.dsv'
[16.331s] INFO:colcon.colcon_core.shell:Creating environment hook '/home/holgder-dach/VYRA/vyra_module_template/install/vyra_module_interfaces/share/vyra_module_interfaces/hook/ld_library_path_lib.sh'
[16.332s] Level 1:colcon.colcon_core.environment:checking '/home/holgder-dach/VYRA/vyra_module_template/install/vyra_module_interfaces/bin'
[16.332s] Level 1:colcon.colcon_core.environment:checking '/home/holgder-dach/VYRA/vyra_module_template/install/vyra_module_interfaces/lib/pkgconfig/vyra_module_interfaces.pc'
[16.333s] Level 1:colcon.colcon_core.environment:checking '/home/holgder-dach/VYRA/vyra_module_template/install/vyra_module_interfaces/lib/python3.12/site-packages'
[16.333s] Level 1:colcon.colcon_core.shell:create_environment_hook('vyra_module_interfaces', 'pythonpath')
[16.333s] INFO:colcon.colcon_core.shell:Creating environment hook '/home/holgder-dach/VYRA/vyra_module_template/install/vyra_module_interfaces/share/vyra_module_interfaces/hook/pythonpath.ps1'
[16.334s] INFO:colcon.colcon_core.shell:Creating environment descriptor '/home/holgder-dach/VYRA/vyra_module_template/install/vyra_module_interfaces/share/vyra_module_interfaces/hook/pythonpath.dsv'
[16.335s] INFO:colcon.colcon_core.shell:Creating environment hook '/home/holgder-dach/VYRA/vyra_module_template/install/vyra_module_interfaces/share/vyra_module_interfaces/hook/pythonpath.sh'
[16.336s] Level 1:colcon.colcon_core.environment:checking '/home/holgder-dach/VYRA/vyra_module_template/install/vyra_module_interfaces/bin'
[16.337s] INFO:colcon.colcon_core.shell:Creating package script '/home/holgder-dach/VYRA/vyra_module_template/install/vyra_module_interfaces/share/vyra_module_interfaces/package.ps1'
[16.338s] INFO:colcon.colcon_core.shell:Creating package descriptor '/home/holgder-dach/VYRA/vyra_module_template/install/vyra_module_interfaces/share/vyra_module_interfaces/package.dsv'
[16.339s] INFO:colcon.colcon_core.shell:Creating package script '/home/holgder-dach/VYRA/vyra_module_template/install/vyra_module_interfaces/share/vyra_module_interfaces/package.sh'
[16.340s] INFO:colcon.colcon_core.shell:Creating package script '/home/holgder-dach/VYRA/vyra_module_template/install/vyra_module_interfaces/share/vyra_module_interfaces/package.bash'
[16.340s] INFO:colcon.colcon_core.shell:Creating package script '/home/holgder-dach/VYRA/vyra_module_template/install/vyra_module_interfaces/share/vyra_module_interfaces/package.zsh'
[16.341s] Level 1:colcon.colcon_core.environment:create_file_with_runtime_dependencies(/home/holgder-dach/VYRA/vyra_module_template/install/vyra_module_interfaces/share/colcon-core/packages/vyra_module_interfaces)
[16.341s] INFO:colcon.colcon_ros.task.ament_python.build:Building ROS package in '/home/holgder-dach/VYRA/vyra_module_template/src/vyra_module_template' with build type 'ament_python'
[16.341s] Level 1:colcon.colcon_core.shell:create_environment_hook('vyra_module_template', 'ament_prefix_path')
[16.341s] INFO:colcon.colcon_core.shell:Creating environment hook '/home/holgder-dach/VYRA/vyra_module_template/install/vyra_module_template/share/vyra_module_template/hook/ament_prefix_path.ps1'
[16.343s] INFO:colcon.colcon_core.shell:Creating environment descriptor '/home/holgder-dach/VYRA/vyra_module_template/install/vyra_module_template/share/vyra_module_template/hook/ament_prefix_path.dsv'
[16.343s] INFO:colcon.colcon_core.shell:Creating environment hook '/home/holgder-dach/VYRA/vyra_module_template/install/vyra_module_template/share/vyra_module_template/hook/ament_prefix_path.sh'
[16.344s] INFO:colcon.colcon_core.shell:Skip shell extension 'powershell' for command environment: Not usable outside of PowerShell
[16.344s] DEBUG:colcon.colcon_core.shell:Skip shell extension 'dsv' for command environment
[16.619s] INFO:colcon.colcon_core.task.python.build:Building Python package in '/home/holgder-dach/VYRA/vyra_module_template/src/vyra_module_template'
[16.619s] INFO:colcon.colcon_core.shell:Skip shell extension 'powershell' for command environment: Not usable outside of PowerShell
[16.619s] DEBUG:colcon.colcon_core.shell:Skip shell extension 'dsv' for command environment
[17.512s] DEBUG:colcon.colcon_core.event_handler.log_command:Invoking command in '/home/holgder-dach/VYRA/vyra_module_template/src/vyra_module_template': AMENT_PREFIX_PATH=/home/holgder-dach/VYRA/vyra_module_template/install/vyra_module_interfaces:${AMENT_PREFIX_PATH} CMAKE_PREFIX_PATH=/home/holgder-dach/VYRA/vyra_module_template/install/vyra_module_interfaces:${CMAKE_PREFIX_PATH} LD_LIBRARY_PATH=/home/holgder-dach/VYRA/vyra_module_template/install/vyra_module_interfaces/lib:/opt/ros/kilted/opt/zenoh_cpp_vendor/lib:/opt/ros/kilted/opt/gz_math_vendor/lib:/opt/ros/kilted/opt/gz_utils_vendor/lib:/opt/ros/kilted/opt/rviz_ogre_vendor/lib:/opt/ros/kilted/lib/x86_64-linux-gnu:/opt/ros/kilted/opt/gz_cmake_vendor/lib:/opt/ros/kilted/lib:/home/holgder-dach/Fast-DDS/install/lib PYTHONPATH=/home/holgder-dach/VYRA/vyra_module_template/build/vyra_module_template/prefix_override:/usr/lib/python3/dist-packages/colcon_core/task/python/colcon_distutils_commands:/home/holgder-dach/VYRA/vyra_module_template/install/vyra_module_template/lib/python3.12/site-packages:/home/holgder-dach/VYRA/vyra_module_template/install/vyra_module_interfaces/lib/python3.12/site-packages:${PYTHONPATH} /usr/bin/python3 -W ignore:setup.py install is deprecated -W ignore:easy_install command is deprecated setup.py egg_info --egg-base ../../build/vyra_module_template build --build-base /home/holgder-dach/VYRA/vyra_module_template/build/vyra_module_template/build install --record /home/holgder-dach/VYRA/vyra_module_template/build/vyra_module_template/install.log --single-version-externally-managed install_data
[17.947s] DEBUG:colcon.colcon_core.event_handler.log_command:Invoked command in '/home/holgder-dach/VYRA/vyra_module_template/src/vyra_module_template' returned '1': AMENT_PREFIX_PATH=/home/holgder-dach/VYRA/vyra_module_template/install/vyra_module_interfaces:${AMENT_PREFIX_PATH} CMAKE_PREFIX_PATH=/home/holgder-dach/VYRA/vyra_module_template/install/vyra_module_interfaces:${CMAKE_PREFIX_PATH} LD_LIBRARY_PATH=/home/holgder-dach/VYRA/vyra_module_template/install/vyra_module_interfaces/lib:/opt/ros/kilted/opt/zenoh_cpp_vendor/lib:/opt/ros/kilted/opt/gz_math_vendor/lib:/opt/ros/kilted/opt/gz_utils_vendor/lib:/opt/ros/kilted/opt/rviz_ogre_vendor/lib:/opt/ros/kilted/lib/x86_64-linux-gnu:/opt/ros/kilted/opt/gz_cmake_vendor/lib:/opt/ros/kilted/lib:/home/holgder-dach/Fast-DDS/install/lib PYTHONPATH=/home/holgder-dach/VYRA/vyra_module_template/build/vyra_module_template/prefix_override:/usr/lib/python3/dist-packages/colcon_core/task/python/colcon_distutils_commands:/home/holgder-dach/VYRA/vyra_module_template/install/vyra_module_template/lib/python3.12/site-packages:/home/holgder-dach/VYRA/vyra_module_template/install/vyra_module_interfaces/lib/python3.12/site-packages:${PYTHONPATH} /usr/bin/python3 -W ignore:setup.py install is deprecated -W ignore:easy_install command is deprecated setup.py egg_info --egg-base ../../build/vyra_module_template build --build-base /home/holgder-dach/VYRA/vyra_module_template/build/vyra_module_template/build install --record /home/holgder-dach/VYRA/vyra_module_template/build/vyra_module_template/install.log --single-version-externally-managed install_data
[17.957s] DEBUG:colcon.colcon_parallel_executor.executor.parallel:closing loop
[17.957s] DEBUG:colcon.colcon_parallel_executor.executor.parallel:loop closed
[17.957s] DEBUG:colcon.colcon_parallel_executor.executor.parallel:run_until_complete finished with '1'
[17.957s] DEBUG:colcon.colcon_core.event_reactor:joining thread
[17.972s] INFO:colcon.colcon_core.plugin_system:Skipping extension 'colcon_notification.desktop_notification.terminal_notifier': Not used on non-Darwin systems
[17.973s] INFO:colcon.colcon_core.plugin_system:Skipping extension 'colcon_notification.desktop_notification.win32': Not used on non-Windows systems
[17.973s] INFO:colcon.colcon_notification.desktop_notification:Sending desktop notification using 'notify2'
[17.999s] DEBUG:colcon.colcon_core.event_reactor:joined thread
[18.000s] INFO:colcon.colcon_core.shell:Creating prefix script '/home/holgder-dach/VYRA/vyra_module_template/install/local_setup.ps1'
[18.002s] INFO:colcon.colcon_core.shell:Creating prefix util module '/home/holgder-dach/VYRA/vyra_module_template/install/_local_setup_util_ps1.py'
[18.005s] INFO:colcon.colcon_core.shell:Creating prefix chain script '/home/holgder-dach/VYRA/vyra_module_template/install/setup.ps1'
[18.007s] INFO:colcon.colcon_core.shell:Creating prefix script '/home/holgder-dach/VYRA/vyra_module_template/install/local_setup.sh'
[18.009s] INFO:colcon.colcon_core.shell:Creating prefix util module '/home/holgder-dach/VYRA/vyra_module_template/install/_local_setup_util_sh.py'
[18.010s] INFO:colcon.colcon_core.shell:Creating prefix chain script '/home/holgder-dach/VYRA/vyra_module_template/install/setup.sh'
[18.012s] INFO:colcon.colcon_core.shell:Creating prefix script '/home/holgder-dach/VYRA/vyra_module_template/install/local_setup.bash'
[18.013s] INFO:colcon.colcon_core.shell:Creating prefix chain script '/home/holgder-dach/VYRA/vyra_module_template/install/setup.bash'
[18.016s] INFO:colcon.colcon_core.shell:Creating prefix script '/home/holgder-dach/VYRA/vyra_module_template/install/local_setup.zsh'
[18.017s] INFO:colcon.colcon_core.shell:Creating prefix chain script '/home/holgder-dach/VYRA/vyra_module_template/install/setup.zsh'
