[0.013s] Invoking command in '/workspace/build/vyra_module_interfaces': CMAKE_PREFIX_PATH=${CMAKE_PREFIX_PATH}:/workspace/install/vyra_module_template:/opt/ros/humble /usr/bin/cmake --build /workspace/build/vyra_module_interfaces -- -j12 -l12
[0.081s] [  1%] Built target vyra_module_interfaces__cpp
[0.087s] [ 12%] Built target vyra_module_interfaces__rosidl_generator_c
[0.101s] [ 12%] Built target ament_cmake_python_copy_vyra_module_interfaces
[0.117s] [ 35%] Built target vyra_module_interfaces__rosidl_typesupport_cpp
[0.117s] [ 35%] Built target vyra_module_interfaces__rosidl_typesupport_fastrtps_cpp
[0.122s] [ 47%] Built target vyra_module_interfaces__rosidl_typesupport_introspection_cpp
[0.124s] [ 58%] Built target vyra_module_interfaces__rosidl_typesupport_c
[0.127s] [ 82%] Built target vyra_module_interfaces__rosidl_typesupport_fastrtps_c
[0.127s] [ 82%] Built target vyra_module_interfaces__rosidl_typesupport_introspection_c
[0.153s] [ 82%] Built target vyra_module_interfaces
[0.182s] [ 83%] Built target vyra_module_interfaces__py
[0.218s] [ 93%] Built target vyra_module_interfaces__rosidl_generator_py
[0.252s] [ 95%] Built target vyra_module_interfaces__rosidl_typesupport_fastrtps_c__pyext
[0.252s] [ 97%] Built target vyra_module_interfaces__rosidl_typesupport_introspection_c__pyext
[0.252s] [100%] Built target vyra_module_interfaces__rosidl_typesupport_c__pyext
[0.352s] running egg_info
[0.368s] writing vyra_module_interfaces.egg-info/PKG-INFO
[0.368s] writing dependency_links to vyra_module_interfaces.egg-info/dependency_links.txt
[0.368s] writing top-level names to vyra_module_interfaces.egg-info/top_level.txt
[0.412s] reading manifest file 'vyra_module_interfaces.egg-info/SOURCES.txt'
[0.413s] writing manifest file 'vyra_module_interfaces.egg-info/SOURCES.txt'
[0.456s] [100%] Built target ament_cmake_python_build_vyra_module_interfaces_egg
[0.475s] Invoked command in '/workspace/build/vyra_module_interfaces' returned '0': CMAKE_PREFIX_PATH=${CMAKE_PREFIX_PATH}:/workspace/install/vyra_module_template:/opt/ros/humble /usr/bin/cmake --build /workspace/build/vyra_module_interfaces -- -j12 -l12
[0.492s] Invoking command in '/workspace/build/vyra_module_interfaces': CMAKE_PREFIX_PATH=${CMAKE_PREFIX_PATH}:/workspace/install/vyra_module_template:/opt/ros/humble /usr/bin/cmake --install /workspace/build/vyra_module_interfaces
[0.502s] -- Install configuration: ""
[0.502s] -- Up-to-date: /workspace/install/vyra_module_interfaces/share/ament_index/resource_index/rosidl_interfaces/vyra_module_interfaces
[0.502s] -- Up-to-date: /workspace/install/vyra_module_interfaces/include/vyra_module_interfaces/vyra_module_interfaces
[0.502s] -- Up-to-date: /workspace/install/vyra_module_interfaces/include/vyra_module_interfaces/vyra_module_interfaces/srv
[0.503s] -- Up-to-date: /workspace/install/vyra_module_interfaces/include/vyra_module_interfaces/vyra_module_interfaces/srv/get_logs.h
[0.503s] -- Up-to-date: /workspace/install/vyra_module_interfaces/include/vyra_module_interfaces/vyra_module_interfaces/srv/health_check.h
[0.503s] -- Up-to-date: /workspace/install/vyra_module_interfaces/include/vyra_module_interfaces/vyra_module_interfaces/srv/detail
[0.503s] -- Up-to-date: /workspace/install/vyra_module_interfaces/include/vyra_module_interfaces/vyra_module_interfaces/srv/detail/get_capabilities__functions.c
[0.503s] -- Up-to-date: /workspace/install/vyra_module_interfaces/include/vyra_module_interfaces/vyra_module_interfaces/srv/detail/get_logs__struct.h
[0.503s] -- Up-to-date: /workspace/install/vyra_module_interfaces/include/vyra_module_interfaces/vyra_module_interfaces/srv/detail/get_logs__functions.c
[0.503s] -- Up-to-date: /workspace/install/vyra_module_interfaces/include/vyra_module_interfaces/vyra_module_interfaces/srv/detail/health_check__functions.h
[0.503s] -- Up-to-date: /workspace/install/vyra_module_interfaces/include/vyra_module_interfaces/vyra_module_interfaces/srv/detail/health_check__functions.c
[0.503s] -- Up-to-date: /workspace/install/vyra_module_interfaces/include/vyra_module_interfaces/vyra_module_interfaces/srv/detail/health_check__struct.h
[0.503s] -- Up-to-date: /workspace/install/vyra_module_interfaces/include/vyra_module_interfaces/vyra_module_interfaces/srv/detail/get_logs__type_support.h
[0.504s] -- Up-to-date: /workspace/install/vyra_module_interfaces/include/vyra_module_interfaces/vyra_module_interfaces/srv/detail/get_capabilities__struct.h
[0.504s] -- Up-to-date: /workspace/install/vyra_module_interfaces/include/vyra_module_interfaces/vyra_module_interfaces/srv/detail/trigger_transition__functions.c
[0.504s] -- Up-to-date: /workspace/install/vyra_module_interfaces/include/vyra_module_interfaces/vyra_module_interfaces/srv/detail/trigger_transition__functions.h
[0.504s] -- Up-to-date: /workspace/install/vyra_module_interfaces/include/vyra_module_interfaces/vyra_module_interfaces/srv/detail/get_capabilities__type_support.h
[0.504s] -- Up-to-date: /workspace/install/vyra_module_interfaces/include/vyra_module_interfaces/vyra_module_interfaces/srv/detail/get_capabilities__functions.h
[0.504s] -- Up-to-date: /workspace/install/vyra_module_interfaces/include/vyra_module_interfaces/vyra_module_interfaces/srv/detail/health_check__type_support.h
[0.504s] -- Up-to-date: /workspace/install/vyra_module_interfaces/include/vyra_module_interfaces/vyra_module_interfaces/srv/detail/trigger_transition__type_support.h
[0.504s] -- Up-to-date: /workspace/install/vyra_module_interfaces/include/vyra_module_interfaces/vyra_module_interfaces/srv/detail/get_logs__functions.h
[0.504s] -- Up-to-date: /workspace/install/vyra_module_interfaces/include/vyra_module_interfaces/vyra_module_interfaces/srv/detail/trigger_transition__struct.h
[0.505s] -- Up-to-date: /workspace/install/vyra_module_interfaces/include/vyra_module_interfaces/vyra_module_interfaces/srv/trigger_transition.h
[0.505s] -- Up-to-date: /workspace/install/vyra_module_interfaces/include/vyra_module_interfaces/vyra_module_interfaces/srv/get_capabilities.h
[0.505s] -- Up-to-date: /workspace/install/vyra_module_interfaces/include/vyra_module_interfaces/vyra_module_interfaces/msg
[0.505s] -- Up-to-date: /workspace/install/vyra_module_interfaces/include/vyra_module_interfaces/vyra_module_interfaces/msg/news_feed.h
[0.505s] -- Up-to-date: /workspace/install/vyra_module_interfaces/include/vyra_module_interfaces/vyra_module_interfaces/msg/rosidl_generator_c__visibility_control.h
[0.505s] -- Up-to-date: /workspace/install/vyra_module_interfaces/include/vyra_module_interfaces/vyra_module_interfaces/msg/error_feed.h
[0.505s] -- Up-to-date: /workspace/install/vyra_module_interfaces/include/vyra_module_interfaces/vyra_module_interfaces/msg/state_feed.h
[0.505s] -- Up-to-date: /workspace/install/vyra_module_interfaces/include/vyra_module_interfaces/vyra_module_interfaces/msg/logger_stream.h
[0.505s] -- Up-to-date: /workspace/install/vyra_module_interfaces/include/vyra_module_interfaces/vyra_module_interfaces/msg/detail
[0.506s] -- Up-to-date: /workspace/install/vyra_module_interfaces/include/vyra_module_interfaces/vyra_module_interfaces/msg/detail/error_feed__functions.h
[0.506s] -- Up-to-date: /workspace/install/vyra_module_interfaces/include/vyra_module_interfaces/vyra_module_interfaces/msg/detail/logger_stream__functions.c
[0.507s] -- Up-to-date: /workspace/install/vyra_module_interfaces/include/vyra_module_interfaces/vyra_module_interfaces/msg/detail/error_feed__struct.h
[0.507s] -- Up-to-date: /workspace/install/vyra_module_interfaces/include/vyra_module_interfaces/vyra_module_interfaces/msg/detail/news_feed__struct.h
[0.507s] -- Up-to-date: /workspace/install/vyra_module_interfaces/include/vyra_module_interfaces/vyra_module_interfaces/msg/detail/logger_stream__functions.h
[0.507s] -- Up-to-date: /workspace/install/vyra_module_interfaces/include/vyra_module_interfaces/vyra_module_interfaces/msg/detail/state_feed__functions.h
[0.508s] -- Up-to-date: /workspace/install/vyra_module_interfaces/include/vyra_module_interfaces/vyra_module_interfaces/msg/detail/news_feed__functions.c
[0.508s] -- Up-to-date: /workspace/install/vyra_module_interfaces/include/vyra_module_interfaces/vyra_module_interfaces/msg/detail/state_feed__struct.h
[0.508s] -- Up-to-date: /workspace/install/vyra_module_interfaces/include/vyra_module_interfaces/vyra_module_interfaces/msg/detail/news_feed__type_support.h
[0.508s] -- Up-to-date: /workspace/install/vyra_module_interfaces/include/vyra_module_interfaces/vyra_module_interfaces/msg/detail/logger_stream__type_support.h
[0.508s] -- Up-to-date: /workspace/install/vyra_module_interfaces/include/vyra_module_interfaces/vyra_module_interfaces/msg/detail/error_feed__functions.c
[0.509s] -- Up-to-date: /workspace/install/vyra_module_interfaces/include/vyra_module_interfaces/vyra_module_interfaces/msg/detail/logger_stream__struct.h
[0.509s] -- Up-to-date: /workspace/install/vyra_module_interfaces/include/vyra_module_interfaces/vyra_module_interfaces/msg/detail/error_feed__type_support.h
[0.509s] -- Up-to-date: /workspace/install/vyra_module_interfaces/include/vyra_module_interfaces/vyra_module_interfaces/msg/detail/state_feed__type_support.h
[0.509s] -- Up-to-date: /workspace/install/vyra_module_interfaces/include/vyra_module_interfaces/vyra_module_interfaces/msg/detail/news_feed__functions.h
[0.509s] -- Up-to-date: /workspace/install/vyra_module_interfaces/include/vyra_module_interfaces/vyra_module_interfaces/msg/detail/state_feed__functions.c
[0.509s] -- Up-to-date: /workspace/install/vyra_module_interfaces/include/vyra_module_interfaces/vyra_module_interfaces/action
[0.510s] -- Up-to-date: /workspace/install/vyra_module_interfaces/include/vyra_module_interfaces/vyra_module_interfaces/action/initiate_update.h
[0.510s] -- Up-to-date: /workspace/install/vyra_module_interfaces/include/vyra_module_interfaces/vyra_module_interfaces/action/detail
[0.510s] -- Up-to-date: /workspace/install/vyra_module_interfaces/include/vyra_module_interfaces/vyra_module_interfaces/action/detail/initiate_update__functions.c
[0.510s] -- Up-to-date: /workspace/install/vyra_module_interfaces/include/vyra_module_interfaces/vyra_module_interfaces/action/detail/initiate_update__struct.h
[0.510s] -- Up-to-date: /workspace/install/vyra_module_interfaces/include/vyra_module_interfaces/vyra_module_interfaces/action/detail/initiate_update__type_support.h
[0.510s] -- Up-to-date: /workspace/install/vyra_module_interfaces/include/vyra_module_interfaces/vyra_module_interfaces/action/detail/initiate_update__functions.h
[0.511s] -- Up-to-date: /workspace/install/vyra_module_interfaces/share/vyra_module_interfaces/environment/library_path.sh
[0.511s] -- Up-to-date: /workspace/install/vyra_module_interfaces/share/vyra_module_interfaces/environment/library_path.dsv
[0.511s] -- Up-to-date: /workspace/install/vyra_module_interfaces/lib/libvyra_module_interfaces__rosidl_generator_c.so
[0.511s] -- Up-to-date: /workspace/install/vyra_module_interfaces/include/vyra_module_interfaces/vyra_module_interfaces
[0.511s] -- Up-to-date: /workspace/install/vyra_module_interfaces/include/vyra_module_interfaces/vyra_module_interfaces/srv
[0.511s] -- Up-to-date: /workspace/install/vyra_module_interfaces/include/vyra_module_interfaces/vyra_module_interfaces/srv/detail
[0.512s] -- Up-to-date: /workspace/install/vyra_module_interfaces/include/vyra_module_interfaces/vyra_module_interfaces/srv/detail/health_check__rosidl_typesupport_fastrtps_c.h
[0.512s] -- Up-to-date: /workspace/install/vyra_module_interfaces/include/vyra_module_interfaces/vyra_module_interfaces/srv/detail/get_capabilities__rosidl_typesupport_fastrtps_c.h
[0.512s] -- Up-to-date: /workspace/install/vyra_module_interfaces/include/vyra_module_interfaces/vyra_module_interfaces/srv/detail/get_logs__rosidl_typesupport_fastrtps_c.h
[0.512s] -- Up-to-date: /workspace/install/vyra_module_interfaces/include/vyra_module_interfaces/vyra_module_interfaces/srv/detail/trigger_transition__rosidl_typesupport_fastrtps_c.h
[0.512s] -- Up-to-date: /workspace/install/vyra_module_interfaces/include/vyra_module_interfaces/vyra_module_interfaces/msg
[0.512s] -- Up-to-date: /workspace/install/vyra_module_interfaces/include/vyra_module_interfaces/vyra_module_interfaces/msg/rosidl_typesupport_fastrtps_c__visibility_control.h
[0.512s] -- Up-to-date: /workspace/install/vyra_module_interfaces/include/vyra_module_interfaces/vyra_module_interfaces/msg/detail
[0.513s] -- Up-to-date: /workspace/install/vyra_module_interfaces/include/vyra_module_interfaces/vyra_module_interfaces/msg/detail/logger_stream__rosidl_typesupport_fastrtps_c.h
[0.513s] -- Up-to-date: /workspace/install/vyra_module_interfaces/include/vyra_module_interfaces/vyra_module_interfaces/msg/detail/news_feed__rosidl_typesupport_fastrtps_c.h
[0.513s] -- Up-to-date: /workspace/install/vyra_module_interfaces/include/vyra_module_interfaces/vyra_module_interfaces/msg/detail/error_feed__rosidl_typesupport_fastrtps_c.h
[0.513s] -- Up-to-date: /workspace/install/vyra_module_interfaces/include/vyra_module_interfaces/vyra_module_interfaces/msg/detail/state_feed__rosidl_typesupport_fastrtps_c.h
[0.513s] -- Up-to-date: /workspace/install/vyra_module_interfaces/include/vyra_module_interfaces/vyra_module_interfaces/action
[0.513s] -- Up-to-date: /workspace/install/vyra_module_interfaces/include/vyra_module_interfaces/vyra_module_interfaces/action/detail
[0.514s] -- Up-to-date: /workspace/install/vyra_module_interfaces/include/vyra_module_interfaces/vyra_module_interfaces/action/detail/initiate_update__rosidl_typesupport_fastrtps_c.h
[0.514s] -- Up-to-date: /workspace/install/vyra_module_interfaces/lib/libvyra_module_interfaces__rosidl_typesupport_fastrtps_c.so
[0.514s] -- Up-to-date: /workspace/install/vyra_module_interfaces/include/vyra_module_interfaces/vyra_module_interfaces
[0.514s] -- Up-to-date: /workspace/install/vyra_module_interfaces/include/vyra_module_interfaces/vyra_module_interfaces/srv
[0.515s] -- Up-to-date: /workspace/install/vyra_module_interfaces/include/vyra_module_interfaces/vyra_module_interfaces/srv/detail
[0.515s] -- Up-to-date: /workspace/install/vyra_module_interfaces/include/vyra_module_interfaces/vyra_module_interfaces/srv/detail/trigger_transition__rosidl_typesupport_introspection_c.h
[0.515s] -- Up-to-date: /workspace/install/vyra_module_interfaces/include/vyra_module_interfaces/vyra_module_interfaces/srv/detail/get_logs__type_support.c
[0.515s] -- Up-to-date: /workspace/install/vyra_module_interfaces/include/vyra_module_interfaces/vyra_module_interfaces/srv/detail/trigger_transition__type_support.c
[0.515s] -- Up-to-date: /workspace/install/vyra_module_interfaces/include/vyra_module_interfaces/vyra_module_interfaces/srv/detail/get_capabilities__type_support.c
[0.515s] -- Up-to-date: /workspace/install/vyra_module_interfaces/include/vyra_module_interfaces/vyra_module_interfaces/srv/detail/health_check__rosidl_typesupport_introspection_c.h
[0.516s] -- Up-to-date: /workspace/install/vyra_module_interfaces/include/vyra_module_interfaces/vyra_module_interfaces/srv/detail/get_logs__rosidl_typesupport_introspection_c.h
[0.516s] -- Up-to-date: /workspace/install/vyra_module_interfaces/include/vyra_module_interfaces/vyra_module_interfaces/srv/detail/get_capabilities__rosidl_typesupport_introspection_c.h
[0.516s] -- Up-to-date: /workspace/install/vyra_module_interfaces/include/vyra_module_interfaces/vyra_module_interfaces/srv/detail/health_check__type_support.c
[0.516s] -- Up-to-date: /workspace/install/vyra_module_interfaces/include/vyra_module_interfaces/vyra_module_interfaces/msg
[0.516s] -- Up-to-date: /workspace/install/vyra_module_interfaces/include/vyra_module_interfaces/vyra_module_interfaces/msg/rosidl_typesupport_introspection_c__visibility_control.h
[0.516s] -- Up-to-date: /workspace/install/vyra_module_interfaces/include/vyra_module_interfaces/vyra_module_interfaces/msg/detail
[0.517s] -- Up-to-date: /workspace/install/vyra_module_interfaces/include/vyra_module_interfaces/vyra_module_interfaces/msg/detail/error_feed__type_support.c
[0.517s] -- Up-to-date: /workspace/install/vyra_module_interfaces/include/vyra_module_interfaces/vyra_module_interfaces/msg/detail/logger_stream__type_support.c
[0.517s] -- Up-to-date: /workspace/install/vyra_module_interfaces/include/vyra_module_interfaces/vyra_module_interfaces/msg/detail/error_feed__rosidl_typesupport_introspection_c.h
[0.517s] -- Up-to-date: /workspace/install/vyra_module_interfaces/include/vyra_module_interfaces/vyra_module_interfaces/msg/detail/news_feed__type_support.c
[0.517s] -- Up-to-date: /workspace/install/vyra_module_interfaces/include/vyra_module_interfaces/vyra_module_interfaces/msg/detail/news_feed__rosidl_typesupport_introspection_c.h
[0.517s] -- Up-to-date: /workspace/install/vyra_module_interfaces/include/vyra_module_interfaces/vyra_module_interfaces/msg/detail/state_feed__type_support.c
[0.518s] -- Up-to-date: /workspace/install/vyra_module_interfaces/include/vyra_module_interfaces/vyra_module_interfaces/msg/detail/logger_stream__rosidl_typesupport_introspection_c.h
[0.518s] -- Up-to-date: /workspace/install/vyra_module_interfaces/include/vyra_module_interfaces/vyra_module_interfaces/msg/detail/state_feed__rosidl_typesupport_introspection_c.h
[0.518s] -- Up-to-date: /workspace/install/vyra_module_interfaces/include/vyra_module_interfaces/vyra_module_interfaces/action
[0.518s] -- Up-to-date: /workspace/install/vyra_module_interfaces/include/vyra_module_interfaces/vyra_module_interfaces/action/detail
[0.518s] -- Up-to-date: /workspace/install/vyra_module_interfaces/include/vyra_module_interfaces/vyra_module_interfaces/action/detail/initiate_update__rosidl_typesupport_introspection_c.h
[0.518s] -- Up-to-date: /workspace/install/vyra_module_interfaces/include/vyra_module_interfaces/vyra_module_interfaces/action/detail/initiate_update__type_support.c
[0.519s] -- Up-to-date: /workspace/install/vyra_module_interfaces/lib/libvyra_module_interfaces__rosidl_typesupport_introspection_c.so
[0.519s] -- Up-to-date: /workspace/install/vyra_module_interfaces/lib/libvyra_module_interfaces__rosidl_typesupport_c.so
[0.519s] -- Up-to-date: /workspace/install/vyra_module_interfaces/include/vyra_module_interfaces/vyra_module_interfaces
[0.519s] -- Up-to-date: /workspace/install/vyra_module_interfaces/include/vyra_module_interfaces/vyra_module_interfaces/srv
[0.519s] -- Up-to-date: /workspace/install/vyra_module_interfaces/include/vyra_module_interfaces/vyra_module_interfaces/srv/get_capabilities.hpp
[0.519s] -- Up-to-date: /workspace/install/vyra_module_interfaces/include/vyra_module_interfaces/vyra_module_interfaces/srv/get_logs.hpp
[0.519s] -- Up-to-date: /workspace/install/vyra_module_interfaces/include/vyra_module_interfaces/vyra_module_interfaces/srv/trigger_transition.hpp
[0.520s] -- Up-to-date: /workspace/install/vyra_module_interfaces/include/vyra_module_interfaces/vyra_module_interfaces/srv/health_check.hpp
[0.520s] -- Up-to-date: /workspace/install/vyra_module_interfaces/include/vyra_module_interfaces/vyra_module_interfaces/srv/detail
[0.520s] -- Up-to-date: /workspace/install/vyra_module_interfaces/include/vyra_module_interfaces/vyra_module_interfaces/srv/detail/get_logs__builder.hpp
[0.520s] -- Up-to-date: /workspace/install/vyra_module_interfaces/include/vyra_module_interfaces/vyra_module_interfaces/srv/detail/trigger_transition__traits.hpp
[0.520s] -- Up-to-date: /workspace/install/vyra_module_interfaces/include/vyra_module_interfaces/vyra_module_interfaces/srv/detail/health_check__traits.hpp
[0.520s] -- Up-to-date: /workspace/install/vyra_module_interfaces/include/vyra_module_interfaces/vyra_module_interfaces/srv/detail/trigger_transition__builder.hpp
[0.520s] -- Up-to-date: /workspace/install/vyra_module_interfaces/include/vyra_module_interfaces/vyra_module_interfaces/srv/detail/get_capabilities__struct.hpp
[0.521s] -- Up-to-date: /workspace/install/vyra_module_interfaces/include/vyra_module_interfaces/vyra_module_interfaces/srv/detail/get_logs__struct.hpp
[0.521s] -- Up-to-date: /workspace/install/vyra_module_interfaces/include/vyra_module_interfaces/vyra_module_interfaces/srv/detail/health_check__type_support.hpp
[0.521s] -- Up-to-date: /workspace/install/vyra_module_interfaces/include/vyra_module_interfaces/vyra_module_interfaces/srv/detail/get_logs__traits.hpp
[0.521s] -- Up-to-date: /workspace/install/vyra_module_interfaces/include/vyra_module_interfaces/vyra_module_interfaces/srv/detail/get_capabilities__traits.hpp
[0.522s] -- Up-to-date: /workspace/install/vyra_module_interfaces/include/vyra_module_interfaces/vyra_module_interfaces/srv/detail/trigger_transition__type_support.hpp
[0.522s] -- Up-to-date: /workspace/install/vyra_module_interfaces/include/vyra_module_interfaces/vyra_module_interfaces/srv/detail/get_logs__type_support.hpp
[0.522s] -- Up-to-date: /workspace/install/vyra_module_interfaces/include/vyra_module_interfaces/vyra_module_interfaces/srv/detail/get_capabilities__builder.hpp
[0.522s] -- Up-to-date: /workspace/install/vyra_module_interfaces/include/vyra_module_interfaces/vyra_module_interfaces/srv/detail/trigger_transition__struct.hpp
[0.522s] -- Up-to-date: /workspace/install/vyra_module_interfaces/include/vyra_module_interfaces/vyra_module_interfaces/srv/detail/get_capabilities__type_support.hpp
[0.522s] -- Up-to-date: /workspace/install/vyra_module_interfaces/include/vyra_module_interfaces/vyra_module_interfaces/srv/detail/health_check__builder.hpp
[0.523s] -- Up-to-date: /workspace/install/vyra_module_interfaces/include/vyra_module_interfaces/vyra_module_interfaces/srv/detail/health_check__struct.hpp
[0.523s] -- Up-to-date: /workspace/install/vyra_module_interfaces/include/vyra_module_interfaces/vyra_module_interfaces/msg
[0.523s] -- Up-to-date: /workspace/install/vyra_module_interfaces/include/vyra_module_interfaces/vyra_module_interfaces/msg/rosidl_generator_cpp__visibility_control.hpp
[0.523s] -- Up-to-date: /workspace/install/vyra_module_interfaces/include/vyra_module_interfaces/vyra_module_interfaces/msg/logger_stream.hpp
[0.523s] -- Up-to-date: /workspace/install/vyra_module_interfaces/include/vyra_module_interfaces/vyra_module_interfaces/msg/state_feed.hpp
[0.524s] -- Up-to-date: /workspace/install/vyra_module_interfaces/include/vyra_module_interfaces/vyra_module_interfaces/msg/news_feed.hpp
[0.524s] -- Up-to-date: /workspace/install/vyra_module_interfaces/include/vyra_module_interfaces/vyra_module_interfaces/msg/detail
[0.524s] -- Up-to-date: /workspace/install/vyra_module_interfaces/include/vyra_module_interfaces/vyra_module_interfaces/msg/detail/news_feed__struct.hpp
[0.524s] -- Up-to-date: /workspace/install/vyra_module_interfaces/include/vyra_module_interfaces/vyra_module_interfaces/msg/detail/error_feed__traits.hpp
[0.524s] -- Up-to-date: /workspace/install/vyra_module_interfaces/include/vyra_module_interfaces/vyra_module_interfaces/msg/detail/state_feed__builder.hpp
[0.524s] -- Up-to-date: /workspace/install/vyra_module_interfaces/include/vyra_module_interfaces/vyra_module_interfaces/msg/detail/logger_stream__traits.hpp
[0.524s] -- Up-to-date: /workspace/install/vyra_module_interfaces/include/vyra_module_interfaces/vyra_module_interfaces/msg/detail/news_feed__builder.hpp
[0.524s] -- Up-to-date: /workspace/install/vyra_module_interfaces/include/vyra_module_interfaces/vyra_module_interfaces/msg/detail/news_feed__type_support.hpp
[0.525s] -- Up-to-date: /workspace/install/vyra_module_interfaces/include/vyra_module_interfaces/vyra_module_interfaces/msg/detail/logger_stream__type_support.hpp
[0.525s] -- Up-to-date: /workspace/install/vyra_module_interfaces/include/vyra_module_interfaces/vyra_module_interfaces/msg/detail/error_feed__type_support.hpp
[0.525s] -- Up-to-date: /workspace/install/vyra_module_interfaces/include/vyra_module_interfaces/vyra_module_interfaces/msg/detail/error_feed__builder.hpp
[0.525s] -- Up-to-date: /workspace/install/vyra_module_interfaces/include/vyra_module_interfaces/vyra_module_interfaces/msg/detail/state_feed__struct.hpp
[0.525s] -- Up-to-date: /workspace/install/vyra_module_interfaces/include/vyra_module_interfaces/vyra_module_interfaces/msg/detail/error_feed__struct.hpp
[0.525s] -- Up-to-date: /workspace/install/vyra_module_interfaces/include/vyra_module_interfaces/vyra_module_interfaces/msg/detail/logger_stream__struct.hpp
[0.525s] -- Up-to-date: /workspace/install/vyra_module_interfaces/include/vyra_module_interfaces/vyra_module_interfaces/msg/detail/news_feed__traits.hpp
[0.525s] -- Up-to-date: /workspace/install/vyra_module_interfaces/include/vyra_module_interfaces/vyra_module_interfaces/msg/detail/state_feed__type_support.hpp
[0.526s] -- Up-to-date: /workspace/install/vyra_module_interfaces/include/vyra_module_interfaces/vyra_module_interfaces/msg/detail/logger_stream__builder.hpp
[0.526s] -- Up-to-date: /workspace/install/vyra_module_interfaces/include/vyra_module_interfaces/vyra_module_interfaces/msg/detail/state_feed__traits.hpp
[0.526s] -- Up-to-date: /workspace/install/vyra_module_interfaces/include/vyra_module_interfaces/vyra_module_interfaces/msg/error_feed.hpp
[0.526s] -- Up-to-date: /workspace/install/vyra_module_interfaces/include/vyra_module_interfaces/vyra_module_interfaces/action
[0.526s] -- Up-to-date: /workspace/install/vyra_module_interfaces/include/vyra_module_interfaces/vyra_module_interfaces/action/initiate_update.hpp
[0.526s] -- Up-to-date: /workspace/install/vyra_module_interfaces/include/vyra_module_interfaces/vyra_module_interfaces/action/detail
[0.526s] -- Up-to-date: /workspace/install/vyra_module_interfaces/include/vyra_module_interfaces/vyra_module_interfaces/action/detail/initiate_update__builder.hpp
[0.526s] -- Up-to-date: /workspace/install/vyra_module_interfaces/include/vyra_module_interfaces/vyra_module_interfaces/action/detail/initiate_update__struct.hpp
[0.527s] -- Up-to-date: /workspace/install/vyra_module_interfaces/include/vyra_module_interfaces/vyra_module_interfaces/action/detail/initiate_update__traits.hpp
[0.527s] -- Up-to-date: /workspace/install/vyra_module_interfaces/include/vyra_module_interfaces/vyra_module_interfaces/action/detail/initiate_update__type_support.hpp
[0.527s] -- Up-to-date: /workspace/install/vyra_module_interfaces/include/vyra_module_interfaces/vyra_module_interfaces
[0.527s] -- Up-to-date: /workspace/install/vyra_module_interfaces/include/vyra_module_interfaces/vyra_module_interfaces/srv
[0.527s] -- Up-to-date: /workspace/install/vyra_module_interfaces/include/vyra_module_interfaces/vyra_module_interfaces/srv/detail
[0.527s] -- Up-to-date: /workspace/install/vyra_module_interfaces/include/vyra_module_interfaces/vyra_module_interfaces/srv/detail/get_logs__rosidl_typesupport_fastrtps_cpp.hpp
[0.527s] -- Up-to-date: /workspace/install/vyra_module_interfaces/include/vyra_module_interfaces/vyra_module_interfaces/srv/detail/trigger_transition__rosidl_typesupport_fastrtps_cpp.hpp
[0.528s] -- Up-to-date: /workspace/install/vyra_module_interfaces/include/vyra_module_interfaces/vyra_module_interfaces/srv/detail/health_check__rosidl_typesupport_fastrtps_cpp.hpp
[0.528s] -- Up-to-date: /workspace/install/vyra_module_interfaces/include/vyra_module_interfaces/vyra_module_interfaces/srv/detail/get_capabilities__rosidl_typesupport_fastrtps_cpp.hpp
[0.528s] -- Up-to-date: /workspace/install/vyra_module_interfaces/include/vyra_module_interfaces/vyra_module_interfaces/srv/detail/dds_fastrtps
[0.528s] -- Up-to-date: /workspace/install/vyra_module_interfaces/include/vyra_module_interfaces/vyra_module_interfaces/msg
[0.528s] -- Up-to-date: /workspace/install/vyra_module_interfaces/include/vyra_module_interfaces/vyra_module_interfaces/msg/rosidl_typesupport_fastrtps_cpp__visibility_control.h
[0.529s] -- Up-to-date: /workspace/install/vyra_module_interfaces/include/vyra_module_interfaces/vyra_module_interfaces/msg/detail
[0.529s] -- Up-to-date: /workspace/install/vyra_module_interfaces/include/vyra_module_interfaces/vyra_module_interfaces/msg/detail/news_feed__rosidl_typesupport_fastrtps_cpp.hpp
[0.529s] -- Up-to-date: /workspace/install/vyra_module_interfaces/include/vyra_module_interfaces/vyra_module_interfaces/msg/detail/error_feed__rosidl_typesupport_fastrtps_cpp.hpp
[0.529s] -- Up-to-date: /workspace/install/vyra_module_interfaces/include/vyra_module_interfaces/vyra_module_interfaces/msg/detail/state_feed__rosidl_typesupport_fastrtps_cpp.hpp
[0.529s] -- Up-to-date: /workspace/install/vyra_module_interfaces/include/vyra_module_interfaces/vyra_module_interfaces/msg/detail/logger_stream__rosidl_typesupport_fastrtps_cpp.hpp
[0.529s] -- Up-to-date: /workspace/install/vyra_module_interfaces/include/vyra_module_interfaces/vyra_module_interfaces/msg/detail/dds_fastrtps
[0.529s] -- Up-to-date: /workspace/install/vyra_module_interfaces/include/vyra_module_interfaces/vyra_module_interfaces/action
[0.529s] -- Up-to-date: /workspace/install/vyra_module_interfaces/include/vyra_module_interfaces/vyra_module_interfaces/action/detail
[0.530s] -- Up-to-date: /workspace/install/vyra_module_interfaces/include/vyra_module_interfaces/vyra_module_interfaces/action/detail/initiate_update__rosidl_typesupport_fastrtps_cpp.hpp
[0.530s] -- Up-to-date: /workspace/install/vyra_module_interfaces/include/vyra_module_interfaces/vyra_module_interfaces/action/detail/dds_fastrtps
[0.530s] -- Up-to-date: /workspace/install/vyra_module_interfaces/lib/libvyra_module_interfaces__rosidl_typesupport_fastrtps_cpp.so
[0.530s] -- Up-to-date: /workspace/install/vyra_module_interfaces/include/vyra_module_interfaces/vyra_module_interfaces
[0.530s] -- Up-to-date: /workspace/install/vyra_module_interfaces/include/vyra_module_interfaces/vyra_module_interfaces/srv
[0.530s] -- Up-to-date: /workspace/install/vyra_module_interfaces/include/vyra_module_interfaces/vyra_module_interfaces/srv/detail
[0.530s] -- Up-to-date: /workspace/install/vyra_module_interfaces/include/vyra_module_interfaces/vyra_module_interfaces/srv/detail/health_check__type_support.cpp
[0.530s] -- Up-to-date: /workspace/install/vyra_module_interfaces/include/vyra_module_interfaces/vyra_module_interfaces/srv/detail/trigger_transition__rosidl_typesupport_introspection_cpp.hpp
[0.531s] -- Up-to-date: /workspace/install/vyra_module_interfaces/include/vyra_module_interfaces/vyra_module_interfaces/srv/detail/get_capabilities__type_support.cpp
[0.531s] -- Up-to-date: /workspace/install/vyra_module_interfaces/include/vyra_module_interfaces/vyra_module_interfaces/srv/detail/get_logs__type_support.cpp
[0.531s] -- Up-to-date: /workspace/install/vyra_module_interfaces/include/vyra_module_interfaces/vyra_module_interfaces/srv/detail/trigger_transition__type_support.cpp
[0.531s] -- Up-to-date: /workspace/install/vyra_module_interfaces/include/vyra_module_interfaces/vyra_module_interfaces/srv/detail/health_check__rosidl_typesupport_introspection_cpp.hpp
[0.531s] -- Up-to-date: /workspace/install/vyra_module_interfaces/include/vyra_module_interfaces/vyra_module_interfaces/srv/detail/get_capabilities__rosidl_typesupport_introspection_cpp.hpp
[0.531s] -- Up-to-date: /workspace/install/vyra_module_interfaces/include/vyra_module_interfaces/vyra_module_interfaces/srv/detail/get_logs__rosidl_typesupport_introspection_cpp.hpp
[0.531s] -- Up-to-date: /workspace/install/vyra_module_interfaces/include/vyra_module_interfaces/vyra_module_interfaces/msg
[0.531s] -- Up-to-date: /workspace/install/vyra_module_interfaces/include/vyra_module_interfaces/vyra_module_interfaces/msg/detail
[0.532s] -- Up-to-date: /workspace/install/vyra_module_interfaces/include/vyra_module_interfaces/vyra_module_interfaces/msg/detail/logger_stream__type_support.cpp
[0.532s] -- Up-to-date: /workspace/install/vyra_module_interfaces/include/vyra_module_interfaces/vyra_module_interfaces/msg/detail/error_feed__type_support.cpp
[0.532s] -- Up-to-date: /workspace/install/vyra_module_interfaces/include/vyra_module_interfaces/vyra_module_interfaces/msg/detail/state_feed__rosidl_typesupport_introspection_cpp.hpp
[0.532s] -- Up-to-date: /workspace/install/vyra_module_interfaces/include/vyra_module_interfaces/vyra_module_interfaces/msg/detail/logger_stream__rosidl_typesupport_introspection_cpp.hpp
[0.532s] -- Up-to-date: /workspace/install/vyra_module_interfaces/include/vyra_module_interfaces/vyra_module_interfaces/msg/detail/error_feed__rosidl_typesupport_introspection_cpp.hpp
[0.532s] -- Up-to-date: /workspace/install/vyra_module_interfaces/include/vyra_module_interfaces/vyra_module_interfaces/msg/detail/news_feed__rosidl_typesupport_introspection_cpp.hpp
[0.532s] -- Up-to-date: /workspace/install/vyra_module_interfaces/include/vyra_module_interfaces/vyra_module_interfaces/msg/detail/news_feed__type_support.cpp
[0.532s] -- Up-to-date: /workspace/install/vyra_module_interfaces/include/vyra_module_interfaces/vyra_module_interfaces/msg/detail/state_feed__type_support.cpp
[0.532s] -- Up-to-date: /workspace/install/vyra_module_interfaces/include/vyra_module_interfaces/vyra_module_interfaces/action
[0.532s] -- Up-to-date: /workspace/install/vyra_module_interfaces/include/vyra_module_interfaces/vyra_module_interfaces/action/detail
[0.532s] -- Up-to-date: /workspace/install/vyra_module_interfaces/include/vyra_module_interfaces/vyra_module_interfaces/action/detail/initiate_update__type_support.cpp
[0.532s] -- Up-to-date: /workspace/install/vyra_module_interfaces/include/vyra_module_interfaces/vyra_module_interfaces/action/detail/initiate_update__rosidl_typesupport_introspection_cpp.hpp
[0.532s] -- Up-to-date: /workspace/install/vyra_module_interfaces/lib/libvyra_module_interfaces__rosidl_typesupport_introspection_cpp.so
[0.532s] -- Up-to-date: /workspace/install/vyra_module_interfaces/lib/libvyra_module_interfaces__rosidl_typesupport_cpp.so
[0.533s] -- Up-to-date: /workspace/install/vyra_module_interfaces/share/vyra_module_interfaces/environment/pythonpath.sh
[0.533s] -- Up-to-date: /workspace/install/vyra_module_interfaces/share/vyra_module_interfaces/environment/pythonpath.dsv
[0.533s] -- Up-to-date: /workspace/install/vyra_module_interfaces/local/lib/python3.10/dist-packages/vyra_module_interfaces-0.1.0-py3.10.egg-info
[0.533s] -- Installing: /workspace/install/vyra_module_interfaces/local/lib/python3.10/dist-packages/vyra_module_interfaces-0.1.0-py3.10.egg-info/PKG-INFO
[0.533s] -- Installing: /workspace/install/vyra_module_interfaces/local/lib/python3.10/dist-packages/vyra_module_interfaces-0.1.0-py3.10.egg-info/top_level.txt
[0.533s] -- Installing: /workspace/install/vyra_module_interfaces/local/lib/python3.10/dist-packages/vyra_module_interfaces-0.1.0-py3.10.egg-info/SOURCES.txt
[0.533s] -- Installing: /workspace/install/vyra_module_interfaces/local/lib/python3.10/dist-packages/vyra_module_interfaces-0.1.0-py3.10.egg-info/dependency_links.txt
[0.533s] -- Up-to-date: /workspace/install/vyra_module_interfaces/local/lib/python3.10/dist-packages/vyra_module_interfaces
[0.533s] -- Up-to-date: /workspace/install/vyra_module_interfaces/local/lib/python3.10/dist-packages/vyra_module_interfaces/srv
[0.533s] -- Up-to-date: /workspace/install/vyra_module_interfaces/local/lib/python3.10/dist-packages/vyra_module_interfaces/srv/_trigger_transition.py
[0.533s] -- Up-to-date: /workspace/install/vyra_module_interfaces/local/lib/python3.10/dist-packages/vyra_module_interfaces/srv/_trigger_transition_s.c
[0.533s] -- Up-to-date: /workspace/install/vyra_module_interfaces/local/lib/python3.10/dist-packages/vyra_module_interfaces/srv/_get_capabilities_s.c
[0.533s] -- Up-to-date: /workspace/install/vyra_module_interfaces/local/lib/python3.10/dist-packages/vyra_module_interfaces/srv/_get_logs.py
[0.533s] -- Up-to-date: /workspace/install/vyra_module_interfaces/local/lib/python3.10/dist-packages/vyra_module_interfaces/srv/_get_logs_s.c
[0.534s] -- Up-to-date: /workspace/install/vyra_module_interfaces/local/lib/python3.10/dist-packages/vyra_module_interfaces/srv/_health_check.py
[0.534s] -- Up-to-date: /workspace/install/vyra_module_interfaces/local/lib/python3.10/dist-packages/vyra_module_interfaces/srv/_health_check_s.c
[0.534s] -- Up-to-date: /workspace/install/vyra_module_interfaces/local/lib/python3.10/dist-packages/vyra_module_interfaces/srv/__init__.py
[0.534s] -- Up-to-date: /workspace/install/vyra_module_interfaces/local/lib/python3.10/dist-packages/vyra_module_interfaces/srv/_get_capabilities.py
[0.534s] -- Up-to-date: /workspace/install/vyra_module_interfaces/local/lib/python3.10/dist-packages/vyra_module_interfaces/msg
[0.534s] -- Up-to-date: /workspace/install/vyra_module_interfaces/local/lib/python3.10/dist-packages/vyra_module_interfaces/msg/_state_feed_s.c
[0.534s] -- Up-to-date: /workspace/install/vyra_module_interfaces/local/lib/python3.10/dist-packages/vyra_module_interfaces/msg/_state_feed.py
[0.534s] -- Up-to-date: /workspace/install/vyra_module_interfaces/local/lib/python3.10/dist-packages/vyra_module_interfaces/msg/_error_feed.py
[0.534s] -- Up-to-date: /workspace/install/vyra_module_interfaces/local/lib/python3.10/dist-packages/vyra_module_interfaces/msg/_logger_stream.py
[0.534s] -- Up-to-date: /workspace/install/vyra_module_interfaces/local/lib/python3.10/dist-packages/vyra_module_interfaces/msg/_news_feed.py
[0.534s] -- Up-to-date: /workspace/install/vyra_module_interfaces/local/lib/python3.10/dist-packages/vyra_module_interfaces/msg/_news_feed_s.c
[0.534s] -- Up-to-date: /workspace/install/vyra_module_interfaces/local/lib/python3.10/dist-packages/vyra_module_interfaces/msg/_logger_stream_s.c
[0.534s] -- Up-to-date: /workspace/install/vyra_module_interfaces/local/lib/python3.10/dist-packages/vyra_module_interfaces/msg/__init__.py
[0.535s] -- Up-to-date: /workspace/install/vyra_module_interfaces/local/lib/python3.10/dist-packages/vyra_module_interfaces/msg/_error_feed_s.c
[0.535s] -- Up-to-date: /workspace/install/vyra_module_interfaces/local/lib/python3.10/dist-packages/vyra_module_interfaces/_vyra_module_interfaces_s.ep.rosidl_typesupport_introspection_c.c
[0.535s] -- Up-to-date: /workspace/install/vyra_module_interfaces/local/lib/python3.10/dist-packages/vyra_module_interfaces/_vyra_module_interfaces_s.ep.rosidl_typesupport_c.c
[0.535s] -- Up-to-date: /workspace/install/vyra_module_interfaces/local/lib/python3.10/dist-packages/vyra_module_interfaces/_vyra_module_interfaces_s.ep.rosidl_typesupport_fastrtps_c.c
[0.535s] -- Up-to-date: /workspace/install/vyra_module_interfaces/local/lib/python3.10/dist-packages/vyra_module_interfaces/vyra_module_interfaces_s__rosidl_typesupport_fastrtps_c.cpython-310-x86_64-linux-gnu.so
[0.535s] -- Up-to-date: /workspace/install/vyra_module_interfaces/local/lib/python3.10/dist-packages/vyra_module_interfaces/libvyra_module_interfaces__rosidl_generator_py.so
[0.535s] -- Up-to-date: /workspace/install/vyra_module_interfaces/local/lib/python3.10/dist-packages/vyra_module_interfaces/__init__.py
[0.535s] -- Up-to-date: /workspace/install/vyra_module_interfaces/local/lib/python3.10/dist-packages/vyra_module_interfaces/vyra_module_interfaces_s__rosidl_typesupport_c.cpython-310-x86_64-linux-gnu.so
[0.535s] -- Up-to-date: /workspace/install/vyra_module_interfaces/local/lib/python3.10/dist-packages/vyra_module_interfaces/action
[0.535s] -- Up-to-date: /workspace/install/vyra_module_interfaces/local/lib/python3.10/dist-packages/vyra_module_interfaces/action/_initiate_update.py
[0.535s] -- Up-to-date: /workspace/install/vyra_module_interfaces/local/lib/python3.10/dist-packages/vyra_module_interfaces/action/_initiate_update_s.c
[0.535s] -- Up-to-date: /workspace/install/vyra_module_interfaces/local/lib/python3.10/dist-packages/vyra_module_interfaces/action/__init__.py
[0.535s] -- Up-to-date: /workspace/install/vyra_module_interfaces/local/lib/python3.10/dist-packages/vyra_module_interfaces/vyra_module_interfaces_s__rosidl_typesupport_introspection_c.cpython-310-x86_64-linux-gnu.so
[0.563s] Listing '/workspace/install/vyra_module_interfaces/local/lib/python3.10/dist-packages/vyra_module_interfaces'...
[0.563s] Listing '/workspace/install/vyra_module_interfaces/local/lib/python3.10/dist-packages/vyra_module_interfaces/action'...
[0.563s] Listing '/workspace/install/vyra_module_interfaces/local/lib/python3.10/dist-packages/vyra_module_interfaces/msg'...
[0.563s] Listing '/workspace/install/vyra_module_interfaces/local/lib/python3.10/dist-packages/vyra_module_interfaces/srv'...
[0.568s] -- Up-to-date: /workspace/install/vyra_module_interfaces/local/lib/python3.10/dist-packages/vyra_module_interfaces/vyra_module_interfaces_s__rosidl_typesupport_fastrtps_c.cpython-310-x86_64-linux-gnu.so
[0.568s] -- Up-to-date: /workspace/install/vyra_module_interfaces/local/lib/python3.10/dist-packages/vyra_module_interfaces/vyra_module_interfaces_s__rosidl_typesupport_introspection_c.cpython-310-x86_64-linux-gnu.so
[0.569s] -- Up-to-date: /workspace/install/vyra_module_interfaces/local/lib/python3.10/dist-packages/vyra_module_interfaces/vyra_module_interfaces_s__rosidl_typesupport_c.cpython-310-x86_64-linux-gnu.so
[0.569s] -- Up-to-date: /workspace/install/vyra_module_interfaces/lib/libvyra_module_interfaces__rosidl_generator_py.so
[0.569s] -- Up-to-date: /workspace/install/vyra_module_interfaces/share/vyra_module_interfaces/msg/NewsFeed.idl
[0.570s] -- Up-to-date: /workspace/install/vyra_module_interfaces/share/vyra_module_interfaces/msg/ErrorFeed.idl
[0.570s] -- Up-to-date: /workspace/install/vyra_module_interfaces/share/vyra_module_interfaces/msg/LoggerStream.idl
[0.570s] -- Up-to-date: /workspace/install/vyra_module_interfaces/share/vyra_module_interfaces/msg/StateFeed.idl
[0.570s] -- Up-to-date: /workspace/install/vyra_module_interfaces/share/vyra_module_interfaces/srv/HealthCheck.idl
[0.570s] -- Up-to-date: /workspace/install/vyra_module_interfaces/share/vyra_module_interfaces/srv/GetCapabilities.idl
[0.570s] -- Up-to-date: /workspace/install/vyra_module_interfaces/share/vyra_module_interfaces/srv/TriggerTransition.idl
[0.570s] -- Up-to-date: /workspace/install/vyra_module_interfaces/share/vyra_module_interfaces/srv/GetLogs.idl
[0.570s] -- Up-to-date: /workspace/install/vyra_module_interfaces/share/vyra_module_interfaces/action/InitiateUpdate.idl
[0.571s] -- Up-to-date: /workspace/install/vyra_module_interfaces/share/vyra_module_interfaces/msg/NewsFeed.msg
[0.571s] -- Up-to-date: /workspace/install/vyra_module_interfaces/share/vyra_module_interfaces/msg/ErrorFeed.msg
[0.571s] -- Up-to-date: /workspace/install/vyra_module_interfaces/share/vyra_module_interfaces/msg/LoggerStream.msg
[0.571s] -- Up-to-date: /workspace/install/vyra_module_interfaces/share/vyra_module_interfaces/msg/StateFeed.msg
[0.571s] -- Up-to-date: /workspace/install/vyra_module_interfaces/share/vyra_module_interfaces/srv/HealthCheck.srv
[0.571s] -- Up-to-date: /workspace/install/vyra_module_interfaces/share/vyra_module_interfaces/srv/HealthCheck_Request.msg
[0.571s] -- Up-to-date: /workspace/install/vyra_module_interfaces/share/vyra_module_interfaces/srv/HealthCheck_Response.msg
[0.571s] -- Up-to-date: /workspace/install/vyra_module_interfaces/share/vyra_module_interfaces/srv/GetCapabilities.srv
[0.571s] -- Up-to-date: /workspace/install/vyra_module_interfaces/share/vyra_module_interfaces/srv/GetCapabilities_Request.msg
[0.572s] -- Up-to-date: /workspace/install/vyra_module_interfaces/share/vyra_module_interfaces/srv/GetCapabilities_Response.msg
[0.572s] -- Up-to-date: /workspace/install/vyra_module_interfaces/share/vyra_module_interfaces/srv/TriggerTransition.srv
[0.572s] -- Up-to-date: /workspace/install/vyra_module_interfaces/share/vyra_module_interfaces/srv/TriggerTransition_Request.msg
[0.572s] -- Up-to-date: /workspace/install/vyra_module_interfaces/share/vyra_module_interfaces/srv/TriggerTransition_Response.msg
[0.573s] -- Up-to-date: /workspace/install/vyra_module_interfaces/share/vyra_module_interfaces/srv/GetLogs.srv
[0.573s] -- Up-to-date: /workspace/install/vyra_module_interfaces/share/vyra_module_interfaces/srv/GetLogs_Request.msg
[0.573s] -- Up-to-date: /workspace/install/vyra_module_interfaces/share/vyra_module_interfaces/srv/GetLogs_Response.msg
[0.574s] -- Up-to-date: /workspace/install/vyra_module_interfaces/share/vyra_module_interfaces/action/InitiateUpdate.action
[0.574s] -- Up-to-date: /workspace/install/vyra_module_interfaces/share/vyra_module_interfaces/config
[0.574s] -- Up-to-date: /workspace/install/vyra_module_interfaces/share/vyra_module_interfaces/config/base_metadata.config
[0.575s] -- Up-to-date: /workspace/install/vyra_module_interfaces/share/ament_index/resource_index/package_run_dependencies/vyra_module_interfaces
[0.575s] -- Up-to-date: /workspace/install/vyra_module_interfaces/share/ament_index/resource_index/parent_prefix_path/vyra_module_interfaces
[0.575s] -- Up-to-date: /workspace/install/vyra_module_interfaces/share/vyra_module_interfaces/environment/ament_prefix_path.sh
[0.576s] -- Up-to-date: /workspace/install/vyra_module_interfaces/share/vyra_module_interfaces/environment/ament_prefix_path.dsv
[0.576s] -- Up-to-date: /workspace/install/vyra_module_interfaces/share/vyra_module_interfaces/environment/path.sh
[0.576s] -- Up-to-date: /workspace/install/vyra_module_interfaces/share/vyra_module_interfaces/environment/path.dsv
[0.577s] -- Up-to-date: /workspace/install/vyra_module_interfaces/share/vyra_module_interfaces/local_setup.bash
[0.577s] -- Up-to-date: /workspace/install/vyra_module_interfaces/share/vyra_module_interfaces/local_setup.sh
[0.577s] -- Up-to-date: /workspace/install/vyra_module_interfaces/share/vyra_module_interfaces/local_setup.zsh
[0.577s] -- Up-to-date: /workspace/install/vyra_module_interfaces/share/vyra_module_interfaces/local_setup.dsv
[0.578s] -- Up-to-date: /workspace/install/vyra_module_interfaces/share/vyra_module_interfaces/package.dsv
[0.578s] -- Up-to-date: /workspace/install/vyra_module_interfaces/share/ament_index/resource_index/packages/vyra_module_interfaces
[0.578s] -- Up-to-date: /workspace/install/vyra_module_interfaces/share/vyra_module_interfaces/cmake/export_vyra_module_interfaces__rosidl_generator_cExport.cmake
[0.578s] -- Up-to-date: /workspace/install/vyra_module_interfaces/share/vyra_module_interfaces/cmake/export_vyra_module_interfaces__rosidl_generator_cExport-noconfig.cmake
[0.578s] -- Up-to-date: /workspace/install/vyra_module_interfaces/share/vyra_module_interfaces/cmake/export_vyra_module_interfaces__rosidl_typesupport_fastrtps_cExport.cmake
[0.579s] -- Up-to-date: /workspace/install/vyra_module_interfaces/share/vyra_module_interfaces/cmake/export_vyra_module_interfaces__rosidl_typesupport_fastrtps_cExport-noconfig.cmake
[0.579s] -- Up-to-date: /workspace/install/vyra_module_interfaces/share/vyra_module_interfaces/cmake/vyra_module_interfaces__rosidl_typesupport_introspection_cExport.cmake
[0.579s] -- Up-to-date: /workspace/install/vyra_module_interfaces/share/vyra_module_interfaces/cmake/vyra_module_interfaces__rosidl_typesupport_introspection_cExport-noconfig.cmake
[0.579s] -- Up-to-date: /workspace/install/vyra_module_interfaces/share/vyra_module_interfaces/cmake/vyra_module_interfaces__rosidl_typesupport_cExport.cmake
[0.579s] -- Up-to-date: /workspace/install/vyra_module_interfaces/share/vyra_module_interfaces/cmake/vyra_module_interfaces__rosidl_typesupport_cExport-noconfig.cmake
[0.580s] -- Up-to-date: /workspace/install/vyra_module_interfaces/share/vyra_module_interfaces/cmake/export_vyra_module_interfaces__rosidl_generator_cppExport.cmake
[0.581s] -- Up-to-date: /workspace/install/vyra_module_interfaces/share/vyra_module_interfaces/cmake/export_vyra_module_interfaces__rosidl_typesupport_fastrtps_cppExport.cmake
[0.581s] -- Up-to-date: /workspace/install/vyra_module_interfaces/share/vyra_module_interfaces/cmake/export_vyra_module_interfaces__rosidl_typesupport_fastrtps_cppExport-noconfig.cmake
[0.581s] -- Up-to-date: /workspace/install/vyra_module_interfaces/share/vyra_module_interfaces/cmake/vyra_module_interfaces__rosidl_typesupport_introspection_cppExport.cmake
[0.582s] -- Up-to-date: /workspace/install/vyra_module_interfaces/share/vyra_module_interfaces/cmake/vyra_module_interfaces__rosidl_typesupport_introspection_cppExport-noconfig.cmake
[0.582s] -- Up-to-date: /workspace/install/vyra_module_interfaces/share/vyra_module_interfaces/cmake/vyra_module_interfaces__rosidl_typesupport_cppExport.cmake
[0.582s] -- Up-to-date: /workspace/install/vyra_module_interfaces/share/vyra_module_interfaces/cmake/vyra_module_interfaces__rosidl_typesupport_cppExport-noconfig.cmake
[0.583s] -- Up-to-date: /workspace/install/vyra_module_interfaces/share/vyra_module_interfaces/cmake/export_vyra_module_interfaces__rosidl_generator_pyExport.cmake
[0.583s] -- Up-to-date: /workspace/install/vyra_module_interfaces/share/vyra_module_interfaces/cmake/export_vyra_module_interfaces__rosidl_generator_pyExport-noconfig.cmake
[0.584s] -- Up-to-date: /workspace/install/vyra_module_interfaces/share/vyra_module_interfaces/cmake/rosidl_cmake-extras.cmake
[0.584s] -- Up-to-date: /workspace/install/vyra_module_interfaces/share/vyra_module_interfaces/cmake/ament_cmake_export_dependencies-extras.cmake
[0.584s] -- Up-to-date: /workspace/install/vyra_module_interfaces/share/vyra_module_interfaces/cmake/ament_cmake_export_include_directories-extras.cmake
[0.585s] -- Up-to-date: /workspace/install/vyra_module_interfaces/share/vyra_module_interfaces/cmake/ament_cmake_export_libraries-extras.cmake
[0.585s] -- Up-to-date: /workspace/install/vyra_module_interfaces/share/vyra_module_interfaces/cmake/ament_cmake_export_targets-extras.cmake
[0.586s] -- Up-to-date: /workspace/install/vyra_module_interfaces/share/vyra_module_interfaces/cmake/rosidl_cmake_export_typesupport_targets-extras.cmake
[0.586s] -- Up-to-date: /workspace/install/vyra_module_interfaces/share/vyra_module_interfaces/cmake/rosidl_cmake_export_typesupport_libraries-extras.cmake
[0.586s] -- Up-to-date: /workspace/install/vyra_module_interfaces/share/vyra_module_interfaces/cmake/vyra_module_interfacesConfig.cmake
[0.586s] -- Up-to-date: /workspace/install/vyra_module_interfaces/share/vyra_module_interfaces/cmake/vyra_module_interfacesConfig-version.cmake
[0.587s] -- Up-to-date: /workspace/install/vyra_module_interfaces/share/vyra_module_interfaces/package.xml
[0.587s] Invoked command in '/workspace/build/vyra_module_interfaces' returned '0': CMAKE_PREFIX_PATH=${CMAKE_PREFIX_PATH}:/workspace/install/vyra_module_template:/opt/ros/humble /usr/bin/cmake --install /workspace/build/vyra_module_interfaces
