[0.658s] Invoking command in '/workspace/src/vyra_module_template': PYTHONPATH=/workspace/build/vyra_module_template/prefix_override:/usr/lib/python3/dist-packages/colcon_core/task/python/colcon_distutils_commands:/workspace/install/vyra_module_template/lib/python3.10/site-packages:/workspace/install/vyra_module_interfaces/local/lib/python3.10/dist-packages:${PYTHONPATH} /usr/bin/python3 -W ignore:setup.py install is deprecated -W ignore:easy_install command is deprecated setup.py egg_info --egg-base ../../build/vyra_module_template build --build-base /workspace/build/vyra_module_template/build install --record /workspace/build/vyra_module_template/install.log --single-version-externally-managed install_data
[0.916s] running egg_info
[0.929s] creating ../../build/vyra_module_template/vyra_module_template.egg-info
[0.929s] writing ../../build/vyra_module_template/vyra_module_template.egg-info/PKG-INFO
[0.929s] writing dependency_links to ../../build/vyra_module_template/vyra_module_template.egg-info/dependency_links.txt
[0.930s] writing entry points to ../../build/vyra_module_template/vyra_module_template.egg-info/entry_points.txt
[0.930s] writing requirements to ../../build/vyra_module_template/vyra_module_template.egg-info/requires.txt
[0.930s] writing top-level names to ../../build/vyra_module_template/vyra_module_template.egg-info/top_level.txt
[0.931s] writing manifest file '../../build/vyra_module_template/vyra_module_template.egg-info/SOURCES.txt'
[0.960s] reading manifest file '../../build/vyra_module_template/vyra_module_template.egg-info/SOURCES.txt'
[0.961s] writing manifest file '../../build/vyra_module_template/vyra_module_template.egg-info/SOURCES.txt'
[0.962s] running build
[0.962s] running build_py
[0.962s] creating /workspace/build/vyra_module_template/build/lib/vyra_module_template
[0.962s] copying vyra_module_template/Core.py -> /workspace/build/vyra_module_template/build/lib/vyra_module_template
[0.962s] copying vyra_module_template/PublisherNode.py -> /workspace/build/vyra_module_template/build/lib/vyra_module_template
[0.963s] copying vyra_module_template/__init__.py -> /workspace/build/vyra_module_template/build/lib/vyra_module_template
[0.963s] copying vyra_module_template/SubscriberNode.py -> /workspace/build/vyra_module_template/build/lib/vyra_module_template
[0.963s] copying vyra_module_template/Template.py -> /workspace/build/vyra_module_template/build/lib/vyra_module_template
[0.963s] running install
[0.967s] running install_lib
[0.981s] creating /workspace/install/vyra_module_template/lib/python3.10/site-packages/vyra_module_template
[0.981s] copying /workspace/build/vyra_module_template/build/lib/vyra_module_template/Core.py -> /workspace/install/vyra_module_template/lib/python3.10/site-packages/vyra_module_template
[0.982s] copying /workspace/build/vyra_module_template/build/lib/vyra_module_template/PublisherNode.py -> /workspace/install/vyra_module_template/lib/python3.10/site-packages/vyra_module_template
[0.982s] copying /workspace/build/vyra_module_template/build/lib/vyra_module_template/__init__.py -> /workspace/install/vyra_module_template/lib/python3.10/site-packages/vyra_module_template
[0.982s] copying /workspace/build/vyra_module_template/build/lib/vyra_module_template/SubscriberNode.py -> /workspace/install/vyra_module_template/lib/python3.10/site-packages/vyra_module_template
[0.982s] copying /workspace/build/vyra_module_template/build/lib/vyra_module_template/Template.py -> /workspace/install/vyra_module_template/lib/python3.10/site-packages/vyra_module_template
[0.982s] byte-compiling /workspace/install/vyra_module_template/lib/python3.10/site-packages/vyra_module_template/Core.py to Core.cpython-310.pyc
[0.984s] byte-compiling /workspace/install/vyra_module_template/lib/python3.10/site-packages/vyra_module_template/PublisherNode.py to PublisherNode.cpython-310.pyc
[0.984s] byte-compiling /workspace/install/vyra_module_template/lib/python3.10/site-packages/vyra_module_template/__init__.py to __init__.cpython-310.pyc
[0.984s] byte-compiling /workspace/install/vyra_module_template/lib/python3.10/site-packages/vyra_module_template/SubscriberNode.py to SubscriberNode.cpython-310.pyc
[0.985s] byte-compiling /workspace/install/vyra_module_template/lib/python3.10/site-packages/vyra_module_template/Template.py to Template.cpython-310.pyc
[0.985s] running install_data
[0.986s] creating /workspace/install/vyra_module_template/share/ament_index/resource_index/packages
[0.986s] copying resource/vyra_module_template -> /workspace/install/vyra_module_template/share/ament_index/resource_index/packages
[0.986s] copying package.xml -> /workspace/install/vyra_module_template/share/vyra_module_template
[0.986s] running install_egg_info
[1.001s] Copying ../../build/vyra_module_template/vyra_module_template.egg-info to /workspace/install/vyra_module_template/lib/python3.10/site-packages/vyra_module_template-0.1.0-py3.10.egg-info
[1.003s] running install_scripts
[1.032s] Installing core script to /workspace/install/vyra_module_template/lib/vyra_module_template
[1.033s] Installing listener script to /workspace/install/vyra_module_template/lib/vyra_module_template
[1.033s] Installing talker script to /workspace/install/vyra_module_template/lib/vyra_module_template
[1.033s] writing list of installed files to '/workspace/build/vyra_module_template/install.log'
[1.059s] Invoked command in '/workspace/src/vyra_module_template' returned '0': PYTHONPATH=/workspace/build/vyra_module_template/prefix_override:/usr/lib/python3/dist-packages/colcon_core/task/python/colcon_distutils_commands:/workspace/install/vyra_module_template/lib/python3.10/site-packages:/workspace/install/vyra_module_interfaces/local/lib/python3.10/dist-packages:${PYTHONPATH} /usr/bin/python3 -W ignore:setup.py install is deprecated -W ignore:easy_install command is deprecated setup.py egg_info --egg-base ../../build/vyra_module_template build --build-base /workspace/build/vyra_module_template/build install --record /workspace/build/vyra_module_template/install.log --single-version-externally-managed install_data
