[0.130s] DEBUG:colcon:Command line arguments: ['/usr/bin/colcon', 'build']
[0.130s] DEBUG:colcon:Parsed command line arguments: Namespace(log_base=None, log_level=None, verb_name='build', build_base='build', install_base='install', merge_install=False, symlink_install=False, test_result_base=None, continue_on_error=False, executor='parallel', parallel_workers=12, event_handlers=None, ignore_user_meta=False, metas=['./colcon.meta'], base_paths=['.'], packages_ignore=None, packages_ignore_regex=None, paths=None, packages_up_to=None, packages_up_to_regex=None, packages_above=None, packages_above_and_dependencies=None, packages_above_depth=None, packages_select_by_dep=None, packages_skip_by_dep=None, packages_skip_up_to=None, packages_select_build_failed=False, packages_skip_build_finished=False, packages_select_test_failures=False, packages_skip_test_passed=False, packages_select=None, packages_skip=None, packages_select_regex=None, packages_skip_regex=None, packages_start=None, packages_end=None, allow_overriding=[], cmake_args=None, cmake_target=None, cmake_target_skip_unavailable=False, cmake_clean_cache=False, cmake_clean_first=False, cmake_force_configure=False, ament_cmake_args=None, catkin_cmake_args=None, catkin_skip_building_tests=False, mixin_files=None, mixin=None, verb_parser=<colcon_mixin.mixin.mixin_argument.MixinArgumentDecorator object at 0x7caad4689310>, verb_extension=<colcon_core.verb.build.BuildVerb object at 0x7caad4689010>, main=<bound method BuildVerb.main of <colcon_core.verb.build.BuildVerb object at 0x7caad4689010>>, mixin_verb=('build',))
[0.176s] Level 1:colcon.colcon_core.package_discovery:discover_packages(colcon_meta) check parameters
[0.176s] Level 1:colcon.colcon_core.package_discovery:discover_packages(recursive) check parameters
[0.176s] Level 1:colcon.colcon_core.package_discovery:discover_packages(ignore) check parameters
[0.176s] Level 1:colcon.colcon_core.package_discovery:discover_packages(path) check parameters
[0.176s] Level 1:colcon.colcon_core.package_discovery:discover_packages(colcon_meta) discover
[0.176s] Level 1:colcon.colcon_core.package_discovery:discover_packages(recursive) discover
[0.176s] INFO:colcon.colcon_core.package_discovery:Crawling recursively for packages in '/home/holgder-dach/VYRA/vyra_module_template'
[0.176s] Level 1:colcon.colcon_core.package_identification:_identify(.) by extensions ['ignore', 'ignore_ament_install']
[0.177s] Level 1:colcon.colcon_core.package_identification:_identify(.) by extension 'ignore'
[0.177s] Level 1:colcon.colcon_core.package_identification:_identify(.) by extension 'ignore_ament_install'
[0.177s] Level 1:colcon.colcon_core.package_identification:_identify(.) by extensions ['colcon_pkg']
[0.177s] Level 1:colcon.colcon_core.package_identification:_identify(.) by extension 'colcon_pkg'
[0.177s] Level 1:colcon.colcon_core.package_identification:_identify(.) by extensions ['colcon_meta']
[0.177s] Level 1:colcon.colcon_core.package_identification:_identify(.) by extension 'colcon_meta'
[0.177s] Level 1:colcon.colcon_core.package_identification:_identify(.) by extensions ['ros']
[0.177s] Level 1:colcon.colcon_core.package_identification:_identify(.) by extension 'ros'
[0.206s] Level 1:colcon.colcon_core.package_identification:_identify(.) by extensions ['cmake', 'python']
[0.207s] Level 1:colcon.colcon_core.package_identification:_identify(.) by extension 'cmake'
[0.207s] Level 1:colcon.colcon_core.package_identification:_identify(.) by extension 'python'
[0.207s] Level 1:colcon.colcon_core.package_identification:_identify(.) by extensions ['python_setup_py']
[0.207s] Level 1:colcon.colcon_core.package_identification:_identify(.) by extension 'python_setup_py'
[0.207s] Level 1:colcon.colcon_core.package_identification:_identify(build) by extensions ['ignore', 'ignore_ament_install']
[0.207s] Level 1:colcon.colcon_core.package_identification:_identify(build) by extension 'ignore'
[0.207s] Level 1:colcon.colcon_core.package_identification:_identify(build) ignored
[0.207s] Level 1:colcon.colcon_core.package_identification:_identify(install) by extensions ['ignore', 'ignore_ament_install']
[0.207s] Level 1:colcon.colcon_core.package_identification:_identify(install) by extension 'ignore'
[0.207s] Level 1:colcon.colcon_core.package_identification:_identify(install) ignored
[0.207s] Level 1:colcon.colcon_core.package_identification:_identify(log) by extensions ['ignore', 'ignore_ament_install']
[0.208s] Level 1:colcon.colcon_core.package_identification:_identify(log) by extension 'ignore'
[0.208s] Level 1:colcon.colcon_core.package_identification:_identify(log) ignored
[0.208s] Level 1:colcon.colcon_core.package_identification:_identify(src) by extensions ['ignore', 'ignore_ament_install']
[0.208s] Level 1:colcon.colcon_core.package_identification:_identify(src) by extension 'ignore'
[0.208s] Level 1:colcon.colcon_core.package_identification:_identify(src) by extension 'ignore_ament_install'
[0.208s] Level 1:colcon.colcon_core.package_identification:_identify(src) by extensions ['colcon_pkg']
[0.208s] Level 1:colcon.colcon_core.package_identification:_identify(src) by extension 'colcon_pkg'
[0.208s] Level 1:colcon.colcon_core.package_identification:_identify(src) by extensions ['colcon_meta']
[0.208s] Level 1:colcon.colcon_core.package_identification:_identify(src) by extension 'colcon_meta'
[0.208s] Level 1:colcon.colcon_core.package_identification:_identify(src) by extensions ['ros']
[0.208s] Level 1:colcon.colcon_core.package_identification:_identify(src) by extension 'ros'
[0.208s] Level 1:colcon.colcon_core.package_identification:_identify(src) by extensions ['cmake', 'python']
[0.208s] Level 1:colcon.colcon_core.package_identification:_identify(src) by extension 'cmake'
[0.208s] Level 1:colcon.colcon_core.package_identification:_identify(src) by extension 'python'
[0.208s] Level 1:colcon.colcon_core.package_identification:_identify(src) by extensions ['python_setup_py']
[0.208s] Level 1:colcon.colcon_core.package_identification:_identify(src) by extension 'python_setup_py'
[0.209s] Level 1:colcon.colcon_core.package_identification:_identify(src/vyra_module_interfaces) by extensions ['ignore', 'ignore_ament_install']
[0.209s] Level 1:colcon.colcon_core.package_identification:_identify(src/vyra_module_interfaces) by extension 'ignore'
[0.209s] Level 1:colcon.colcon_core.package_identification:_identify(src/vyra_module_interfaces) by extension 'ignore_ament_install'
[0.209s] Level 1:colcon.colcon_core.package_identification:_identify(src/vyra_module_interfaces) by extensions ['colcon_pkg']
[0.209s] Level 1:colcon.colcon_core.package_identification:_identify(src/vyra_module_interfaces) by extension 'colcon_pkg'
[0.209s] Level 1:colcon.colcon_core.package_identification:_identify(src/vyra_module_interfaces) by extensions ['colcon_meta']
[0.209s] Level 1:colcon.colcon_core.package_identification:_identify(src/vyra_module_interfaces) by extension 'colcon_meta'
[0.209s] Level 1:colcon.colcon_core.package_identification:_identify(src/vyra_module_interfaces) by extensions ['ros']
[0.209s] Level 1:colcon.colcon_core.package_identification:_identify(src/vyra_module_interfaces) by extension 'ros'
[0.212s] DEBUG:colcon.colcon_core.package_identification:Package 'src/vyra_module_interfaces' with type 'ros.ament_cmake' and name 'vyra_module_interfaces'
[0.212s] Level 1:colcon.colcon_core.package_identification:_identify(src/vyra_module_template) by extensions ['ignore', 'ignore_ament_install']
[0.212s] Level 1:colcon.colcon_core.package_identification:_identify(src/vyra_module_template) by extension 'ignore'
[0.212s] Level 1:colcon.colcon_core.package_identification:_identify(src/vyra_module_template) by extension 'ignore_ament_install'
[0.212s] Level 1:colcon.colcon_core.package_identification:_identify(src/vyra_module_template) by extensions ['colcon_pkg']
[0.212s] Level 1:colcon.colcon_core.package_identification:_identify(src/vyra_module_template) by extension 'colcon_pkg'
[0.212s] Level 1:colcon.colcon_core.package_identification:_identify(src/vyra_module_template) by extensions ['colcon_meta']
[0.212s] Level 1:colcon.colcon_core.package_identification:_identify(src/vyra_module_template) by extension 'colcon_meta'
[0.212s] Level 1:colcon.colcon_core.package_identification:_identify(src/vyra_module_template) by extensions ['ros']
[0.212s] Level 1:colcon.colcon_core.package_identification:_identify(src/vyra_module_template) by extension 'ros'
[0.213s] DEBUG:colcon.colcon_core.package_identification:Package 'src/vyra_module_template' with type 'ros.ament_python' and name 'vyra_module_template'
[0.213s] Level 1:colcon.colcon_core.package_identification:_identify(tools) by extensions ['ignore', 'ignore_ament_install']
[0.213s] Level 1:colcon.colcon_core.package_identification:_identify(tools) by extension 'ignore'
[0.213s] Level 1:colcon.colcon_core.package_identification:_identify(tools) by extension 'ignore_ament_install'
[0.213s] Level 1:colcon.colcon_core.package_identification:_identify(tools) by extensions ['colcon_pkg']
[0.213s] Level 1:colcon.colcon_core.package_identification:_identify(tools) by extension 'colcon_pkg'
[0.213s] Level 1:colcon.colcon_core.package_identification:_identify(tools) by extensions ['colcon_meta']
[0.213s] Level 1:colcon.colcon_core.package_identification:_identify(tools) by extension 'colcon_meta'
[0.214s] Level 1:colcon.colcon_core.package_identification:_identify(tools) by extensions ['ros']
[0.214s] Level 1:colcon.colcon_core.package_identification:_identify(tools) by extension 'ros'
[0.214s] Level 1:colcon.colcon_core.package_identification:_identify(tools) by extensions ['cmake', 'python']
[0.214s] Level 1:colcon.colcon_core.package_identification:_identify(tools) by extension 'cmake'
[0.214s] Level 1:colcon.colcon_core.package_identification:_identify(tools) by extension 'python'
[0.214s] Level 1:colcon.colcon_core.package_identification:_identify(tools) by extensions ['python_setup_py']
[0.214s] Level 1:colcon.colcon_core.package_identification:_identify(tools) by extension 'python_setup_py'
[0.214s] Level 1:colcon.colcon_core.package_identification:_identify(wheels) by extensions ['ignore', 'ignore_ament_install']
[0.214s] Level 1:colcon.colcon_core.package_identification:_identify(wheels) by extension 'ignore'
[0.214s] Level 1:colcon.colcon_core.package_identification:_identify(wheels) by extension 'ignore_ament_install'
[0.214s] Level 1:colcon.colcon_core.package_identification:_identify(wheels) by extensions ['colcon_pkg']
[0.214s] Level 1:colcon.colcon_core.package_identification:_identify(wheels) by extension 'colcon_pkg'
[0.214s] Level 1:colcon.colcon_core.package_identification:_identify(wheels) by extensions ['colcon_meta']
[0.214s] Level 1:colcon.colcon_core.package_identification:_identify(wheels) by extension 'colcon_meta'
[0.214s] Level 1:colcon.colcon_core.package_identification:_identify(wheels) by extensions ['ros']
[0.214s] Level 1:colcon.colcon_core.package_identification:_identify(wheels) by extension 'ros'
[0.214s] Level 1:colcon.colcon_core.package_identification:_identify(wheels) by extensions ['cmake', 'python']
[0.214s] Level 1:colcon.colcon_core.package_identification:_identify(wheels) by extension 'cmake'
[0.215s] Level 1:colcon.colcon_core.package_identification:_identify(wheels) by extension 'python'
[0.215s] Level 1:colcon.colcon_core.package_identification:_identify(wheels) by extensions ['python_setup_py']
[0.215s] Level 1:colcon.colcon_core.package_identification:_identify(wheels) by extension 'python_setup_py'
[0.215s] Level 1:colcon.colcon_core.package_identification:_identify(wheels/build) by extensions ['ignore', 'ignore_ament_install']
[0.215s] Level 1:colcon.colcon_core.package_identification:_identify(wheels/build) by extension 'ignore'
[0.215s] Level 1:colcon.colcon_core.package_identification:_identify(wheels/build) ignored
[0.215s] Level 1:colcon.colcon_core.package_identification:_identify(wheels/install) by extensions ['ignore', 'ignore_ament_install']
[0.215s] Level 1:colcon.colcon_core.package_identification:_identify(wheels/install) by extension 'ignore'
[0.215s] Level 1:colcon.colcon_core.package_identification:_identify(wheels/install) ignored
[0.215s] Level 1:colcon.colcon_core.package_identification:_identify(wheels/log) by extensions ['ignore', 'ignore_ament_install']
[0.215s] Level 1:colcon.colcon_core.package_identification:_identify(wheels/log) by extension 'ignore'
[0.215s] Level 1:colcon.colcon_core.package_identification:_identify(wheels/log) ignored
[0.215s] Level 1:colcon.colcon_core.package_discovery:discover_packages(recursive) using defaults
[0.215s] Level 1:colcon.colcon_core.package_discovery:discover_packages(ignore) discover
[0.215s] Level 1:colcon.colcon_core.package_discovery:discover_packages(ignore) using defaults
[0.215s] Level 1:colcon.colcon_core.package_discovery:discover_packages(path) discover
[0.215s] Level 1:colcon.colcon_core.package_discovery:discover_packages(path) using defaults
[0.235s] Level 1:colcon.colcon_core.package_discovery:discover_packages(prefix_path) check parameters
[0.235s] Level 1:colcon.colcon_core.package_discovery:discover_packages(prefix_path) discover
[0.238s] DEBUG:colcon.colcon_installed_package_information.package_discovery:Found 289 installed packages in /opt/ros/kilted
[0.240s] Level 1:colcon.colcon_core.package_discovery:discover_packages(prefix_path) using defaults
[0.292s] Level 5:colcon.colcon_core.verb:set package 'vyra_module_interfaces' build argument 'cmake_args' from command line to 'None'
[0.292s] Level 5:colcon.colcon_core.verb:set package 'vyra_module_interfaces' build argument 'cmake_target' from command line to 'None'
[0.292s] Level 5:colcon.colcon_core.verb:set package 'vyra_module_interfaces' build argument 'cmake_target_skip_unavailable' from command line to 'False'
[0.292s] Level 5:colcon.colcon_core.verb:set package 'vyra_module_interfaces' build argument 'cmake_clean_cache' from command line to 'False'
[0.292s] Level 5:colcon.colcon_core.verb:set package 'vyra_module_interfaces' build argument 'cmake_clean_first' from command line to 'False'
[0.292s] Level 5:colcon.colcon_core.verb:set package 'vyra_module_interfaces' build argument 'cmake_force_configure' from command line to 'False'
[0.292s] Level 5:colcon.colcon_core.verb:set package 'vyra_module_interfaces' build argument 'ament_cmake_args' from command line to 'None'
[0.292s] Level 5:colcon.colcon_core.verb:set package 'vyra_module_interfaces' build argument 'catkin_cmake_args' from command line to 'None'
[0.292s] Level 5:colcon.colcon_core.verb:set package 'vyra_module_interfaces' build argument 'catkin_skip_building_tests' from command line to 'False'
[0.292s] DEBUG:colcon.colcon_core.verb:Building package 'vyra_module_interfaces' with the following arguments: {'ament_cmake_args': None, 'build_base': '/home/holgder-dach/VYRA/vyra_module_template/build/vyra_module_interfaces', 'catkin_cmake_args': None, 'catkin_skip_building_tests': False, 'cmake_args': None, 'cmake_clean_cache': False, 'cmake_clean_first': False, 'cmake_force_configure': False, 'cmake_target': None, 'cmake_target_skip_unavailable': False, 'install_base': '/home/holgder-dach/VYRA/vyra_module_template/install/vyra_module_interfaces', 'merge_install': False, 'path': '/home/holgder-dach/VYRA/vyra_module_template/src/vyra_module_interfaces', 'symlink_install': False, 'test_result_base': None}
[0.293s] Level 5:colcon.colcon_core.verb:set package 'vyra_module_template' build argument 'cmake_args' from command line to 'None'
[0.293s] Level 5:colcon.colcon_core.verb:set package 'vyra_module_template' build argument 'cmake_target' from command line to 'None'
[0.293s] Level 5:colcon.colcon_core.verb:set package 'vyra_module_template' build argument 'cmake_target_skip_unavailable' from command line to 'False'
[0.293s] Level 5:colcon.colcon_core.verb:set package 'vyra_module_template' build argument 'cmake_clean_cache' from command line to 'False'
[0.293s] Level 5:colcon.colcon_core.verb:set package 'vyra_module_template' build argument 'cmake_clean_first' from command line to 'False'
[0.293s] Level 5:colcon.colcon_core.verb:set package 'vyra_module_template' build argument 'cmake_force_configure' from command line to 'False'
[0.293s] Level 5:colcon.colcon_core.verb:set package 'vyra_module_template' build argument 'ament_cmake_args' from command line to 'None'
[0.293s] Level 5:colcon.colcon_core.verb:set package 'vyra_module_template' build argument 'catkin_cmake_args' from command line to 'None'
[0.293s] Level 5:colcon.colcon_core.verb:set package 'vyra_module_template' build argument 'catkin_skip_building_tests' from command line to 'False'
[0.293s] DEBUG:colcon.colcon_core.verb:Building package 'vyra_module_template' with the following arguments: {'ament_cmake_args': None, 'build_base': '/home/holgder-dach/VYRA/vyra_module_template/build/vyra_module_template', 'catkin_cmake_args': None, 'catkin_skip_building_tests': False, 'cmake_args': None, 'cmake_clean_cache': False, 'cmake_clean_first': False, 'cmake_force_configure': False, 'cmake_target': None, 'cmake_target_skip_unavailable': False, 'install_base': '/home/holgder-dach/VYRA/vyra_module_template/install/vyra_module_template', 'merge_install': False, 'path': '/home/holgder-dach/VYRA/vyra_module_template/src/vyra_module_template', 'symlink_install': False, 'test_result_base': None}
[0.293s] INFO:colcon.colcon_core.executor:Executing jobs using 'parallel' executor
[0.294s] DEBUG:colcon.colcon_parallel_executor.executor.parallel:run_until_complete
[0.294s] INFO:colcon.colcon_ros.task.ament_cmake.build:Building ROS package in '/home/holgder-dach/VYRA/vyra_module_template/src/vyra_module_interfaces' with build type 'ament_cmake'
[0.295s] INFO:colcon.colcon_cmake.task.cmake.build:Building CMake package in '/home/holgder-dach/VYRA/vyra_module_template/src/vyra_module_interfaces'
[0.297s] INFO:colcon.colcon_core.plugin_system:Skipping extension 'colcon_core.shell.bat': Not used on non-Windows systems
[0.297s] INFO:colcon.colcon_core.shell:Skip shell extension 'powershell' for command environment: Not usable outside of PowerShell
[0.297s] DEBUG:colcon.colcon_core.shell:Skip shell extension 'dsv' for command environment
[0.309s] DEBUG:colcon.colcon_core.event_handler.log_command:Invoking command in '/home/holgder-dach/VYRA/vyra_module_template/build/vyra_module_interfaces': CMAKE_PREFIX_PATH=${CMAKE_PREFIX_PATH}:/opt/ros/kilted /usr/bin/cmake --build /home/holgder-dach/VYRA/vyra_module_template/build/vyra_module_interfaces -- -j12 -l12
[0.878s] DEBUG:colcon.colcon_core.event_handler.log_command:Invoked command in '/home/holgder-dach/VYRA/vyra_module_template/build/vyra_module_interfaces' returned '0': CMAKE_PREFIX_PATH=${CMAKE_PREFIX_PATH}:/opt/ros/kilted /usr/bin/cmake --build /home/holgder-dach/VYRA/vyra_module_template/build/vyra_module_interfaces -- -j12 -l12
[0.890s] DEBUG:colcon.colcon_core.event_handler.log_command:Invoking command in '/home/holgder-dach/VYRA/vyra_module_template/build/vyra_module_interfaces': CMAKE_PREFIX_PATH=${CMAKE_PREFIX_PATH}:/opt/ros/kilted /usr/bin/cmake --install /home/holgder-dach/VYRA/vyra_module_template/build/vyra_module_interfaces
[0.980s] Level 1:colcon.colcon_core.environment:create_environment_scripts_only(vyra_module_interfaces)
[0.980s] DEBUG:colcon.colcon_core.event_handler.log_command:Invoked command in '/home/holgder-dach/VYRA/vyra_module_template/build/vyra_module_interfaces' returned '0': CMAKE_PREFIX_PATH=${CMAKE_PREFIX_PATH}:/opt/ros/kilted /usr/bin/cmake --install /home/holgder-dach/VYRA/vyra_module_template/build/vyra_module_interfaces
[0.982s] Level 1:colcon.colcon_core.environment:checking '/home/holgder-dach/VYRA/vyra_module_template/install/vyra_module_interfaces' for CMake module files
[0.983s] Level 1:colcon.colcon_core.environment:checking '/home/holgder-dach/VYRA/vyra_module_template/install/vyra_module_interfaces' for CMake config files
[0.984s] Level 1:colcon.colcon_core.shell:create_environment_hook('vyra_module_interfaces', 'cmake_prefix_path')
[0.984s] INFO:colcon.colcon_core.shell:Creating environment hook '/home/holgder-dach/VYRA/vyra_module_template/install/vyra_module_interfaces/share/vyra_module_interfaces/hook/cmake_prefix_path.ps1'
[0.985s] INFO:colcon.colcon_core.shell:Creating environment descriptor '/home/holgder-dach/VYRA/vyra_module_template/install/vyra_module_interfaces/share/vyra_module_interfaces/hook/cmake_prefix_path.dsv'
[0.985s] INFO:colcon.colcon_core.shell:Creating environment hook '/home/holgder-dach/VYRA/vyra_module_template/install/vyra_module_interfaces/share/vyra_module_interfaces/hook/cmake_prefix_path.sh'
[0.986s] Level 1:colcon.colcon_core.environment:checking '/home/holgder-dach/VYRA/vyra_module_template/install/vyra_module_interfaces/lib'
[0.986s] Level 1:colcon.colcon_core.shell:create_environment_hook('vyra_module_interfaces', 'ld_library_path_lib')
[0.986s] INFO:colcon.colcon_core.shell:Creating environment hook '/home/holgder-dach/VYRA/vyra_module_template/install/vyra_module_interfaces/share/vyra_module_interfaces/hook/ld_library_path_lib.ps1'
[0.987s] INFO:colcon.colcon_core.shell:Creating environment descriptor '/home/holgder-dach/VYRA/vyra_module_template/install/vyra_module_interfaces/share/vyra_module_interfaces/hook/ld_library_path_lib.dsv'
[0.987s] INFO:colcon.colcon_core.shell:Creating environment hook '/home/holgder-dach/VYRA/vyra_module_template/install/vyra_module_interfaces/share/vyra_module_interfaces/hook/ld_library_path_lib.sh'
[0.988s] Level 1:colcon.colcon_core.environment:checking '/home/holgder-dach/VYRA/vyra_module_template/install/vyra_module_interfaces/bin'
[0.988s] Level 1:colcon.colcon_core.environment:checking '/home/holgder-dach/VYRA/vyra_module_template/install/vyra_module_interfaces/lib/pkgconfig/vyra_module_interfaces.pc'
[0.988s] Level 1:colcon.colcon_core.environment:checking '/home/holgder-dach/VYRA/vyra_module_template/install/vyra_module_interfaces/lib/python3.12/site-packages'
[0.988s] Level 1:colcon.colcon_core.shell:create_environment_hook('vyra_module_interfaces', 'pythonpath')
[0.988s] INFO:colcon.colcon_core.shell:Creating environment hook '/home/holgder-dach/VYRA/vyra_module_template/install/vyra_module_interfaces/share/vyra_module_interfaces/hook/pythonpath.ps1'
[0.989s] INFO:colcon.colcon_core.shell:Creating environment descriptor '/home/holgder-dach/VYRA/vyra_module_template/install/vyra_module_interfaces/share/vyra_module_interfaces/hook/pythonpath.dsv'
[0.989s] INFO:colcon.colcon_core.shell:Creating environment hook '/home/holgder-dach/VYRA/vyra_module_template/install/vyra_module_interfaces/share/vyra_module_interfaces/hook/pythonpath.sh'
[0.989s] Level 1:colcon.colcon_core.environment:checking '/home/holgder-dach/VYRA/vyra_module_template/install/vyra_module_interfaces/bin'
[0.990s] INFO:colcon.colcon_core.shell:Creating package script '/home/holgder-dach/VYRA/vyra_module_template/install/vyra_module_interfaces/share/vyra_module_interfaces/package.ps1'
[0.990s] INFO:colcon.colcon_core.shell:Creating package descriptor '/home/holgder-dach/VYRA/vyra_module_template/install/vyra_module_interfaces/share/vyra_module_interfaces/package.dsv'
[0.991s] INFO:colcon.colcon_core.shell:Creating package script '/home/holgder-dach/VYRA/vyra_module_template/install/vyra_module_interfaces/share/vyra_module_interfaces/package.sh'
[0.992s] INFO:colcon.colcon_core.shell:Creating package script '/home/holgder-dach/VYRA/vyra_module_template/install/vyra_module_interfaces/share/vyra_module_interfaces/package.bash'
[0.992s] INFO:colcon.colcon_core.shell:Creating package script '/home/holgder-dach/VYRA/vyra_module_template/install/vyra_module_interfaces/share/vyra_module_interfaces/package.zsh'
[0.993s] Level 1:colcon.colcon_core.environment:create_file_with_runtime_dependencies(/home/holgder-dach/VYRA/vyra_module_template/install/vyra_module_interfaces/share/colcon-core/packages/vyra_module_interfaces)
[0.994s] Level 1:colcon.colcon_core.environment:create_environment_scripts_only(vyra_module_interfaces)
[0.994s] Level 1:colcon.colcon_core.environment:checking '/home/holgder-dach/VYRA/vyra_module_template/install/vyra_module_interfaces' for CMake module files
[0.994s] Level 1:colcon.colcon_core.environment:checking '/home/holgder-dach/VYRA/vyra_module_template/install/vyra_module_interfaces' for CMake config files
[0.995s] Level 1:colcon.colcon_core.shell:create_environment_hook('vyra_module_interfaces', 'cmake_prefix_path')
[0.996s] INFO:colcon.colcon_core.shell:Creating environment hook '/home/holgder-dach/VYRA/vyra_module_template/install/vyra_module_interfaces/share/vyra_module_interfaces/hook/cmake_prefix_path.ps1'
[0.996s] INFO:colcon.colcon_core.shell:Creating environment descriptor '/home/holgder-dach/VYRA/vyra_module_template/install/vyra_module_interfaces/share/vyra_module_interfaces/hook/cmake_prefix_path.dsv'
[0.996s] INFO:colcon.colcon_core.shell:Creating environment hook '/home/holgder-dach/VYRA/vyra_module_template/install/vyra_module_interfaces/share/vyra_module_interfaces/hook/cmake_prefix_path.sh'
[0.997s] Level 1:colcon.colcon_core.environment:checking '/home/holgder-dach/VYRA/vyra_module_template/install/vyra_module_interfaces/lib'
[0.997s] Level 1:colcon.colcon_core.shell:create_environment_hook('vyra_module_interfaces', 'ld_library_path_lib')
[0.997s] INFO:colcon.colcon_core.shell:Creating environment hook '/home/holgder-dach/VYRA/vyra_module_template/install/vyra_module_interfaces/share/vyra_module_interfaces/hook/ld_library_path_lib.ps1'
[0.997s] INFO:colcon.colcon_core.shell:Creating environment descriptor '/home/holgder-dach/VYRA/vyra_module_template/install/vyra_module_interfaces/share/vyra_module_interfaces/hook/ld_library_path_lib.dsv'
[0.998s] INFO:colcon.colcon_core.shell:Creating environment hook '/home/holgder-dach/VYRA/vyra_module_template/install/vyra_module_interfaces/share/vyra_module_interfaces/hook/ld_library_path_lib.sh'
[0.998s] Level 1:colcon.colcon_core.environment:checking '/home/holgder-dach/VYRA/vyra_module_template/install/vyra_module_interfaces/bin'
[0.998s] Level 1:colcon.colcon_core.environment:checking '/home/holgder-dach/VYRA/vyra_module_template/install/vyra_module_interfaces/lib/pkgconfig/vyra_module_interfaces.pc'
[0.999s] Level 1:colcon.colcon_core.environment:checking '/home/holgder-dach/VYRA/vyra_module_template/install/vyra_module_interfaces/lib/python3.12/site-packages'
[0.999s] Level 1:colcon.colcon_core.shell:create_environment_hook('vyra_module_interfaces', 'pythonpath')
[0.999s] INFO:colcon.colcon_core.shell:Creating environment hook '/home/holgder-dach/VYRA/vyra_module_template/install/vyra_module_interfaces/share/vyra_module_interfaces/hook/pythonpath.ps1'
[0.999s] INFO:colcon.colcon_core.shell:Creating environment descriptor '/home/holgder-dach/VYRA/vyra_module_template/install/vyra_module_interfaces/share/vyra_module_interfaces/hook/pythonpath.dsv'
[1.000s] INFO:colcon.colcon_core.shell:Creating environment hook '/home/holgder-dach/VYRA/vyra_module_template/install/vyra_module_interfaces/share/vyra_module_interfaces/hook/pythonpath.sh'
[1.000s] Level 1:colcon.colcon_core.environment:checking '/home/holgder-dach/VYRA/vyra_module_template/install/vyra_module_interfaces/bin'
[1.000s] INFO:colcon.colcon_core.shell:Creating package script '/home/holgder-dach/VYRA/vyra_module_template/install/vyra_module_interfaces/share/vyra_module_interfaces/package.ps1'
[1.001s] INFO:colcon.colcon_core.shell:Creating package descriptor '/home/holgder-dach/VYRA/vyra_module_template/install/vyra_module_interfaces/share/vyra_module_interfaces/package.dsv'
[1.001s] INFO:colcon.colcon_core.shell:Creating package script '/home/holgder-dach/VYRA/vyra_module_template/install/vyra_module_interfaces/share/vyra_module_interfaces/package.sh'
[1.002s] INFO:colcon.colcon_core.shell:Creating package script '/home/holgder-dach/VYRA/vyra_module_template/install/vyra_module_interfaces/share/vyra_module_interfaces/package.bash'
[1.002s] INFO:colcon.colcon_core.shell:Creating package script '/home/holgder-dach/VYRA/vyra_module_template/install/vyra_module_interfaces/share/vyra_module_interfaces/package.zsh'
[1.003s] Level 1:colcon.colcon_core.environment:create_file_with_runtime_dependencies(/home/holgder-dach/VYRA/vyra_module_template/install/vyra_module_interfaces/share/colcon-core/packages/vyra_module_interfaces)
[1.003s] INFO:colcon.colcon_ros.task.ament_python.build:Building ROS package in '/home/holgder-dach/VYRA/vyra_module_template/src/vyra_module_template' with build type 'ament_python'
[1.003s] Level 1:colcon.colcon_core.shell:create_environment_hook('vyra_module_template', 'ament_prefix_path')
[1.004s] INFO:colcon.colcon_core.shell:Creating environment hook '/home/holgder-dach/VYRA/vyra_module_template/install/vyra_module_template/share/vyra_module_template/hook/ament_prefix_path.ps1'
[1.004s] INFO:colcon.colcon_core.shell:Creating environment descriptor '/home/holgder-dach/VYRA/vyra_module_template/install/vyra_module_template/share/vyra_module_template/hook/ament_prefix_path.dsv'
[1.004s] INFO:colcon.colcon_core.shell:Creating environment hook '/home/holgder-dach/VYRA/vyra_module_template/install/vyra_module_template/share/vyra_module_template/hook/ament_prefix_path.sh'
[1.005s] INFO:colcon.colcon_core.shell:Skip shell extension 'powershell' for command environment: Not usable outside of PowerShell
[1.005s] DEBUG:colcon.colcon_core.shell:Skip shell extension 'dsv' for command environment
[1.276s] INFO:colcon.colcon_core.task.python.build:Building Python package in '/home/holgder-dach/VYRA/vyra_module_template/src/vyra_module_template'
[1.277s] INFO:colcon.colcon_core.shell:Skip shell extension 'powershell' for command environment: Not usable outside of PowerShell
[1.277s] DEBUG:colcon.colcon_core.shell:Skip shell extension 'dsv' for command environment
[2.067s] DEBUG:colcon.colcon_core.event_handler.log_command:Invoking command in '/home/holgder-dach/VYRA/vyra_module_template/src/vyra_module_template': AMENT_PREFIX_PATH=/home/holgder-dach/VYRA/vyra_module_template/install/vyra_module_interfaces:${AMENT_PREFIX_PATH} CMAKE_PREFIX_PATH=/home/holgder-dach/VYRA/vyra_module_template/install/vyra_module_interfaces:${CMAKE_PREFIX_PATH} LD_LIBRARY_PATH=/home/holgder-dach/VYRA/vyra_module_template/install/vyra_module_interfaces/lib:/opt/ros/kilted/opt/zenoh_cpp_vendor/lib:/opt/ros/kilted/opt/gz_math_vendor/lib:/opt/ros/kilted/opt/gz_utils_vendor/lib:/opt/ros/kilted/opt/rviz_ogre_vendor/lib:/opt/ros/kilted/lib/x86_64-linux-gnu:/opt/ros/kilted/opt/gz_cmake_vendor/lib:/opt/ros/kilted/lib:/home/holgder-dach/Fast-DDS/install/lib PYTHONPATH=/home/holgder-dach/VYRA/vyra_module_template/build/vyra_module_template/prefix_override:/usr/lib/python3/dist-packages/colcon_core/task/python/colcon_distutils_commands:/home/holgder-dach/VYRA/vyra_module_template/install/vyra_module_template/lib/python3.12/site-packages:/home/holgder-dach/VYRA/vyra_module_template/install/vyra_module_interfaces/lib/python3.12/site-packages:${PYTHONPATH} /usr/bin/python3 -W ignore:setup.py install is deprecated -W ignore:easy_install command is deprecated setup.py egg_info --egg-base ../../build/vyra_module_template build --build-base /home/holgder-dach/VYRA/vyra_module_template/build/vyra_module_template/build install --record /home/holgder-dach/VYRA/vyra_module_template/build/vyra_module_template/install.log --single-version-externally-managed install_data
[2.582s] DEBUG:colcon.colcon_core.event_handler.log_command:Invoked command in '/home/holgder-dach/VYRA/vyra_module_template/src/vyra_module_template' returned '1': AMENT_PREFIX_PATH=/home/holgder-dach/VYRA/vyra_module_template/install/vyra_module_interfaces:${AMENT_PREFIX_PATH} CMAKE_PREFIX_PATH=/home/holgder-dach/VYRA/vyra_module_template/install/vyra_module_interfaces:${CMAKE_PREFIX_PATH} LD_LIBRARY_PATH=/home/holgder-dach/VYRA/vyra_module_template/install/vyra_module_interfaces/lib:/opt/ros/kilted/opt/zenoh_cpp_vendor/lib:/opt/ros/kilted/opt/gz_math_vendor/lib:/opt/ros/kilted/opt/gz_utils_vendor/lib:/opt/ros/kilted/opt/rviz_ogre_vendor/lib:/opt/ros/kilted/lib/x86_64-linux-gnu:/opt/ros/kilted/opt/gz_cmake_vendor/lib:/opt/ros/kilted/lib:/home/holgder-dach/Fast-DDS/install/lib PYTHONPATH=/home/holgder-dach/VYRA/vyra_module_template/build/vyra_module_template/prefix_override:/usr/lib/python3/dist-packages/colcon_core/task/python/colcon_distutils_commands:/home/holgder-dach/VYRA/vyra_module_template/install/vyra_module_template/lib/python3.12/site-packages:/home/holgder-dach/VYRA/vyra_module_template/install/vyra_module_interfaces/lib/python3.12/site-packages:${PYTHONPATH} /usr/bin/python3 -W ignore:setup.py install is deprecated -W ignore:easy_install command is deprecated setup.py egg_info --egg-base ../../build/vyra_module_template build --build-base /home/holgder-dach/VYRA/vyra_module_template/build/vyra_module_template/build install --record /home/holgder-dach/VYRA/vyra_module_template/build/vyra_module_template/install.log --single-version-externally-managed install_data
[2.591s] DEBUG:colcon.colcon_parallel_executor.executor.parallel:closing loop
[2.592s] DEBUG:colcon.colcon_parallel_executor.executor.parallel:loop closed
[2.592s] DEBUG:colcon.colcon_parallel_executor.executor.parallel:run_until_complete finished with '1'
[2.592s] DEBUG:colcon.colcon_core.event_reactor:joining thread
[2.605s] INFO:colcon.colcon_core.plugin_system:Skipping extension 'colcon_notification.desktop_notification.terminal_notifier': Not used on non-Darwin systems
[2.605s] INFO:colcon.colcon_core.plugin_system:Skipping extension 'colcon_notification.desktop_notification.win32': Not used on non-Windows systems
[2.606s] INFO:colcon.colcon_notification.desktop_notification:Sending desktop notification using 'notify2'
[2.620s] DEBUG:colcon.colcon_core.event_reactor:joined thread
[2.620s] INFO:colcon.colcon_core.shell:Creating prefix script '/home/holgder-dach/VYRA/vyra_module_template/install/local_setup.ps1'
[2.624s] INFO:colcon.colcon_core.shell:Creating prefix util module '/home/holgder-dach/VYRA/vyra_module_template/install/_local_setup_util_ps1.py'
[2.628s] INFO:colcon.colcon_core.shell:Creating prefix chain script '/home/holgder-dach/VYRA/vyra_module_template/install/setup.ps1'
[2.631s] INFO:colcon.colcon_core.shell:Creating prefix script '/home/holgder-dach/VYRA/vyra_module_template/install/local_setup.sh'
[2.633s] INFO:colcon.colcon_core.shell:Creating prefix util module '/home/holgder-dach/VYRA/vyra_module_template/install/_local_setup_util_sh.py'
[2.635s] INFO:colcon.colcon_core.shell:Creating prefix chain script '/home/holgder-dach/VYRA/vyra_module_template/install/setup.sh'
[2.637s] INFO:colcon.colcon_core.shell:Creating prefix script '/home/holgder-dach/VYRA/vyra_module_template/install/local_setup.bash'
[2.639s] INFO:colcon.colcon_core.shell:Creating prefix chain script '/home/holgder-dach/VYRA/vyra_module_template/install/setup.bash'
[2.640s] INFO:colcon.colcon_core.shell:Creating prefix script '/home/holgder-dach/VYRA/vyra_module_template/install/local_setup.zsh'
[2.642s] INFO:colcon.colcon_core.shell:Creating prefix chain script '/home/holgder-dach/VYRA/vyra_module_template/install/setup.zsh'
